[2022-09-12 13:00:28.488] [exthost] [info] Extension host with pid 6297 started
[2022-09-12 13:00:28.492] [exthost] [error] Error: EEXIST: file already exists, open '/home/linl20/.vscode-server/data/User/workspaceStorage/846d061fbe3b7c3efc4e33135743ac56/vscode.lock'
[2022-09-12 13:00:28.499] [exthost] [info] Lock '/home/linl20/.vscode-server/data/User/workspaceStorage/846d061fbe3b7c3efc4e33135743ac56/vscode.lock': Could not acquire lock, checking if the file is stale.
[2022-09-12 13:00:28.504] [exthost] [info] Lock '/home/linl20/.vscode-server/data/User/workspaceStorage/846d061fbe3b7c3efc4e33135743ac56/vscode.lock': The lock does not look stale, elapsed: 78 ms, giving up.
[2022-09-12 13:00:28.544] [exthost] [info] ExtensionService#_doActivateExtension cschlosser.doxdocgen, startup: false, activationEvent: 'onLanguage:c'
[2022-09-12 13:00:28.682] [exthost] [info] ExtensionService#_doActivateExtension ms-vscode.cpptools, startup: false, activationEvent: 'onLanguage:c'
[2022-09-12 13:00:28.885] [exthost] [info] ExtensionService#_doActivateExtension vscode.debug-auto-launch, startup: true, activationEvent: '*'
[2022-09-12 13:00:28.889] [exthost] [info] ExtensionService#_doActivateExtension vscode.git-base, startup: true, activationEvent: '*', root cause: vscode.git
[2022-09-12 13:00:28.894] [exthost] [info] ExtensionService#_doActivateExtension vscode.ipynb, startup: true, activationEvent: '*'
[2022-09-12 13:00:28.922] [exthost] [info] Lock '/home/linl20/.vscode-server/data/User/workspaceStorage/846d061fbe3b7c3efc4e33135743ac56-1/vscode.lock': Lock acquired.
[2022-09-12 13:00:29.152] [exthost] [info] ExtensionService#_doActivateExtension vscode.git, startup: true, activationEvent: '*'
[2022-09-12 13:00:29.280] [exthost] [info] ExtensionService#_doActivateExtension vscode.github, startup: true, activationEvent: '*'
[2022-09-12 13:00:29.798] [exthost] [info] ExtensionService#_doActivateExtension vscode.emmet, startup: false, activationEvent: 'onStartupFinished'
[2022-09-12 13:00:29.822] [exthost] [info] ExtensionService#_doActivateExtension vscode.merge-conflict, startup: false, activationEvent: 'onStartupFinished'
[2022-09-12 13:00:29.828] [exthost] [info] Eager extensions activated
[2022-09-12 13:00:30.209] [exthost] [warning] [Decorations] CAPPING events from decorations provider vscode.git 5428
[2022-09-12 13:00:31.316] [exthost] [warning] [Decorations] CAPPING events from decorations provider vscode.git 5428
[2022-09-12 13:48:18.287] [exthost] [warning] [Decorations] CAPPING events from decorations provider vscode.git 5433
[2022-09-12 13:48:23.533] [exthost] [warning] [Decorations] CAPPING events from decorations provider vscode.git 5430
[2022-09-12 13:48:28.786] [exthost] [warning] [Decorations] CAPPING events from decorations provider vscode.git 5430
[2022-09-12 13:48:34.027] [exthost] [warning] [Decorations] CAPPING events from decorations provider vscode.git 5429
[2022-09-12 13:48:39.276] [exthost] [warning] [Decorations] CAPPING events from decorations provider vscode.git 5429
[2022-09-12 13:48:44.524] [exthost] [warning] [Decorations] CAPPING events from decorations provider vscode.git 5430
[2022-09-12 13:48:49.786] [exthost] [warning] [Decorations] CAPPING events from decorations provider vscode.git 5432
[2022-09-12 13:48:55.049] [exthost] [warning] [Decorations] CAPPING events from decorations provider vscode.git 5432
[2022-09-12 13:49:00.343] [exthost] [warning] [Decorations] CAPPING events from decorations provider vscode.git 5432
[2022-09-12 13:52:31.383] [exthost] [warning] [Decorations] CAPPING events from decorations provider vscode.git 5432
[2022-09-12 13:52:36.623] [exthost] [warning] [Decorations] CAPPING events from decorations provider vscode.git 5432
[2022-09-12 13:52:41.865] [exthost] [warning] [Decorations] CAPPING events from decorations provider vscode.git 5432
[2022-09-12 13:52:47.109] [exthost] [warning] [Decorations] CAPPING events from decorations provider vscode.git 5432
[2022-09-12 13:52:52.362] [exthost] [warning] [Decorations] CAPPING events from decorations provider vscode.git 5432
[2022-09-12 13:52:57.618] [exthost] [warning] [Decorations] CAPPING events from decorations provider vscode.git 5432
[2022-09-12 13:53:02.890] [exthost] [warning] [Decorations] CAPPING events from decorations provider vscode.git 5432
[2022-09-12 13:53:08.166] [exthost] [warning] [Decorations] CAPPING events from decorations provider vscode.git 5432
[2022-09-12 13:53:13.449] [exthost] [warning] [Decorations] CAPPING events from decorations provider vscode.git 5432
[2022-09-12 13:53:18.742] [exthost] [warning] [Decorations] CAPPING events from decorations provider vscode.git 5432
[2022-09-12 13:53:23.994] [exthost] [warning] [Decorations] CAPPING events from decorations provider vscode.git 5432
[2022-09-12 13:53:29.247] [exthost] [warning] [Decorations] CAPPING events from decorations provider vscode.git 5432
[2022-09-12 13:53:34.498] [exthost] [warning] [Decorations] CAPPING events from decorations provider vscode.git 5432
[2022-09-12 13:53:39.756] [exthost] [warning] [Decorations] CAPPING events from decorations provider vscode.git 5432
[2022-09-12 13:53:45.016] [exthost] [warning] [Decorations] CAPPING events from decorations provider vscode.git 5432
[2022-09-12 13:53:50.286] [exthost] [warning] [Decorations] CAPPING events from decorations provider vscode.git 5432
[2022-09-12 13:53:55.559] [exthost] [warning] [Decorations] CAPPING events from decorations provider vscode.git 5432
[2022-09-12 13:54:00.842] [exthost] [warning] [Decorations] CAPPING events from decorations provider vscode.git 5432
[2022-09-12 13:54:06.134] [exthost] [warning] [Decorations] CAPPING events from decorations provider vscode.git 5432
[2022-09-12 13:54:11.398] [exthost] [warning] [Decorations] CAPPING events from decorations provider vscode.git 5432
[2022-09-12 13:54:16.672] [exthost] [warning] [Decorations] CAPPING events from decorations provider vscode.git 5432
[2022-09-12 13:54:21.914] [exthost] [warning] [Decorations] CAPPING events from decorations provider vscode.git 5432
[2022-09-12 13:54:27.164] [exthost] [warning] [Decorations] CAPPING events from decorations provider vscode.git 5432
[2022-09-12 13:54:32.422] [exthost] [warning] [Decorations] CAPPING events from decorations provider vscode.git 5432
[2022-09-12 13:54:37.684] [exthost] [warning] [Decorations] CAPPING events from decorations provider vscode.git 5432
[2022-09-12 13:54:42.952] [exthost] [warning] [Decorations] CAPPING events from decorations provider vscode.git 5432
[2022-09-12 13:54:48.216] [exthost] [warning] [Decorations] CAPPING events from decorations provider vscode.git 5432
[2022-09-12 13:54:53.492] [exthost] [warning] [Decorations] CAPPING events from decorations provider vscode.git 5432
[2022-09-12 13:54:58.757] [exthost] [warning] [Decorations] CAPPING events from decorations provider vscode.git 5432
[2022-09-12 13:55:04.003] [exthost] [warning] [Decorations] CAPPING events from decorations provider vscode.git 5432
[2022-09-12 13:55:09.245] [exthost] [warning] [Decorations] CAPPING events from decorations provider vscode.git 5432
[2022-09-12 13:55:14.496] [exthost] [warning] [Decorations] CAPPING events from decorations provider vscode.git 5432
[2022-09-12 13:55:19.746] [exthost] [warning] [Decorations] CAPPING events from decorations provider vscode.git 5432
[2022-09-12 13:55:25.012] [exthost] [warning] [Decorations] CAPPING events from decorations provider vscode.git 5432
[2022-09-12 13:55:30.278] [exthost] [warning] [Decorations] CAPPING events from decorations provider vscode.git 5432
[2022-09-12 13:55:35.549] [exthost] [warning] [Decorations] CAPPING events from decorations provider vscode.git 5432
[2022-09-12 13:55:40.816] [exthost] [warning] [Decorations] CAPPING events from decorations provider vscode.git 5432
[2022-09-12 13:55:46.069] [exthost] [warning] [Decorations] CAPPING events from decorations provider vscode.git 5432
[2022-09-12 13:55:51.307] [exthost] [warning] [Decorations] CAPPING events from decorations provider vscode.git 5432
[2022-09-12 13:55:56.549] [exthost] [warning] [Decorations] CAPPING events from decorations provider vscode.git 5432
[2022-09-12 13:56:01.796] [exthost] [warning] [Decorations] CAPPING events from decorations provider vscode.git 5432
[2022-09-12 13:56:07.040] [exthost] [warning] [Decorations] CAPPING events from decorations provider vscode.git 5432
[2022-09-12 13:56:12.287] [exthost] [warning] [Decorations] CAPPING events from decorations provider vscode.git 5432
[2022-09-12 13:56:17.546] [exthost] [warning] [Decorations] CAPPING events from decorations provider vscode.git 5432
[2022-09-12 13:56:22.805] [exthost] [warning] [Decorations] CAPPING events from decorations provider vscode.git 5432
[2022-09-12 13:56:28.064] [exthost] [warning] [Decorations] CAPPING events from decorations provider vscode.git 5432
[2022-09-12 13:56:33.323] [exthost] [warning] [Decorations] CAPPING events from decorations provider vscode.git 5432
[2022-09-12 13:56:38.565] [exthost] [warning] [Decorations] CAPPING events from decorations provider vscode.git 5432
[2022-09-12 13:56:43.808] [exthost] [warning] [Decorations] CAPPING events from decorations provider vscode.git 5432
[2022-09-12 13:56:49.050] [exthost] [warning] [Decorations] CAPPING events from decorations provider vscode.git 5432
[2022-09-12 13:56:54.295] [exthost] [warning] [Decorations] CAPPING events from decorations provider vscode.git 5433
[2022-09-12 13:56:59.545] [exthost] [warning] [Decorations] CAPPING events from decorations provider vscode.git 5433
[2022-09-12 13:57:04.800] [exthost] [warning] [Decorations] CAPPING events from decorations provider vscode.git 5433
[2022-09-12 13:57:10.063] [exthost] [warning] [Decorations] CAPPING events from decorations provider vscode.git 5433
[2022-09-12 13:57:15.326] [exthost] [warning] [Decorations] CAPPING events from decorations provider vscode.git 5433
[2022-09-12 13:57:20.579] [exthost] [warning] [Decorations] CAPPING events from decorations provider vscode.git 5433
[2022-09-12 13:57:25.830] [exthost] [warning] [Decorations] CAPPING events from decorations provider vscode.git 5433
[2022-09-12 13:57:31.079] [exthost] [warning] [Decorations] CAPPING events from decorations provider vscode.git 5433
[2022-09-12 13:57:36.321] [exthost] [warning] [Decorations] CAPPING events from decorations provider vscode.git 5433
[2022-09-12 13:57:41.562] [exthost] [warning] [Decorations] CAPPING events from decorations provider vscode.git 5433
[2022-09-12 13:57:46.820] [exthost] [warning] [Decorations] CAPPING events from decorations provider vscode.git 5433
[2022-09-12 13:57:52.101] [exthost] [warning] [Decorations] CAPPING events from decorations provider vscode.git 5434
[2022-09-12 13:57:57.371] [exthost] [warning] [Decorations] CAPPING events from decorations provider vscode.git 5434
[2022-09-12 13:58:04.465] [exthost] [warning] [Decorations] CAPPING events from decorations provider vscode.git 5434
[2022-09-12 13:58:09.717] [exthost] [warning] [Decorations] CAPPING events from decorations provider vscode.git 5434
[2022-09-12 13:58:14.979] [exthost] [warning] [Decorations] CAPPING events from decorations provider vscode.git 5434
[2022-09-12 13:58:20.229] [exthost] [warning] [Decorations] CAPPING events from decorations provider vscode.git 5434
[2022-09-12 13:58:25.480] [exthost] [warning] [Decorations] CAPPING events from decorations provider vscode.git 5434
[2022-09-12 13:58:30.735] [exthost] [warning] [Decorations] CAPPING events from decorations provider vscode.git 5434
[2022-09-12 13:58:35.990] [exthost] [warning] [Decorations] CAPPING events from decorations provider vscode.git 5434
[2022-09-12 13:58:41.258] [exthost] [warning] [Decorations] CAPPING events from decorations provider vscode.git 5434
[2022-09-12 13:58:46.522] [exthost] [warning] [Decorations] CAPPING events from decorations provider vscode.git 5434
[2022-09-12 13:58:51.795] [exthost] [warning] [Decorations] CAPPING events from decorations provider vscode.git 5434
[2022-09-12 13:58:57.049] [exthost] [warning] [Decorations] CAPPING events from decorations provider vscode.git 5434
[2022-09-12 13:59:02.304] [exthost] [warning] [Decorations] CAPPING events from decorations provider vscode.git 5434
[2022-09-12 13:59:07.556] [exthost] [warning] [Decorations] CAPPING events from decorations provider vscode.git 5434
[2022-09-12 13:59:12.807] [exthost] [warning] [Decorations] CAPPING events from decorations provider vscode.git 5434
[2022-09-12 13:59:18.096] [exthost] [warning] [Decorations] CAPPING events from decorations provider vscode.git 5434
[2022-09-12 13:59:23.380] [exthost] [warning] [Decorations] CAPPING events from decorations provider vscode.git 5434
[2022-09-12 13:59:28.645] [exthost] [warning] [Decorations] CAPPING events from decorations provider vscode.git 5434
[2022-09-12 13:59:33.916] [exthost] [warning] [Decorations] CAPPING events from decorations provider vscode.git 5434
[2022-09-12 13:59:39.189] [exthost] [warning] [Decorations] CAPPING events from decorations provider vscode.git 5434
[2022-09-12 13:59:44.460] [exthost] [warning] [Decorations] CAPPING events from decorations provider vscode.git 5434
[2022-09-12 13:59:54.704] [exthost] [warning] [Decorations] CAPPING events from decorations provider vscode.git 5434
[2022-09-12 13:59:59.960] [exthost] [warning] [Decorations] CAPPING events from decorations provider vscode.git 5434
[2022-09-12 14:00:05.222] [exthost] [warning] [Decorations] CAPPING events from decorations provider vscode.git 5434
[2022-09-12 14:00:10.475] [exthost] [warning] [Decorations] CAPPING events from decorations provider vscode.git 5434
[2022-09-12 14:00:15.738] [exthost] [warning] [Decorations] CAPPING events from decorations provider vscode.git 5434
[2022-09-12 14:00:21.002] [exthost] [warning] [Decorations] CAPPING events from decorations provider vscode.git 5434
[2022-09-12 14:00:26.280] [exthost] [warning] [Decorations] CAPPING events from decorations provider vscode.git 5434
[2022-09-12 14:00:31.555] [exthost] [warning] [Decorations] CAPPING events from decorations provider vscode.git 5434
[2022-09-12 14:00:36.823] [exthost] [warning] [Decorations] CAPPING events from decorations provider vscode.git 5435
[2022-09-12 14:00:42.077] [exthost] [warning] [Decorations] CAPPING events from decorations provider vscode.git 5435
[2022-09-12 15:59:18.879] [exthost] [info] Extension host terminating: renderer disconnected for too long (2)
[2022-09-12 15:59:18.880] [exthost] [info] Lock '/home/linl20/.vscode-server/data/User/workspaceStorage/846d061fbe3b7c3efc4e33135743ac56-1/vscode.lock': Marking the lockfile as scheduled to be released in 6000 ms.
[2022-09-12 15:59:19.023] [exthost] [info] Extension host with pid 6297 exiting with code 0
