[2022-09-13T14:35:29.856Z] Log level: Info
[2022-09-13T14:35:29.864Z] [info] Validating found git in: git
[2022-09-13T14:35:29.911Z] [info] Using git 2.20.1 from git
[2022-09-13T14:35:29.938Z] > git rev-parse --show-toplevel [7ms]
[2022-09-13T14:35:29.956Z] > git rev-parse --git-dir --git-common-dir [2ms]
[2022-09-13T14:35:29.964Z] [info] Open repository: /home/linl20
[2022-09-13T14:35:30.064Z] > git status -z -uall [85ms]
[2022-09-13T14:35:30.094Z] > git symbolic-ref --short HEAD [20ms]
[2022-09-13T14:35:30.116Z] > git for-each-ref --format=%(refname)%00%(upstream:short)%00%(objectname)%00%(upstream:track)%00%(upstream:remotename)%00%(upstream:remoteref) refs/heads/master refs/remotes/master [11ms]
[2022-09-13T14:35:30.140Z] > git remote --verbose [4ms]
[2022-09-13T14:35:30.140Z] > git for-each-ref --sort -committerdate --format %(refname) %(objectname) %(*objectname) [13ms]
[2022-09-13T14:35:31.112Z] > git config --get commit.template [10ms]
[2022-09-13T14:35:31.175Z] > git status -z -uall [49ms]
[2022-09-13T14:35:31.190Z] > git symbolic-ref --short HEAD [3ms]
[2022-09-13T14:35:31.206Z] > git for-each-ref --format=%(refname)%00%(upstream:short)%00%(objectname)%00%(upstream:track)%00%(upstream:remotename)%00%(upstream:remoteref) refs/heads/master refs/remotes/master [4ms]
[2022-09-13T14:35:31.232Z] > git remote --verbose [3ms]
[2022-09-13T14:35:31.232Z] > git for-each-ref --sort -committerdate --format %(refname) %(objectname) %(*objectname) [14ms]
[2022-09-13T14:35:31.356Z] > git config --get commit.template [4ms]
[2022-09-13T14:35:32.275Z] > git check-ignore -v -z --stdin [5ms]
[2022-09-13T14:35:32.558Z] > git show --textconv :csc250_lab2-Lin-Eric-142313/lab2.c [16ms]
[2022-09-13T14:35:32.562Z] > git ls-files --stage -- /home/linl20/csc250_lab2-Lin-Eric-142313/lab2.c [5ms]
[2022-09-13T14:37:12.442Z] > git status -z -uall [48ms]
[2022-09-13T14:37:12.455Z] > git symbolic-ref --short HEAD [1ms]
[2022-09-13T14:37:12.469Z] > git for-each-ref --format=%(refname)%00%(upstream:short)%00%(objectname)%00%(upstream:track)%00%(upstream:remotename)%00%(upstream:remoteref) refs/heads/master refs/remotes/master [2ms]
[2022-09-13T14:37:12.493Z] > git remote --verbose [1ms]
[2022-09-13T14:37:12.494Z] > git for-each-ref --sort -committerdate --format %(refname) %(objectname) %(*objectname) [14ms]
[2022-09-13T14:37:12.631Z] > git config --get commit.template [6ms]
[2022-09-13T14:37:26.531Z] > git status -z -uall [44ms]
[2022-09-13T14:37:26.547Z] > git symbolic-ref --short HEAD [1ms]
[2022-09-13T14:37:26.563Z] > git for-each-ref --format=%(refname)%00%(upstream:short)%00%(objectname)%00%(upstream:track)%00%(upstream:remotename)%00%(upstream:remoteref) refs/heads/master refs/remotes/master [1ms]
[2022-09-13T14:37:26.593Z] > git remote --verbose [2ms]
[2022-09-13T14:37:26.593Z] > git for-each-ref --sort -committerdate --format %(refname) %(objectname) %(*objectname) [16ms]
[2022-09-13T14:37:26.704Z] > git config --get commit.template [1ms]
[2022-09-13T14:37:31.769Z] > git status -z -uall [46ms]
[2022-09-13T14:37:31.786Z] > git symbolic-ref --short HEAD [2ms]
[2022-09-13T14:37:31.803Z] > git for-each-ref --format=%(refname)%00%(upstream:short)%00%(objectname)%00%(upstream:track)%00%(upstream:remotename)%00%(upstream:remoteref) refs/heads/master refs/remotes/master [2ms]
[2022-09-13T14:37:31.834Z] > git remote --verbose [2ms]
[2022-09-13T14:37:31.834Z] > git for-each-ref --sort -committerdate --format %(refname) %(objectname) %(*objectname) [17ms]
[2022-09-13T14:37:32.770Z] > git config --get commit.template [789ms]
[2022-09-13T14:37:37.827Z] > git status -z -uall [39ms]
[2022-09-13T14:37:37.844Z] > git symbolic-ref --short HEAD [1ms]
[2022-09-13T14:37:37.861Z] > git for-each-ref --format=%(refname)%00%(upstream:short)%00%(objectname)%00%(upstream:track)%00%(upstream:remotename)%00%(upstream:remoteref) refs/heads/master refs/remotes/master [1ms]
[2022-09-13T14:37:37.893Z] > git remote --verbose [1ms]
[2022-09-13T14:37:37.893Z] > git for-each-ref --sort -committerdate --format %(refname) %(objectname) %(*objectname) [16ms]
[2022-09-13T14:37:38.006Z] > git config --get commit.template [1ms]
[2022-09-13T14:37:43.062Z] > git status -z -uall [38ms]
[2022-09-13T14:37:43.080Z] > git symbolic-ref --short HEAD [1ms]
[2022-09-13T14:37:43.097Z] > git for-each-ref --format=%(refname)%00%(upstream:short)%00%(objectname)%00%(upstream:track)%00%(upstream:remotename)%00%(upstream:remoteref) refs/heads/master refs/remotes/master [1ms]
[2022-09-13T14:37:43.129Z] > git for-each-ref --sort -committerdate --format %(refname) %(objectname) %(*objectname) [16ms]
[2022-09-13T14:37:43.130Z] > git remote --verbose [2ms]
[2022-09-13T14:37:43.228Z] > git config --get commit.template [0ms]
[2022-09-13T14:37:52.655Z] > git status -z -uall [40ms]
[2022-09-13T14:37:52.679Z] > git symbolic-ref --short HEAD [6ms]
[2022-09-13T14:37:52.697Z] > git for-each-ref --format=%(refname)%00%(upstream:short)%00%(objectname)%00%(upstream:track)%00%(upstream:remotename)%00%(upstream:remoteref) refs/heads/master refs/remotes/master [1ms]
[2022-09-13T14:37:52.732Z] > git remote --verbose [2ms]
[2022-09-13T14:37:52.732Z] > git for-each-ref --sort -committerdate --format %(refname) %(objectname) %(*objectname) [18ms]
[2022-09-13T14:37:52.833Z] > git config --get commit.template [1ms]
[2022-09-13T14:37:57.894Z] > git status -z -uall [40ms]
[2022-09-13T14:37:57.914Z] > git symbolic-ref --short HEAD [1ms]
[2022-09-13T14:37:57.933Z] > git for-each-ref --format=%(refname)%00%(upstream:short)%00%(objectname)%00%(upstream:track)%00%(upstream:remotename)%00%(upstream:remoteref) refs/heads/master refs/remotes/master [1ms]
[2022-09-13T14:37:57.971Z] > git remote --verbose [2ms]
[2022-09-13T14:37:57.971Z] > git for-each-ref --sort -committerdate --format %(refname) %(objectname) %(*objectname) [20ms]
[2022-09-13T14:37:58.075Z] > git config --get commit.template [0ms]
