[2022-09-08 12:58:53.634] [exthost] [info] Extension host with pid 47710 started
[2022-09-08 12:58:53.666] [exthost] [info] Lock '/home/linl20/.vscode-server/data/User/workspaceStorage/846d061fbe3b7c3efc4e33135743ac56/vscode.lock': Lock acquired.
[2022-09-08 12:58:53.715] [exthost] [info] ExtensionService#_doActivateExtension vscode.debug-auto-launch, startup: true, activationEvent: '*'
[2022-09-08 12:58:53.722] [exthost] [info] ExtensionService#_doActivateExtension vscode.git-base, startup: true, activationEvent: '*', root cause: vscode.git
[2022-09-08 12:58:53.726] [exthost] [info] ExtensionService#_doActivateExtension vscode.ipynb, startup: true, activationEvent: '*'
[2022-09-08 12:58:53.933] [exthost] [info] ExtensionService#_doActivateExtension vscode.git, startup: true, activationEvent: '*'
[2022-09-08 12:58:54.037] [exthost] [info] ExtensionService#_doActivateExtension vscode.github, startup: true, activationEvent: '*'
[2022-09-08 12:58:54.688] [exthost] [info] ExtensionService#_doActivateExtension vscode.emmet, startup: false, activationEvent: 'onStartupFinished'
[2022-09-08 12:58:54.712] [exthost] [info] ExtensionService#_doActivateExtension vscode.merge-conflict, startup: false, activationEvent: 'onStartupFinished'
[2022-09-08 12:58:54.718] [exthost] [info] Eager extensions activated
[2022-09-08 12:58:54.931] [exthost] [warning] [Decorations] CAPPING events from decorations provider vscode.git 5399
[2022-09-08 12:58:55.996] [exthost] [warning] [Decorations] CAPPING events from decorations provider vscode.git 5399
[2022-09-08 12:59:00.973] [exthost] [info] ExtensionService#_doActivateExtension cschlosser.doxdocgen, startup: false, activationEvent: 'onLanguage:c'
[2022-09-08 12:59:01.034] [exthost] [info] ExtensionService#_doActivateExtension ms-vscode.cpptools, startup: false, activationEvent: 'onLanguage:c'
[2022-09-08 12:59:01.634] [exthost] [warning] [Decorations] CAPPING events from decorations provider vscode.git 5400
[2022-09-08 12:59:37.164] [exthost] [warning] [Decorations] CAPPING events from decorations provider vscode.git 5403
[2022-09-08 12:59:42.392] [exthost] [warning] [Decorations] CAPPING events from decorations provider vscode.git 5403
[2022-09-08 13:03:42.405] [exthost] [warning] [Decorations] CAPPING events from decorations provider vscode.git 5403
[2022-09-08 13:03:58.968] [exthost] [warning] [Decorations] CAPPING events from decorations provider vscode.git 5403
[2022-09-08 13:04:04.188] [exthost] [warning] [Decorations] CAPPING events from decorations provider vscode.git 5400
[2022-09-08 13:04:09.434] [exthost] [warning] [Decorations] CAPPING events from decorations provider vscode.git 5400
[2022-09-08 13:04:15.423] [exthost] [warning] [Decorations] CAPPING events from decorations provider vscode.git 5402
[2022-09-08 13:04:20.661] [exthost] [warning] [Decorations] CAPPING events from decorations provider vscode.git 5402
[2022-09-08 13:04:25.918] [exthost] [warning] [Decorations] CAPPING events from decorations provider vscode.git 5402
[2022-09-08 13:04:31.185] [exthost] [warning] [Decorations] CAPPING events from decorations provider vscode.git 5402
[2022-09-08 13:04:36.452] [exthost] [warning] [Decorations] CAPPING events from decorations provider vscode.git 5402
[2022-09-08 13:04:41.723] [exthost] [warning] [Decorations] CAPPING events from decorations provider vscode.git 5402
[2022-09-08 16:57:44.724] [exthost] [info] Extension host terminating: renderer disconnected for too long (1)
[2022-09-08 16:57:44.726] [exthost] [info] Lock '/home/linl20/.vscode-server/data/User/workspaceStorage/846d061fbe3b7c3efc4e33135743ac56/vscode.lock': Marking the lockfile as scheduled to be released in 6000 ms.
[2022-09-08 16:57:44.775] [exthost] [info] Extension host with pid 47710 exiting with code 0
