[2022-09-13T13:10:40.001Z] Log level: Info
[2022-09-13T13:10:40.010Z] [info] Validating found git in: git
[2022-09-13T13:10:40.058Z] [info] Using git 2.20.1 from git
[2022-09-13T13:10:40.087Z] > git rev-parse --show-toplevel [8ms]
[2022-09-13T13:10:40.106Z] > git rev-parse --git-dir --git-common-dir [4ms]
[2022-09-13T13:10:40.114Z] [info] Open repository: /home/linl20
[2022-09-13T13:10:40.182Z] > git status -z -uall [53ms]
[2022-09-13T13:10:40.196Z] > git symbolic-ref --short HEAD [3ms]
[2022-09-13T13:10:40.209Z] > git for-each-ref --format=%(refname)%00%(upstream:short)%00%(objectname)%00%(upstream:track)%00%(upstream:remotename)%00%(upstream:remoteref) refs/heads/master refs/remotes/master [2ms]
[2022-09-13T13:10:40.234Z] > git remote --verbose [4ms]
[2022-09-13T13:10:40.235Z] > git for-each-ref --sort -committerdate --format %(refname) %(objectname) %(*objectname) [15ms]
[2022-09-13T13:10:41.217Z] > git config --get commit.template [11ms]
[2022-09-13T13:10:41.307Z] > git status -z -uall [75ms]
[2022-09-13T13:10:41.324Z] > git symbolic-ref --short HEAD [4ms]
[2022-09-13T13:10:41.343Z] > git for-each-ref --format=%(refname)%00%(upstream:short)%00%(objectname)%00%(upstream:track)%00%(upstream:remotename)%00%(upstream:remoteref) refs/heads/master refs/remotes/master [7ms]
[2022-09-13T13:10:41.371Z] > git remote --verbose [3ms]
[2022-09-13T13:10:41.371Z] > git for-each-ref --sort -committerdate --format %(refname) %(objectname) %(*objectname) [15ms]
[2022-09-13T13:10:41.492Z] > git config --get commit.template [5ms]
[2022-09-13T13:10:42.957Z] > git check-ignore -v -z --stdin [1ms]
[2022-09-13T13:10:43.737Z] > git show --textconv :csc250_lab2-Lin-Eric-142313/HW2.c [17ms]
[2022-09-13T13:10:43.738Z] > git ls-files --stage -- /home/linl20/csc250_lab2-Lin-Eric-142313/HW2.c [3ms]
[2022-09-13T13:10:46.557Z] > git status -z -uall [46ms]
[2022-09-13T13:10:46.577Z] > git symbolic-ref --short HEAD [3ms]
[2022-09-13T13:10:46.596Z] > git for-each-ref --format=%(refname)%00%(upstream:short)%00%(objectname)%00%(upstream:track)%00%(upstream:remotename)%00%(upstream:remoteref) refs/heads/master refs/remotes/master [2ms]
[2022-09-13T13:10:46.632Z] > git remote --verbose [2ms]
[2022-09-13T13:10:46.632Z] > git for-each-ref --sort -committerdate --format %(refname) %(objectname) %(*objectname) [19ms]
[2022-09-13T13:10:47.727Z] > git config --get commit.template [26ms]
[2022-09-13T13:10:51.413Z] > git show --textconv :csc250_lab2-Lin-Eric-142313/lab2.c [17ms]
[2022-09-13T13:10:51.414Z] > git ls-files --stage -- /home/linl20/csc250_lab2-Lin-Eric-142313/lab2.c [3ms]
[2022-09-13T13:10:52.787Z] > git status -z -uall [43ms]
[2022-09-13T13:10:52.805Z] > git symbolic-ref --short HEAD [1ms]
[2022-09-13T13:10:52.821Z] > git for-each-ref --format=%(refname)%00%(upstream:short)%00%(objectname)%00%(upstream:track)%00%(upstream:remotename)%00%(upstream:remoteref) refs/heads/master refs/remotes/master [2ms]
[2022-09-13T13:10:52.850Z] > git remote --verbose [2ms]
[2022-09-13T13:10:52.850Z] > git for-each-ref --sort -committerdate --format %(refname) %(objectname) %(*objectname) [15ms]
[2022-09-13T13:10:52.959Z] > git config --get commit.template [1ms]
[2022-09-13T13:10:58.015Z] > git status -z -uall [39ms]
[2022-09-13T13:10:58.031Z] > git symbolic-ref --short HEAD [1ms]
[2022-09-13T13:10:58.048Z] > git for-each-ref --format=%(refname)%00%(upstream:short)%00%(objectname)%00%(upstream:track)%00%(upstream:remotename)%00%(upstream:remoteref) refs/heads/master refs/remotes/master [1ms]
[2022-09-13T13:10:58.079Z] > git remote --verbose [1ms]
[2022-09-13T13:10:58.079Z] > git for-each-ref --sort -committerdate --format %(refname) %(objectname) %(*objectname) [16ms]
[2022-09-13T13:10:58.188Z] > git config --get commit.template [7ms]
[2022-09-13T13:11:03.252Z] > git status -z -uall [45ms]
[2022-09-13T13:11:03.273Z] > git symbolic-ref --short HEAD [2ms]
[2022-09-13T13:11:03.293Z] > git for-each-ref --format=%(refname)%00%(upstream:short)%00%(objectname)%00%(upstream:track)%00%(upstream:remotename)%00%(upstream:remoteref) refs/heads/master refs/remotes/master [2ms]
[2022-09-13T13:11:03.330Z] > git remote --verbose [2ms]
[2022-09-13T13:11:03.331Z] > git for-each-ref --sort -committerdate --format %(refname) %(objectname) %(*objectname) [20ms]
[2022-09-13T13:11:04.253Z] > git config --get commit.template [776ms]
[2022-09-13T13:11:09.311Z] > git status -z -uall [39ms]
[2022-09-13T13:11:09.326Z] > git symbolic-ref --short HEAD [0ms]
[2022-09-13T13:11:09.342Z] > git for-each-ref --format=%(refname)%00%(upstream:short)%00%(objectname)%00%(upstream:track)%00%(upstream:remotename)%00%(upstream:remoteref) refs/heads/master refs/remotes/master [1ms]
[2022-09-13T13:11:09.371Z] > git for-each-ref --sort -committerdate --format %(refname) %(objectname) %(*objectname) [15ms]
[2022-09-13T13:11:09.371Z] > git remote --verbose [1ms]
[2022-09-13T13:11:09.473Z] > git config --get commit.template [1ms]
[2022-09-13T13:11:14.531Z] > git status -z -uall [39ms]
[2022-09-13T13:11:14.547Z] > git symbolic-ref --short HEAD [1ms]
[2022-09-13T13:11:14.564Z] > git for-each-ref --format=%(refname)%00%(upstream:short)%00%(objectname)%00%(upstream:track)%00%(upstream:remotename)%00%(upstream:remoteref) refs/heads/master refs/remotes/master [1ms]
[2022-09-13T13:11:14.595Z] > git for-each-ref --sort -committerdate --format %(refname) %(objectname) %(*objectname) [16ms]
[2022-09-13T13:11:14.595Z] > git remote --verbose [2ms]
[2022-09-13T13:11:14.696Z] > git config --get commit.template [1ms]
[2022-09-13T13:11:19.752Z] > git status -z -uall [38ms]
[2022-09-13T13:11:19.770Z] > git symbolic-ref --short HEAD [1ms]
[2022-09-13T13:11:19.787Z] > git for-each-ref --format=%(refname)%00%(upstream:short)%00%(objectname)%00%(upstream:track)%00%(upstream:remotename)%00%(upstream:remoteref) refs/heads/master refs/remotes/master [1ms]
[2022-09-13T13:11:19.821Z] > git remote --verbose [1ms]
[2022-09-13T13:11:19.822Z] > git for-each-ref --sort -committerdate --format %(refname) %(objectname) %(*objectname) [18ms]
[2022-09-13T13:11:19.929Z] > git config --get commit.template [1ms]
[2022-09-13T13:11:24.987Z] > git status -z -uall [38ms]
[2022-09-13T13:11:25.007Z] > git symbolic-ref --short HEAD [2ms]
[2022-09-13T13:11:25.026Z] > git for-each-ref --format=%(refname)%00%(upstream:short)%00%(objectname)%00%(upstream:track)%00%(upstream:remotename)%00%(upstream:remoteref) refs/heads/master refs/remotes/master [1ms]
[2022-09-13T13:11:25.063Z] > git for-each-ref --sort -committerdate --format %(refname) %(objectname) %(*objectname) [19ms]
[2022-09-13T13:11:25.064Z] > git remote --verbose [2ms]
[2022-09-13T13:11:25.166Z] > git config --get commit.template [1ms]
[2022-09-13T13:11:30.225Z] > git status -z -uall [38ms]
[2022-09-13T13:11:30.246Z] > git symbolic-ref --short HEAD [1ms]
[2022-09-13T13:11:30.267Z] > git for-each-ref --format=%(refname)%00%(upstream:short)%00%(objectname)%00%(upstream:track)%00%(upstream:remotename)%00%(upstream:remoteref) refs/heads/master refs/remotes/master [1ms]
[2022-09-13T13:11:30.307Z] > git for-each-ref --sort -committerdate --format %(refname) %(objectname) %(*objectname) [21ms]
[2022-09-13T13:11:30.307Z] > git remote --verbose [2ms]
[2022-09-13T13:11:30.418Z] > git config --get commit.template [2ms]
[2022-09-13T13:11:35.479Z] > git status -z -uall [40ms]
[2022-09-13T13:11:35.501Z] > git symbolic-ref --short HEAD [1ms]
[2022-09-13T13:11:35.522Z] > git for-each-ref --format=%(refname)%00%(upstream:short)%00%(objectname)%00%(upstream:track)%00%(upstream:remotename)%00%(upstream:remoteref) refs/heads/master refs/remotes/master [1ms]
[2022-09-13T13:11:35.564Z] > git remote --verbose [1ms]
[2022-09-13T13:11:35.565Z] > git for-each-ref --sort -committerdate --format %(refname) %(objectname) %(*objectname) [22ms]
[2022-09-13T13:11:36.459Z] > git config --get commit.template [768ms]
[2022-09-13T13:11:41.522Z] > git status -z -uall [38ms]
[2022-09-13T13:11:41.545Z] > git symbolic-ref --short HEAD [1ms]
[2022-09-13T13:11:41.569Z] > git for-each-ref --format=%(refname)%00%(upstream:short)%00%(objectname)%00%(upstream:track)%00%(upstream:remotename)%00%(upstream:remoteref) refs/heads/master refs/remotes/master [1ms]
[2022-09-13T13:11:41.615Z] > git remote --verbose [2ms]
[2022-09-13T13:11:41.615Z] > git for-each-ref --sort -committerdate --format %(refname) %(objectname) %(*objectname) [24ms]
[2022-09-13T13:11:41.720Z] > git config --get commit.template [1ms]
[2022-09-13T13:11:46.783Z] > git status -z -uall [38ms]
[2022-09-13T13:11:46.808Z] > git symbolic-ref --short HEAD [1ms]
[2022-09-13T13:11:46.833Z] > git for-each-ref --format=%(refname)%00%(upstream:short)%00%(objectname)%00%(upstream:track)%00%(upstream:remotename)%00%(upstream:remoteref) refs/heads/master refs/remotes/master [1ms]
[2022-09-13T13:11:46.881Z] > git for-each-ref --sort -committerdate --format %(refname) %(objectname) %(*objectname) [25ms]
[2022-09-13T13:11:46.881Z] > git remote --verbose [1ms]
[2022-09-13T13:11:46.992Z] > git config --get commit.template [1ms]
[2022-09-13T13:11:52.057Z] > git status -z -uall [39ms]
[2022-09-13T13:11:52.083Z] > git symbolic-ref --short HEAD [1ms]
[2022-09-13T13:11:52.110Z] > git for-each-ref --format=%(refname)%00%(upstream:short)%00%(objectname)%00%(upstream:track)%00%(upstream:remotename)%00%(upstream:remoteref) refs/heads/master refs/remotes/master [1ms]
[2022-09-13T13:11:52.162Z] > git for-each-ref --sort -committerdate --format %(refname) %(objectname) %(*objectname) [27ms]
[2022-09-13T13:11:52.162Z] > git remote --verbose [1ms]
[2022-09-13T13:11:52.268Z] > git config --get commit.template [2ms]
[2022-09-13T13:11:57.327Z] > git status -z -uall [38ms]
[2022-09-13T13:11:57.346Z] > git symbolic-ref --short HEAD [1ms]
[2022-09-13T13:11:57.364Z] > git for-each-ref --format=%(refname)%00%(upstream:short)%00%(objectname)%00%(upstream:track)%00%(upstream:remotename)%00%(upstream:remoteref) refs/heads/master refs/remotes/master [1ms]
[2022-09-13T13:11:57.400Z] > git for-each-ref --sort -committerdate --format %(refname) %(objectname) %(*objectname) [18ms]
[2022-09-13T13:11:57.400Z] > git remote --verbose [2ms]
[2022-09-13T13:11:57.507Z] > git config --get commit.template [2ms]
[2022-09-13T13:12:02.564Z] > git status -z -uall [38ms]
[2022-09-13T13:12:02.583Z] > git symbolic-ref --short HEAD [1ms]
[2022-09-13T13:12:02.602Z] > git for-each-ref --format=%(refname)%00%(upstream:short)%00%(objectname)%00%(upstream:track)%00%(upstream:remotename)%00%(upstream:remoteref) refs/heads/master refs/remotes/master [1ms]
[2022-09-13T13:12:02.639Z] > git for-each-ref --sort -committerdate --format %(refname) %(objectname) %(*objectname) [19ms]
[2022-09-13T13:12:02.639Z] > git remote --verbose [2ms]
[2022-09-13T13:12:02.742Z] > git config --get commit.template [1ms]
[2022-09-13T13:12:07.800Z] > git status -z -uall [38ms]
[2022-09-13T13:12:07.819Z] > git symbolic-ref --short HEAD [1ms]
[2022-09-13T13:12:07.840Z] > git for-each-ref --format=%(refname)%00%(upstream:short)%00%(objectname)%00%(upstream:track)%00%(upstream:remotename)%00%(upstream:remoteref) refs/heads/master refs/remotes/master [1ms]
[2022-09-13T13:12:07.878Z] > git remote --verbose [1ms]
[2022-09-13T13:12:07.878Z] > git for-each-ref --sort -committerdate --format %(refname) %(objectname) %(*objectname) [19ms]
[2022-09-13T13:12:07.984Z] > git config --get commit.template [1ms]
[2022-09-13T13:12:13.042Z] > git status -z -uall [38ms]
[2022-09-13T13:12:13.062Z] > git symbolic-ref --short HEAD [1ms]
[2022-09-13T13:12:13.082Z] > git for-each-ref --format=%(refname)%00%(upstream:short)%00%(objectname)%00%(upstream:track)%00%(upstream:remotename)%00%(upstream:remoteref) refs/heads/master refs/remotes/master [1ms]
[2022-09-13T13:12:13.120Z] > git for-each-ref --sort -committerdate --format %(refname) %(objectname) %(*objectname) [19ms]
[2022-09-13T13:12:13.120Z] > git remote --verbose [1ms]
[2022-09-13T13:12:13.223Z] > git config --get commit.template [2ms]
[2022-09-13T13:12:18.281Z] > git status -z -uall [38ms]
[2022-09-13T13:12:18.302Z] > git symbolic-ref --short HEAD [1ms]
[2022-09-13T13:12:18.324Z] > git for-each-ref --format=%(refname)%00%(upstream:short)%00%(objectname)%00%(upstream:track)%00%(upstream:remotename)%00%(upstream:remoteref) refs/heads/master refs/remotes/master [2ms]
[2022-09-13T13:12:18.364Z] > git for-each-ref --sort -committerdate --format %(refname) %(objectname) %(*objectname) [20ms]
[2022-09-13T13:12:18.365Z] > git remote --verbose [2ms]
[2022-09-13T13:12:18.467Z] > git config --get commit.template [1ms]
[2022-09-13T13:12:23.526Z] > git status -z -uall [36ms]
[2022-09-13T13:12:23.549Z] > git symbolic-ref --short HEAD [1ms]
[2022-09-13T13:12:23.572Z] > git for-each-ref --format=%(refname)%00%(upstream:short)%00%(objectname)%00%(upstream:track)%00%(upstream:remotename)%00%(upstream:remoteref) refs/heads/master refs/remotes/master [1ms]
[2022-09-13T13:12:23.615Z] > git for-each-ref --sort -committerdate --format %(refname) %(objectname) %(*objectname) [22ms]
[2022-09-13T13:12:23.615Z] > git remote --verbose [1ms]
[2022-09-13T13:12:23.719Z] > git config --get commit.template [1ms]
[2022-09-13T13:12:28.780Z] > git status -z -uall [37ms]
[2022-09-13T13:12:28.804Z] > git symbolic-ref --short HEAD [1ms]
[2022-09-13T13:12:28.828Z] > git for-each-ref --format=%(refname)%00%(upstream:short)%00%(objectname)%00%(upstream:track)%00%(upstream:remotename)%00%(upstream:remoteref) refs/heads/master refs/remotes/master [1ms]
[2022-09-13T13:12:28.874Z] > git for-each-ref --sort -committerdate --format %(refname) %(objectname) %(*objectname) [23ms]
[2022-09-13T13:12:28.874Z] > git remote --verbose [1ms]
[2022-09-13T13:12:28.979Z] > git config --get commit.template [1ms]
[2022-09-13T13:12:34.042Z] > git status -z -uall [38ms]
[2022-09-13T13:12:34.066Z] > git symbolic-ref --short HEAD [1ms]
[2022-09-13T13:12:34.091Z] > git for-each-ref --format=%(refname)%00%(upstream:short)%00%(objectname)%00%(upstream:track)%00%(upstream:remotename)%00%(upstream:remoteref) refs/heads/master refs/remotes/master [1ms]
[2022-09-13T13:12:34.141Z] > git for-each-ref --sort -committerdate --format %(refname) %(objectname) %(*objectname) [26ms]
[2022-09-13T13:12:34.141Z] > git remote --verbose [1ms]
[2022-09-13T13:12:34.250Z] > git config --get commit.template [2ms]
[2022-09-13T13:12:39.313Z] > git status -z -uall [37ms]
[2022-09-13T13:12:39.339Z] > git symbolic-ref --short HEAD [1ms]
[2022-09-13T13:12:39.366Z] > git for-each-ref --format=%(refname)%00%(upstream:short)%00%(objectname)%00%(upstream:track)%00%(upstream:remotename)%00%(upstream:remoteref) refs/heads/master refs/remotes/master [1ms]
[2022-09-13T13:12:39.418Z] > git for-each-ref --sort -committerdate --format %(refname) %(objectname) %(*objectname) [27ms]
[2022-09-13T13:12:39.418Z] > git remote --verbose [1ms]
[2022-09-13T13:12:39.530Z] > git config --get commit.template [1ms]
[2022-09-13T13:12:44.590Z] > git status -z -uall [38ms]
[2022-09-13T13:12:44.611Z] > git symbolic-ref --short HEAD [2ms]
[2022-09-13T13:12:44.631Z] > git for-each-ref --format=%(refname)%00%(upstream:short)%00%(objectname)%00%(upstream:track)%00%(upstream:remotename)%00%(upstream:remoteref) refs/heads/master refs/remotes/master [1ms]
[2022-09-13T13:12:44.670Z] > git for-each-ref --sort -committerdate --format %(refname) %(objectname) %(*objectname) [20ms]
[2022-09-13T13:12:44.670Z] > git remote --verbose [2ms]
[2022-09-13T13:12:44.787Z] > git config --get commit.template [1ms]
[2022-09-13T13:12:49.846Z] > git status -z -uall [38ms]
[2022-09-13T13:12:49.866Z] > git symbolic-ref --short HEAD [1ms]
[2022-09-13T13:12:49.886Z] > git for-each-ref --format=%(refname)%00%(upstream:short)%00%(objectname)%00%(upstream:track)%00%(upstream:remotename)%00%(upstream:remoteref) refs/heads/master refs/remotes/master [1ms]
[2022-09-13T13:12:49.923Z] > git for-each-ref --sort -committerdate --format %(refname) %(objectname) %(*objectname) [19ms]
[2022-09-13T13:12:49.924Z] > git remote --verbose [2ms]
[2022-09-13T13:12:50.026Z] > git config --get commit.template [2ms]
[2022-09-13T13:12:55.086Z] > git status -z -uall [38ms]
[2022-09-13T13:12:55.106Z] > git symbolic-ref --short HEAD [1ms]
[2022-09-13T13:12:55.126Z] > git for-each-ref --format=%(refname)%00%(upstream:short)%00%(objectname)%00%(upstream:track)%00%(upstream:remotename)%00%(upstream:remoteref) refs/heads/master refs/remotes/master [1ms]
[2022-09-13T13:12:55.164Z] > git remote --verbose [2ms]
[2022-09-13T13:12:55.164Z] > git for-each-ref --sort -committerdate --format %(refname) %(objectname) %(*objectname) [20ms]
[2022-09-13T13:12:55.266Z] > git config --get commit.template [1ms]
[2022-09-13T13:13:00.325Z] > git status -z -uall [38ms]
[2022-09-13T13:13:00.346Z] > git symbolic-ref --short HEAD [1ms]
[2022-09-13T13:13:00.366Z] > git for-each-ref --format=%(refname)%00%(upstream:short)%00%(objectname)%00%(upstream:track)%00%(upstream:remotename)%00%(upstream:remoteref) refs/heads/master refs/remotes/master [1ms]
[2022-09-13T13:13:00.406Z] > git for-each-ref --sort -committerdate --format %(refname) %(objectname) %(*objectname) [20ms]
[2022-09-13T13:13:00.406Z] > git remote --verbose [1ms]
[2022-09-13T13:13:00.513Z] > git config --get commit.template [1ms]
[2022-09-13T13:13:05.573Z] > git status -z -uall [38ms]
[2022-09-13T13:13:05.595Z] > git symbolic-ref --short HEAD [1ms]
[2022-09-13T13:13:05.617Z] > git for-each-ref --format=%(refname)%00%(upstream:short)%00%(objectname)%00%(upstream:track)%00%(upstream:remotename)%00%(upstream:remoteref) refs/heads/master refs/remotes/master [2ms]
[2022-09-13T13:13:05.659Z] > git for-each-ref --sort -committerdate --format %(refname) %(objectname) %(*objectname) [21ms]
[2022-09-13T13:13:05.660Z] > git remote --verbose [2ms]
[2022-09-13T13:13:05.763Z] > git config --get commit.template [1ms]
[2022-09-13T13:13:10.824Z] > git status -z -uall [38ms]
[2022-09-13T13:13:10.847Z] > git symbolic-ref --short HEAD [1ms]
[2022-09-13T13:13:10.871Z] > git for-each-ref --format=%(refname)%00%(upstream:short)%00%(objectname)%00%(upstream:track)%00%(upstream:remotename)%00%(upstream:remoteref) refs/heads/master refs/remotes/master [1ms]
[2022-09-13T13:13:10.916Z] > git for-each-ref --sort -committerdate --format %(refname) %(objectname) %(*objectname) [23ms]
[2022-09-13T13:13:10.916Z] > git remote --verbose [2ms]
[2022-09-13T13:13:11.022Z] > git config --get commit.template [2ms]
[2022-09-13T13:13:16.085Z] > git status -z -uall [38ms]
[2022-09-13T13:13:16.109Z] > git symbolic-ref --short HEAD [1ms]
[2022-09-13T13:13:16.134Z] > git for-each-ref --format=%(refname)%00%(upstream:short)%00%(objectname)%00%(upstream:track)%00%(upstream:remotename)%00%(upstream:remoteref) refs/heads/master refs/remotes/master [2ms]
[2022-09-13T13:13:16.181Z] > git for-each-ref --sort -committerdate --format %(refname) %(objectname) %(*objectname) [24ms]
[2022-09-13T13:13:16.182Z] > git remote --verbose [2ms]
[2022-09-13T13:13:16.286Z] > git config --get commit.template [1ms]
[2022-09-13T13:13:21.350Z] > git status -z -uall [38ms]
[2022-09-13T13:13:21.376Z] > git symbolic-ref --short HEAD [1ms]
[2022-09-13T13:13:21.401Z] > git for-each-ref --format=%(refname)%00%(upstream:short)%00%(objectname)%00%(upstream:track)%00%(upstream:remotename)%00%(upstream:remoteref) refs/heads/master refs/remotes/master [1ms]
[2022-09-13T13:13:21.450Z] > git for-each-ref --sort -committerdate --format %(refname) %(objectname) %(*objectname) [25ms]
[2022-09-13T13:13:21.450Z] > git remote --verbose [2ms]
[2022-09-13T13:13:21.555Z] > git config --get commit.template [1ms]
[2022-09-13T13:13:26.620Z] > git status -z -uall [37ms]
[2022-09-13T13:13:26.647Z] > git symbolic-ref --short HEAD [1ms]
[2022-09-13T13:13:26.673Z] > git for-each-ref --format=%(refname)%00%(upstream:short)%00%(objectname)%00%(upstream:track)%00%(upstream:remotename)%00%(upstream:remoteref) refs/heads/master refs/remotes/master [1ms]
[2022-09-13T13:13:26.726Z] > git for-each-ref --sort -committerdate --format %(refname) %(objectname) %(*objectname) [27ms]
[2022-09-13T13:13:26.727Z] > git remote --verbose [2ms]
[2022-09-13T13:13:26.836Z] > git config --get commit.template [1ms]
[2022-09-13T13:13:31.895Z] > git status -z -uall [38ms]
[2022-09-13T13:13:31.915Z] > git symbolic-ref --short HEAD [1ms]
[2022-09-13T13:13:31.935Z] > git for-each-ref --format=%(refname)%00%(upstream:short)%00%(objectname)%00%(upstream:track)%00%(upstream:remotename)%00%(upstream:remoteref) refs/heads/master refs/remotes/master [1ms]
[2022-09-13T13:13:31.973Z] > git for-each-ref --sort -committerdate --format %(refname) %(objectname) %(*objectname) [20ms]
[2022-09-13T13:13:31.973Z] > git remote --verbose [1ms]
[2022-09-13T13:13:32.085Z] > git config --get commit.template [2ms]
[2022-09-13T13:13:37.144Z] > git status -z -uall [38ms]
[2022-09-13T13:13:37.165Z] > git symbolic-ref --short HEAD [2ms]
[2022-09-13T13:13:37.186Z] > git for-each-ref --format=%(refname)%00%(upstream:short)%00%(objectname)%00%(upstream:track)%00%(upstream:remotename)%00%(upstream:remoteref) refs/heads/master refs/remotes/master [2ms]
[2022-09-13T13:13:37.225Z] > git for-each-ref --sort -committerdate --format %(refname) %(objectname) %(*objectname) [20ms]
[2022-09-13T13:13:37.225Z] > git remote --verbose [1ms]
[2022-09-13T13:13:37.328Z] > git config --get commit.template [1ms]
[2022-09-13T13:13:42.386Z] > git status -z -uall [37ms]
[2022-09-13T13:13:42.406Z] > git symbolic-ref --short HEAD [1ms]
[2022-09-13T13:13:42.426Z] > git for-each-ref --format=%(refname)%00%(upstream:short)%00%(objectname)%00%(upstream:track)%00%(upstream:remotename)%00%(upstream:remoteref) refs/heads/master refs/remotes/master [1ms]
[2022-09-13T13:13:42.464Z] > git for-each-ref --sort -committerdate --format %(refname) %(objectname) %(*objectname) [20ms]
[2022-09-13T13:13:42.464Z] > git remote --verbose [1ms]
[2022-09-13T13:13:42.567Z] > git config --get commit.template [1ms]
[2022-09-13T13:13:47.626Z] > git status -z -uall [39ms]
[2022-09-13T13:13:47.646Z] > git symbolic-ref --short HEAD [1ms]
[2022-09-13T13:13:47.666Z] > git for-each-ref --format=%(refname)%00%(upstream:short)%00%(objectname)%00%(upstream:track)%00%(upstream:remotename)%00%(upstream:remoteref) refs/heads/master refs/remotes/master [1ms]
[2022-09-13T13:13:47.705Z] > git for-each-ref --sort -committerdate --format %(refname) %(objectname) %(*objectname) [20ms]
[2022-09-13T13:13:47.706Z] > git remote --verbose [2ms]
[2022-09-13T13:13:47.810Z] > git config --get commit.template [2ms]
[2022-09-13T13:13:52.869Z] > git status -z -uall [38ms]
[2022-09-13T13:13:52.890Z] > git symbolic-ref --short HEAD [1ms]
[2022-09-13T13:13:52.911Z] > git for-each-ref --format=%(refname)%00%(upstream:short)%00%(objectname)%00%(upstream:track)%00%(upstream:remotename)%00%(upstream:remoteref) refs/heads/master refs/remotes/master [1ms]
[2022-09-13T13:13:52.952Z] > git for-each-ref --sort -committerdate --format %(refname) %(objectname) %(*objectname) [20ms]
[2022-09-13T13:13:52.953Z] > git remote --verbose [2ms]
[2022-09-13T13:13:53.865Z] > git config --get commit.template [782ms]
[2022-09-13T13:13:58.927Z] > git status -z -uall [38ms]
[2022-09-13T13:13:58.951Z] > git symbolic-ref --short HEAD [0ms]
[2022-09-13T13:13:58.977Z] > git for-each-ref --format=%(refname)%00%(upstream:short)%00%(objectname)%00%(upstream:track)%00%(upstream:remotename)%00%(upstream:remoteref) refs/heads/master refs/remotes/master [1ms]
[2022-09-13T13:13:59.028Z] > git remote --verbose [1ms]
[2022-09-13T13:13:59.029Z] > git for-each-ref --sort -committerdate --format %(refname) %(objectname) %(*objectname) [27ms]
[2022-09-13T13:13:59.143Z] > git config --get commit.template [1ms]
[2022-09-13T13:14:04.206Z] > git status -z -uall [38ms]
[2022-09-13T13:14:04.231Z] > git symbolic-ref --short HEAD [1ms]
[2022-09-13T13:14:04.256Z] > git for-each-ref --format=%(refname)%00%(upstream:short)%00%(objectname)%00%(upstream:track)%00%(upstream:remotename)%00%(upstream:remoteref) refs/heads/master refs/remotes/master [1ms]
[2022-09-13T13:14:04.304Z] > git for-each-ref --sort -committerdate --format %(refname) %(objectname) %(*objectname) [25ms]
[2022-09-13T13:14:04.304Z] > git remote --verbose [1ms]
[2022-09-13T13:14:04.408Z] > git config --get commit.template [2ms]
[2022-09-13T13:14:09.472Z] > git status -z -uall [38ms]
[2022-09-13T13:14:09.498Z] > git symbolic-ref --short HEAD [1ms]
[2022-09-13T13:14:09.523Z] > git for-each-ref --format=%(refname)%00%(upstream:short)%00%(objectname)%00%(upstream:track)%00%(upstream:remotename)%00%(upstream:remoteref) refs/heads/master refs/remotes/master [1ms]
[2022-09-13T13:14:09.573Z] > git remote --verbose [1ms]
[2022-09-13T13:14:09.574Z] > git for-each-ref --sort -committerdate --format %(refname) %(objectname) %(*objectname) [26ms]
[2022-09-13T13:14:09.683Z] > git config --get commit.template [1ms]
[2022-09-13T13:14:14.752Z] > git status -z -uall [42ms]
[2022-09-13T13:14:14.780Z] > git symbolic-ref --short HEAD [1ms]
[2022-09-13T13:14:14.807Z] > git for-each-ref --format=%(refname)%00%(upstream:short)%00%(objectname)%00%(upstream:track)%00%(upstream:remotename)%00%(upstream:remoteref) refs/heads/master refs/remotes/master [1ms]
[2022-09-13T13:14:14.859Z] > git for-each-ref --sort -committerdate --format %(refname) %(objectname) %(*objectname) [26ms]
[2022-09-13T13:14:14.860Z] > git remote --verbose [2ms]
[2022-09-13T13:14:14.970Z] > git config --get commit.template [2ms]
[2022-09-13T13:14:20.030Z] > git status -z -uall [39ms]
[2022-09-13T13:14:20.050Z] > git symbolic-ref --short HEAD [1ms]
[2022-09-13T13:14:20.070Z] > git for-each-ref --format=%(refname)%00%(upstream:short)%00%(objectname)%00%(upstream:track)%00%(upstream:remotename)%00%(upstream:remoteref) refs/heads/master refs/remotes/master [1ms]
[2022-09-13T13:14:20.108Z] > git for-each-ref --sort -committerdate --format %(refname) %(objectname) %(*objectname) [19ms]
[2022-09-13T13:14:20.109Z] > git remote --verbose [2ms]
[2022-09-13T13:14:20.218Z] > git config --get commit.template [2ms]
[2022-09-13T13:14:25.275Z] > git status -z -uall [37ms]
[2022-09-13T13:14:25.295Z] > git symbolic-ref --short HEAD [1ms]
[2022-09-13T13:14:25.315Z] > git for-each-ref --format=%(refname)%00%(upstream:short)%00%(objectname)%00%(upstream:track)%00%(upstream:remotename)%00%(upstream:remoteref) refs/heads/master refs/remotes/master [1ms]
[2022-09-13T13:14:25.354Z] > git for-each-ref --sort -committerdate --format %(refname) %(objectname) %(*objectname) [20ms]
[2022-09-13T13:14:25.354Z] > git remote --verbose [2ms]
[2022-09-13T13:14:25.459Z] > git config --get commit.template [2ms]
[2022-09-13T13:14:30.517Z] > git status -z -uall [38ms]
[2022-09-13T13:14:30.536Z] > git symbolic-ref --short HEAD [1ms]
[2022-09-13T13:14:30.556Z] > git for-each-ref --format=%(refname)%00%(upstream:short)%00%(objectname)%00%(upstream:track)%00%(upstream:remotename)%00%(upstream:remoteref) refs/heads/master refs/remotes/master [1ms]
[2022-09-13T13:14:30.595Z] > git for-each-ref --sort -committerdate --format %(refname) %(objectname) %(*objectname) [20ms]
[2022-09-13T13:14:30.595Z] > git remote --verbose [1ms]
[2022-09-13T13:14:30.700Z] > git config --get commit.template [2ms]
[2022-09-13T13:14:35.758Z] > git status -z -uall [38ms]
[2022-09-13T13:14:35.778Z] > git symbolic-ref --short HEAD [1ms]
[2022-09-13T13:14:35.799Z] > git for-each-ref --format=%(refname)%00%(upstream:short)%00%(objectname)%00%(upstream:track)%00%(upstream:remotename)%00%(upstream:remoteref) refs/heads/master refs/remotes/master [1ms]
[2022-09-13T13:14:35.837Z] > git for-each-ref --sort -committerdate --format %(refname) %(objectname) %(*objectname) [19ms]
[2022-09-13T13:14:35.838Z] > git remote --verbose [2ms]
[2022-09-13T13:14:35.941Z] > git config --get commit.template [2ms]
[2022-09-13T13:14:41.000Z] > git status -z -uall [38ms]
[2022-09-13T13:14:41.022Z] > git symbolic-ref --short HEAD [2ms]
[2022-09-13T13:14:41.044Z] > git for-each-ref --format=%(refname)%00%(upstream:short)%00%(objectname)%00%(upstream:track)%00%(upstream:remotename)%00%(upstream:remoteref) refs/heads/master refs/remotes/master [2ms]
[2022-09-13T13:14:41.085Z] > git for-each-ref --sort -committerdate --format %(refname) %(objectname) %(*objectname) [20ms]
[2022-09-13T13:14:41.085Z] > git remote --verbose [1ms]
[2022-09-13T13:14:41.190Z] > git config --get commit.template [1ms]
[2022-09-13T13:14:46.251Z] > git status -z -uall [38ms]
[2022-09-13T13:14:46.274Z] > git symbolic-ref --short HEAD [1ms]
[2022-09-13T13:14:46.297Z] > git for-each-ref --format=%(refname)%00%(upstream:short)%00%(objectname)%00%(upstream:track)%00%(upstream:remotename)%00%(upstream:remoteref) refs/heads/master refs/remotes/master [1ms]
[2022-09-13T13:14:46.341Z] > git for-each-ref --sort -committerdate --format %(refname) %(objectname) %(*objectname) [22ms]
[2022-09-13T13:14:46.341Z] > git remote --verbose [1ms]
[2022-09-13T13:14:46.447Z] > git config --get commit.template [1ms]
[2022-09-13T13:14:51.510Z] > git status -z -uall [39ms]
[2022-09-13T13:14:51.534Z] > git symbolic-ref --short HEAD [2ms]
[2022-09-13T13:14:51.557Z] > git for-each-ref --format=%(refname)%00%(upstream:short)%00%(objectname)%00%(upstream:track)%00%(upstream:remotename)%00%(upstream:remoteref) refs/heads/master refs/remotes/master [1ms]
[2022-09-13T13:14:51.604Z] > git remote --verbose [3ms]
[2022-09-13T13:14:51.604Z] > git for-each-ref --sort -committerdate --format %(refname) %(objectname) %(*objectname) [25ms]
[2022-09-13T13:14:51.708Z] > git config --get commit.template [1ms]
[2022-09-13T13:14:55.130Z] > git show --textconv :csc250_lab2-Lin-Eric-142313/roll.txt [25ms]
[2022-09-13T13:14:55.132Z] > git ls-files --stage -- /home/linl20/csc250_lab2-Lin-Eric-142313/roll.txt [3ms]
[2022-09-13T13:14:56.771Z] > git status -z -uall [39ms]
[2022-09-13T13:14:56.796Z] > git symbolic-ref --short HEAD [1ms]
[2022-09-13T13:14:56.821Z] > git for-each-ref --format=%(refname)%00%(upstream:short)%00%(objectname)%00%(upstream:track)%00%(upstream:remotename)%00%(upstream:remoteref) refs/heads/master refs/remotes/master [1ms]
[2022-09-13T13:14:56.870Z] > git for-each-ref --sort -committerdate --format %(refname) %(objectname) %(*objectname) [25ms]
[2022-09-13T13:14:56.871Z] > git remote --verbose [2ms]
[2022-09-13T13:14:56.977Z] > git config --get commit.template [1ms]
[2022-09-13T13:14:58.029Z] > git show --textconv :csc250_lab2-Lin-Eric-142313/makefile [26ms]
[2022-09-13T13:14:58.030Z] > git ls-files --stage -- /home/linl20/csc250_lab2-Lin-Eric-142313/makefile [2ms]
[2022-09-13T13:15:00.556Z] > git show --textconv :csc250_lab2-Lin-Eric-142313/lab2.c [26ms]
[2022-09-13T13:15:00.557Z] > git ls-files --stage -- /home/linl20/csc250_lab2-Lin-Eric-142313/lab2.c [2ms]
[2022-09-13T13:15:02.042Z] > git status -z -uall [38ms]
[2022-09-13T13:15:02.068Z] > git symbolic-ref --short HEAD [1ms]
[2022-09-13T13:15:02.095Z] > git for-each-ref --format=%(refname)%00%(upstream:short)%00%(objectname)%00%(upstream:track)%00%(upstream:remotename)%00%(upstream:remoteref) refs/heads/master refs/remotes/master [2ms]
[2022-09-13T13:15:02.147Z] > git remote --verbose [2ms]
[2022-09-13T13:15:02.147Z] > git for-each-ref --sort -committerdate --format %(refname) %(objectname) %(*objectname) [27ms]
[2022-09-13T13:15:02.254Z] > git config --get commit.template [1ms]
[2022-09-13T13:15:07.314Z] > git status -z -uall [39ms]
[2022-09-13T13:15:07.333Z] > git symbolic-ref --short HEAD [1ms]
[2022-09-13T13:15:07.353Z] > git for-each-ref --format=%(refname)%00%(upstream:short)%00%(objectname)%00%(upstream:track)%00%(upstream:remotename)%00%(upstream:remoteref) refs/heads/master refs/remotes/master [1ms]
[2022-09-13T13:15:07.391Z] > git for-each-ref --sort -committerdate --format %(refname) %(objectname) %(*objectname) [19ms]
[2022-09-13T13:15:07.392Z] > git remote --verbose [2ms]
[2022-09-13T13:15:07.501Z] > git config --get commit.template [1ms]
[2022-09-13T13:15:12.559Z] > git status -z -uall [38ms]
[2022-09-13T13:15:12.579Z] > git symbolic-ref --short HEAD [1ms]
[2022-09-13T13:15:12.599Z] > git for-each-ref --format=%(refname)%00%(upstream:short)%00%(objectname)%00%(upstream:track)%00%(upstream:remotename)%00%(upstream:remoteref) refs/heads/master refs/remotes/master [1ms]
[2022-09-13T13:15:12.637Z] > git for-each-ref --sort -committerdate --format %(refname) %(objectname) %(*objectname) [19ms]
[2022-09-13T13:15:12.638Z] > git remote --verbose [2ms]
[2022-09-13T13:15:12.741Z] > git config --get commit.template [1ms]
[2022-09-13T13:15:17.801Z] > git status -z -uall [39ms]
[2022-09-13T13:15:17.820Z] > git symbolic-ref --short HEAD [1ms]
[2022-09-13T13:15:17.840Z] > git for-each-ref --format=%(refname)%00%(upstream:short)%00%(objectname)%00%(upstream:track)%00%(upstream:remotename)%00%(upstream:remoteref) refs/heads/master refs/remotes/master [1ms]
[2022-09-13T13:15:17.877Z] > git for-each-ref --sort -committerdate --format %(refname) %(objectname) %(*objectname) [19ms]
[2022-09-13T13:15:17.877Z] > git remote --verbose [1ms]
[2022-09-13T13:15:17.978Z] > git config --get commit.template [2ms]
[2022-09-13T13:15:23.037Z] > git status -z -uall [38ms]
[2022-09-13T13:15:23.057Z] > git symbolic-ref --short HEAD [1ms]
[2022-09-13T13:15:23.077Z] > git for-each-ref --format=%(refname)%00%(upstream:short)%00%(objectname)%00%(upstream:track)%00%(upstream:remotename)%00%(upstream:remoteref) refs/heads/master refs/remotes/master [2ms]
[2022-09-13T13:15:23.115Z] > git remote --verbose [1ms]
[2022-09-13T13:15:23.116Z] > git for-each-ref --sort -committerdate --format %(refname) %(objectname) %(*objectname) [20ms]
[2022-09-13T13:15:23.220Z] > git config --get commit.template [1ms]
[2022-09-13T13:15:28.279Z] > git status -z -uall [38ms]
[2022-09-13T13:15:28.300Z] > git symbolic-ref --short HEAD [1ms]
[2022-09-13T13:15:28.320Z] > git for-each-ref --format=%(refname)%00%(upstream:short)%00%(objectname)%00%(upstream:track)%00%(upstream:remotename)%00%(upstream:remoteref) refs/heads/master refs/remotes/master [1ms]
[2022-09-13T13:15:28.360Z] > git for-each-ref --sort -committerdate --format %(refname) %(objectname) %(*objectname) [20ms]
[2022-09-13T13:15:28.360Z] > git remote --verbose [1ms]
[2022-09-13T13:15:28.462Z] > git config --get commit.template [1ms]
[2022-09-13T13:15:33.523Z] > git status -z -uall [38ms]
[2022-09-13T13:15:33.546Z] > git symbolic-ref --short HEAD [2ms]
[2022-09-13T13:15:33.568Z] > git for-each-ref --format=%(refname)%00%(upstream:short)%00%(objectname)%00%(upstream:track)%00%(upstream:remotename)%00%(upstream:remoteref) refs/heads/master refs/remotes/master [1ms]
[2022-09-13T13:15:33.611Z] > git for-each-ref --sort -committerdate --format %(refname) %(objectname) %(*objectname) [22ms]
[2022-09-13T13:15:33.611Z] > git remote --verbose [1ms]
[2022-09-13T13:15:33.716Z] > git config --get commit.template [3ms]
[2022-09-13T13:15:38.777Z] > git status -z -uall [38ms]
[2022-09-13T13:15:38.800Z] > git symbolic-ref --short HEAD [1ms]
[2022-09-13T13:15:38.824Z] > git for-each-ref --format=%(refname)%00%(upstream:short)%00%(objectname)%00%(upstream:track)%00%(upstream:remotename)%00%(upstream:remoteref) refs/heads/master refs/remotes/master [1ms]
[2022-09-13T13:15:38.869Z] > git remote --verbose [1ms]
[2022-09-13T13:15:38.870Z] > git for-each-ref --sort -committerdate --format %(refname) %(objectname) %(*objectname) [24ms]
[2022-09-13T13:15:38.975Z] > git config --get commit.template [2ms]
[2022-09-13T13:15:44.038Z] > git status -z -uall [39ms]
[2022-09-13T13:15:44.063Z] > git symbolic-ref --short HEAD [1ms]
[2022-09-13T13:15:44.088Z] > git for-each-ref --format=%(refname)%00%(upstream:short)%00%(objectname)%00%(upstream:track)%00%(upstream:remotename)%00%(upstream:remoteref) refs/heads/master refs/remotes/master [1ms]
[2022-09-13T13:15:44.137Z] > git for-each-ref --sort -committerdate --format %(refname) %(objectname) %(*objectname) [25ms]
[2022-09-13T13:15:44.137Z] > git remote --verbose [1ms]
[2022-09-13T13:15:44.243Z] > git config --get commit.template [1ms]
[2022-09-13T13:15:49.307Z] > git status -z -uall [37ms]
[2022-09-13T13:15:49.333Z] > git symbolic-ref --short HEAD [1ms]
[2022-09-13T13:15:49.359Z] > git for-each-ref --format=%(refname)%00%(upstream:short)%00%(objectname)%00%(upstream:track)%00%(upstream:remotename)%00%(upstream:remoteref) refs/heads/master refs/remotes/master [2ms]
[2022-09-13T13:15:49.410Z] > git for-each-ref --sort -committerdate --format %(refname) %(objectname) %(*objectname) [26ms]
[2022-09-13T13:15:49.411Z] > git remote --verbose [2ms]
[2022-09-13T13:15:49.521Z] > git config --get commit.template [1ms]
[2022-09-13T13:15:54.581Z] > git status -z -uall [39ms]
[2022-09-13T13:15:54.602Z] > git symbolic-ref --short HEAD [1ms]
[2022-09-13T13:15:54.623Z] > git for-each-ref --format=%(refname)%00%(upstream:short)%00%(objectname)%00%(upstream:track)%00%(upstream:remotename)%00%(upstream:remoteref) refs/heads/master refs/remotes/master [1ms]
[2022-09-13T13:15:54.662Z] > git for-each-ref --sort -committerdate --format %(refname) %(objectname) %(*objectname) [20ms]
[2022-09-13T13:15:54.662Z] > git remote --verbose [1ms]
[2022-09-13T13:15:54.772Z] > git config --get commit.template [1ms]
[2022-09-13T13:15:59.831Z] > git status -z -uall [38ms]
[2022-09-13T13:15:59.851Z] > git symbolic-ref --short HEAD [1ms]
[2022-09-13T13:15:59.872Z] > git for-each-ref --format=%(refname)%00%(upstream:short)%00%(objectname)%00%(upstream:track)%00%(upstream:remotename)%00%(upstream:remoteref) refs/heads/master refs/remotes/master [2ms]
[2022-09-13T13:15:59.911Z] > git for-each-ref --sort -committerdate --format %(refname) %(objectname) %(*objectname) [20ms]
[2022-09-13T13:15:59.911Z] > git remote --verbose [1ms]
[2022-09-13T13:16:00.012Z] > git config --get commit.template [0ms]
[2022-09-13T13:16:05.071Z] > git status -z -uall [38ms]
[2022-09-13T13:16:05.093Z] > git symbolic-ref --short HEAD [3ms]
[2022-09-13T13:16:05.113Z] > git for-each-ref --format=%(refname)%00%(upstream:short)%00%(objectname)%00%(upstream:track)%00%(upstream:remotename)%00%(upstream:remoteref) refs/heads/master refs/remotes/master [1ms]
[2022-09-13T13:16:05.152Z] > git for-each-ref --sort -committerdate --format %(refname) %(objectname) %(*objectname) [20ms]
[2022-09-13T13:16:05.152Z] > git remote --verbose [2ms]
[2022-09-13T13:16:05.253Z] > git config --get commit.template [1ms]
[2022-09-13T13:16:10.312Z] > git status -z -uall [38ms]
[2022-09-13T13:16:10.332Z] > git symbolic-ref --short HEAD [1ms]
[2022-09-13T13:16:10.353Z] > git for-each-ref --format=%(refname)%00%(upstream:short)%00%(objectname)%00%(upstream:track)%00%(upstream:remotename)%00%(upstream:remoteref) refs/heads/master refs/remotes/master [1ms]
[2022-09-13T13:16:10.392Z] > git for-each-ref --sort -committerdate --format %(refname) %(objectname) %(*objectname) [20ms]
[2022-09-13T13:16:10.392Z] > git remote --verbose [1ms]
[2022-09-13T13:16:10.496Z] > git config --get commit.template [1ms]
[2022-09-13T13:16:15.555Z] > git status -z -uall [37ms]
[2022-09-13T13:16:15.576Z] > git symbolic-ref --short HEAD [1ms]
[2022-09-13T13:16:15.597Z] > git for-each-ref --format=%(refname)%00%(upstream:short)%00%(objectname)%00%(upstream:track)%00%(upstream:remotename)%00%(upstream:remoteref) refs/heads/master refs/remotes/master [1ms]
[2022-09-13T13:16:15.637Z] > git for-each-ref --sort -committerdate --format %(refname) %(objectname) %(*objectname) [20ms]
[2022-09-13T13:16:15.638Z] > git remote --verbose [2ms]
[2022-09-13T13:16:15.739Z] > git config --get commit.template [1ms]
[2022-09-13T13:16:20.798Z] > git status -z -uall [36ms]
[2022-09-13T13:16:20.821Z] > git symbolic-ref --short HEAD [0ms]
[2022-09-13T13:16:20.843Z] > git for-each-ref --format=%(refname)%00%(upstream:short)%00%(objectname)%00%(upstream:track)%00%(upstream:remotename)%00%(upstream:remoteref) refs/heads/master refs/remotes/master [1ms]
[2022-09-13T13:16:20.886Z] > git for-each-ref --sort -committerdate --format %(refname) %(objectname) %(*objectname) [22ms]
[2022-09-13T13:16:20.887Z] > git remote --verbose [2ms]
[2022-09-13T13:16:20.988Z] > git config --get commit.template [1ms]
[2022-09-13T13:16:26.051Z] > git status -z -uall [38ms]
[2022-09-13T13:16:26.075Z] > git symbolic-ref --short HEAD [2ms]
[2022-09-13T13:16:26.098Z] > git for-each-ref --format=%(refname)%00%(upstream:short)%00%(objectname)%00%(upstream:track)%00%(upstream:remotename)%00%(upstream:remoteref) refs/heads/master refs/remotes/master [1ms]
[2022-09-13T13:16:26.145Z] > git for-each-ref --sort -committerdate --format %(refname) %(objectname) %(*objectname) [24ms]
[2022-09-13T13:16:26.145Z] > git remote --verbose [1ms]
[2022-09-13T13:16:26.253Z] > git config --get commit.template [1ms]
[2022-09-13T13:16:31.315Z] > git status -z -uall [37ms]
[2022-09-13T13:16:31.340Z] > git symbolic-ref --short HEAD [1ms]
[2022-09-13T13:16:31.365Z] > git for-each-ref --format=%(refname)%00%(upstream:short)%00%(objectname)%00%(upstream:track)%00%(upstream:remotename)%00%(upstream:remoteref) refs/heads/master refs/remotes/master [1ms]
[2022-09-13T13:16:31.415Z] > git for-each-ref --sort -committerdate --format %(refname) %(objectname) %(*objectname) [25ms]
[2022-09-13T13:16:31.415Z] > git remote --verbose [2ms]
[2022-09-13T13:16:31.520Z] > git config --get commit.template [1ms]
[2022-09-13T13:16:36.586Z] > git status -z -uall [39ms]
[2022-09-13T13:16:36.612Z] > git symbolic-ref --short HEAD [1ms]
[2022-09-13T13:16:36.639Z] > git for-each-ref --format=%(refname)%00%(upstream:short)%00%(objectname)%00%(upstream:track)%00%(upstream:remotename)%00%(upstream:remoteref) refs/heads/master refs/remotes/master [2ms]
[2022-09-13T13:16:36.691Z] > git for-each-ref --sort -committerdate --format %(refname) %(objectname) %(*objectname) [26ms]
[2022-09-13T13:16:36.691Z] > git remote --verbose [1ms]
[2022-09-13T13:16:36.801Z] > git config --get commit.template [1ms]
[2022-09-13T13:16:41.863Z] > git status -z -uall [40ms]
[2022-09-13T13:16:41.883Z] > git symbolic-ref --short HEAD [1ms]
[2022-09-13T13:16:41.903Z] > git for-each-ref --format=%(refname)%00%(upstream:short)%00%(objectname)%00%(upstream:track)%00%(upstream:remotename)%00%(upstream:remoteref) refs/heads/master refs/remotes/master [1ms]
[2022-09-13T13:16:41.942Z] > git remote --verbose [2ms]
[2022-09-13T13:16:41.942Z] > git for-each-ref --sort -committerdate --format %(refname) %(objectname) %(*objectname) [20ms]
[2022-09-13T13:16:42.050Z] > git config --get commit.template [1ms]
[2022-09-13T13:16:47.110Z] > git status -z -uall [39ms]
[2022-09-13T13:16:47.130Z] > git symbolic-ref --short HEAD [1ms]
[2022-09-13T13:16:47.152Z] > git for-each-ref --format=%(refname)%00%(upstream:short)%00%(objectname)%00%(upstream:track)%00%(upstream:remotename)%00%(upstream:remoteref) refs/heads/master refs/remotes/master [2ms]
[2022-09-13T13:16:47.191Z] > git for-each-ref --sort -committerdate --format %(refname) %(objectname) %(*objectname) [20ms]
[2022-09-13T13:16:47.192Z] > git remote --verbose [2ms]
[2022-09-13T13:16:47.296Z] > git config --get commit.template [1ms]
[2022-09-13T13:16:52.357Z] > git status -z -uall [40ms]
[2022-09-13T13:16:52.377Z] > git symbolic-ref --short HEAD [1ms]
[2022-09-13T13:16:52.399Z] > git for-each-ref --format=%(refname)%00%(upstream:short)%00%(objectname)%00%(upstream:track)%00%(upstream:remotename)%00%(upstream:remoteref) refs/heads/master refs/remotes/master [2ms]
[2022-09-13T13:16:52.439Z] > git for-each-ref --sort -committerdate --format %(refname) %(objectname) %(*objectname) [20ms]
[2022-09-13T13:16:52.440Z] > git remote --verbose [2ms]
[2022-09-13T13:16:52.541Z] > git config --get commit.template [1ms]
[2022-09-13T13:16:57.600Z] > git status -z -uall [37ms]
[2022-09-13T13:16:57.622Z] > git symbolic-ref --short HEAD [1ms]
[2022-09-13T13:16:57.643Z] > git for-each-ref --format=%(refname)%00%(upstream:short)%00%(objectname)%00%(upstream:track)%00%(upstream:remotename)%00%(upstream:remoteref) refs/heads/master refs/remotes/master [2ms]
[2022-09-13T13:16:57.683Z] > git for-each-ref --sort -committerdate --format %(refname) %(objectname) %(*objectname) [21ms]
[2022-09-13T13:16:57.683Z] > git remote --verbose [1ms]
[2022-09-13T13:16:57.790Z] > git config --get commit.template [1ms]
[2022-09-13T13:17:02.849Z] > git status -z -uall [38ms]
[2022-09-13T13:17:02.870Z] > git symbolic-ref --short HEAD [1ms]
[2022-09-13T13:17:02.891Z] > git for-each-ref --format=%(refname)%00%(upstream:short)%00%(objectname)%00%(upstream:track)%00%(upstream:remotename)%00%(upstream:remoteref) refs/heads/master refs/remotes/master [1ms]
[2022-09-13T13:17:02.932Z] > git for-each-ref --sort -committerdate --format %(refname) %(objectname) %(*objectname) [21ms]
[2022-09-13T13:17:02.932Z] > git remote --verbose [1ms]
[2022-09-13T13:17:03.040Z] > git config --get commit.template [1ms]
[2022-09-13T13:17:08.102Z] > git status -z -uall [38ms]
[2022-09-13T13:17:08.125Z] > git symbolic-ref --short HEAD [2ms]
[2022-09-13T13:17:08.147Z] > git for-each-ref --format=%(refname)%00%(upstream:short)%00%(objectname)%00%(upstream:track)%00%(upstream:remotename)%00%(upstream:remoteref) refs/heads/master refs/remotes/master [1ms]
[2022-09-13T13:17:08.192Z] > git for-each-ref --sort -committerdate --format %(refname) %(objectname) %(*objectname) [23ms]
[2022-09-13T13:17:08.192Z] > git remote --verbose [1ms]
[2022-09-13T13:17:08.299Z] > git config --get commit.template [1ms]
[2022-09-13T13:17:13.361Z] > git status -z -uall [38ms]
[2022-09-13T13:17:13.385Z] > git symbolic-ref --short HEAD [1ms]
[2022-09-13T13:17:13.409Z] > git for-each-ref --format=%(refname)%00%(upstream:short)%00%(objectname)%00%(upstream:track)%00%(upstream:remotename)%00%(upstream:remoteref) refs/heads/master refs/remotes/master [1ms]
[2022-09-13T13:17:13.455Z] > git for-each-ref --sort -committerdate --format %(refname) %(objectname) %(*objectname) [23ms]
[2022-09-13T13:17:13.456Z] > git remote --verbose [1ms]
[2022-09-13T13:17:13.567Z] > git config --get commit.template [1ms]
[2022-09-13T13:17:18.630Z] > git status -z -uall [38ms]
[2022-09-13T13:17:18.656Z] > git symbolic-ref --short HEAD [1ms]
[2022-09-13T13:17:18.681Z] > git for-each-ref --format=%(refname)%00%(upstream:short)%00%(objectname)%00%(upstream:track)%00%(upstream:remotename)%00%(upstream:remoteref) refs/heads/master refs/remotes/master [1ms]
[2022-09-13T13:17:18.729Z] > git for-each-ref --sort -committerdate --format %(refname) %(objectname) %(*objectname) [25ms]
[2022-09-13T13:17:18.730Z] > git remote --verbose [2ms]
[2022-09-13T13:17:18.835Z] > git config --get commit.template [1ms]
[2022-09-13T13:17:23.900Z] > git status -z -uall [38ms]
[2022-09-13T13:17:23.927Z] > git symbolic-ref --short HEAD [2ms]
[2022-09-13T13:17:23.954Z] > git for-each-ref --format=%(refname)%00%(upstream:short)%00%(objectname)%00%(upstream:track)%00%(upstream:remotename)%00%(upstream:remoteref) refs/heads/master refs/remotes/master [1ms]
[2022-09-13T13:17:24.006Z] > git for-each-ref --sort -committerdate --format %(refname) %(objectname) %(*objectname) [26ms]
[2022-09-13T13:17:24.007Z] > git remote --verbose [2ms]
[2022-09-13T13:17:24.115Z] > git config --get commit.template [2ms]
[2022-09-13T13:17:29.174Z] > git status -z -uall [37ms]
[2022-09-13T13:17:29.195Z] > git symbolic-ref --short HEAD [1ms]
[2022-09-13T13:17:29.215Z] > git for-each-ref --format=%(refname)%00%(upstream:short)%00%(objectname)%00%(upstream:track)%00%(upstream:remotename)%00%(upstream:remoteref) refs/heads/master refs/remotes/master [1ms]
[2022-09-13T13:17:29.256Z] > git for-each-ref --sort -committerdate --format %(refname) %(objectname) %(*objectname) [20ms]
[2022-09-13T13:17:29.256Z] > git remote --verbose [1ms]
[2022-09-13T13:17:29.367Z] > git config --get commit.template [1ms]
[2022-09-13T13:17:34.427Z] > git status -z -uall [38ms]
[2022-09-13T13:17:34.449Z] > git symbolic-ref --short HEAD [1ms]
[2022-09-13T13:17:34.469Z] > git for-each-ref --format=%(refname)%00%(upstream:short)%00%(objectname)%00%(upstream:track)%00%(upstream:remotename)%00%(upstream:remoteref) refs/heads/master refs/remotes/master [1ms]
[2022-09-13T13:17:34.510Z] > git for-each-ref --sort -committerdate --format %(refname) %(objectname) %(*objectname) [20ms]
[2022-09-13T13:17:34.510Z] > git remote --verbose [2ms]
[2022-09-13T13:17:34.610Z] > git config --get commit.template [1ms]
[2022-09-13T13:17:39.669Z] > git status -z -uall [37ms]
[2022-09-13T13:17:39.691Z] > git symbolic-ref --short HEAD [0ms]
[2022-09-13T13:17:39.711Z] > git for-each-ref --format=%(refname)%00%(upstream:short)%00%(objectname)%00%(upstream:track)%00%(upstream:remotename)%00%(upstream:remoteref) refs/heads/master refs/remotes/master [1ms]
[2022-09-13T13:17:39.750Z] > git for-each-ref --sort -committerdate --format %(refname) %(objectname) %(*objectname) [20ms]
[2022-09-13T13:17:39.751Z] > git remote --verbose [2ms]
[2022-09-13T13:17:39.853Z] > git config --get commit.template [1ms]
[2022-09-13T13:17:44.912Z] > git status -z -uall [37ms]
[2022-09-13T13:17:44.933Z] > git symbolic-ref --short HEAD [1ms]
[2022-09-13T13:17:44.954Z] > git for-each-ref --format=%(refname)%00%(upstream:short)%00%(objectname)%00%(upstream:track)%00%(upstream:remotename)%00%(upstream:remoteref) refs/heads/master refs/remotes/master [1ms]
[2022-09-13T13:17:44.995Z] > git for-each-ref --sort -committerdate --format %(refname) %(objectname) %(*objectname) [21ms]
[2022-09-13T13:17:44.995Z] > git remote --verbose [1ms]
[2022-09-13T13:17:45.097Z] > git config --get commit.template [1ms]
[2022-09-13T13:17:50.157Z] > git status -z -uall [38ms]
[2022-09-13T13:17:50.178Z] > git symbolic-ref --short HEAD [1ms]
[2022-09-13T13:17:50.199Z] > git for-each-ref --format=%(refname)%00%(upstream:short)%00%(objectname)%00%(upstream:track)%00%(upstream:remotename)%00%(upstream:remoteref) refs/heads/master refs/remotes/master [1ms]
[2022-09-13T13:17:50.240Z] > git for-each-ref --sort -committerdate --format %(refname) %(objectname) %(*objectname) [21ms]
[2022-09-13T13:17:50.240Z] > git remote --verbose [1ms]
[2022-09-13T13:17:50.346Z] > git config --get commit.template [2ms]
[2022-09-13T13:17:55.407Z] > git status -z -uall [38ms]
[2022-09-13T13:17:55.429Z] > git symbolic-ref --short HEAD [1ms]
[2022-09-13T13:17:55.451Z] > git for-each-ref --format=%(refname)%00%(upstream:short)%00%(objectname)%00%(upstream:track)%00%(upstream:remotename)%00%(upstream:remoteref) refs/heads/master refs/remotes/master [1ms]
[2022-09-13T13:17:55.495Z] > git remote --verbose [1ms]
[2022-09-13T13:17:55.495Z] > git for-each-ref --sort -committerdate --format %(refname) %(objectname) %(*objectname) [23ms]
[2022-09-13T13:17:55.608Z] > git config --get commit.template [2ms]
[2022-09-13T13:18:00.670Z] > git status -z -uall [38ms]
[2022-09-13T13:18:00.693Z] > git symbolic-ref --short HEAD [1ms]
[2022-09-13T13:18:00.716Z] > git for-each-ref --format=%(refname)%00%(upstream:short)%00%(objectname)%00%(upstream:track)%00%(upstream:remotename)%00%(upstream:remoteref) refs/heads/master refs/remotes/master [1ms]
[2022-09-13T13:18:00.761Z] > git for-each-ref --sort -committerdate --format %(refname) %(objectname) %(*objectname) [23ms]
[2022-09-13T13:18:00.762Z] > git remote --verbose [2ms]
[2022-09-13T13:18:00.864Z] > git config --get commit.template [1ms]
[2022-09-13T13:18:05.927Z] > git status -z -uall [37ms]
[2022-09-13T13:18:05.952Z] > git symbolic-ref --short HEAD [1ms]
[2022-09-13T13:18:05.977Z] > git for-each-ref --format=%(refname)%00%(upstream:short)%00%(objectname)%00%(upstream:track)%00%(upstream:remotename)%00%(upstream:remoteref) refs/heads/master refs/remotes/master [1ms]
[2022-09-13T13:18:06.027Z] > git remote --verbose [1ms]
[2022-09-13T13:18:06.027Z] > git for-each-ref --sort -committerdate --format %(refname) %(objectname) %(*objectname) [25ms]
[2022-09-13T13:18:06.135Z] > git config --get commit.template [1ms]
[2022-09-13T13:18:11.199Z] > git status -z -uall [36ms]
[2022-09-13T13:18:11.225Z] > git symbolic-ref --short HEAD [1ms]
[2022-09-13T13:18:11.252Z] > git for-each-ref --format=%(refname)%00%(upstream:short)%00%(objectname)%00%(upstream:track)%00%(upstream:remotename)%00%(upstream:remoteref) refs/heads/master refs/remotes/master [2ms]
[2022-09-13T13:18:11.303Z] > git for-each-ref --sort -committerdate --format %(refname) %(objectname) %(*objectname) [26ms]
[2022-09-13T13:18:11.304Z] > git remote --verbose [2ms]
[2022-09-13T13:18:11.413Z] > git config --get commit.template [1ms]
