[2022-09-14 18:45:34.130] [exthost] [info] Extension host with pid 51596 started
[2022-09-14 18:45:34.134] [exthost] [error] Error: EEXIST: file already exists, open '/home/linl20/.vscode-server/data/User/workspaceStorage/846d061fbe3b7c3efc4e33135743ac56/vscode.lock'
[2022-09-14 18:45:34.140] [exthost] [info] Lock '/home/linl20/.vscode-server/data/User/workspaceStorage/846d061fbe3b7c3efc4e33135743ac56/vscode.lock': Could not acquire lock, checking if the file is stale.
[2022-09-14 18:45:34.144] [exthost] [info] Lock '/home/linl20/.vscode-server/data/User/workspaceStorage/846d061fbe3b7c3efc4e33135743ac56/vscode.lock': The lock does not look stale, elapsed: 17 ms, giving up.
[2022-09-14 18:45:34.252] [exthost] [info] Lock '/home/linl20/.vscode-server/data/User/workspaceStorage/846d061fbe3b7c3efc4e33135743ac56-1/vscode.lock': Lock acquired.
[2022-09-14 18:45:34.364] [exthost] [info] ExtensionService#_doActivateExtension cschlosser.doxdocgen, startup: false, activationEvent: 'onLanguage:c'
[2022-09-14 18:45:34.431] [exthost] [info] ExtensionService#_doActivateExtension ms-vscode.cpptools, startup: false, activationEvent: 'onLanguage:c'
[2022-09-14 18:45:34.645] [exthost] [info] ExtensionService#_doActivateExtension vscode.debug-auto-launch, startup: true, activationEvent: '*'
[2022-09-14 18:45:34.650] [exthost] [info] ExtensionService#_doActivateExtension vscode.git-base, startup: true, activationEvent: '*', root cause: vscode.git
[2022-09-14 18:45:34.655] [exthost] [info] ExtensionService#_doActivateExtension vscode.ipynb, startup: true, activationEvent: '*'
[2022-09-14 18:45:34.829] [exthost] [info] ExtensionService#_doActivateExtension vscode.git, startup: true, activationEvent: '*'
[2022-09-14 18:45:34.958] [exthost] [info] ExtensionService#_doActivateExtension vscode.github, startup: true, activationEvent: '*'
[2022-09-14 18:45:35.821] [exthost] [info] ExtensionService#_doActivateExtension vscode.emmet, startup: false, activationEvent: 'onStartupFinished'
[2022-09-14 18:45:35.845] [exthost] [info] ExtensionService#_doActivateExtension vscode.merge-conflict, startup: false, activationEvent: 'onStartupFinished'
[2022-09-14 18:45:35.851] [exthost] [info] Eager extensions activated
[2022-09-14 18:45:36.519] [exthost] [error] {"message":"Git error","stdout":"","stderr":"fatal: Pathspec '/home/linl20/csc250_lab2-Lin-Eric-142313/lab2.c' is in submodule 'csc250_lab2-Lin-Eric-142313'\n","exitCode":128,"gitErrorCode":"IsInSubmodule"}
[2022-09-14 18:45:36.519] [exthost] [error] {"message":"Git error","stdout":"","stderr":"fatal: Pathspec '/home/linl20/csc250_lab2-Lin-Eric-142313/lab2.c' is in submodule 'csc250_lab2-Lin-Eric-142313'\n","exitCode":128,"gitErrorCode":"IsInSubmodule"}
[2022-09-14 18:45:36.519] [exthost] [error] {"message":"Git error","stdout":"","stderr":"fatal: Pathspec '/home/linl20/csc250_lab2-Lin-Eric-142313/lab2.c' is in submodule 'csc250_lab2-Lin-Eric-142313'\n","exitCode":128,"gitErrorCode":"IsInSubmodule"}
[2022-09-14 18:45:36.519] [exthost] [error] {"message":"Git error","stdout":"","stderr":"fatal: Pathspec '/home/linl20/csc250_lab2-Lin-Eric-142313/lab2.c' is in submodule 'csc250_lab2-Lin-Eric-142313'\n","exitCode":128,"gitErrorCode":"IsInSubmodule"}
[2022-09-14 18:45:37.734] [exthost] [error] {"message":"Git error","stdout":"","stderr":"fatal: Pathspec '/home/linl20/csc250_lab2-Lin-Eric-142313/a.out' is in submodule 'csc250_lab2-Lin-Eric-142313'\n","exitCode":128,"gitErrorCode":"IsInSubmodule"}
[2022-09-14 18:45:37.734] [exthost] [error] {"message":"Git error","stdout":"","stderr":"fatal: Pathspec '/home/linl20/csc250_lab2-Lin-Eric-142313/a.out' is in submodule 'csc250_lab2-Lin-Eric-142313'\n","exitCode":128,"gitErrorCode":"IsInSubmodule"}
[2022-09-14 18:45:37.734] [exthost] [error] {"message":"Git error","stdout":"","stderr":"fatal: Pathspec '/home/linl20/csc250_lab2-Lin-Eric-142313/a.out' is in submodule 'csc250_lab2-Lin-Eric-142313'\n","exitCode":128,"gitErrorCode":"IsInSubmodule"}
[2022-09-14 18:45:37.734] [exthost] [error] {"message":"Git error","stdout":"","stderr":"fatal: Pathspec '/home/linl20/csc250_lab2-Lin-Eric-142313/a.out' is in submodule 'csc250_lab2-Lin-Eric-142313'\n","exitCode":128,"gitErrorCode":"IsInSubmodule"}
[2022-09-14 18:45:37.734] [exthost] [error] {"message":"Git error","stdout":"","stderr":"fatal: Pathspec '/home/linl20/csc250_lab2-Lin-Eric-142313/a.out' is in submodule 'csc250_lab2-Lin-Eric-142313'\n","exitCode":128,"gitErrorCode":"IsInSubmodule"}
[2022-09-14 18:45:37.734] [exthost] [error] {"message":"Git error","stdout":"","stderr":"fatal: Pathspec '/home/linl20/csc250_lab2-Lin-Eric-142313/a.out' is in submodule 'csc250_lab2-Lin-Eric-142313'\n","exitCode":128,"gitErrorCode":"IsInSubmodule"}
[2022-09-14 18:45:37.734] [exthost] [error] {"message":"Git error","stdout":"","stderr":"fatal: Pathspec '/home/linl20/csc250_lab2-Lin-Eric-142313/a.out' is in submodule 'csc250_lab2-Lin-Eric-142313'\n","exitCode":128,"gitErrorCode":"IsInSubmodule"}
[2022-09-14 18:45:37.734] [exthost] [error] {"message":"Git error","stdout":"","stderr":"fatal: Pathspec '/home/linl20/csc250_lab2-Lin-Eric-142313/a.out' is in submodule 'csc250_lab2-Lin-Eric-142313'\n","exitCode":128,"gitErrorCode":"IsInSubmodule"}
[2022-09-14 18:45:37.734] [exthost] [error] {"message":"Git error","stdout":"","stderr":"fatal: Pathspec '/home/linl20/csc250_lab2-Lin-Eric-142313/a.out' is in submodule 'csc250_lab2-Lin-Eric-142313'\n","exitCode":128,"gitErrorCode":"IsInSubmodule"}
[2022-09-14 18:45:37.734] [exthost] [error] {"message":"Git error","stdout":"","stderr":"fatal: Pathspec '/home/linl20/csc250_lab2-Lin-Eric-142313/a.out' is in submodule 'csc250_lab2-Lin-Eric-142313'\n","exitCode":128,"gitErrorCode":"IsInSubmodule"}
[2022-09-14 18:45:37.734] [exthost] [error] {"message":"Git error","stdout":"","stderr":"fatal: Pathspec '/home/linl20/csc250_lab2-Lin-Eric-142313/a.out' is in submodule 'csc250_lab2-Lin-Eric-142313'\n","exitCode":128,"gitErrorCode":"IsInSubmodule"}
[2022-09-14 18:45:37.734] [exthost] [error] {"message":"Git error","stdout":"","stderr":"fatal: Pathspec '/home/linl20/csc250_lab2-Lin-Eric-142313/a.out' is in submodule 'csc250_lab2-Lin-Eric-142313'\n","exitCode":128,"gitErrorCode":"IsInSubmodule"}
[2022-09-14 18:45:37.734] [exthost] [error] {"message":"Git error","stdout":"","stderr":"fatal: Pathspec '/home/linl20/csc250_lab2-Lin-Eric-142313/a.out' is in submodule 'csc250_lab2-Lin-Eric-142313'\n","exitCode":128,"gitErrorCode":"IsInSubmodule"}
[2022-09-14 18:45:37.734] [exthost] [error] {"message":"Git error","stdout":"","stderr":"fatal: Pathspec '/home/linl20/csc250_lab2-Lin-Eric-142313/a.out' is in submodule 'csc250_lab2-Lin-Eric-142313'\n","exitCode":128,"gitErrorCode":"IsInSubmodule"}
[2022-09-14 18:45:37.734] [exthost] [error] {"message":"Git error","stdout":"","stderr":"fatal: Pathspec '/home/linl20/csc250_lab2-Lin-Eric-142313/a.out' is in submodule 'csc250_lab2-Lin-Eric-142313'\n","exitCode":128,"gitErrorCode":"IsInSubmodule"}
[2022-09-14 18:45:37.734] [exthost] [error] {"message":"Git error","stdout":"","stderr":"fatal: Pathspec '/home/linl20/csc250_lab2-Lin-Eric-142313/a.out' is in submodule 'csc250_lab2-Lin-Eric-142313'\n","exitCode":128,"gitErrorCode":"IsInSubmodule"}
[2022-09-14 18:45:37.734] [exthost] [error] {"message":"Git error","stdout":"","stderr":"fatal: Pathspec '/home/linl20/csc250_lab2-Lin-Eric-142313/a.out' is in submodule 'csc250_lab2-Lin-Eric-142313'\n","exitCode":128,"gitErrorCode":"IsInSubmodule"}
[2022-09-14 18:45:37.734] [exthost] [error] {"message":"Git error","stdout":"","stderr":"fatal: Pathspec '/home/linl20/csc250_lab2-Lin-Eric-142313/a.out' is in submodule 'csc250_lab2-Lin-Eric-142313'\n","exitCode":128,"gitErrorCode":"IsInSubmodule"}
[2022-09-14 18:45:37.734] [exthost] [error] {"message":"Git error","stdout":"","stderr":"fatal: Pathspec '/home/linl20/csc250_lab2-Lin-Eric-142313/a.out' is in submodule 'csc250_lab2-Lin-Eric-142313'\n","exitCode":128,"gitErrorCode":"IsInSubmodule"}
[2022-09-14 18:45:37.734] [exthost] [error] {"message":"Git error","stdout":"","stderr":"fatal: Pathspec '/home/linl20/csc250_lab2-Lin-Eric-142313/a.out' is in submodule 'csc250_lab2-Lin-Eric-142313'\n","exitCode":128,"gitErrorCode":"IsInSubmodule"}
[2022-09-14 18:45:37.734] [exthost] [error] {"message":"Git error","stdout":"","stderr":"fatal: Pathspec '/home/linl20/csc250_lab2-Lin-Eric-142313/a.out' is in submodule 'csc250_lab2-Lin-Eric-142313'\n","exitCode":128,"gitErrorCode":"IsInSubmodule"}
[2022-09-14 18:45:37.734] [exthost] [error] {"message":"Git error","stdout":"","stderr":"fatal: Pathspec '/home/linl20/csc250_lab2-Lin-Eric-142313/a.out' is in submodule 'csc250_lab2-Lin-Eric-142313'\n","exitCode":128,"gitErrorCode":"IsInSubmodule"}
[2022-09-14 18:45:37.734] [exthost] [error] {"message":"Git error","stdout":"","stderr":"fatal: Pathspec '/home/linl20/csc250_lab2-Lin-Eric-142313/a.out' is in submodule 'csc250_lab2-Lin-Eric-142313'\n","exitCode":128,"gitErrorCode":"IsInSubmodule"}
[2022-09-14 18:45:37.734] [exthost] [error] {"message":"Git error","stdout":"","stderr":"fatal: Pathspec '/home/linl20/csc250_lab2-Lin-Eric-142313/a.out' is in submodule 'csc250_lab2-Lin-Eric-142313'\n","exitCode":128,"gitErrorCode":"IsInSubmodule"}
[2022-09-14 18:45:37.734] [exthost] [error] {"message":"Git error","stdout":"","stderr":"fatal: Pathspec '/home/linl20/csc250_lab2-Lin-Eric-142313/a.out' is in submodule 'csc250_lab2-Lin-Eric-142313'\n","exitCode":128,"gitErrorCode":"IsInSubmodule"}
[2022-09-14 18:45:37.734] [exthost] [error] {"message":"Git error","stdout":"","stderr":"fatal: Pathspec '/home/linl20/csc250_lab2-Lin-Eric-142313/a.out' is in submodule 'csc250_lab2-Lin-Eric-142313'\n","exitCode":128,"gitErrorCode":"IsInSubmodule"}
[2022-09-14 18:45:37.734] [exthost] [error] {"message":"Git error","stdout":"","stderr":"fatal: Pathspec '/home/linl20/csc250_lab2-Lin-Eric-142313/a.out' is in submodule 'csc250_lab2-Lin-Eric-142313'\n","exitCode":128,"gitErrorCode":"IsInSubmodule"}
[2022-09-14 18:45:37.734] [exthost] [error] {"message":"Git error","stdout":"","stderr":"fatal: Pathspec '/home/linl20/csc250_lab2-Lin-Eric-142313/a.out' is in submodule 'csc250_lab2-Lin-Eric-142313'\n","exitCode":128,"gitErrorCode":"IsInSubmodule"}
[2022-09-14 18:45:37.734] [exthost] [error] {"message":"Git error","stdout":"","stderr":"fatal: Pathspec '/home/linl20/csc250_lab2-Lin-Eric-142313/a.out' is in submodule 'csc250_lab2-Lin-Eric-142313'\n","exitCode":128,"gitErrorCode":"IsInSubmodule"}
[2022-09-14 18:45:37.734] [exthost] [error] {"message":"Git error","stdout":"","stderr":"fatal: Pathspec '/home/linl20/csc250_lab2-Lin-Eric-142313/a.out' is in submodule 'csc250_lab2-Lin-Eric-142313'\n","exitCode":128,"gitErrorCode":"IsInSubmodule"}
[2022-09-14 18:50:46.608] [exthost] [info] ExtensionService#_doActivateExtension vscode.configuration-editing, startup: false, activationEvent: 'onLanguage:jsonc'
[2022-09-14 18:50:46.619] [exthost] [info] ExtensionService#_doActivateExtension vscode.json-language-features, startup: false, activationEvent: 'onLanguage:jsonc'
[2022-09-14 18:50:46.722] [exthost] [info] ExtensionService#_doActivateExtension vscode.typescript-language-features, startup: false, activationEvent: 'onLanguage:jsonc'
