[2022-09-08T14:58:22.224Z] Log level: Info
[2022-09-08T14:58:22.234Z] [info] Validating found git in: git
[2022-09-08T14:58:22.278Z] [info] Using git 2.20.1 from git
[2022-09-08T14:58:22.305Z] > git rev-parse --show-toplevel [5ms]
[2022-09-08T14:58:22.305Z] fatal: not a git repository (or any parent up to mount point /)
Stopping at filesystem boundary (GIT_DISCOVERY_ACROSS_FILESYSTEM not set).
[2022-09-08T14:58:22.349Z] > git rev-parse --show-toplevel [32ms]
[2022-09-08T14:58:22.349Z] fatal: not a git repository (or any parent up to mount point /)
Stopping at filesystem boundary (GIT_DISCOVERY_ACROSS_FILESYSTEM not set).
[2022-09-08T14:58:22.358Z] > git rev-parse --show-toplevel [1ms]
[2022-09-08T14:58:22.358Z] fatal: not a git repository (or any parent up to mount point /)
Stopping at filesystem boundary (GIT_DISCOVERY_ACROSS_FILESYSTEM not set).
[2022-09-08T14:58:22.368Z] > git rev-parse --show-toplevel [2ms]
[2022-09-08T14:58:22.368Z] fatal: not a git repository (or any parent up to mount point /)
Stopping at filesystem boundary (GIT_DISCOVERY_ACROSS_FILESYSTEM not set).
[2022-09-08T14:58:22.377Z] > git rev-parse --show-toplevel [2ms]
[2022-09-08T14:58:22.377Z] fatal: not a git repository (or any parent up to mount point /)
Stopping at filesystem boundary (GIT_DISCOVERY_ACROSS_FILESYSTEM not set).
[2022-09-08T14:58:22.385Z] > git rev-parse --show-toplevel [1ms]
[2022-09-08T14:58:22.385Z] fatal: not a git repository (or any parent up to mount point /)
Stopping at filesystem boundary (GIT_DISCOVERY_ACROSS_FILESYSTEM not set).
[2022-09-08T14:58:22.394Z] > git rev-parse --show-toplevel [1ms]
[2022-09-08T14:58:22.394Z] fatal: not a git repository (or any parent up to mount point /)
Stopping at filesystem boundary (GIT_DISCOVERY_ACROSS_FILESYSTEM not set).
[2022-09-08T14:58:22.402Z] > git rev-parse --show-toplevel [1ms]
[2022-09-08T14:58:22.402Z] fatal: not a git repository (or any parent up to mount point /)
Stopping at filesystem boundary (GIT_DISCOVERY_ACROSS_FILESYSTEM not set).
[2022-09-08T14:58:22.410Z] > git rev-parse --show-toplevel [1ms]
[2022-09-08T14:58:22.410Z] fatal: not a git repository (or any parent up to mount point /)
Stopping at filesystem boundary (GIT_DISCOVERY_ACROSS_FILESYSTEM not set).
[2022-09-08T14:58:22.418Z] > git rev-parse --show-toplevel [1ms]
[2022-09-08T14:58:22.418Z] fatal: not a git repository (or any parent up to mount point /)
Stopping at filesystem boundary (GIT_DISCOVERY_ACROSS_FILESYSTEM not set).
[2022-09-08T14:58:22.426Z] > git rev-parse --show-toplevel [1ms]
[2022-09-08T14:58:22.426Z] fatal: not a git repository (or any parent up to mount point /)
Stopping at filesystem boundary (GIT_DISCOVERY_ACROSS_FILESYSTEM not set).
[2022-09-08T14:58:22.647Z] > git rev-parse --show-toplevel [11ms]
[2022-09-08T14:58:22.648Z] fatal: not a git repository (or any parent up to mount point /)
Stopping at filesystem boundary (GIT_DISCOVERY_ACROSS_FILESYSTEM not set).
[2022-09-08T14:58:22.670Z] > git rev-parse --show-toplevel [2ms]
[2022-09-08T14:58:22.670Z] fatal: not a git repository (or any parent up to mount point /)
Stopping at filesystem boundary (GIT_DISCOVERY_ACROSS_FILESYSTEM not set).
[2022-09-08T14:58:31.367Z] > git rev-parse --show-toplevel [1ms]
[2022-09-08T14:58:31.367Z] fatal: not a git repository (or any parent up to mount point /)
Stopping at filesystem boundary (GIT_DISCOVERY_ACROSS_FILESYSTEM not set).
[2022-09-08T15:45:32.541Z] > git rev-parse --show-toplevel [1ms]
[2022-09-08T15:45:32.541Z] fatal: not a git repository (or any parent up to mount point /)
Stopping at filesystem boundary (GIT_DISCOVERY_ACROSS_FILESYSTEM not set).
[2022-09-08T15:45:58.939Z] > git rev-parse --show-toplevel [1ms]
[2022-09-08T15:45:58.939Z] fatal: not a git repository (or any parent up to mount point /)
Stopping at filesystem boundary (GIT_DISCOVERY_ACROSS_FILESYSTEM not set).
[2022-09-08T15:47:31.969Z] > git init [98ms]
[2022-09-08T15:47:32.542Z] > git rev-parse --show-toplevel [1ms]
[2022-09-08T15:47:32.551Z] > git rev-parse --git-dir --git-common-dir [1ms]
[2022-09-08T15:47:32.562Z] [info] Open repository: /home/linl20
[2022-09-08T15:47:32.625Z] > git status -z -uall [51ms]
[2022-09-08T15:47:32.637Z] > git symbolic-ref --short HEAD [2ms]
[2022-09-08T15:47:32.645Z] > git for-each-ref --format=%(refname)%00%(upstream:short)%00%(objectname)%00%(upstream:track)%00%(upstream:remotename)%00%(upstream:remoteref) refs/heads/master refs/remotes/master [1ms]
[2022-09-08T15:47:32.663Z] > git remote --verbose [3ms]
[2022-09-08T15:47:32.664Z] > git for-each-ref --sort -committerdate --format %(refname) %(objectname) %(*objectname) [11ms]
[2022-09-08T15:47:33.711Z] > git config --get commit.template [14ms]
[2022-09-08T15:47:33.770Z] > git status -z -uall [44ms]
[2022-09-08T15:47:33.783Z] > git symbolic-ref --short HEAD [2ms]
[2022-09-08T15:47:33.795Z] > git for-each-ref --format=%(refname)%00%(upstream:short)%00%(objectname)%00%(upstream:track)%00%(upstream:remotename)%00%(upstream:remoteref) refs/heads/master refs/remotes/master [2ms]
[2022-09-08T15:47:33.814Z] > git remote --verbose [1ms]
[2022-09-08T15:47:33.814Z] > git for-each-ref --sort -committerdate --format %(refname) %(objectname) %(*objectname) [10ms]
[2022-09-08T15:47:33.938Z] > git config --get commit.template [2ms]
[2022-09-08T15:47:34.966Z] > git check-ignore -v -z --stdin [30ms]
[2022-09-08T15:47:35.395Z] > git show --textconv :bash_ex.sh [12ms]
[2022-09-08T15:47:35.397Z] > git ls-files --stage -- /home/linl20/bash_ex.sh [3ms]
[2022-09-08T15:47:35.843Z] > git check-ignore -v -z --stdin [1ms]
[2022-09-08T15:47:37.074Z] > git status -z -uall [43ms]
[2022-09-08T15:47:37.087Z] > git symbolic-ref --short HEAD [1ms]
[2022-09-08T15:47:37.098Z] > git for-each-ref --format=%(refname)%00%(upstream:short)%00%(objectname)%00%(upstream:track)%00%(upstream:remotename)%00%(upstream:remoteref) refs/heads/master refs/remotes/master [1ms]
[2022-09-08T15:47:37.120Z] > git remote --verbose [1ms]
[2022-09-08T15:47:37.121Z] > git for-each-ref --sort -committerdate --format %(refname) %(objectname) %(*objectname) [12ms]
[2022-09-08T15:47:38.189Z] > git config --get commit.template [934ms]
[2022-09-08T15:47:40.095Z] > git check-ignore -v -z --stdin [2ms]
[2022-09-08T15:47:43.248Z] > git status -z -uall [44ms]
[2022-09-08T15:47:43.261Z] > git symbolic-ref --short HEAD [1ms]
[2022-09-08T15:47:43.273Z] > git for-each-ref --format=%(refname)%00%(upstream:short)%00%(objectname)%00%(upstream:track)%00%(upstream:remotename)%00%(upstream:remoteref) refs/heads/master refs/remotes/master [2ms]
[2022-09-08T15:47:43.295Z] > git remote --verbose [2ms]
[2022-09-08T15:47:43.295Z] > git for-each-ref --sort -committerdate --format %(refname) %(objectname) %(*objectname) [12ms]
[2022-09-08T15:47:43.418Z] > git config --get commit.template [1ms]
[2022-09-08T15:47:48.479Z] > git status -z -uall [46ms]
[2022-09-08T15:47:48.492Z] > git symbolic-ref --short HEAD [1ms]
[2022-09-08T15:47:48.508Z] > git for-each-ref --format=%(refname)%00%(upstream:short)%00%(objectname)%00%(upstream:track)%00%(upstream:remotename)%00%(upstream:remoteref) refs/heads/master refs/remotes/master [4ms]
[2022-09-08T15:47:48.535Z] > git remote --verbose [1ms]
[2022-09-08T15:47:48.536Z] > git for-each-ref --sort -committerdate --format %(refname) %(objectname) %(*objectname) [16ms]
[2022-09-08T15:47:48.658Z] > git config --get commit.template [1ms]
[2022-09-08T15:48:08.759Z] > git status -z -uall [38ms]
[2022-09-08T15:48:08.774Z] > git symbolic-ref --short HEAD [1ms]
[2022-09-08T15:48:08.788Z] > git for-each-ref --format=%(refname)%00%(upstream:short)%00%(objectname)%00%(upstream:track)%00%(upstream:remotename)%00%(upstream:remoteref) refs/heads/master refs/remotes/master [1ms]
[2022-09-08T15:48:08.815Z] > git for-each-ref --sort -committerdate --format %(refname) %(objectname) %(*objectname) [14ms]
[2022-09-08T15:48:08.815Z] > git remote --verbose [2ms]
[2022-09-08T15:48:09.745Z] > git config --get commit.template [799ms]
[2022-09-08T15:48:14.800Z] > git status -z -uall [38ms]
[2022-09-08T15:48:14.816Z] > git symbolic-ref --short HEAD [1ms]
[2022-09-08T15:48:14.832Z] > git for-each-ref --format=%(refname)%00%(upstream:short)%00%(objectname)%00%(upstream:track)%00%(upstream:remotename)%00%(upstream:remoteref) refs/heads/master refs/remotes/master [1ms]
[2022-09-08T15:48:14.862Z] > git for-each-ref --sort -committerdate --format %(refname) %(objectname) %(*objectname) [15ms]
[2022-09-08T15:48:14.863Z] > git remote --verbose [2ms]
[2022-09-08T15:48:14.978Z] > git config --get commit.template [3ms]
[2022-09-08T15:48:20.034Z] > git status -z -uall [41ms]
[2022-09-08T15:48:20.048Z] > git symbolic-ref --short HEAD [1ms]
[2022-09-08T15:48:20.065Z] > git for-each-ref --format=%(refname)%00%(upstream:short)%00%(objectname)%00%(upstream:track)%00%(upstream:remotename)%00%(upstream:remoteref) refs/heads/master refs/remotes/master [1ms]
[2022-09-08T15:48:20.090Z] > git remote --verbose [2ms]
[2022-09-08T15:48:20.090Z] > git for-each-ref --sort -committerdate --format %(refname) %(objectname) %(*objectname) [13ms]
[2022-09-08T15:48:21.073Z] > git config --get commit.template [853ms]
[2022-09-08T15:48:26.126Z] > git status -z -uall [38ms]
[2022-09-08T15:48:26.139Z] > git symbolic-ref --short HEAD [1ms]
[2022-09-08T15:48:26.151Z] > git for-each-ref --format=%(refname)%00%(upstream:short)%00%(objectname)%00%(upstream:track)%00%(upstream:remotename)%00%(upstream:remoteref) refs/heads/master refs/remotes/master [2ms]
[2022-09-08T15:48:26.175Z] > git remote --verbose [3ms]
[2022-09-08T15:48:26.175Z] > git for-each-ref --sort -committerdate --format %(refname) %(objectname) %(*objectname) [13ms]
[2022-09-08T15:48:26.290Z] > git config --get commit.template [2ms]
[2022-09-08T15:48:31.343Z] > git status -z -uall [39ms]
[2022-09-08T15:48:31.358Z] > git symbolic-ref --short HEAD [1ms]
[2022-09-08T15:48:31.371Z] > git for-each-ref --format=%(refname)%00%(upstream:short)%00%(objectname)%00%(upstream:track)%00%(upstream:remotename)%00%(upstream:remoteref) refs/heads/master refs/remotes/master [1ms]
[2022-09-08T15:48:31.398Z] > git remote --verbose [2ms]
[2022-09-08T15:48:31.398Z] > git for-each-ref --sort -committerdate --format %(refname) %(objectname) %(*objectname) [14ms]
[2022-09-08T15:48:31.516Z] > git config --get commit.template [1ms]
[2022-09-08T15:48:36.568Z] > git status -z -uall [37ms]
[2022-09-08T15:48:36.582Z] > git symbolic-ref --short HEAD [1ms]
[2022-09-08T15:48:36.596Z] > git for-each-ref --format=%(refname)%00%(upstream:short)%00%(objectname)%00%(upstream:track)%00%(upstream:remotename)%00%(upstream:remoteref) refs/heads/master refs/remotes/master [1ms]
[2022-09-08T15:48:36.623Z] > git for-each-ref --sort -committerdate --format %(refname) %(objectname) %(*objectname) [14ms]
[2022-09-08T15:48:36.623Z] > git remote --verbose [1ms]
[2022-09-08T15:48:36.739Z] > git config --get commit.template [2ms]
[2022-09-08T15:49:04.565Z] > git status -z -uall [40ms]
[2022-09-08T15:49:04.581Z] > git symbolic-ref --short HEAD [1ms]
[2022-09-08T15:49:04.597Z] > git for-each-ref --format=%(refname)%00%(upstream:short)%00%(objectname)%00%(upstream:track)%00%(upstream:remotename)%00%(upstream:remoteref) refs/heads/master refs/remotes/master [1ms]
[2022-09-08T15:49:04.629Z] > git remote --verbose [4ms]
[2022-09-08T15:49:04.629Z] > git for-each-ref --sort -committerdate --format %(refname) %(objectname) %(*objectname) [18ms]
[2022-09-08T15:49:04.745Z] > git config --get commit.template [2ms]
[2022-09-08T15:49:09.798Z] > git status -z -uall [38ms]
[2022-09-08T15:49:09.812Z] > git symbolic-ref --short HEAD [1ms]
[2022-09-08T15:49:09.825Z] > git for-each-ref --format=%(refname)%00%(upstream:short)%00%(objectname)%00%(upstream:track)%00%(upstream:remotename)%00%(upstream:remoteref) refs/heads/master refs/remotes/master [1ms]
[2022-09-08T15:49:09.850Z] > git remote --verbose [1ms]
[2022-09-08T15:49:09.851Z] > git for-each-ref --sort -committerdate --format %(refname) %(objectname) %(*objectname) [13ms]
[2022-09-08T15:49:09.968Z] > git config --get commit.template [1ms]
[2022-09-08T15:49:13.202Z] > git check-ignore -v -z --stdin [0ms]
[2022-09-08T15:49:15.895Z] > git status -z -uall [38ms]
[2022-09-08T15:49:15.909Z] > git symbolic-ref --short HEAD [1ms]
[2022-09-08T15:49:15.923Z] > git for-each-ref --format=%(refname)%00%(upstream:short)%00%(objectname)%00%(upstream:track)%00%(upstream:remotename)%00%(upstream:remoteref) refs/heads/master refs/remotes/master [1ms]
[2022-09-08T15:49:15.948Z] > git remote --verbose [1ms]
[2022-09-08T15:49:15.949Z] > git for-each-ref --sort -committerdate --format %(refname) %(objectname) %(*objectname) [14ms]
[2022-09-08T15:49:16.060Z] > git config --get commit.template [1ms]
[2022-09-08T15:49:21.113Z] > git status -z -uall [38ms]
[2022-09-08T15:49:21.127Z] > git symbolic-ref --short HEAD [1ms]
[2022-09-08T15:49:21.141Z] > git for-each-ref --format=%(refname)%00%(upstream:short)%00%(objectname)%00%(upstream:track)%00%(upstream:remotename)%00%(upstream:remoteref) refs/heads/master refs/remotes/master [1ms]
[2022-09-08T15:49:21.167Z] > git remote --verbose [1ms]
[2022-09-08T15:49:21.167Z] > git for-each-ref --sort -committerdate --format %(refname) %(objectname) %(*objectname) [14ms]
[2022-09-08T15:49:21.279Z] > git config --get commit.template [1ms]
[2022-09-08T15:49:26.334Z] > git status -z -uall [39ms]
[2022-09-08T15:49:26.349Z] > git symbolic-ref --short HEAD [1ms]
[2022-09-08T15:49:26.364Z] > git for-each-ref --format=%(refname)%00%(upstream:short)%00%(objectname)%00%(upstream:track)%00%(upstream:remotename)%00%(upstream:remoteref) refs/heads/master refs/remotes/master [1ms]
[2022-09-08T15:49:26.393Z] > git remote --verbose [1ms]
[2022-09-08T15:49:26.394Z] > git for-each-ref --sort -committerdate --format %(refname) %(objectname) %(*objectname) [16ms]
[2022-09-08T15:49:26.507Z] > git config --get commit.template [1ms]
[2022-09-08T15:49:31.563Z] > git status -z -uall [39ms]
[2022-09-08T15:49:31.580Z] > git symbolic-ref --short HEAD [1ms]
[2022-09-08T15:49:31.596Z] > git for-each-ref --format=%(refname)%00%(upstream:short)%00%(objectname)%00%(upstream:track)%00%(upstream:remotename)%00%(upstream:remoteref) refs/heads/master refs/remotes/master [1ms]
[2022-09-08T15:49:31.628Z] > git remote --verbose [2ms]
[2022-09-08T15:49:31.629Z] > git for-each-ref --sort -committerdate --format %(refname) %(objectname) %(*objectname) [18ms]
[2022-09-08T15:49:31.741Z] > git config --get commit.template [2ms]
[2022-09-08T15:49:36.803Z] > git status -z -uall [44ms]
[2022-09-08T15:49:36.825Z] > git symbolic-ref --short HEAD [2ms]
[2022-09-08T15:49:36.845Z] > git for-each-ref --format=%(refname)%00%(upstream:short)%00%(objectname)%00%(upstream:track)%00%(upstream:remotename)%00%(upstream:remoteref) refs/heads/master refs/remotes/master [1ms]
[2022-09-08T15:49:36.884Z] > git for-each-ref --sort -committerdate --format %(refname) %(objectname) %(*objectname) [20ms]
[2022-09-08T15:49:36.903Z] > git remote --verbose [21ms]
[2022-09-08T15:49:37.026Z] > git config --get commit.template [12ms]
[2022-09-08T15:49:43.109Z] > git status -z -uall [38ms]
[2022-09-08T15:49:43.121Z] > git symbolic-ref --short HEAD [1ms]
[2022-09-08T15:49:43.133Z] > git for-each-ref --format=%(refname)%00%(upstream:short)%00%(objectname)%00%(upstream:track)%00%(upstream:remotename)%00%(upstream:remoteref) refs/heads/master refs/remotes/master [1ms]
[2022-09-08T15:49:43.155Z] > git remote --verbose [1ms]
[2022-09-08T15:49:43.156Z] > git for-each-ref --sort -committerdate --format %(refname) %(objectname) %(*objectname) [13ms]
[2022-09-08T15:49:43.277Z] > git config --get commit.template [2ms]
[2022-09-08T15:49:48.328Z] > git status -z -uall [38ms]
[2022-09-08T15:49:48.341Z] > git symbolic-ref --short HEAD [1ms]
[2022-09-08T15:49:48.353Z] > git for-each-ref --format=%(refname)%00%(upstream:short)%00%(objectname)%00%(upstream:track)%00%(upstream:remotename)%00%(upstream:remoteref) refs/heads/master refs/remotes/master [1ms]
[2022-09-08T15:49:48.377Z] > git remote --verbose [2ms]
[2022-09-08T15:49:48.377Z] > git for-each-ref --sort -committerdate --format %(refname) %(objectname) %(*objectname) [12ms]
[2022-09-08T15:49:48.487Z] > git config --get commit.template [1ms]
[2022-09-08T15:49:53.539Z] > git status -z -uall [37ms]
[2022-09-08T15:49:53.553Z] > git symbolic-ref --short HEAD [1ms]
[2022-09-08T15:49:53.567Z] > git for-each-ref --format=%(refname)%00%(upstream:short)%00%(objectname)%00%(upstream:track)%00%(upstream:remotename)%00%(upstream:remoteref) refs/heads/master refs/remotes/master [1ms]
[2022-09-08T15:49:53.593Z] > git for-each-ref --sort -committerdate --format %(refname) %(objectname) %(*objectname) [13ms]
[2022-09-08T15:49:53.594Z] > git remote --verbose [2ms]
[2022-09-08T15:49:53.709Z] > git config --get commit.template [1ms]
[2022-09-08T15:49:58.762Z] > git status -z -uall [37ms]
[2022-09-08T15:49:58.778Z] > git symbolic-ref --short HEAD [1ms]
[2022-09-08T15:49:58.794Z] > git for-each-ref --format=%(refname)%00%(upstream:short)%00%(objectname)%00%(upstream:track)%00%(upstream:remotename)%00%(upstream:remoteref) refs/heads/master refs/remotes/master [1ms]
[2022-09-08T15:49:58.823Z] > git for-each-ref --sort -committerdate --format %(refname) %(objectname) %(*objectname) [15ms]
[2022-09-08T15:49:58.824Z] > git remote --verbose [2ms]
[2022-09-08T15:49:58.936Z] > git config --get commit.template [2ms]
[2022-09-08T15:50:03.993Z] > git status -z -uall [40ms]
[2022-09-08T15:50:04.011Z] > git symbolic-ref --short HEAD [1ms]
[2022-09-08T15:50:04.028Z] > git for-each-ref --format=%(refname)%00%(upstream:short)%00%(objectname)%00%(upstream:track)%00%(upstream:remotename)%00%(upstream:remoteref) refs/heads/master refs/remotes/master [1ms]
[2022-09-08T15:50:04.061Z] > git remote --verbose [1ms]
[2022-09-08T15:50:04.061Z] > git for-each-ref --sort -committerdate --format %(refname) %(objectname) %(*objectname) [17ms]
[2022-09-08T15:50:04.176Z] > git config --get commit.template [1ms]
[2022-09-08T15:50:09.241Z] > git status -z -uall [45ms]
[2022-09-08T15:50:09.263Z] > git symbolic-ref --short HEAD [1ms]
[2022-09-08T15:50:09.302Z] > git for-each-ref --format=%(refname)%00%(upstream:short)%00%(objectname)%00%(upstream:track)%00%(upstream:remotename)%00%(upstream:remoteref) refs/heads/master refs/remotes/master [20ms]
[2022-09-08T15:50:09.333Z] > git remote --verbose [2ms]
[2022-09-08T15:50:09.333Z] > git for-each-ref --sort -committerdate --format %(refname) %(objectname) %(*objectname) [16ms]
[2022-09-08T15:50:09.449Z] > git config --get commit.template [1ms]
[2022-09-08T15:50:14.522Z] > git status -z -uall [59ms]
[2022-09-08T15:50:14.551Z] > git symbolic-ref --short HEAD [14ms]
[2022-09-08T15:50:14.565Z] > git for-each-ref --format=%(refname)%00%(upstream:short)%00%(objectname)%00%(upstream:track)%00%(upstream:remotename)%00%(upstream:remoteref) refs/heads/master refs/remotes/master [1ms]
[2022-09-08T15:50:14.587Z] > git for-each-ref --sort -committerdate --format %(refname) %(objectname) %(*objectname) [11ms]
[2022-09-08T15:50:14.588Z] > git remote --verbose [2ms]
[2022-09-08T15:50:14.703Z] > git config --get commit.template [1ms]
[2022-09-08T15:50:19.755Z] > git status -z -uall [39ms]
[2022-09-08T15:50:19.767Z] > git symbolic-ref --short HEAD [1ms]
[2022-09-08T15:50:19.779Z] > git for-each-ref --format=%(refname)%00%(upstream:short)%00%(objectname)%00%(upstream:track)%00%(upstream:remotename)%00%(upstream:remoteref) refs/heads/master refs/remotes/master [1ms]
[2022-09-08T15:50:19.802Z] > git remote --verbose [2ms]
[2022-09-08T15:50:19.802Z] > git for-each-ref --sort -committerdate --format %(refname) %(objectname) %(*objectname) [12ms]
[2022-09-08T15:50:19.921Z] > git config --get commit.template [2ms]
[2022-09-08T15:50:24.972Z] > git status -z -uall [37ms]
[2022-09-08T15:50:24.985Z] > git symbolic-ref --short HEAD [1ms]
[2022-09-08T15:50:24.997Z] > git for-each-ref --format=%(refname)%00%(upstream:short)%00%(objectname)%00%(upstream:track)%00%(upstream:remotename)%00%(upstream:remoteref) refs/heads/master refs/remotes/master [1ms]
[2022-09-08T15:50:25.021Z] > git for-each-ref --sort -committerdate --format %(refname) %(objectname) %(*objectname) [12ms]
[2022-09-08T15:50:25.022Z] > git remote --verbose [1ms]
[2022-09-08T15:50:25.129Z] > git config --get commit.template [1ms]
[2022-09-08T15:50:30.183Z] > git status -z -uall [39ms]
[2022-09-08T15:50:30.197Z] > git symbolic-ref --short HEAD [1ms]
[2022-09-08T15:50:30.210Z] > git for-each-ref --format=%(refname)%00%(upstream:short)%00%(objectname)%00%(upstream:track)%00%(upstream:remotename)%00%(upstream:remoteref) refs/heads/master refs/remotes/master [1ms]
[2022-09-08T15:50:30.237Z] > git remote --verbose [1ms]
[2022-09-08T15:50:30.238Z] > git for-each-ref --sort -committerdate --format %(refname) %(objectname) %(*objectname) [15ms]
[2022-09-08T15:50:30.352Z] > git config --get commit.template [0ms]
[2022-09-08T15:50:35.409Z] > git status -z -uall [41ms]
[2022-09-08T15:50:35.425Z] > git symbolic-ref --short HEAD [1ms]
[2022-09-08T15:50:35.440Z] > git for-each-ref --format=%(refname)%00%(upstream:short)%00%(objectname)%00%(upstream:track)%00%(upstream:remotename)%00%(upstream:remoteref) refs/heads/master refs/remotes/master [0ms]
[2022-09-08T15:50:35.470Z] > git for-each-ref --sort -committerdate --format %(refname) %(objectname) %(*objectname) [15ms]
[2022-09-08T15:50:35.470Z] > git remote --verbose [1ms]
[2022-09-08T15:50:35.584Z] > git config --get commit.template [1ms]
[2022-09-08T15:50:40.642Z] > git status -z -uall [41ms]
[2022-09-08T15:50:40.660Z] > git symbolic-ref --short HEAD [1ms]
[2022-09-08T15:50:40.677Z] > git for-each-ref --format=%(refname)%00%(upstream:short)%00%(objectname)%00%(upstream:track)%00%(upstream:remotename)%00%(upstream:remoteref) refs/heads/master refs/remotes/master [1ms]
[2022-09-08T15:50:40.710Z] > git remote --verbose [2ms]
[2022-09-08T15:50:40.710Z] > git for-each-ref --sort -committerdate --format %(refname) %(objectname) %(*objectname) [17ms]
[2022-09-08T15:50:40.823Z] > git config --get commit.template [1ms]
[2022-09-08T15:50:45.887Z] > git status -z -uall [45ms]
[2022-09-08T15:50:45.901Z] > git symbolic-ref --short HEAD [1ms]
[2022-09-08T15:50:45.914Z] > git for-each-ref --format=%(refname)%00%(upstream:short)%00%(objectname)%00%(upstream:track)%00%(upstream:remotename)%00%(upstream:remoteref) refs/heads/master refs/remotes/master [1ms]
[2022-09-08T15:50:45.939Z] > git remote --verbose [2ms]
[2022-09-08T15:50:45.939Z] > git for-each-ref --sort -committerdate --format %(refname) %(objectname) %(*objectname) [13ms]
[2022-09-08T15:50:46.057Z] > git config --get commit.template [1ms]
[2022-09-08T15:50:51.111Z] > git status -z -uall [38ms]
[2022-09-08T15:50:51.123Z] > git symbolic-ref --short HEAD [1ms]
[2022-09-08T15:50:51.135Z] > git for-each-ref --format=%(refname)%00%(upstream:short)%00%(objectname)%00%(upstream:track)%00%(upstream:remotename)%00%(upstream:remoteref) refs/heads/master refs/remotes/master [1ms]
[2022-09-08T15:50:51.158Z] > git remote --verbose [2ms]
[2022-09-08T15:50:51.158Z] > git for-each-ref --sort -committerdate --format %(refname) %(objectname) %(*objectname) [12ms]
[2022-09-08T15:50:51.276Z] > git config --get commit.template [1ms]
[2022-09-08T15:50:56.329Z] > git status -z -uall [39ms]
[2022-09-08T15:50:56.343Z] > git symbolic-ref --short HEAD [2ms]
[2022-09-08T15:50:56.355Z] > git for-each-ref --format=%(refname)%00%(upstream:short)%00%(objectname)%00%(upstream:track)%00%(upstream:remotename)%00%(upstream:remoteref) refs/heads/master refs/remotes/master [1ms]
[2022-09-08T15:50:56.380Z] > git for-each-ref --sort -committerdate --format %(refname) %(objectname) %(*objectname) [13ms]
[2022-09-08T15:50:56.380Z] > git remote --verbose [2ms]
[2022-09-08T15:50:56.491Z] > git config --get commit.template [1ms]
[2022-09-08T15:51:01.543Z] > git status -z -uall [36ms]
[2022-09-08T15:51:01.558Z] > git symbolic-ref --short HEAD [1ms]
[2022-09-08T15:51:01.572Z] > git for-each-ref --format=%(refname)%00%(upstream:short)%00%(objectname)%00%(upstream:track)%00%(upstream:remotename)%00%(upstream:remoteref) refs/heads/master refs/remotes/master [0ms]
[2022-09-08T15:51:01.600Z] > git remote --verbose [1ms]
[2022-09-08T15:51:01.600Z] > git for-each-ref --sort -committerdate --format %(refname) %(objectname) %(*objectname) [14ms]
[2022-09-08T15:51:01.712Z] > git config --get commit.template [1ms]
[2022-09-08T15:51:06.769Z] > git status -z -uall [38ms]
[2022-09-08T15:51:06.784Z] > git symbolic-ref --short HEAD [1ms]
[2022-09-08T15:51:06.800Z] > git for-each-ref --format=%(refname)%00%(upstream:short)%00%(objectname)%00%(upstream:track)%00%(upstream:remotename)%00%(upstream:remoteref) refs/heads/master refs/remotes/master [1ms]
[2022-09-08T15:51:06.830Z] > git remote --verbose [2ms]
[2022-09-08T15:51:06.830Z] > git for-each-ref --sort -committerdate --format %(refname) %(objectname) %(*objectname) [16ms]
[2022-09-08T15:51:06.947Z] > git config --get commit.template [1ms]
[2022-09-08T15:51:12.004Z] > git status -z -uall [39ms]
[2022-09-08T15:51:12.021Z] > git symbolic-ref --short HEAD [1ms]
[2022-09-08T15:51:12.038Z] > git for-each-ref --format=%(refname)%00%(upstream:short)%00%(objectname)%00%(upstream:track)%00%(upstream:remotename)%00%(upstream:remoteref) refs/heads/master refs/remotes/master [1ms]
[2022-09-08T15:51:12.070Z] > git remote --verbose [2ms]
[2022-09-08T15:51:12.076Z] > git for-each-ref --sort -committerdate --format %(refname) %(objectname) %(*objectname) [23ms]
[2022-09-08T15:51:12.191Z] > git config --get commit.template [1ms]
[2022-09-08T15:51:17.246Z] > git status -z -uall [40ms]
[2022-09-08T15:51:17.259Z] > git symbolic-ref --short HEAD [1ms]
[2022-09-08T15:51:17.273Z] > git for-each-ref --format=%(refname)%00%(upstream:short)%00%(objectname)%00%(upstream:track)%00%(upstream:remotename)%00%(upstream:remoteref) refs/heads/master refs/remotes/master [1ms]
[2022-09-08T15:51:17.299Z] > git remote --verbose [2ms]
[2022-09-08T15:51:17.299Z] > git for-each-ref --sort -committerdate --format %(refname) %(objectname) %(*objectname) [14ms]
[2022-09-08T15:51:17.416Z] > git config --get commit.template [1ms]
[2022-09-08T15:51:22.469Z] > git status -z -uall [39ms]
[2022-09-08T15:51:22.482Z] > git symbolic-ref --short HEAD [1ms]
[2022-09-08T15:51:22.496Z] > git for-each-ref --format=%(refname)%00%(upstream:short)%00%(objectname)%00%(upstream:track)%00%(upstream:remotename)%00%(upstream:remoteref) refs/heads/master refs/remotes/master [1ms]
[2022-09-08T15:51:22.521Z] > git for-each-ref --sort -committerdate --format %(refname) %(objectname) %(*objectname) [13ms]
[2022-09-08T15:51:22.521Z] > git remote --verbose [1ms]
[2022-09-08T15:51:22.632Z] > git config --get commit.template [1ms]
[2022-09-08T15:51:29.455Z] > git status -z -uall [42ms]
[2022-09-08T15:51:29.470Z] > git symbolic-ref --short HEAD [1ms]
[2022-09-08T15:51:29.484Z] > git for-each-ref --format=%(refname)%00%(upstream:short)%00%(objectname)%00%(upstream:track)%00%(upstream:remotename)%00%(upstream:remoteref) refs/heads/master refs/remotes/master [1ms]
[2022-09-08T15:51:29.512Z] > git for-each-ref --sort -committerdate --format %(refname) %(objectname) %(*objectname) [14ms]
[2022-09-08T15:51:29.512Z] > git remote --verbose [1ms]
[2022-09-08T15:51:29.625Z] > git config --get commit.template [2ms]
[2022-09-08T15:51:34.684Z] > git status -z -uall [41ms]
[2022-09-08T15:51:34.700Z] > git symbolic-ref --short HEAD [1ms]
[2022-09-08T15:51:34.716Z] > git for-each-ref --format=%(refname)%00%(upstream:short)%00%(objectname)%00%(upstream:track)%00%(upstream:remotename)%00%(upstream:remoteref) refs/heads/master refs/remotes/master [1ms]
[2022-09-08T15:51:34.746Z] > git remote --verbose [1ms]
[2022-09-08T15:51:34.746Z] > git for-each-ref --sort -committerdate --format %(refname) %(objectname) %(*objectname) [16ms]
[2022-09-08T15:51:34.864Z] > git config --get commit.template [2ms]
[2022-09-08T15:51:39.920Z] > git status -z -uall [39ms]
[2022-09-08T15:51:39.937Z] > git symbolic-ref --short HEAD [1ms]
[2022-09-08T15:51:39.954Z] > git for-each-ref --format=%(refname)%00%(upstream:short)%00%(objectname)%00%(upstream:track)%00%(upstream:remotename)%00%(upstream:remoteref) refs/heads/master refs/remotes/master [1ms]
[2022-09-08T15:51:39.986Z] > git for-each-ref --sort -committerdate --format %(refname) %(objectname) %(*objectname) [17ms]
[2022-09-08T15:51:39.987Z] > git remote --verbose [2ms]
[2022-09-08T15:51:40.104Z] > git config --get commit.template [1ms]
