[2022-09-13 18:41:10.702] [exthost] [info] Extension host with pid 58105 started
[2022-09-13 18:41:10.756] [exthost] [info] ExtensionService#_doActivateExtension cschlosser.doxdocgen, startup: false, activationEvent: 'onLanguage:c'
[2022-09-13 18:41:10.822] [exthost] [info] ExtensionService#_doActivateExtension ms-vscode.cpptools, startup: false, activationEvent: 'onLanguage:c'
[2022-09-13 18:41:11.031] [exthost] [info] ExtensionService#_doActivateExtension vscode.debug-auto-launch, startup: true, activationEvent: '*'
[2022-09-13 18:41:11.036] [exthost] [info] ExtensionService#_doActivateExtension vscode.git-base, startup: true, activationEvent: '*', root cause: vscode.git
[2022-09-13 18:41:11.040] [exthost] [info] ExtensionService#_doActivateExtension vscode.ipynb, startup: true, activationEvent: '*'
[2022-09-13 18:41:11.066] [exthost] [info] Lock '/home/linl20/.vscode-server/data/User/workspaceStorage/846d061fbe3b7c3efc4e33135743ac56/vscode.lock': Lock acquired.
[2022-09-13 18:41:11.263] [exthost] [info] ExtensionService#_doActivateExtension vscode.git, startup: true, activationEvent: '*'
[2022-09-13 18:41:11.395] [exthost] [info] ExtensionService#_doActivateExtension vscode.github, startup: true, activationEvent: '*'
[2022-09-13 18:41:12.089] [exthost] [info] ExtensionService#_doActivateExtension vscode.emmet, startup: false, activationEvent: 'onStartupFinished'
[2022-09-13 18:41:12.115] [exthost] [info] ExtensionService#_doActivateExtension vscode.merge-conflict, startup: false, activationEvent: 'onStartupFinished'
[2022-09-13 18:41:12.121] [exthost] [info] Eager extensions activated
[2022-09-13 18:41:12.352] [exthost] [warning] [Decorations] CAPPING events from decorations provider vscode.git 5462
[2022-09-13 18:41:13.458] [exthost] [warning] [Decorations] CAPPING events from decorations provider vscode.git 5466
[2022-09-13 18:41:17.752] [exthost] [warning] [Decorations] CAPPING events from decorations provider vscode.git 5466
[2022-09-13 18:41:24.007] [exthost] [warning] [Decorations] CAPPING events from decorations provider vscode.git 5466
[2022-09-13 18:41:29.245] [exthost] [warning] [Decorations] CAPPING events from decorations provider vscode.git 5457
[2022-09-13 18:41:34.480] [exthost] [warning] [Decorations] CAPPING events from decorations provider vscode.git 5457
[2022-09-13 18:41:39.791] [exthost] [warning] [Decorations] CAPPING events from decorations provider vscode.git 5457
[2022-09-13 18:41:45.835] [exthost] [warning] [Decorations] CAPPING events from decorations provider vscode.git 5457
[2022-09-13 18:41:51.067] [exthost] [warning] [Decorations] CAPPING events from decorations provider vscode.git 5457
[2022-09-13 18:41:56.310] [exthost] [warning] [Decorations] CAPPING events from decorations provider vscode.git 5457
[2022-09-13 18:42:01.555] [exthost] [warning] [Decorations] CAPPING events from decorations provider vscode.git 5457
[2022-09-13 18:42:06.815] [exthost] [warning] [Decorations] CAPPING events from decorations provider vscode.git 5457
[2022-09-13 18:42:12.074] [exthost] [warning] [Decorations] CAPPING events from decorations provider vscode.git 5457
[2022-09-13 18:42:17.348] [exthost] [warning] [Decorations] CAPPING events from decorations provider vscode.git 5457
[2022-09-13 18:42:22.627] [exthost] [warning] [Decorations] CAPPING events from decorations provider vscode.git 5457
[2022-09-13 18:42:27.981] [exthost] [warning] [Decorations] CAPPING events from decorations provider vscode.git 5457
[2022-09-13 18:42:34.014] [exthost] [warning] [Decorations] CAPPING events from decorations provider vscode.git 5457
[2022-09-13 18:42:39.248] [exthost] [warning] [Decorations] CAPPING events from decorations provider vscode.git 5457
[2022-09-13 18:42:44.485] [exthost] [warning] [Decorations] CAPPING events from decorations provider vscode.git 5457
[2022-09-13 18:42:49.735] [exthost] [warning] [Decorations] CAPPING events from decorations provider vscode.git 5457
[2022-09-13 18:42:54.994] [exthost] [warning] [Decorations] CAPPING events from decorations provider vscode.git 5457
[2022-09-13 18:43:00.260] [exthost] [warning] [Decorations] CAPPING events from decorations provider vscode.git 5457
[2022-09-13 18:43:05.536] [exthost] [warning] [Decorations] CAPPING events from decorations provider vscode.git 5457
[2022-09-13 18:43:10.822] [exthost] [warning] [Decorations] CAPPING events from decorations provider vscode.git 5457
[2022-09-13 18:43:16.072] [exthost] [warning] [Decorations] CAPPING events from decorations provider vscode.git 5457
[2022-09-13 18:43:21.325] [exthost] [warning] [Decorations] CAPPING events from decorations provider vscode.git 5457
[2022-09-13 18:43:26.570] [exthost] [warning] [Decorations] CAPPING events from decorations provider vscode.git 5457
[2022-09-13 18:43:31.823] [exthost] [warning] [Decorations] CAPPING events from decorations provider vscode.git 5457
[2022-09-13 18:43:37.081] [exthost] [warning] [Decorations] CAPPING events from decorations provider vscode.git 5457
[2022-09-13 18:43:42.353] [exthost] [warning] [Decorations] CAPPING events from decorations provider vscode.git 5457
[2022-09-13 18:43:47.624] [exthost] [warning] [Decorations] CAPPING events from decorations provider vscode.git 5457
[2022-09-13 18:43:52.918] [exthost] [warning] [Decorations] CAPPING events from decorations provider vscode.git 5457
[2022-09-13 18:43:58.255] [exthost] [warning] [Decorations] CAPPING events from decorations provider vscode.git 5457
[2022-09-13 18:44:03.503] [exthost] [warning] [Decorations] CAPPING events from decorations provider vscode.git 5457
[2022-09-13 18:44:08.732] [exthost] [warning] [Decorations] CAPPING events from decorations provider vscode.git 5457
[2022-09-13 18:44:13.967] [exthost] [warning] [Decorations] CAPPING events from decorations provider vscode.git 5457
[2022-09-13 18:44:19.212] [exthost] [warning] [Decorations] CAPPING events from decorations provider vscode.git 5457
[2022-09-13 18:44:24.469] [exthost] [warning] [Decorations] CAPPING events from decorations provider vscode.git 5457
[2022-09-13 18:44:29.734] [exthost] [warning] [Decorations] CAPPING events from decorations provider vscode.git 5458
[2022-09-13 18:44:35.014] [exthost] [warning] [Decorations] CAPPING events from decorations provider vscode.git 5458
[2022-09-13 18:44:40.307] [exthost] [warning] [Decorations] CAPPING events from decorations provider vscode.git 5458
[2022-09-13 18:44:45.649] [exthost] [warning] [Decorations] CAPPING events from decorations provider vscode.git 5458
[2022-09-13 18:44:50.901] [exthost] [warning] [Decorations] CAPPING events from decorations provider vscode.git 5458
[2022-09-13 18:44:56.144] [exthost] [warning] [Decorations] CAPPING events from decorations provider vscode.git 5458
[2022-09-13 18:45:01.372] [exthost] [warning] [Decorations] CAPPING events from decorations provider vscode.git 5458
[2022-09-13 18:45:06.610] [exthost] [warning] [Decorations] CAPPING events from decorations provider vscode.git 5458
[2022-09-13 18:45:23.977] [exthost] [warning] [Decorations] CAPPING events from decorations provider vscode.git 5458
[2022-09-13 18:45:29.245] [exthost] [warning] [Decorations] CAPPING events from decorations provider vscode.git 5458
[2022-09-13 18:45:34.510] [exthost] [warning] [Decorations] CAPPING events from decorations provider vscode.git 5458
[2022-09-13 18:45:39.786] [exthost] [warning] [Decorations] CAPPING events from decorations provider vscode.git 5458
[2022-09-13 18:45:45.067] [exthost] [warning] [Decorations] CAPPING events from decorations provider vscode.git 5458
[2022-09-13 18:45:50.417] [exthost] [warning] [Decorations] CAPPING events from decorations provider vscode.git 5458
[2022-09-13 18:45:55.661] [exthost] [warning] [Decorations] CAPPING events from decorations provider vscode.git 5458
[2022-09-13 18:46:00.891] [exthost] [warning] [Decorations] CAPPING events from decorations provider vscode.git 5458
[2022-09-13 18:46:06.130] [exthost] [warning] [Decorations] CAPPING events from decorations provider vscode.git 5458
[2022-09-13 18:46:11.384] [exthost] [warning] [Decorations] CAPPING events from decorations provider vscode.git 5458
[2022-09-13 18:46:16.643] [exthost] [warning] [Decorations] CAPPING events from decorations provider vscode.git 5458
[2022-09-13 18:46:21.910] [exthost] [warning] [Decorations] CAPPING events from decorations provider vscode.git 5458
[2022-09-13 18:46:27.192] [exthost] [warning] [Decorations] CAPPING events from decorations provider vscode.git 5458
[2022-09-13 18:46:32.480] [exthost] [warning] [Decorations] CAPPING events from decorations provider vscode.git 5458
[2022-09-13 18:46:37.823] [exthost] [warning] [Decorations] CAPPING events from decorations provider vscode.git 5458
[2022-09-13 18:46:43.067] [exthost] [warning] [Decorations] CAPPING events from decorations provider vscode.git 5458
[2022-09-13 18:46:48.298] [exthost] [warning] [Decorations] CAPPING events from decorations provider vscode.git 5458
[2022-09-13 18:46:53.551] [exthost] [warning] [Decorations] CAPPING events from decorations provider vscode.git 5458
[2022-09-13 18:46:58.797] [exthost] [warning] [Decorations] CAPPING events from decorations provider vscode.git 5458
[2022-09-13 18:47:04.051] [exthost] [warning] [Decorations] CAPPING events from decorations provider vscode.git 5458
[2022-09-13 18:47:09.320] [exthost] [warning] [Decorations] CAPPING events from decorations provider vscode.git 5458
[2022-09-13 18:47:14.598] [exthost] [warning] [Decorations] CAPPING events from decorations provider vscode.git 5458
[2022-09-13 18:47:19.883] [exthost] [warning] [Decorations] CAPPING events from decorations provider vscode.git 5458
[2022-09-13 18:47:25.243] [exthost] [warning] [Decorations] CAPPING events from decorations provider vscode.git 5458
[2022-09-13 18:47:31.290] [exthost] [warning] [Decorations] CAPPING events from decorations provider vscode.git 5458
[2022-09-13 18:47:36.522] [exthost] [warning] [Decorations] CAPPING events from decorations provider vscode.git 5458
[2022-09-13 18:47:41.765] [exthost] [warning] [Decorations] CAPPING events from decorations provider vscode.git 5458
[2022-09-13 18:47:47.016] [exthost] [warning] [Decorations] CAPPING events from decorations provider vscode.git 5458
[2022-09-13 18:47:52.298] [exthost] [warning] [Decorations] CAPPING events from decorations provider vscode.git 5458
[2022-09-13 18:47:57.569] [exthost] [warning] [Decorations] CAPPING events from decorations provider vscode.git 5458
[2022-09-13 18:48:02.850] [exthost] [warning] [Decorations] CAPPING events from decorations provider vscode.git 5458
[2022-09-13 18:48:08.144] [exthost] [warning] [Decorations] CAPPING events from decorations provider vscode.git 5458
[2022-09-13 18:48:13.407] [exthost] [warning] [Decorations] CAPPING events from decorations provider vscode.git 5458
[2022-09-13 18:48:18.658] [exthost] [warning] [Decorations] CAPPING events from decorations provider vscode.git 5458
[2022-09-13 18:48:23.906] [exthost] [warning] [Decorations] CAPPING events from decorations provider vscode.git 5458
[2022-09-13 18:48:29.161] [exthost] [warning] [Decorations] CAPPING events from decorations provider vscode.git 5458
[2022-09-13 18:48:34.425] [exthost] [warning] [Decorations] CAPPING events from decorations provider vscode.git 5458
[2022-09-13 18:48:39.696] [exthost] [warning] [Decorations] CAPPING events from decorations provider vscode.git 5458
[2022-09-13 18:48:44.974] [exthost] [warning] [Decorations] CAPPING events from decorations provider vscode.git 5458
[2022-09-13 18:48:50.268] [exthost] [warning] [Decorations] CAPPING events from decorations provider vscode.git 5458
[2022-09-13 18:48:55.625] [exthost] [warning] [Decorations] CAPPING events from decorations provider vscode.git 5458
[2022-09-13 18:49:01.700] [exthost] [warning] [Decorations] CAPPING events from decorations provider vscode.git 5458
[2022-09-13 18:49:07.768] [exthost] [warning] [Decorations] CAPPING events from decorations provider vscode.git 5458
[2022-09-13 18:49:13.007] [exthost] [warning] [Decorations] CAPPING events from decorations provider vscode.git 5458
[2022-09-13 18:49:18.252] [exthost] [warning] [Decorations] CAPPING events from decorations provider vscode.git 5458
[2022-09-13 18:49:41.917] [exthost] [warning] [Decorations] CAPPING events from decorations provider vscode.git 5458
[2022-09-13 18:49:47.177] [exthost] [warning] [Decorations] CAPPING events from decorations provider vscode.git 5458
[2022-09-13 18:49:52.454] [exthost] [warning] [Decorations] CAPPING events from decorations provider vscode.git 5458
[2022-09-13 18:49:57.746] [exthost] [warning] [Decorations] CAPPING events from decorations provider vscode.git 5458
[2022-09-13 18:50:03.102] [exthost] [warning] [Decorations] CAPPING events from decorations provider vscode.git 5458
[2022-09-13 18:50:09.176] [exthost] [warning] [Decorations] CAPPING events from decorations provider vscode.git 5458
[2022-09-13 18:50:15.225] [exthost] [warning] [Decorations] CAPPING events from decorations provider vscode.git 5458
[2022-09-13 18:50:20.454] [exthost] [warning] [Decorations] CAPPING events from decorations provider vscode.git 5458
[2022-09-13 18:50:25.699] [exthost] [warning] [Decorations] CAPPING events from decorations provider vscode.git 5458
[2022-09-13 18:50:30.949] [exthost] [warning] [Decorations] CAPPING events from decorations provider vscode.git 5458
[2022-09-13 18:50:36.209] [exthost] [warning] [Decorations] CAPPING events from decorations provider vscode.git 5458
[2022-09-13 18:50:41.486] [exthost] [warning] [Decorations] CAPPING events from decorations provider vscode.git 5458
[2022-09-13 18:50:46.778] [exthost] [warning] [Decorations] CAPPING events from decorations provider vscode.git 5458
[2022-09-13 18:50:52.070] [exthost] [warning] [Decorations] CAPPING events from decorations provider vscode.git 5458
[2022-09-13 18:50:57.334] [exthost] [warning] [Decorations] CAPPING events from decorations provider vscode.git 5458
[2022-09-13 18:51:02.582] [exthost] [warning] [Decorations] CAPPING events from decorations provider vscode.git 5458
[2022-09-13 18:51:07.843] [exthost] [warning] [Decorations] CAPPING events from decorations provider vscode.git 5458
[2022-09-13 18:51:13.098] [exthost] [warning] [Decorations] CAPPING events from decorations provider vscode.git 5458
[2022-09-13 18:51:18.363] [exthost] [warning] [Decorations] CAPPING events from decorations provider vscode.git 5458
[2022-09-13 18:51:23.637] [exthost] [warning] [Decorations] CAPPING events from decorations provider vscode.git 5458
[2022-09-13 18:51:28.913] [exthost] [warning] [Decorations] CAPPING events from decorations provider vscode.git 5458
[2022-09-13 18:51:34.204] [exthost] [warning] [Decorations] CAPPING events from decorations provider vscode.git 5458
[2022-09-13 18:51:39.489] [exthost] [warning] [Decorations] CAPPING events from decorations provider vscode.git 5458
[2022-09-13 18:51:44.753] [exthost] [warning] [Decorations] CAPPING events from decorations provider vscode.git 5458
[2022-09-13 18:51:50.007] [exthost] [warning] [Decorations] CAPPING events from decorations provider vscode.git 5458
[2022-09-13 18:51:55.270] [exthost] [warning] [Decorations] CAPPING events from decorations provider vscode.git 5458
[2022-09-13 18:52:00.535] [exthost] [warning] [Decorations] CAPPING events from decorations provider vscode.git 5458
[2022-09-13 18:52:05.818] [exthost] [warning] [Decorations] CAPPING events from decorations provider vscode.git 5458
[2022-09-13 18:52:11.093] [exthost] [warning] [Decorations] CAPPING events from decorations provider vscode.git 5458
[2022-09-13 18:52:16.382] [exthost] [warning] [Decorations] CAPPING events from decorations provider vscode.git 5458
[2022-09-13 18:52:21.689] [exthost] [warning] [Decorations] CAPPING events from decorations provider vscode.git 5458
[2022-09-13 18:52:26.973] [exthost] [warning] [Decorations] CAPPING events from decorations provider vscode.git 5458
[2022-09-13 18:52:32.230] [exthost] [warning] [Decorations] CAPPING events from decorations provider vscode.git 5458
[2022-09-13 18:52:37.494] [exthost] [warning] [Decorations] CAPPING events from decorations provider vscode.git 5458
[2022-09-13 18:52:42.772] [exthost] [warning] [Decorations] CAPPING events from decorations provider vscode.git 5458
[2022-09-13 18:52:48.033] [exthost] [warning] [Decorations] CAPPING events from decorations provider vscode.git 5458
[2022-09-13 18:52:53.302] [exthost] [warning] [Decorations] CAPPING events from decorations provider vscode.git 5458
[2022-09-13 18:52:58.595] [exthost] [warning] [Decorations] CAPPING events from decorations provider vscode.git 5458
[2022-09-13 18:53:03.880] [exthost] [warning] [Decorations] CAPPING events from decorations provider vscode.git 5458
[2022-09-13 18:53:09.185] [exthost] [warning] [Decorations] CAPPING events from decorations provider vscode.git 5458
[2022-09-13 18:53:14.469] [exthost] [warning] [Decorations] CAPPING events from decorations provider vscode.git 5458
[2022-09-13 18:53:19.756] [exthost] [warning] [Decorations] CAPPING events from decorations provider vscode.git 5459
[2022-09-13 18:53:25.019] [exthost] [warning] [Decorations] CAPPING events from decorations provider vscode.git 5459
[2022-09-13 18:53:30.287] [exthost] [warning] [Decorations] CAPPING events from decorations provider vscode.git 5459
[2022-09-13 18:53:35.557] [exthost] [warning] [Decorations] CAPPING events from decorations provider vscode.git 5459
[2022-09-13 18:53:40.833] [exthost] [warning] [Decorations] CAPPING events from decorations provider vscode.git 5459
[2022-09-13 18:53:46.114] [exthost] [warning] [Decorations] CAPPING events from decorations provider vscode.git 5459
[2022-09-13 18:53:51.405] [exthost] [warning] [Decorations] CAPPING events from decorations provider vscode.git 5459
[2022-09-13 18:53:56.708] [exthost] [warning] [Decorations] CAPPING events from decorations provider vscode.git 5459
[2022-09-13 18:54:01.988] [exthost] [warning] [Decorations] CAPPING events from decorations provider vscode.git 5459
[2022-09-13 18:54:07.258] [exthost] [warning] [Decorations] CAPPING events from decorations provider vscode.git 5460
[2022-09-13 18:54:12.530] [exthost] [warning] [Decorations] CAPPING events from decorations provider vscode.git 5460
[2022-09-13 18:54:17.808] [exthost] [warning] [Decorations] CAPPING events from decorations provider vscode.git 5460
[2022-09-13 18:54:23.078] [exthost] [warning] [Decorations] CAPPING events from decorations provider vscode.git 5460
[2022-09-13 18:54:28.352] [exthost] [warning] [Decorations] CAPPING events from decorations provider vscode.git 5460
[2022-09-13 18:54:33.635] [exthost] [warning] [Decorations] CAPPING events from decorations provider vscode.git 5460
[2022-09-13 18:54:38.926] [exthost] [warning] [Decorations] CAPPING events from decorations provider vscode.git 5460
[2022-09-13 18:54:44.232] [exthost] [warning] [Decorations] CAPPING events from decorations provider vscode.git 5460
[2022-09-13 18:54:49.515] [exthost] [warning] [Decorations] CAPPING events from decorations provider vscode.git 5460
[2022-09-13 18:54:54.786] [exthost] [warning] [Decorations] CAPPING events from decorations provider vscode.git 5460
[2022-09-13 18:55:00.048] [exthost] [warning] [Decorations] CAPPING events from decorations provider vscode.git 5460
[2022-09-13 18:55:05.321] [exthost] [warning] [Decorations] CAPPING events from decorations provider vscode.git 5461
[2022-09-13 18:55:10.591] [exthost] [warning] [Decorations] CAPPING events from decorations provider vscode.git 5461
[2022-09-13 18:55:15.864] [exthost] [warning] [Decorations] CAPPING events from decorations provider vscode.git 5461
[2022-09-13 18:55:21.145] [exthost] [warning] [Decorations] CAPPING events from decorations provider vscode.git 5461
[2022-09-13 18:55:26.440] [exthost] [warning] [Decorations] CAPPING events from decorations provider vscode.git 5461
[2022-09-13 18:55:33.040] [exthost] [warning] [Decorations] CAPPING events from decorations provider vscode.git 5461
[2022-09-13 18:55:39.140] [exthost] [warning] [Decorations] CAPPING events from decorations provider vscode.git 5461
[2022-09-13 18:55:44.413] [exthost] [warning] [Decorations] CAPPING events from decorations provider vscode.git 5461
[2022-09-13 18:55:49.683] [exthost] [warning] [Decorations] CAPPING events from decorations provider vscode.git 5461
[2022-09-13 18:55:54.955] [exthost] [warning] [Decorations] CAPPING events from decorations provider vscode.git 5461
[2022-09-13 18:56:00.225] [exthost] [warning] [Decorations] CAPPING events from decorations provider vscode.git 5461
[2022-09-13 18:56:05.502] [exthost] [warning] [Decorations] CAPPING events from decorations provider vscode.git 5461
[2022-09-13 18:56:10.787] [exthost] [warning] [Decorations] CAPPING events from decorations provider vscode.git 5461
[2022-09-13 18:56:16.083] [exthost] [warning] [Decorations] CAPPING events from decorations provider vscode.git 5461
[2022-09-13 18:56:21.389] [exthost] [warning] [Decorations] CAPPING events from decorations provider vscode.git 5461
[2022-09-13 18:56:26.665] [exthost] [warning] [Decorations] CAPPING events from decorations provider vscode.git 5461
[2022-09-13 18:56:31.940] [exthost] [warning] [Decorations] CAPPING events from decorations provider vscode.git 5461
[2022-09-13 18:56:37.202] [exthost] [warning] [Decorations] CAPPING events from decorations provider vscode.git 5461
[2022-09-13 18:56:42.482] [exthost] [warning] [Decorations] CAPPING events from decorations provider vscode.git 5461
[2022-09-13 18:56:47.763] [exthost] [warning] [Decorations] CAPPING events from decorations provider vscode.git 5461
[2022-09-13 18:56:53.037] [exthost] [warning] [Decorations] CAPPING events from decorations provider vscode.git 5461
[2022-09-13 18:56:58.320] [exthost] [warning] [Decorations] CAPPING events from decorations provider vscode.git 5461
[2022-09-13 18:57:03.612] [exthost] [warning] [Decorations] CAPPING events from decorations provider vscode.git 5461
[2022-09-13 18:57:08.915] [exthost] [warning] [Decorations] CAPPING events from decorations provider vscode.git 5461
[2022-09-13 18:57:14.201] [exthost] [warning] [Decorations] CAPPING events from decorations provider vscode.git 5461
[2022-09-13 18:57:19.467] [exthost] [warning] [Decorations] CAPPING events from decorations provider vscode.git 5461
[2022-09-13 18:57:24.750] [exthost] [warning] [Decorations] CAPPING events from decorations provider vscode.git 5461
[2022-09-13 18:57:30.832] [exthost] [warning] [Decorations] CAPPING events from decorations provider vscode.git 5461
[2022-09-13 18:57:36.104] [exthost] [warning] [Decorations] CAPPING events from decorations provider vscode.git 5461
[2022-09-13 18:57:41.375] [exthost] [warning] [Decorations] CAPPING events from decorations provider vscode.git 5461
[2022-09-13 18:57:46.687] [exthost] [warning] [Decorations] CAPPING events from decorations provider vscode.git 5461
[2022-09-13 18:57:52.791] [exthost] [warning] [Decorations] CAPPING events from decorations provider vscode.git 5461
[2022-09-13 18:57:58.113] [exthost] [warning] [Decorations] CAPPING events from decorations provider vscode.git 5461
[2022-09-13 18:58:04.212] [exthost] [warning] [Decorations] CAPPING events from decorations provider vscode.git 5461
[2022-09-13 18:58:09.484] [exthost] [warning] [Decorations] CAPPING events from decorations provider vscode.git 5461
[2022-09-13 18:58:14.758] [exthost] [warning] [Decorations] CAPPING events from decorations provider vscode.git 5461
[2022-09-13 18:58:20.029] [exthost] [warning] [Decorations] CAPPING events from decorations provider vscode.git 5461
[2022-09-13 18:58:25.306] [exthost] [warning] [Decorations] CAPPING events from decorations provider vscode.git 5461
[2022-09-13 18:58:30.589] [exthost] [warning] [Decorations] CAPPING events from decorations provider vscode.git 5461
[2022-09-13 18:58:35.880] [exthost] [warning] [Decorations] CAPPING events from decorations provider vscode.git 5461
[2022-09-13 18:58:41.173] [exthost] [warning] [Decorations] CAPPING events from decorations provider vscode.git 5461
[2022-09-13 18:58:46.482] [exthost] [warning] [Decorations] CAPPING events from decorations provider vscode.git 5461
[2022-09-13 18:58:51.757] [exthost] [warning] [Decorations] CAPPING events from decorations provider vscode.git 5461
[2022-09-13 18:58:57.042] [exthost] [warning] [Decorations] CAPPING events from decorations provider vscode.git 5461
[2022-09-13 18:59:02.312] [exthost] [warning] [Decorations] CAPPING events from decorations provider vscode.git 5461
[2022-09-13 18:59:07.584] [exthost] [warning] [Decorations] CAPPING events from decorations provider vscode.git 5461
[2022-09-13 18:59:12.858] [exthost] [warning] [Decorations] CAPPING events from decorations provider vscode.git 5461
[2022-09-13 18:59:18.136] [exthost] [warning] [Decorations] CAPPING events from decorations provider vscode.git 5461
[2022-09-13 18:59:23.426] [exthost] [warning] [Decorations] CAPPING events from decorations provider vscode.git 5461
[2022-09-13 18:59:28.719] [exthost] [warning] [Decorations] CAPPING events from decorations provider vscode.git 5461
[2022-09-13 18:59:34.026] [exthost] [warning] [Decorations] CAPPING events from decorations provider vscode.git 5461
[2022-09-13 18:59:39.300] [exthost] [warning] [Decorations] CAPPING events from decorations provider vscode.git 5461
[2022-09-13 18:59:44.586] [exthost] [warning] [Decorations] CAPPING events from decorations provider vscode.git 5461
[2022-09-13 18:59:49.862] [exthost] [warning] [Decorations] CAPPING events from decorations provider vscode.git 5461
[2022-09-13 18:59:55.136] [exthost] [warning] [Decorations] CAPPING events from decorations provider vscode.git 5461
[2022-09-13 19:00:00.417] [exthost] [warning] [Decorations] CAPPING events from decorations provider vscode.git 5461
[2022-09-13 19:00:05.695] [exthost] [warning] [Decorations] CAPPING events from decorations provider vscode.git 5461
[2022-09-13 19:00:10.979] [exthost] [warning] [Decorations] CAPPING events from decorations provider vscode.git 5461
[2022-09-13 19:00:16.275] [exthost] [warning] [Decorations] CAPPING events from decorations provider vscode.git 5461
[2022-09-13 19:00:21.580] [exthost] [warning] [Decorations] CAPPING events from decorations provider vscode.git 5461
[2022-09-13 19:00:26.860] [exthost] [warning] [Decorations] CAPPING events from decorations provider vscode.git 5461
[2022-09-13 19:00:32.147] [exthost] [warning] [Decorations] CAPPING events from decorations provider vscode.git 5461
[2022-09-13 19:00:37.423] [exthost] [warning] [Decorations] CAPPING events from decorations provider vscode.git 5461
[2022-09-13 19:00:42.696] [exthost] [warning] [Decorations] CAPPING events from decorations provider vscode.git 5461
[2022-09-13 19:00:47.970] [exthost] [warning] [Decorations] CAPPING events from decorations provider vscode.git 5461
[2022-09-13 19:00:53.250] [exthost] [warning] [Decorations] CAPPING events from decorations provider vscode.git 5461
[2022-09-13 19:00:58.541] [exthost] [warning] [Decorations] CAPPING events from decorations provider vscode.git 5461
[2022-09-13 19:01:03.838] [exthost] [warning] [Decorations] CAPPING events from decorations provider vscode.git 5461
[2022-09-13 19:01:09.147] [exthost] [warning] [Decorations] CAPPING events from decorations provider vscode.git 5461
[2022-09-13 19:01:15.230] [exthost] [warning] [Decorations] CAPPING events from decorations provider vscode.git 5461
[2022-09-13 19:01:20.502] [exthost] [warning] [Decorations] CAPPING events from decorations provider vscode.git 5461
[2022-09-13 19:01:25.775] [exthost] [warning] [Decorations] CAPPING events from decorations provider vscode.git 5461
[2022-09-13 19:01:31.047] [exthost] [warning] [Decorations] CAPPING events from decorations provider vscode.git 5461
[2022-09-13 19:01:36.323] [exthost] [warning] [Decorations] CAPPING events from decorations provider vscode.git 5461
[2022-09-13 19:01:41.598] [exthost] [warning] [Decorations] CAPPING events from decorations provider vscode.git 5461
[2022-09-13 19:01:46.886] [exthost] [warning] [Decorations] CAPPING events from decorations provider vscode.git 5461
[2022-09-13 19:01:52.181] [exthost] [warning] [Decorations] CAPPING events from decorations provider vscode.git 5461
[2022-09-13 19:03:04.066] [exthost] [warning] [Decorations] CAPPING events from decorations provider vscode.git 5461
[2022-09-13 19:03:09.320] [exthost] [warning] [Decorations] CAPPING events from decorations provider vscode.git 5461
[2022-09-13 19:03:14.569] [exthost] [warning] [Decorations] CAPPING events from decorations provider vscode.git 5461
[2022-09-13 19:03:19.814] [exthost] [warning] [Decorations] CAPPING events from decorations provider vscode.git 5461
[2022-09-13 19:03:25.071] [exthost] [warning] [Decorations] CAPPING events from decorations provider vscode.git 5461
[2022-09-13 19:03:30.340] [exthost] [warning] [Decorations] CAPPING events from decorations provider vscode.git 5461
[2022-09-13 19:03:35.621] [exthost] [warning] [Decorations] CAPPING events from decorations provider vscode.git 5461
[2022-09-13 19:03:40.920] [exthost] [warning] [Decorations] CAPPING events from decorations provider vscode.git 5461
[2022-09-13 19:03:47.017] [exthost] [warning] [Decorations] CAPPING events from decorations provider vscode.git 5461
[2022-09-13 19:03:52.318] [exthost] [warning] [Decorations] CAPPING events from decorations provider vscode.git 5461
[2022-09-13 19:03:57.577] [exthost] [warning] [Decorations] CAPPING events from decorations provider vscode.git 5461
[2022-09-13 19:04:02.825] [exthost] [warning] [Decorations] CAPPING events from decorations provider vscode.git 5461
[2022-09-13 19:04:08.075] [exthost] [warning] [Decorations] CAPPING events from decorations provider vscode.git 5461
[2022-09-13 19:04:42.980] [exthost] [warning] [Decorations] CAPPING events from decorations provider vscode.git 5461
[2022-09-13 19:04:48.240] [exthost] [warning] [Decorations] CAPPING events from decorations provider vscode.git 5461
[2022-09-13 19:04:53.479] [exthost] [warning] [Decorations] CAPPING events from decorations provider vscode.git 5461
[2022-09-13 19:04:58.725] [exthost] [warning] [Decorations] CAPPING events from decorations provider vscode.git 5461
[2022-09-13 19:05:03.980] [exthost] [warning] [Decorations] CAPPING events from decorations provider vscode.git 5461
[2022-09-13 19:05:09.259] [exthost] [warning] [Decorations] CAPPING events from decorations provider vscode.git 5461
[2022-09-13 19:05:14.536] [exthost] [warning] [Decorations] CAPPING events from decorations provider vscode.git 5461
[2022-09-13 19:06:07.625] [exthost] [warning] [Decorations] CAPPING events from decorations provider vscode.git 5461
[2022-09-13 19:06:12.876] [exthost] [warning] [Decorations] CAPPING events from decorations provider vscode.git 5461
[2022-09-13 19:07:01.718] [exthost] [warning] [Decorations] CAPPING events from decorations provider vscode.git 5461
[2022-09-13 19:07:07.873] [exthost] [warning] [Decorations] CAPPING events from decorations provider vscode.git 5461
[2022-09-13 19:07:34.599] [exthost] [warning] [Decorations] CAPPING events from decorations provider vscode.git 5461
[2022-09-13 19:07:39.845] [exthost] [warning] [Decorations] CAPPING events from decorations provider vscode.git 5461
[2022-09-13 19:07:45.087] [exthost] [warning] [Decorations] CAPPING events from decorations provider vscode.git 5461
[2022-09-13 19:07:50.335] [exthost] [warning] [Decorations] CAPPING events from decorations provider vscode.git 5461
[2022-09-13 19:07:55.597] [exthost] [warning] [Decorations] CAPPING events from decorations provider vscode.git 5461
[2022-09-13 19:08:00.871] [exthost] [warning] [Decorations] CAPPING events from decorations provider vscode.git 5461
[2022-09-13 19:08:06.144] [exthost] [warning] [Decorations] CAPPING events from decorations provider vscode.git 5461
[2022-09-13 19:08:11.429] [exthost] [warning] [Decorations] CAPPING events from decorations provider vscode.git 5461
[2022-09-13 19:08:16.728] [exthost] [warning] [Decorations] CAPPING events from decorations provider vscode.git 5461
[2022-09-13 19:08:22.030] [exthost] [warning] [Decorations] CAPPING events from decorations provider vscode.git 5461
[2022-09-13 19:08:27.294] [exthost] [warning] [Decorations] CAPPING events from decorations provider vscode.git 5461
[2022-09-13 19:08:32.535] [exthost] [warning] [Decorations] CAPPING events from decorations provider vscode.git 5461
[2022-09-13 19:08:37.781] [exthost] [warning] [Decorations] CAPPING events from decorations provider vscode.git 5461
[2022-09-13 19:08:43.042] [exthost] [warning] [Decorations] CAPPING events from decorations provider vscode.git 5461
[2022-09-13 19:08:48.318] [exthost] [warning] [Decorations] CAPPING events from decorations provider vscode.git 5461
[2022-09-13 19:08:53.589] [exthost] [warning] [Decorations] CAPPING events from decorations provider vscode.git 5461
[2022-09-13 19:09:10.141] [exthost] [warning] [Decorations] CAPPING events from decorations provider vscode.git 5461
[2022-09-13 19:09:15.432] [exthost] [warning] [Decorations] CAPPING events from decorations provider vscode.git 5461
[2022-09-13 19:09:20.729] [exthost] [warning] [Decorations] CAPPING events from decorations provider vscode.git 5461
[2022-09-13 19:09:25.995] [exthost] [warning] [Decorations] CAPPING events from decorations provider vscode.git 5461
[2022-09-13 19:09:31.236] [exthost] [warning] [Decorations] CAPPING events from decorations provider vscode.git 5461
[2022-09-13 19:09:58.141] [exthost] [warning] [Decorations] CAPPING events from decorations provider vscode.git 5461
[2022-09-13 19:10:04.212] [exthost] [warning] [Decorations] CAPPING events from decorations provider vscode.git 5461
[2022-09-13 19:10:16.162] [exthost] [warning] [Decorations] CAPPING events from decorations provider vscode.git 5461
[2022-09-13 19:10:21.420] [exthost] [warning] [Decorations] CAPPING events from decorations provider vscode.git 5461
[2022-09-13 19:10:26.666] [exthost] [warning] [Decorations] CAPPING events from decorations provider vscode.git 5461
[2022-09-13 19:12:16.088] [exthost] [warning] [Decorations] CAPPING events from decorations provider vscode.git 5461
[2022-09-13 19:12:22.363] [exthost] [warning] [Decorations] CAPPING events from decorations provider vscode.git 5461
[2022-09-13 19:12:27.611] [exthost] [warning] [Decorations] CAPPING events from decorations provider vscode.git 5461
[2022-09-13 19:12:32.851] [exthost] [warning] [Decorations] CAPPING events from decorations provider vscode.git 5461
[2022-09-13 19:12:38.106] [exthost] [warning] [Decorations] CAPPING events from decorations provider vscode.git 5461
[2022-09-13 19:12:43.364] [exthost] [warning] [Decorations] CAPPING events from decorations provider vscode.git 5461
[2022-09-13 19:12:48.630] [exthost] [warning] [Decorations] CAPPING events from decorations provider vscode.git 5461
[2022-09-13 19:12:53.902] [exthost] [warning] [Decorations] CAPPING events from decorations provider vscode.git 5461
[2022-09-13 19:12:59.254] [exthost] [warning] [Decorations] CAPPING events from decorations provider vscode.git 5461
[2022-09-13 19:13:04.545] [exthost] [warning] [Decorations] CAPPING events from decorations provider vscode.git 5461
[2022-09-13 19:13:09.852] [exthost] [warning] [Decorations] CAPPING events from decorations provider vscode.git 5461
[2022-09-13 19:13:15.108] [exthost] [warning] [Decorations] CAPPING events from decorations provider vscode.git 5461
[2022-09-13 19:13:20.366] [exthost] [warning] [Decorations] CAPPING events from decorations provider vscode.git 5461
[2022-09-13 19:13:25.619] [exthost] [warning] [Decorations] CAPPING events from decorations provider vscode.git 5461
[2022-09-13 19:13:30.875] [exthost] [warning] [Decorations] CAPPING events from decorations provider vscode.git 5461
[2022-09-13 19:13:36.143] [exthost] [warning] [Decorations] CAPPING events from decorations provider vscode.git 5461
[2022-09-13 19:13:41.416] [exthost] [warning] [Decorations] CAPPING events from decorations provider vscode.git 5461
[2022-09-13 19:13:46.702] [exthost] [warning] [Decorations] CAPPING events from decorations provider vscode.git 5461
[2022-09-13 19:13:51.993] [exthost] [warning] [Decorations] CAPPING events from decorations provider vscode.git 5461
[2022-09-13 19:13:57.296] [exthost] [warning] [Decorations] CAPPING events from decorations provider vscode.git 5461
[2022-09-13 19:14:02.549] [exthost] [warning] [Decorations] CAPPING events from decorations provider vscode.git 5461
[2022-09-13 19:14:07.808] [exthost] [warning] [Decorations] CAPPING events from decorations provider vscode.git 5461
[2022-09-13 19:14:13.058] [exthost] [warning] [Decorations] CAPPING events from decorations provider vscode.git 5461
[2022-09-13 19:14:18.315] [exthost] [warning] [Decorations] CAPPING events from decorations provider vscode.git 5461
[2022-09-13 19:14:23.581] [exthost] [warning] [Decorations] CAPPING events from decorations provider vscode.git 5461
[2022-09-13 19:14:28.854] [exthost] [warning] [Decorations] CAPPING events from decorations provider vscode.git 5461
[2022-09-13 19:14:34.141] [exthost] [warning] [Decorations] CAPPING events from decorations provider vscode.git 5461
[2022-09-13 19:14:39.434] [exthost] [warning] [Decorations] CAPPING events from decorations provider vscode.git 5461
[2022-09-13 19:14:44.739] [exthost] [warning] [Decorations] CAPPING events from decorations provider vscode.git 5461
[2022-09-13 19:14:49.993] [exthost] [warning] [Decorations] CAPPING events from decorations provider vscode.git 5461
[2022-09-13 19:14:55.249] [exthost] [warning] [Decorations] CAPPING events from decorations provider vscode.git 5461
[2022-09-13 19:15:00.495] [exthost] [warning] [Decorations] CAPPING events from decorations provider vscode.git 5461
[2022-09-13 19:15:05.753] [exthost] [warning] [Decorations] CAPPING events from decorations provider vscode.git 5461
[2022-09-13 19:15:11.020] [exthost] [warning] [Decorations] CAPPING events from decorations provider vscode.git 5461
[2022-09-13 19:15:16.298] [exthost] [warning] [Decorations] CAPPING events from decorations provider vscode.git 5461
[2022-09-13 19:15:21.583] [exthost] [warning] [Decorations] CAPPING events from decorations provider vscode.git 5461
[2022-09-13 19:15:26.886] [exthost] [warning] [Decorations] CAPPING events from decorations provider vscode.git 5461
[2022-09-13 19:15:32.190] [exthost] [warning] [Decorations] CAPPING events from decorations provider vscode.git 5461
[2022-09-13 19:15:37.449] [exthost] [warning] [Decorations] CAPPING events from decorations provider vscode.git 5461
[2022-09-13 19:15:42.712] [exthost] [warning] [Decorations] CAPPING events from decorations provider vscode.git 5461
[2022-09-13 19:15:47.960] [exthost] [warning] [Decorations] CAPPING events from decorations provider vscode.git 5461
[2022-09-13 19:15:53.239] [exthost] [warning] [Decorations] CAPPING events from decorations provider vscode.git 5461
[2022-09-13 19:15:58.507] [exthost] [warning] [Decorations] CAPPING events from decorations provider vscode.git 5461
[2022-09-13 19:16:03.786] [exthost] [warning] [Decorations] CAPPING events from decorations provider vscode.git 5461
[2022-09-13 19:16:09.076] [exthost] [warning] [Decorations] CAPPING events from decorations provider vscode.git 5461
[2022-09-13 19:16:14.376] [exthost] [warning] [Decorations] CAPPING events from decorations provider vscode.git 5461
[2022-09-13 19:16:19.682] [exthost] [warning] [Decorations] CAPPING events from decorations provider vscode.git 5461
[2022-09-13 19:16:24.945] [exthost] [warning] [Decorations] CAPPING events from decorations provider vscode.git 5461
[2022-09-13 19:16:30.205] [exthost] [warning] [Decorations] CAPPING events from decorations provider vscode.git 5461
[2022-09-13 19:16:35.453] [exthost] [warning] [Decorations] CAPPING events from decorations provider vscode.git 5461
[2022-09-13 19:16:40.712] [exthost] [warning] [Decorations] CAPPING events from decorations provider vscode.git 5461
[2022-09-13 19:16:45.976] [exthost] [warning] [Decorations] CAPPING events from decorations provider vscode.git 5461
[2022-09-13 19:16:51.249] [exthost] [warning] [Decorations] CAPPING events from decorations provider vscode.git 5461
[2022-09-13 19:16:56.535] [exthost] [warning] [Decorations] CAPPING events from decorations provider vscode.git 5461
[2022-09-13 19:17:01.832] [exthost] [warning] [Decorations] CAPPING events from decorations provider vscode.git 5461
[2022-09-13 19:17:07.133] [exthost] [warning] [Decorations] CAPPING events from decorations provider vscode.git 5461
[2022-09-13 19:17:12.392] [exthost] [warning] [Decorations] CAPPING events from decorations provider vscode.git 5461
[2022-09-13 19:17:17.647] [exthost] [warning] [Decorations] CAPPING events from decorations provider vscode.git 5461
[2022-09-13 19:17:22.894] [exthost] [warning] [Decorations] CAPPING events from decorations provider vscode.git 5461
[2022-09-13 19:17:28.154] [exthost] [warning] [Decorations] CAPPING events from decorations provider vscode.git 5461
[2022-09-13 19:17:33.430] [exthost] [warning] [Decorations] CAPPING events from decorations provider vscode.git 5461
[2022-09-13 19:17:38.707] [exthost] [warning] [Decorations] CAPPING events from decorations provider vscode.git 5461
[2022-09-13 19:17:43.990] [exthost] [warning] [Decorations] CAPPING events from decorations provider vscode.git 5461
[2022-09-13 19:17:49.281] [exthost] [warning] [Decorations] CAPPING events from decorations provider vscode.git 5461
[2022-09-13 19:17:54.583] [exthost] [warning] [Decorations] CAPPING events from decorations provider vscode.git 5461
[2022-09-13 19:17:59.849] [exthost] [warning] [Decorations] CAPPING events from decorations provider vscode.git 5461
[2022-09-13 19:18:05.099] [exthost] [warning] [Decorations] CAPPING events from decorations provider vscode.git 5461
[2022-09-13 19:18:10.352] [exthost] [warning] [Decorations] CAPPING events from decorations provider vscode.git 5461
[2022-09-13 19:18:15.612] [exthost] [warning] [Decorations] CAPPING events from decorations provider vscode.git 5461
[2022-09-13 19:18:20.876] [exthost] [warning] [Decorations] CAPPING events from decorations provider vscode.git 5461
[2022-09-13 19:18:26.152] [exthost] [warning] [Decorations] CAPPING events from decorations provider vscode.git 5461
[2022-09-13 19:18:31.435] [exthost] [warning] [Decorations] CAPPING events from decorations provider vscode.git 5461
[2022-09-13 19:18:36.726] [exthost] [warning] [Decorations] CAPPING events from decorations provider vscode.git 5461
[2022-09-13 19:18:42.027] [exthost] [warning] [Decorations] CAPPING events from decorations provider vscode.git 5461
[2022-09-13 19:18:47.282] [exthost] [warning] [Decorations] CAPPING events from decorations provider vscode.git 5461
[2022-09-13 19:18:52.539] [exthost] [warning] [Decorations] CAPPING events from decorations provider vscode.git 5461
[2022-09-13 19:18:57.787] [exthost] [warning] [Decorations] CAPPING events from decorations provider vscode.git 5461
[2022-09-13 19:19:03.046] [exthost] [warning] [Decorations] CAPPING events from decorations provider vscode.git 5461
[2022-09-13 19:19:31.382] [exthost] [warning] [Decorations] CAPPING events from decorations provider vscode.git 5461
[2022-09-13 19:19:36.715] [exthost] [warning] [Decorations] CAPPING events from decorations provider vscode.git 5461
[2022-09-13 19:19:41.962] [exthost] [warning] [Decorations] CAPPING events from decorations provider vscode.git 5461
[2022-09-13 19:19:47.214] [exthost] [warning] [Decorations] CAPPING events from decorations provider vscode.git 5461
[2022-09-13 19:19:52.479] [exthost] [warning] [Decorations] CAPPING events from decorations provider vscode.git 5461
[2022-09-13 19:19:57.763] [exthost] [warning] [Decorations] CAPPING events from decorations provider vscode.git 5461
[2022-09-13 19:20:03.048] [exthost] [warning] [Decorations] CAPPING events from decorations provider vscode.git 5461
[2022-09-13 19:20:08.335] [exthost] [warning] [Decorations] CAPPING events from decorations provider vscode.git 5461
[2022-09-13 19:20:13.651] [exthost] [warning] [Decorations] CAPPING events from decorations provider vscode.git 5461
[2022-09-13 19:20:19.730] [exthost] [warning] [Decorations] CAPPING events from decorations provider vscode.git 5461
[2022-09-13 19:20:24.982] [exthost] [warning] [Decorations] CAPPING events from decorations provider vscode.git 5461
[2022-09-13 19:20:30.231] [exthost] [warning] [Decorations] CAPPING events from decorations provider vscode.git 5461
[2022-09-13 19:20:35.493] [exthost] [warning] [Decorations] CAPPING events from decorations provider vscode.git 5461
[2022-09-13 19:20:40.760] [exthost] [warning] [Decorations] CAPPING events from decorations provider vscode.git 5461
[2022-09-13 19:20:46.040] [exthost] [warning] [Decorations] CAPPING events from decorations provider vscode.git 5461
[2022-09-13 19:20:51.323] [exthost] [warning] [Decorations] CAPPING events from decorations provider vscode.git 5461
[2022-09-13 19:20:56.613] [exthost] [warning] [Decorations] CAPPING events from decorations provider vscode.git 5461
[2022-09-13 19:21:01.921] [exthost] [warning] [Decorations] CAPPING events from decorations provider vscode.git 5461
[2022-09-13 19:21:07.184] [exthost] [warning] [Decorations] CAPPING events from decorations provider vscode.git 5461
[2022-09-13 19:21:12.434] [exthost] [warning] [Decorations] CAPPING events from decorations provider vscode.git 5461
[2022-09-13 19:21:17.678] [exthost] [warning] [Decorations] CAPPING events from decorations provider vscode.git 5462
[2022-09-13 19:21:22.948] [exthost] [warning] [Decorations] CAPPING events from decorations provider vscode.git 5462
[2022-09-13 19:21:28.214] [exthost] [warning] [Decorations] CAPPING events from decorations provider vscode.git 5462
[2022-09-13 19:21:33.489] [exthost] [warning] [Decorations] CAPPING events from decorations provider vscode.git 5462
[2022-09-13 19:21:38.771] [exthost] [warning] [Decorations] CAPPING events from decorations provider vscode.git 5462
[2022-09-13 21:13:17.394] [exthost] [info] Extension host terminating: renderer disconnected for too long (2)
[2022-09-13 21:13:17.395] [exthost] [info] Lock '/home/linl20/.vscode-server/data/User/workspaceStorage/846d061fbe3b7c3efc4e33135743ac56/vscode.lock': Marking the lockfile as scheduled to be released in 6000 ms.
[2022-09-13 21:13:17.447] [exthost] [info] Extension host with pid 58105 exiting with code 0
