[2022-09-05 13:55:26.732] [exthost] [info] Extension host with pid 30126 started
[2022-09-05 13:55:26.735] [exthost] [error] Error: EEXIST: file already exists, open '/home/linl20/.vscode-server/data/User/workspaceStorage/846d061fbe3b7c3efc4e33135743ac56/vscode.lock'
[2022-09-05 13:55:26.742] [exthost] [info] Lock '/home/linl20/.vscode-server/data/User/workspaceStorage/846d061fbe3b7c3efc4e33135743ac56/vscode.lock': Could not acquire lock, checking if the file is stale.
[2022-09-05 13:55:26.747] [exthost] [info] Lock '/home/linl20/.vscode-server/data/User/workspaceStorage/846d061fbe3b7c3efc4e33135743ac56/vscode.lock': The lock does not look stale, elapsed: 407 ms, giving up.
[2022-09-05 13:55:26.871] [exthost] [info] ExtensionService#_doActivateExtension vscode.configuration-editing, startup: false, activationEvent: 'onLanguage:json'
[2022-09-05 13:55:26.882] [exthost] [info] ExtensionService#_doActivateExtension vscode.extension-editing, startup: false, activationEvent: 'onLanguage:json'
[2022-09-05 13:55:26.902] [exthost] [info] ExtensionService#_doActivateExtension vscode.json-language-features, startup: false, activationEvent: 'onLanguage:json'
[2022-09-05 13:55:27.006] [exthost] [info] ExtensionService#_doActivateExtension vscode.npm, startup: false, activationEvent: 'onLanguage:json'
[2022-09-05 13:55:27.056] [exthost] [info] ExtensionService#_doActivateExtension vscode.debug-auto-launch, startup: true, activationEvent: '*'
[2022-09-05 13:55:27.061] [exthost] [info] ExtensionService#_doActivateExtension vscode.git-base, startup: true, activationEvent: '*', root cause: vscode.git
[2022-09-05 13:55:27.066] [exthost] [info] ExtensionService#_doActivateExtension vscode.ipynb, startup: true, activationEvent: '*'
[2022-09-05 13:55:27.093] [exthost] [info] Lock '/home/linl20/.vscode-server/data/User/workspaceStorage/846d061fbe3b7c3efc4e33135743ac56-1/vscode.lock': Lock acquired.
[2022-09-05 13:55:27.303] [exthost] [info] ExtensionService#_doActivateExtension vscode.git, startup: true, activationEvent: '*'
[2022-09-05 13:55:27.415] [exthost] [info] ExtensionService#_doActivateExtension vscode.github, startup: true, activationEvent: '*'
[2022-09-05 13:55:27.689] [exthost] [info] ExtensionService#_doActivateExtension vscode.emmet, startup: false, activationEvent: 'onStartupFinished'
[2022-09-05 13:55:27.714] [exthost] [info] ExtensionService#_doActivateExtension vscode.merge-conflict, startup: false, activationEvent: 'onStartupFinished'
[2022-09-05 13:55:27.719] [exthost] [info] Eager extensions activated
[2022-09-05 18:24:37.082] [exthost] [info] Extension host terminating: renderer disconnected for too long (1)
[2022-09-05 18:24:37.082] [exthost] [info] Lock '/home/linl20/.vscode-server/data/User/workspaceStorage/846d061fbe3b7c3efc4e33135743ac56-1/vscode.lock': Marking the lockfile as scheduled to be released in 6000 ms.
[2022-09-05 18:24:37.098] [exthost] [info] Extension host with pid 30126 exiting with code 0
