[2022-09-11T02:40:12.064Z] Log level: Info
[2022-09-11T02:40:12.072Z] [info] Validating found git in: git
[2022-09-11T02:40:12.121Z] [info] Using git 2.20.1 from git
[2022-09-11T02:40:12.186Z] > git rev-parse --show-toplevel [45ms]
[2022-09-11T02:40:12.205Z] > git rev-parse --git-dir --git-common-dir [4ms]
[2022-09-11T02:40:12.214Z] [info] Open repository: /home/linl20
[2022-09-11T02:40:12.286Z] > git status -z -uall [58ms]
[2022-09-11T02:40:12.301Z] > git symbolic-ref --short HEAD [4ms]
[2022-09-11T02:40:12.345Z] > git for-each-ref --format=%(refname)%00%(upstream:short)%00%(objectname)%00%(upstream:track)%00%(upstream:remotename)%00%(upstream:remoteref) refs/heads/master refs/remotes/master [32ms]
[2022-09-11T02:40:12.369Z] > git remote --verbose [5ms]
[2022-09-11T02:40:12.370Z] > git for-each-ref --sort -committerdate --format %(refname) %(objectname) %(*objectname) [15ms]
[2022-09-11T02:40:13.347Z] > git config --get commit.template [39ms]
[2022-09-11T02:40:13.367Z] > git check-ignore -v -z --stdin [29ms]
[2022-09-11T02:40:13.428Z] > git status -z -uall [65ms]
[2022-09-11T02:40:13.443Z] > git symbolic-ref --short HEAD [3ms]
[2022-09-11T02:40:13.467Z] > git for-each-ref --format=%(refname)%00%(upstream:short)%00%(objectname)%00%(upstream:track)%00%(upstream:remotename)%00%(upstream:remoteref) refs/heads/master refs/remotes/master [12ms]
[2022-09-11T02:40:13.492Z] > git remote --verbose [3ms]
[2022-09-11T02:40:13.493Z] > git for-each-ref --sort -committerdate --format %(refname) %(objectname) %(*objectname) [15ms]
[2022-09-11T02:40:13.617Z] > git config --get commit.template [13ms]
[2022-09-11T02:40:14.543Z] > git check-ignore -v -z --stdin [5ms]
[2022-09-11T02:40:14.643Z] > git show --textconv :csc250_lab2-Lin-Eric-142313/cTest.c [18ms]
[2022-09-11T02:40:14.643Z] > git ls-files --stage -- /home/linl20/csc250_lab2-Lin-Eric-142313/cTest.c [4ms]
[2022-09-11T02:40:34.613Z] > git status -z -uall [53ms]
[2022-09-11T02:40:34.629Z] > git symbolic-ref --short HEAD [1ms]
[2022-09-11T02:40:34.645Z] > git for-each-ref --format=%(refname)%00%(upstream:short)%00%(objectname)%00%(upstream:track)%00%(upstream:remotename)%00%(upstream:remoteref) refs/heads/master refs/remotes/master [2ms]
[2022-09-11T02:40:34.672Z] > git remote --verbose [2ms]
[2022-09-11T02:40:34.672Z] > git for-each-ref --sort -committerdate --format %(refname) %(objectname) %(*objectname) [14ms]
[2022-09-11T02:40:35.721Z] > git config --get commit.template [9ms]
[2022-09-11T02:40:42.499Z] > git status -z -uall [44ms]
[2022-09-11T02:40:42.515Z] > git symbolic-ref --short HEAD [1ms]
[2022-09-11T02:40:42.530Z] > git for-each-ref --format=%(refname)%00%(upstream:short)%00%(objectname)%00%(upstream:track)%00%(upstream:remotename)%00%(upstream:remoteref) refs/heads/master refs/remotes/master [1ms]
[2022-09-11T02:40:42.560Z] > git for-each-ref --sort -committerdate --format %(refname) %(objectname) %(*objectname) [16ms]
[2022-09-11T02:40:42.561Z] > git remote --verbose [3ms]
[2022-09-11T02:40:42.669Z] > git config --get commit.template [1ms]
[2022-09-11T02:42:48.262Z] > git status -z -uall [49ms]
[2022-09-11T02:42:48.276Z] > git symbolic-ref --short HEAD [1ms]
[2022-09-11T02:42:48.288Z] > git for-each-ref --format=%(refname)%00%(upstream:short)%00%(objectname)%00%(upstream:track)%00%(upstream:remotename)%00%(upstream:remoteref) refs/heads/master refs/remotes/master [1ms]
[2022-09-11T02:42:48.314Z] > git remote --verbose [2ms]
[2022-09-11T02:42:48.314Z] > git for-each-ref --sort -committerdate --format %(refname) %(objectname) %(*objectname) [13ms]
[2022-09-11T02:42:48.442Z] > git config --get commit.template [4ms]
[2022-09-11T02:43:07.823Z] > git status -z -uall [39ms]
[2022-09-11T02:43:07.838Z] > git symbolic-ref --short HEAD [1ms]
[2022-09-11T02:43:07.852Z] > git for-each-ref --format=%(refname)%00%(upstream:short)%00%(objectname)%00%(upstream:track)%00%(upstream:remotename)%00%(upstream:remoteref) refs/heads/master refs/remotes/master [1ms]
[2022-09-11T02:43:07.879Z] > git remote --verbose [1ms]
[2022-09-11T02:43:07.880Z] > git for-each-ref --sort -committerdate --format %(refname) %(objectname) %(*objectname) [15ms]
[2022-09-11T02:43:07.988Z] > git config --get commit.template [1ms]
[2022-09-11T02:43:13.046Z] > git status -z -uall [40ms]
[2022-09-11T02:43:13.061Z] > git symbolic-ref --short HEAD [1ms]
[2022-09-11T02:43:13.077Z] > git for-each-ref --format=%(refname)%00%(upstream:short)%00%(objectname)%00%(upstream:track)%00%(upstream:remotename)%00%(upstream:remoteref) refs/heads/master refs/remotes/master [1ms]
[2022-09-11T02:43:13.106Z] > git remote --verbose [2ms]
[2022-09-11T02:43:13.106Z] > git for-each-ref --sort -committerdate --format %(refname) %(objectname) %(*objectname) [15ms]
[2022-09-11T02:43:13.222Z] > git config --get commit.template [1ms]
[2022-09-11T02:45:34.161Z] > git status -z -uall [50ms]
[2022-09-11T02:45:34.176Z] > git symbolic-ref --short HEAD [2ms]
[2022-09-11T02:45:34.189Z] > git for-each-ref --format=%(refname)%00%(upstream:short)%00%(objectname)%00%(upstream:track)%00%(upstream:remotename)%00%(upstream:remoteref) refs/heads/master refs/remotes/master [1ms]
[2022-09-11T02:45:34.215Z] > git remote --verbose [1ms]
[2022-09-11T02:45:34.216Z] > git for-each-ref --sort -committerdate --format %(refname) %(objectname) %(*objectname) [14ms]
[2022-09-11T02:45:34.340Z] > git config --get commit.template [5ms]
[2022-09-11T02:45:39.397Z] > git status -z -uall [38ms]
[2022-09-11T02:45:39.414Z] > git symbolic-ref --short HEAD [2ms]
[2022-09-11T02:45:39.430Z] > git for-each-ref --format=%(refname)%00%(upstream:short)%00%(objectname)%00%(upstream:track)%00%(upstream:remotename)%00%(upstream:remoteref) refs/heads/master refs/remotes/master [1ms]
[2022-09-11T02:45:39.461Z] > git remote --verbose [2ms]
[2022-09-11T02:45:39.461Z] > git for-each-ref --sort -committerdate --format %(refname) %(objectname) %(*objectname) [16ms]
[2022-09-11T02:45:39.574Z] > git config --get commit.template [1ms]
[2022-09-11T02:45:44.634Z] > git status -z -uall [42ms]
[2022-09-11T02:45:44.652Z] > git symbolic-ref --short HEAD [1ms]
[2022-09-11T02:45:44.669Z] > git for-each-ref --format=%(refname)%00%(upstream:short)%00%(objectname)%00%(upstream:track)%00%(upstream:remotename)%00%(upstream:remoteref) refs/heads/master refs/remotes/master [1ms]
[2022-09-11T02:45:44.705Z] > git remote --verbose [5ms]
[2022-09-11T02:45:44.706Z] > git for-each-ref --sort -committerdate --format %(refname) %(objectname) %(*objectname) [21ms]
[2022-09-11T02:45:44.813Z] > git config --get commit.template [3ms]
[2022-09-11T02:45:49.870Z] > git status -z -uall [39ms]
[2022-09-11T02:45:49.888Z] > git symbolic-ref --short HEAD [1ms]
[2022-09-11T02:45:49.905Z] > git for-each-ref --format=%(refname)%00%(upstream:short)%00%(objectname)%00%(upstream:track)%00%(upstream:remotename)%00%(upstream:remoteref) refs/heads/master refs/remotes/master [1ms]
[2022-09-11T02:45:49.938Z] > git remote --verbose [1ms]
[2022-09-11T02:45:49.939Z] > git for-each-ref --sort -committerdate --format %(refname) %(objectname) %(*objectname) [18ms]
[2022-09-11T02:45:50.059Z] > git config --get commit.template [11ms]
[2022-09-11T02:45:55.117Z] > git status -z -uall [39ms]
[2022-09-11T02:45:55.139Z] > git symbolic-ref --short HEAD [4ms]
[2022-09-11T02:45:55.157Z] > git for-each-ref --format=%(refname)%00%(upstream:short)%00%(objectname)%00%(upstream:track)%00%(upstream:remotename)%00%(upstream:remoteref) refs/heads/master refs/remotes/master [1ms]
[2022-09-11T02:45:55.193Z] > git remote --verbose [1ms]
[2022-09-11T02:45:55.193Z] > git for-each-ref --sort -committerdate --format %(refname) %(objectname) %(*objectname) [18ms]
[2022-09-11T02:45:55.294Z] > git config --get commit.template [1ms]
[2022-09-11T02:46:00.351Z] > git status -z -uall [37ms]
[2022-09-11T02:46:00.372Z] > git symbolic-ref --short HEAD [1ms]
[2022-09-11T02:46:00.392Z] > git for-each-ref --format=%(refname)%00%(upstream:short)%00%(objectname)%00%(upstream:track)%00%(upstream:remotename)%00%(upstream:remoteref) refs/heads/master refs/remotes/master [2ms]
[2022-09-11T02:46:00.430Z] > git remote --verbose [1ms]
[2022-09-11T02:46:00.431Z] > git for-each-ref --sort -committerdate --format %(refname) %(objectname) %(*objectname) [21ms]
[2022-09-11T02:46:00.536Z] > git config --get commit.template [7ms]
[2022-09-11T02:46:05.600Z] > git status -z -uall [42ms]
[2022-09-11T02:46:05.621Z] > git symbolic-ref --short HEAD [1ms]
[2022-09-11T02:46:05.642Z] > git for-each-ref --format=%(refname)%00%(upstream:short)%00%(objectname)%00%(upstream:track)%00%(upstream:remotename)%00%(upstream:remoteref) refs/heads/master refs/remotes/master [1ms]
[2022-09-11T02:46:05.683Z] > git remote --verbose [1ms]
[2022-09-11T02:46:05.684Z] > git for-each-ref --sort -committerdate --format %(refname) %(objectname) %(*objectname) [22ms]
[2022-09-11T02:46:05.790Z] > git config --get commit.template [1ms]
[2022-09-11T02:46:10.850Z] > git status -z -uall [38ms]
[2022-09-11T02:46:10.873Z] > git symbolic-ref --short HEAD [1ms]
[2022-09-11T02:46:10.896Z] > git for-each-ref --format=%(refname)%00%(upstream:short)%00%(objectname)%00%(upstream:track)%00%(upstream:remotename)%00%(upstream:remoteref) refs/heads/master refs/remotes/master [1ms]
[2022-09-11T02:46:10.941Z] > git remote --verbose [1ms]
[2022-09-11T02:46:10.941Z] > git for-each-ref --sort -committerdate --format %(refname) %(objectname) %(*objectname) [23ms]
[2022-09-11T02:46:11.048Z] > git config --get commit.template [1ms]
[2022-09-11T02:46:16.115Z] > git status -z -uall [42ms]
[2022-09-11T02:46:16.139Z] > git symbolic-ref --short HEAD [1ms]
[2022-09-11T02:46:16.163Z] > git for-each-ref --format=%(refname)%00%(upstream:short)%00%(objectname)%00%(upstream:track)%00%(upstream:remotename)%00%(upstream:remoteref) refs/heads/master refs/remotes/master [1ms]
[2022-09-11T02:46:16.209Z] > git remote --verbose [2ms]
[2022-09-11T02:46:16.209Z] > git for-each-ref --sort -committerdate --format %(refname) %(objectname) %(*objectname) [24ms]
[2022-09-11T02:46:16.317Z] > git config --get commit.template [2ms]
[2022-09-11T02:46:21.380Z] > git status -z -uall [37ms]
[2022-09-11T02:46:21.406Z] > git symbolic-ref --short HEAD [1ms]
[2022-09-11T02:46:21.432Z] > git for-each-ref --format=%(refname)%00%(upstream:short)%00%(objectname)%00%(upstream:track)%00%(upstream:remotename)%00%(upstream:remoteref) refs/heads/master refs/remotes/master [2ms]
[2022-09-11T02:46:21.481Z] > git for-each-ref --sort -committerdate --format %(refname) %(objectname) %(*objectname) [25ms]
[2022-09-11T02:46:21.482Z] > git remote --verbose [2ms]
[2022-09-11T02:46:21.592Z] > git config --get commit.template [1ms]
[2022-09-11T02:46:26.657Z] > git status -z -uall [38ms]
[2022-09-11T02:46:26.683Z] > git symbolic-ref --short HEAD [1ms]
[2022-09-11T02:46:26.711Z] > git for-each-ref --format=%(refname)%00%(upstream:short)%00%(objectname)%00%(upstream:track)%00%(upstream:remotename)%00%(upstream:remoteref) refs/heads/master refs/remotes/master [1ms]
[2022-09-11T02:46:26.767Z] > git remote --verbose [1ms]
[2022-09-11T02:46:26.768Z] > git for-each-ref --sort -committerdate --format %(refname) %(objectname) %(*objectname) [28ms]
[2022-09-11T02:46:26.878Z] > git config --get commit.template [0ms]
[2022-09-11T02:46:31.939Z] > git status -z -uall [40ms]
[2022-09-11T02:46:31.959Z] > git symbolic-ref --short HEAD [1ms]
[2022-09-11T02:46:31.981Z] > git for-each-ref --format=%(refname)%00%(upstream:short)%00%(objectname)%00%(upstream:track)%00%(upstream:remotename)%00%(upstream:remoteref) refs/heads/master refs/remotes/master [3ms]
[2022-09-11T02:46:32.018Z] > git for-each-ref --sort -committerdate --format %(refname) %(objectname) %(*objectname) [19ms]
[2022-09-11T02:46:32.019Z] > git remote --verbose [2ms]
[2022-09-11T02:46:32.129Z] > git config --get commit.template [2ms]
[2022-09-11T02:46:37.188Z] > git status -z -uall [38ms]
[2022-09-11T02:46:37.208Z] > git symbolic-ref --short HEAD [1ms]
[2022-09-11T02:46:37.228Z] > git for-each-ref --format=%(refname)%00%(upstream:short)%00%(objectname)%00%(upstream:track)%00%(upstream:remotename)%00%(upstream:remoteref) refs/heads/master refs/remotes/master [1ms]
[2022-09-11T02:46:37.267Z] > git remote --verbose [1ms]
[2022-09-11T02:46:37.267Z] > git for-each-ref --sort -committerdate --format %(refname) %(objectname) %(*objectname) [20ms]
[2022-09-11T02:46:37.374Z] > git config --get commit.template [8ms]
[2022-09-11T02:46:42.443Z] > git status -z -uall [47ms]
[2022-09-11T02:46:42.462Z] > git symbolic-ref --short HEAD [1ms]
[2022-09-11T02:46:42.482Z] > git for-each-ref --format=%(refname)%00%(upstream:short)%00%(objectname)%00%(upstream:track)%00%(upstream:remotename)%00%(upstream:remoteref) refs/heads/master refs/remotes/master [1ms]
[2022-09-11T02:46:42.519Z] > git for-each-ref --sort -committerdate --format %(refname) %(objectname) %(*objectname) [19ms]
[2022-09-11T02:46:42.520Z] > git remote --verbose [2ms]
[2022-09-11T02:46:42.627Z] > git config --get commit.template [1ms]
[2022-09-11T02:46:47.685Z] > git status -z -uall [37ms]
[2022-09-11T02:46:47.705Z] > git symbolic-ref --short HEAD [1ms]
[2022-09-11T02:46:47.725Z] > git for-each-ref --format=%(refname)%00%(upstream:short)%00%(objectname)%00%(upstream:track)%00%(upstream:remotename)%00%(upstream:remoteref) refs/heads/master refs/remotes/master [1ms]
[2022-09-11T02:46:47.764Z] > git for-each-ref --sort -committerdate --format %(refname) %(objectname) %(*objectname) [20ms]
[2022-09-11T02:46:47.765Z] > git remote --verbose [2ms]
[2022-09-11T02:46:47.871Z] > git config --get commit.template [1ms]
[2022-09-11T02:46:52.930Z] > git status -z -uall [37ms]
[2022-09-11T02:46:52.952Z] > git symbolic-ref --short HEAD [1ms]
[2022-09-11T02:46:52.974Z] > git for-each-ref --format=%(refname)%00%(upstream:short)%00%(objectname)%00%(upstream:track)%00%(upstream:remotename)%00%(upstream:remoteref) refs/heads/master refs/remotes/master [1ms]
[2022-09-11T02:46:53.015Z] > git for-each-ref --sort -committerdate --format %(refname) %(objectname) %(*objectname) [21ms]
[2022-09-11T02:46:53.016Z] > git remote --verbose [2ms]
[2022-09-11T02:46:53.121Z] > git config --get commit.template [1ms]
[2022-09-11T02:46:58.182Z] > git status -z -uall [38ms]
[2022-09-11T02:46:58.205Z] > git symbolic-ref --short HEAD [1ms]
[2022-09-11T02:46:58.228Z] > git for-each-ref --format=%(refname)%00%(upstream:short)%00%(objectname)%00%(upstream:track)%00%(upstream:remotename)%00%(upstream:remoteref) refs/heads/master refs/remotes/master [2ms]
[2022-09-11T02:46:58.272Z] > git for-each-ref --sort -committerdate --format %(refname) %(objectname) %(*objectname) [23ms]
[2022-09-11T02:46:58.272Z] > git remote --verbose [1ms]
[2022-09-11T02:46:58.382Z] > git config --get commit.template [9ms]
[2022-09-11T02:47:03.445Z] > git status -z -uall [38ms]
[2022-09-11T02:47:03.469Z] > git symbolic-ref --short HEAD [1ms]
[2022-09-11T02:47:03.493Z] > git for-each-ref --format=%(refname)%00%(upstream:short)%00%(objectname)%00%(upstream:track)%00%(upstream:remotename)%00%(upstream:remoteref) refs/heads/master refs/remotes/master [1ms]
[2022-09-11T02:47:03.538Z] > git remote --verbose [1ms]
[2022-09-11T02:47:03.538Z] > git for-each-ref --sort -committerdate --format %(refname) %(objectname) %(*objectname) [23ms]
[2022-09-11T02:47:03.655Z] > git config --get commit.template [2ms]
[2022-09-11T02:47:08.718Z] > git status -z -uall [38ms]
[2022-09-11T02:47:08.744Z] > git symbolic-ref --short HEAD [2ms]
[2022-09-11T02:47:08.769Z] > git for-each-ref --format=%(refname)%00%(upstream:short)%00%(objectname)%00%(upstream:track)%00%(upstream:remotename)%00%(upstream:remoteref) refs/heads/master refs/remotes/master [1ms]
[2022-09-11T02:47:08.819Z] > git for-each-ref --sort -committerdate --format %(refname) %(objectname) %(*objectname) [25ms]
[2022-09-11T02:47:08.820Z] > git remote --verbose [2ms]
[2022-09-11T02:47:08.924Z] > git config --get commit.template [1ms]
[2022-09-11T02:47:13.993Z] > git status -z -uall [42ms]
[2022-09-11T02:47:14.020Z] > git symbolic-ref --short HEAD [1ms]
[2022-09-11T02:47:14.047Z] > git for-each-ref --format=%(refname)%00%(upstream:short)%00%(objectname)%00%(upstream:track)%00%(upstream:remotename)%00%(upstream:remoteref) refs/heads/master refs/remotes/master [1ms]
[2022-09-11T02:47:14.099Z] > git for-each-ref --sort -committerdate --format %(refname) %(objectname) %(*objectname) [26ms]
[2022-09-11T02:47:14.100Z] > git remote --verbose [2ms]
[2022-09-11T02:47:14.207Z] > git config --get commit.template [0ms]
[2022-09-11T02:47:21.118Z] > git status -z -uall [40ms]
[2022-09-11T02:47:21.139Z] > git symbolic-ref --short HEAD [2ms]
[2022-09-11T02:47:21.159Z] > git for-each-ref --format=%(refname)%00%(upstream:short)%00%(objectname)%00%(upstream:track)%00%(upstream:remotename)%00%(upstream:remoteref) refs/heads/master refs/remotes/master [1ms]
[2022-09-11T02:47:21.200Z] > git remote --verbose [1ms]
[2022-09-11T02:47:21.201Z] > git for-each-ref --sort -committerdate --format %(refname) %(objectname) %(*objectname) [22ms]
[2022-09-11T02:47:21.326Z] > git config --get commit.template [1ms]
[2022-09-11T02:47:26.390Z] > git status -z -uall [42ms]
[2022-09-11T02:47:26.412Z] > git symbolic-ref --short HEAD [1ms]
[2022-09-11T02:47:26.432Z] > git for-each-ref --format=%(refname)%00%(upstream:short)%00%(objectname)%00%(upstream:track)%00%(upstream:remotename)%00%(upstream:remoteref) refs/heads/master refs/remotes/master [1ms]
[2022-09-11T02:47:26.473Z] > git for-each-ref --sort -committerdate --format %(refname) %(objectname) %(*objectname) [21ms]
[2022-09-11T02:47:26.474Z] > git remote --verbose [2ms]
[2022-09-11T02:47:26.579Z] > git config --get commit.template [0ms]
[2022-09-11T02:47:31.639Z] > git status -z -uall [38ms]
[2022-09-11T02:47:31.660Z] > git symbolic-ref --short HEAD [1ms]
[2022-09-11T02:47:31.682Z] > git for-each-ref --format=%(refname)%00%(upstream:short)%00%(objectname)%00%(upstream:track)%00%(upstream:remotename)%00%(upstream:remoteref) refs/heads/master refs/remotes/master [2ms]
[2022-09-11T02:47:31.722Z] > git remote --verbose [1ms]
[2022-09-11T02:47:31.723Z] > git for-each-ref --sort -committerdate --format %(refname) %(objectname) %(*objectname) [21ms]
[2022-09-11T02:47:31.822Z] > git config --get commit.template [1ms]
[2022-09-11T02:47:36.886Z] > git status -z -uall [42ms]
[2022-09-11T02:47:36.908Z] > git symbolic-ref --short HEAD [1ms]
[2022-09-11T02:47:36.928Z] > git for-each-ref --format=%(refname)%00%(upstream:short)%00%(objectname)%00%(upstream:track)%00%(upstream:remotename)%00%(upstream:remoteref) refs/heads/master refs/remotes/master [1ms]
[2022-09-11T02:47:36.969Z] > git remote --verbose [1ms]
[2022-09-11T02:47:36.970Z] > git for-each-ref --sort -committerdate --format %(refname) %(objectname) %(*objectname) [22ms]
[2022-09-11T02:47:37.076Z] > git config --get commit.template [1ms]
[2022-09-11T02:47:42.138Z] > git status -z -uall [39ms]
[2022-09-11T02:47:42.161Z] > git symbolic-ref --short HEAD [1ms]
[2022-09-11T02:47:42.183Z] > git for-each-ref --format=%(refname)%00%(upstream:short)%00%(objectname)%00%(upstream:track)%00%(upstream:remotename)%00%(upstream:remoteref) refs/heads/master refs/remotes/master [1ms]
[2022-09-11T02:47:42.227Z] > git remote --verbose [1ms]
[2022-09-11T02:47:42.227Z] > git for-each-ref --sort -committerdate --format %(refname) %(objectname) %(*objectname) [23ms]
[2022-09-11T02:47:42.332Z] > git config --get commit.template [0ms]
[2022-09-11T02:47:47.394Z] > git status -z -uall [39ms]
[2022-09-11T02:47:47.417Z] > git symbolic-ref --short HEAD [2ms]
[2022-09-11T02:47:47.440Z] > git for-each-ref --format=%(refname)%00%(upstream:short)%00%(objectname)%00%(upstream:track)%00%(upstream:remotename)%00%(upstream:remoteref) refs/heads/master refs/remotes/master [1ms]
[2022-09-11T02:47:47.485Z] > git remote --verbose [1ms]
[2022-09-11T02:47:47.486Z] > git for-each-ref --sort -committerdate --format %(refname) %(objectname) %(*objectname) [24ms]
[2022-09-11T02:47:47.587Z] > git config --get commit.template [2ms]
[2022-09-11T02:47:52.650Z] > git status -z -uall [38ms]
[2022-09-11T02:47:52.675Z] > git symbolic-ref --short HEAD [1ms]
[2022-09-11T02:47:52.699Z] > git for-each-ref --format=%(refname)%00%(upstream:short)%00%(objectname)%00%(upstream:track)%00%(upstream:remotename)%00%(upstream:remoteref) refs/heads/master refs/remotes/master [1ms]
[2022-09-11T02:47:52.746Z] > git for-each-ref --sort -committerdate --format %(refname) %(objectname) %(*objectname) [24ms]
[2022-09-11T02:47:52.746Z] > git remote --verbose [1ms]
[2022-09-11T02:47:52.857Z] > git config --get commit.template [10ms]
[2022-09-11T02:47:57.922Z] > git status -z -uall [39ms]
[2022-09-11T02:47:57.948Z] > git symbolic-ref --short HEAD [1ms]
[2022-09-11T02:47:57.974Z] > git for-each-ref --format=%(refname)%00%(upstream:short)%00%(objectname)%00%(upstream:track)%00%(upstream:remotename)%00%(upstream:remoteref) refs/heads/master refs/remotes/master [1ms]
[2022-09-11T02:47:58.024Z] > git remote --verbose [1ms]
[2022-09-11T02:47:58.025Z] > git for-each-ref --sort -committerdate --format %(refname) %(objectname) %(*objectname) [26ms]
[2022-09-11T02:47:58.135Z] > git config --get commit.template [1ms]
[2022-09-11T02:48:03.201Z] > git status -z -uall [39ms]
[2022-09-11T02:48:03.228Z] > git symbolic-ref --short HEAD [1ms]
[2022-09-11T02:48:03.256Z] > git for-each-ref --format=%(refname)%00%(upstream:short)%00%(objectname)%00%(upstream:track)%00%(upstream:remotename)%00%(upstream:remoteref) refs/heads/master refs/remotes/master [2ms]
[2022-09-11T02:48:03.310Z] > git remote --verbose [2ms]
[2022-09-11T02:48:03.310Z] > git for-each-ref --sort -committerdate --format %(refname) %(objectname) %(*objectname) [28ms]
[2022-09-11T02:48:03.422Z] > git config --get commit.template [2ms]
[2022-09-11T02:48:08.486Z] > git status -z -uall [40ms]
[2022-09-11T02:48:08.508Z] > git symbolic-ref --short HEAD [1ms]
[2022-09-11T02:48:08.530Z] > git for-each-ref --format=%(refname)%00%(upstream:short)%00%(objectname)%00%(upstream:track)%00%(upstream:remotename)%00%(upstream:remoteref) refs/heads/master refs/remotes/master [1ms]
[2022-09-11T02:48:08.571Z] > git for-each-ref --sort -committerdate --format %(refname) %(objectname) %(*objectname) [21ms]
[2022-09-11T02:48:08.572Z] > git remote --verbose [2ms]
[2022-09-11T02:48:08.682Z] > git config --get commit.template [1ms]
[2022-09-11T02:48:13.742Z] > git status -z -uall [38ms]
[2022-09-11T02:48:13.765Z] > git symbolic-ref --short HEAD [1ms]
[2022-09-11T02:48:13.787Z] > git for-each-ref --format=%(refname)%00%(upstream:short)%00%(objectname)%00%(upstream:track)%00%(upstream:remotename)%00%(upstream:remoteref) refs/heads/master refs/remotes/master [1ms]
[2022-09-11T02:48:13.831Z] > git for-each-ref --sort -committerdate --format %(refname) %(objectname) %(*objectname) [23ms]
[2022-09-11T02:48:13.831Z] > git remote --verbose [2ms]
[2022-09-11T02:48:13.938Z] > git config --get commit.template [0ms]
[2022-09-11T02:48:18.999Z] > git status -z -uall [38ms]
[2022-09-11T02:48:19.022Z] > git symbolic-ref --short HEAD [1ms]
[2022-09-11T02:48:19.044Z] > git for-each-ref --format=%(refname)%00%(upstream:short)%00%(objectname)%00%(upstream:track)%00%(upstream:remotename)%00%(upstream:remoteref) refs/heads/master refs/remotes/master [1ms]
[2022-09-11T02:48:19.087Z] > git for-each-ref --sort -committerdate --format %(refname) %(objectname) %(*objectname) [22ms]
[2022-09-11T02:48:19.087Z] > git remote --verbose [1ms]
[2022-09-11T02:48:19.191Z] > git config --get commit.template [1ms]
[2022-09-11T02:48:24.252Z] > git status -z -uall [38ms]
[2022-09-11T02:48:24.275Z] > git symbolic-ref --short HEAD [1ms]
[2022-09-11T02:48:24.297Z] > git for-each-ref --format=%(refname)%00%(upstream:short)%00%(objectname)%00%(upstream:track)%00%(upstream:remotename)%00%(upstream:remoteref) refs/heads/master refs/remotes/master [1ms]
[2022-09-11T02:48:24.341Z] > git for-each-ref --sort -committerdate --format %(refname) %(objectname) %(*objectname) [22ms]
[2022-09-11T02:48:24.342Z] > git remote --verbose [2ms]
[2022-09-11T02:48:24.447Z] > git config --get commit.template [1ms]
[2022-09-11T02:48:29.510Z] > git status -z -uall [39ms]
[2022-09-11T02:48:29.533Z] > git symbolic-ref --short HEAD [1ms]
[2022-09-11T02:48:29.555Z] > git for-each-ref --format=%(refname)%00%(upstream:short)%00%(objectname)%00%(upstream:track)%00%(upstream:remotename)%00%(upstream:remoteref) refs/heads/master refs/remotes/master [1ms]
[2022-09-11T02:48:29.600Z] > git for-each-ref --sort -committerdate --format %(refname) %(objectname) %(*objectname) [23ms]
[2022-09-11T02:48:29.600Z] > git remote --verbose [2ms]
[2022-09-11T02:48:29.708Z] > git config --get commit.template [1ms]
[2022-09-11T02:48:34.772Z] > git status -z -uall [40ms]
[2022-09-11T02:48:34.795Z] > git symbolic-ref --short HEAD [1ms]
[2022-09-11T02:48:34.819Z] > git for-each-ref --format=%(refname)%00%(upstream:short)%00%(objectname)%00%(upstream:track)%00%(upstream:remotename)%00%(upstream:remoteref) refs/heads/master refs/remotes/master [1ms]
[2022-09-11T02:48:34.865Z] > git remote --verbose [2ms]
[2022-09-11T02:48:34.865Z] > git for-each-ref --sort -committerdate --format %(refname) %(objectname) %(*objectname) [23ms]
[2022-09-11T02:48:34.972Z] > git config --get commit.template [1ms]
[2022-09-11T02:48:40.039Z] > git status -z -uall [42ms]
[2022-09-11T02:48:40.065Z] > git symbolic-ref --short HEAD [1ms]
[2022-09-11T02:48:40.090Z] > git for-each-ref --format=%(refname)%00%(upstream:short)%00%(objectname)%00%(upstream:track)%00%(upstream:remotename)%00%(upstream:remoteref) refs/heads/master refs/remotes/master [1ms]
[2022-09-11T02:48:40.139Z] > git remote --verbose [2ms]
[2022-09-11T02:48:40.139Z] > git for-each-ref --sort -committerdate --format %(refname) %(objectname) %(*objectname) [25ms]
[2022-09-11T02:48:40.249Z] > git config --get commit.template [1ms]
[2022-09-11T02:48:45.318Z] > git status -z -uall [39ms]
[2022-09-11T02:48:45.345Z] > git symbolic-ref --short HEAD [1ms]
[2022-09-11T02:48:45.372Z] > git for-each-ref --format=%(refname)%00%(upstream:short)%00%(objectname)%00%(upstream:track)%00%(upstream:remotename)%00%(upstream:remoteref) refs/heads/master refs/remotes/master [1ms]
[2022-09-11T02:48:45.424Z] > git remote --verbose [1ms]
[2022-09-11T02:48:45.425Z] > git for-each-ref --sort -committerdate --format %(refname) %(objectname) %(*objectname) [28ms]
[2022-09-11T02:48:45.542Z] > git config --get commit.template [2ms]
[2022-09-11T02:48:50.612Z] > git status -z -uall [39ms]
[2022-09-11T02:48:50.640Z] > git symbolic-ref --short HEAD [1ms]
[2022-09-11T02:48:50.668Z] > git for-each-ref --format=%(refname)%00%(upstream:short)%00%(objectname)%00%(upstream:track)%00%(upstream:remotename)%00%(upstream:remoteref) refs/heads/master refs/remotes/master [1ms]
[2022-09-11T02:48:50.723Z] > git for-each-ref --sort -committerdate --format %(refname) %(objectname) %(*objectname) [28ms]
[2022-09-11T02:48:50.723Z] > git remote --verbose [2ms]
[2022-09-11T02:48:50.839Z] > git config --get commit.template [0ms]
[2022-09-11T02:48:55.906Z] > git status -z -uall [41ms]
[2022-09-11T02:48:55.929Z] > git symbolic-ref --short HEAD [1ms]
[2022-09-11T02:48:55.953Z] > git for-each-ref --format=%(refname)%00%(upstream:short)%00%(objectname)%00%(upstream:track)%00%(upstream:remotename)%00%(upstream:remoteref) refs/heads/master refs/remotes/master [1ms]
[2022-09-11T02:48:55.999Z] > git for-each-ref --sort -committerdate --format %(refname) %(objectname) %(*objectname) [24ms]
[2022-09-11T02:48:55.999Z] > git remote --verbose [2ms]
[2022-09-11T02:48:56.111Z] > git config --get commit.template [1ms]
[2022-09-11T02:49:01.175Z] > git status -z -uall [39ms]
[2022-09-11T02:49:01.199Z] > git symbolic-ref --short HEAD [2ms]
[2022-09-11T02:49:01.222Z] > git for-each-ref --format=%(refname)%00%(upstream:short)%00%(objectname)%00%(upstream:track)%00%(upstream:remotename)%00%(upstream:remoteref) refs/heads/master refs/remotes/master [1ms]
[2022-09-11T02:49:01.268Z] > git for-each-ref --sort -committerdate --format %(refname) %(objectname) %(*objectname) [24ms]
[2022-09-11T02:49:01.268Z] > git remote --verbose [2ms]
[2022-09-11T02:49:01.377Z] > git config --get commit.template [1ms]
[2022-09-11T02:49:13.656Z] > git status -z -uall [38ms]
[2022-09-11T02:49:13.680Z] > git symbolic-ref --short HEAD [1ms]
[2022-09-11T02:49:13.703Z] > git for-each-ref --format=%(refname)%00%(upstream:short)%00%(objectname)%00%(upstream:track)%00%(upstream:remotename)%00%(upstream:remoteref) refs/heads/master refs/remotes/master [1ms]
[2022-09-11T02:49:13.748Z] > git remote --verbose [1ms]
[2022-09-11T02:49:13.748Z] > git for-each-ref --sort -committerdate --format %(refname) %(objectname) %(*objectname) [23ms]
[2022-09-11T02:49:13.852Z] > git config --get commit.template [1ms]
[2022-09-11T02:49:18.917Z] > git status -z -uall [41ms]
[2022-09-11T02:49:18.941Z] > git symbolic-ref --short HEAD [2ms]
[2022-09-11T02:49:18.964Z] > git for-each-ref --format=%(refname)%00%(upstream:short)%00%(objectname)%00%(upstream:track)%00%(upstream:remotename)%00%(upstream:remoteref) refs/heads/master refs/remotes/master [1ms]
[2022-09-11T02:49:19.009Z] > git remote --verbose [1ms]
[2022-09-11T02:49:19.010Z] > git for-each-ref --sort -committerdate --format %(refname) %(objectname) %(*objectname) [24ms]
[2022-09-11T02:49:19.116Z] > git config --get commit.template [2ms]
[2022-09-11T02:49:24.178Z] > git status -z -uall [37ms]
[2022-09-11T02:49:24.202Z] > git symbolic-ref --short HEAD [1ms]
[2022-09-11T02:49:24.225Z] > git for-each-ref --format=%(refname)%00%(upstream:short)%00%(objectname)%00%(upstream:track)%00%(upstream:remotename)%00%(upstream:remoteref) refs/heads/master refs/remotes/master [1ms]
[2022-09-11T02:49:24.270Z] > git remote --verbose [1ms]
[2022-09-11T02:49:24.271Z] > git for-each-ref --sort -committerdate --format %(refname) %(objectname) %(*objectname) [24ms]
[2022-09-11T02:49:24.380Z] > git config --get commit.template [3ms]
[2022-09-11T02:49:29.443Z] > git status -z -uall [38ms]
[2022-09-11T02:49:29.467Z] > git symbolic-ref --short HEAD [1ms]
[2022-09-11T02:49:29.490Z] > git for-each-ref --format=%(refname)%00%(upstream:short)%00%(objectname)%00%(upstream:track)%00%(upstream:remotename)%00%(upstream:remoteref) refs/heads/master refs/remotes/master [1ms]
[2022-09-11T02:49:29.537Z] > git remote --verbose [2ms]
[2022-09-11T02:49:29.537Z] > git for-each-ref --sort -committerdate --format %(refname) %(objectname) %(*objectname) [24ms]
[2022-09-11T02:49:29.638Z] > git config --get commit.template [1ms]
[2022-09-11T02:49:34.707Z] > git status -z -uall [41ms]
[2022-09-11T02:49:34.733Z] > git symbolic-ref --short HEAD [1ms]
[2022-09-11T02:49:34.760Z] > git for-each-ref --format=%(refname)%00%(upstream:short)%00%(objectname)%00%(upstream:track)%00%(upstream:remotename)%00%(upstream:remoteref) refs/heads/master refs/remotes/master [2ms]
[2022-09-11T02:49:34.810Z] > git remote --verbose [1ms]
[2022-09-11T02:49:34.811Z] > git for-each-ref --sort -committerdate --format %(refname) %(objectname) %(*objectname) [26ms]
[2022-09-11T02:49:34.924Z] > git config --get commit.template [2ms]
[2022-09-11T02:49:39.989Z] > git status -z -uall [38ms]
[2022-09-11T02:49:40.016Z] > git symbolic-ref --short HEAD [1ms]
[2022-09-11T02:49:40.044Z] > git for-each-ref --format=%(refname)%00%(upstream:short)%00%(objectname)%00%(upstream:track)%00%(upstream:remotename)%00%(upstream:remoteref) refs/heads/master refs/remotes/master [2ms]
[2022-09-11T02:49:40.097Z] > git for-each-ref --sort -committerdate --format %(refname) %(objectname) %(*objectname) [27ms]
[2022-09-11T02:49:40.097Z] > git remote --verbose [2ms]
[2022-09-11T02:49:40.208Z] > git config --get commit.template [2ms]
[2022-09-11T02:49:45.274Z] > git status -z -uall [38ms]
[2022-09-11T02:49:45.302Z] > git symbolic-ref --short HEAD [1ms]
[2022-09-11T02:49:45.329Z] > git for-each-ref --format=%(refname)%00%(upstream:short)%00%(objectname)%00%(upstream:track)%00%(upstream:remotename)%00%(upstream:remoteref) refs/heads/master refs/remotes/master [1ms]
[2022-09-11T02:49:45.384Z] > git for-each-ref --sort -committerdate --format %(refname) %(objectname) %(*objectname) [28ms]
[2022-09-11T02:49:45.385Z] > git remote --verbose [2ms]
[2022-09-11T02:49:45.495Z] > git config --get commit.template [1ms]
[2022-09-11T02:49:50.559Z] > git status -z -uall [40ms]
[2022-09-11T02:49:50.582Z] > git symbolic-ref --short HEAD [1ms]
[2022-09-11T02:49:50.605Z] > git for-each-ref --format=%(refname)%00%(upstream:short)%00%(objectname)%00%(upstream:track)%00%(upstream:remotename)%00%(upstream:remoteref) refs/heads/master refs/remotes/master [0ms]
[2022-09-11T02:49:50.649Z] > git remote --verbose [2ms]
[2022-09-11T02:49:50.649Z] > git for-each-ref --sort -committerdate --format %(refname) %(objectname) %(*objectname) [23ms]
[2022-09-11T02:49:50.761Z] > git config --get commit.template [1ms]
[2022-09-11T02:49:55.824Z] > git status -z -uall [39ms]
[2022-09-11T02:49:55.847Z] > git symbolic-ref --short HEAD [2ms]
[2022-09-11T02:49:55.869Z] > git for-each-ref --format=%(refname)%00%(upstream:short)%00%(objectname)%00%(upstream:track)%00%(upstream:remotename)%00%(upstream:remoteref) refs/heads/master refs/remotes/master [1ms]
[2022-09-11T02:49:55.914Z] > git for-each-ref --sort -committerdate --format %(refname) %(objectname) %(*objectname) [23ms]
[2022-09-11T02:49:55.914Z] > git remote --verbose [1ms]
[2022-09-11T02:49:56.020Z] > git config --get commit.template [2ms]
[2022-09-11T02:50:01.082Z] > git status -z -uall [39ms]
[2022-09-11T02:50:01.105Z] > git symbolic-ref --short HEAD [1ms]
[2022-09-11T02:50:01.128Z] > git for-each-ref --format=%(refname)%00%(upstream:short)%00%(objectname)%00%(upstream:track)%00%(upstream:remotename)%00%(upstream:remoteref) refs/heads/master refs/remotes/master [1ms]
[2022-09-11T02:50:01.172Z] > git for-each-ref --sort -committerdate --format %(refname) %(objectname) %(*objectname) [23ms]
[2022-09-11T02:50:01.172Z] > git remote --verbose [2ms]
[2022-09-11T02:50:01.279Z] > git config --get commit.template [1ms]
[2022-09-11T02:50:06.341Z] > git status -z -uall [38ms]
[2022-09-11T02:50:06.363Z] > git symbolic-ref --short HEAD [1ms]
[2022-09-11T02:50:06.386Z] > git for-each-ref --format=%(refname)%00%(upstream:short)%00%(objectname)%00%(upstream:track)%00%(upstream:remotename)%00%(upstream:remoteref) refs/heads/master refs/remotes/master [1ms]
[2022-09-11T02:50:06.430Z] > git for-each-ref --sort -committerdate --format %(refname) %(objectname) %(*objectname) [22ms]
[2022-09-11T02:50:06.430Z] > git remote --verbose [1ms]
[2022-09-11T02:50:06.536Z] > git config --get commit.template [1ms]
[2022-09-11T02:50:11.596Z] > git status -z -uall [37ms]
[2022-09-11T02:50:11.619Z] > git symbolic-ref --short HEAD [1ms]
[2022-09-11T02:50:11.642Z] > git for-each-ref --format=%(refname)%00%(upstream:short)%00%(objectname)%00%(upstream:track)%00%(upstream:remotename)%00%(upstream:remoteref) refs/heads/master refs/remotes/master [1ms]
[2022-09-11T02:50:11.686Z] > git remote --verbose [1ms]
[2022-09-11T02:50:11.686Z] > git for-each-ref --sort -committerdate --format %(refname) %(objectname) %(*objectname) [23ms]
[2022-09-11T02:50:11.793Z] > git config --get commit.template [1ms]
[2022-09-11T02:50:16.856Z] > git status -z -uall [39ms]
[2022-09-11T02:50:16.880Z] > git symbolic-ref --short HEAD [2ms]
[2022-09-11T02:50:16.903Z] > git for-each-ref --format=%(refname)%00%(upstream:short)%00%(objectname)%00%(upstream:track)%00%(upstream:remotename)%00%(upstream:remoteref) refs/heads/master refs/remotes/master [1ms]
[2022-09-11T02:50:16.949Z] > git remote --verbose [1ms]
[2022-09-11T02:50:16.949Z] > git for-each-ref --sort -committerdate --format %(refname) %(objectname) %(*objectname) [23ms]
[2022-09-11T02:50:17.058Z] > git config --get commit.template [2ms]
[2022-09-11T02:50:22.121Z] > git status -z -uall [38ms]
[2022-09-11T02:50:22.146Z] > git symbolic-ref --short HEAD [2ms]
[2022-09-11T02:50:22.170Z] > git for-each-ref --format=%(refname)%00%(upstream:short)%00%(objectname)%00%(upstream:track)%00%(upstream:remotename)%00%(upstream:remoteref) refs/heads/master refs/remotes/master [1ms]
[2022-09-11T02:50:22.221Z] > git remote --verbose [4ms]
[2022-09-11T02:50:22.221Z] > git for-each-ref --sort -committerdate --format %(refname) %(objectname) %(*objectname) [27ms]
[2022-09-11T02:50:22.330Z] > git config --get commit.template [2ms]
[2022-09-11T02:50:29.246Z] > git status -z -uall [39ms]
[2022-09-11T02:50:29.272Z] > git symbolic-ref --short HEAD [1ms]
[2022-09-11T02:50:29.298Z] > git for-each-ref --format=%(refname)%00%(upstream:short)%00%(objectname)%00%(upstream:track)%00%(upstream:remotename)%00%(upstream:remoteref) refs/heads/master refs/remotes/master [1ms]
[2022-09-11T02:50:29.353Z] > git remote --verbose [5ms]
[2022-09-11T02:50:29.353Z] > git for-each-ref --sort -committerdate --format %(refname) %(objectname) %(*objectname) [30ms]
[2022-09-11T02:50:29.467Z] > git config --get commit.template [1ms]
[2022-09-11T02:50:34.533Z] > git status -z -uall [38ms]
[2022-09-11T02:50:34.560Z] > git symbolic-ref --short HEAD [1ms]
[2022-09-11T02:50:34.587Z] > git for-each-ref --format=%(refname)%00%(upstream:short)%00%(objectname)%00%(upstream:track)%00%(upstream:remotename)%00%(upstream:remoteref) refs/heads/master refs/remotes/master [2ms]
[2022-09-11T02:50:34.639Z] > git for-each-ref --sort -committerdate --format %(refname) %(objectname) %(*objectname) [27ms]
[2022-09-11T02:50:34.639Z] > git remote --verbose [2ms]
[2022-09-11T02:50:34.751Z] > git config --get commit.template [1ms]
[2022-09-11T02:50:39.816Z] > git status -z -uall [41ms]
[2022-09-11T02:50:39.839Z] > git symbolic-ref --short HEAD [1ms]
[2022-09-11T02:50:39.862Z] > git for-each-ref --format=%(refname)%00%(upstream:short)%00%(objectname)%00%(upstream:track)%00%(upstream:remotename)%00%(upstream:remoteref) refs/heads/master refs/remotes/master [1ms]
[2022-09-11T02:50:39.906Z] > git for-each-ref --sort -committerdate --format %(refname) %(objectname) %(*objectname) [23ms]
[2022-09-11T02:50:39.907Z] > git remote --verbose [2ms]
[2022-09-11T02:50:40.017Z] > git config --get commit.template [1ms]
[2022-09-11T02:50:45.079Z] > git status -z -uall [39ms]
[2022-09-11T02:50:45.101Z] > git symbolic-ref --short HEAD [1ms]
[2022-09-11T02:50:45.124Z] > git for-each-ref --format=%(refname)%00%(upstream:short)%00%(objectname)%00%(upstream:track)%00%(upstream:remotename)%00%(upstream:remoteref) refs/heads/master refs/remotes/master [1ms]
[2022-09-11T02:50:45.169Z] > git remote --verbose [2ms]
[2022-09-11T02:50:45.169Z] > git for-each-ref --sort -committerdate --format %(refname) %(objectname) %(*objectname) [23ms]
[2022-09-11T02:50:45.274Z] > git config --get commit.template [2ms]
[2022-09-11T02:50:50.336Z] > git status -z -uall [39ms]
[2022-09-11T02:50:50.359Z] > git symbolic-ref --short HEAD [1ms]
[2022-09-11T02:50:50.382Z] > git for-each-ref --format=%(refname)%00%(upstream:short)%00%(objectname)%00%(upstream:track)%00%(upstream:remotename)%00%(upstream:remoteref) refs/heads/master refs/remotes/master [1ms]
[2022-09-11T02:50:50.426Z] > git remote --verbose [1ms]
[2022-09-11T02:50:50.426Z] > git for-each-ref --sort -committerdate --format %(refname) %(objectname) %(*objectname) [23ms]
[2022-09-11T02:50:50.533Z] > git config --get commit.template [0ms]
[2022-09-11T02:50:55.595Z] > git status -z -uall [39ms]
[2022-09-11T02:50:55.618Z] > git symbolic-ref --short HEAD [1ms]
[2022-09-11T02:50:55.641Z] > git for-each-ref --format=%(refname)%00%(upstream:short)%00%(objectname)%00%(upstream:track)%00%(upstream:remotename)%00%(upstream:remoteref) refs/heads/master refs/remotes/master [1ms]
[2022-09-11T02:50:55.686Z] > git for-each-ref --sort -committerdate --format %(refname) %(objectname) %(*objectname) [23ms]
[2022-09-11T02:50:55.686Z] > git remote --verbose [1ms]
[2022-09-11T02:50:55.793Z] > git config --get commit.template [1ms]
[2022-09-11T02:51:00.855Z] > git status -z -uall [39ms]
[2022-09-11T02:51:00.877Z] > git symbolic-ref --short HEAD [1ms]
[2022-09-11T02:51:00.900Z] > git for-each-ref --format=%(refname)%00%(upstream:short)%00%(objectname)%00%(upstream:track)%00%(upstream:remotename)%00%(upstream:remoteref) refs/heads/master refs/remotes/master [1ms]
[2022-09-11T02:51:00.945Z] > git for-each-ref --sort -committerdate --format %(refname) %(objectname) %(*objectname) [23ms]
[2022-09-11T02:51:00.945Z] > git remote --verbose [1ms]
[2022-09-11T02:51:01.050Z] > git config --get commit.template [1ms]
[2022-09-11T02:51:06.113Z] > git status -z -uall [39ms]
[2022-09-11T02:51:06.135Z] > git symbolic-ref --short HEAD [1ms]
[2022-09-11T02:51:06.158Z] > git for-each-ref --format=%(refname)%00%(upstream:short)%00%(objectname)%00%(upstream:track)%00%(upstream:remotename)%00%(upstream:remoteref) refs/heads/master refs/remotes/master [1ms]
[2022-09-11T02:51:06.203Z] > git for-each-ref --sort -committerdate --format %(refname) %(objectname) %(*objectname) [23ms]
[2022-09-11T02:51:06.203Z] > git remote --verbose [1ms]
[2022-09-11T02:51:06.309Z] > git config --get commit.template [3ms]
[2022-09-11T02:51:11.374Z] > git status -z -uall [40ms]
[2022-09-11T02:51:11.399Z] > git symbolic-ref --short HEAD [2ms]
[2022-09-11T02:51:11.424Z] > git for-each-ref --format=%(refname)%00%(upstream:short)%00%(objectname)%00%(upstream:track)%00%(upstream:remotename)%00%(upstream:remoteref) refs/heads/master refs/remotes/master [2ms]
[2022-09-11T02:51:11.472Z] > git for-each-ref --sort -committerdate --format %(refname) %(objectname) %(*objectname) [24ms]
[2022-09-11T02:51:11.473Z] > git remote --verbose [3ms]
[2022-09-11T02:51:11.580Z] > git config --get commit.template [1ms]
[2022-09-11T02:51:16.646Z] > git status -z -uall [38ms]
[2022-09-11T02:51:16.672Z] > git symbolic-ref --short HEAD [2ms]
[2022-09-11T02:51:16.697Z] > git for-each-ref --format=%(refname)%00%(upstream:short)%00%(objectname)%00%(upstream:track)%00%(upstream:remotename)%00%(upstream:remoteref) refs/heads/master refs/remotes/master [1ms]
[2022-09-11T02:51:16.748Z] > git for-each-ref --sort -committerdate --format %(refname) %(objectname) %(*objectname) [26ms]
[2022-09-11T02:51:16.748Z] > git remote --verbose [2ms]
[2022-09-11T02:51:16.860Z] > git config --get commit.template [1ms]
[2022-09-11T02:52:42.036Z] > git status -z -uall [48ms]
[2022-09-11T02:52:42.050Z] > git symbolic-ref --short HEAD [1ms]
[2022-09-11T02:52:42.064Z] > git for-each-ref --format=%(refname)%00%(upstream:short)%00%(objectname)%00%(upstream:track)%00%(upstream:remotename)%00%(upstream:remoteref) refs/heads/master refs/remotes/master [1ms]
[2022-09-11T02:52:42.090Z] > git remote --verbose [1ms]
[2022-09-11T02:52:42.091Z] > git for-each-ref --sort -committerdate --format %(refname) %(objectname) %(*objectname) [14ms]
[2022-09-11T02:52:42.214Z] > git config --get commit.template [4ms]
[2022-09-11T02:54:23.256Z] > git status -z -uall [47ms]
[2022-09-11T02:54:23.271Z] > git symbolic-ref --short HEAD [1ms]
[2022-09-11T02:54:23.288Z] > git for-each-ref --format=%(refname)%00%(upstream:short)%00%(objectname)%00%(upstream:track)%00%(upstream:remotename)%00%(upstream:remoteref) refs/heads/master refs/remotes/master [1ms]
[2022-09-11T02:54:23.315Z] > git remote --verbose [2ms]
[2022-09-11T02:54:23.315Z] > git for-each-ref --sort -committerdate --format %(refname) %(objectname) %(*objectname) [14ms]
[2022-09-11T02:54:23.439Z] > git config --get commit.template [5ms]
[2022-09-11T02:54:42.681Z] > git status -z -uall [40ms]
[2022-09-11T02:54:42.698Z] > git symbolic-ref --short HEAD [1ms]
[2022-09-11T02:54:42.714Z] > git for-each-ref --format=%(refname)%00%(upstream:short)%00%(objectname)%00%(upstream:track)%00%(upstream:remotename)%00%(upstream:remoteref) refs/heads/master refs/remotes/master [1ms]
[2022-09-11T02:54:42.746Z] > git for-each-ref --sort -committerdate --format %(refname) %(objectname) %(*objectname) [16ms]
[2022-09-11T02:54:42.747Z] > git remote --verbose [2ms]
[2022-09-11T02:54:42.858Z] > git config --get commit.template [1ms]
[2022-09-11T02:54:47.914Z] > git status -z -uall [38ms]
[2022-09-11T02:54:47.932Z] > git symbolic-ref --short HEAD [1ms]
[2022-09-11T02:54:47.950Z] > git for-each-ref --format=%(refname)%00%(upstream:short)%00%(objectname)%00%(upstream:track)%00%(upstream:remotename)%00%(upstream:remoteref) refs/heads/master refs/remotes/master [1ms]
[2022-09-11T02:54:47.984Z] > git for-each-ref --sort -committerdate --format %(refname) %(objectname) %(*objectname) [17ms]
[2022-09-11T02:54:47.984Z] > git remote --verbose [2ms]
[2022-09-11T02:54:48.087Z] > git config --get commit.template [0ms]
[2022-09-11T02:55:20.314Z] > git status -z -uall [39ms]
[2022-09-11T02:55:20.333Z] > git symbolic-ref --short HEAD [1ms]
[2022-09-11T02:55:20.352Z] > git for-each-ref --format=%(refname)%00%(upstream:short)%00%(objectname)%00%(upstream:track)%00%(upstream:remotename)%00%(upstream:remoteref) refs/heads/master refs/remotes/master [1ms]
[2022-09-11T02:55:20.388Z] > git remote --verbose [1ms]
[2022-09-11T02:55:20.389Z] > git for-each-ref --sort -committerdate --format %(refname) %(objectname) %(*objectname) [20ms]
[2022-09-11T02:55:20.502Z] > git config --get commit.template [9ms]
[2022-09-11T02:55:25.567Z] > git status -z -uall [42ms]
[2022-09-11T02:55:25.583Z] > git symbolic-ref --short HEAD [1ms]
[2022-09-11T02:55:25.599Z] > git for-each-ref --format=%(refname)%00%(upstream:short)%00%(objectname)%00%(upstream:track)%00%(upstream:remotename)%00%(upstream:remoteref) refs/heads/master refs/remotes/master [1ms]
[2022-09-11T02:55:25.629Z] > git remote --verbose [2ms]
[2022-09-11T02:55:25.629Z] > git for-each-ref --sort -committerdate --format %(refname) %(objectname) %(*objectname) [16ms]
[2022-09-11T02:55:25.742Z] > git config --get commit.template [1ms]
[2022-09-11T02:55:30.800Z] > git status -z -uall [40ms]
[2022-09-11T02:55:30.819Z] > git symbolic-ref --short HEAD [1ms]
[2022-09-11T02:55:30.837Z] > git for-each-ref --format=%(refname)%00%(upstream:short)%00%(objectname)%00%(upstream:track)%00%(upstream:remotename)%00%(upstream:remoteref) refs/heads/master refs/remotes/master [1ms]
[2022-09-11T02:55:30.871Z] > git remote --verbose [2ms]
[2022-09-11T02:55:30.871Z] > git for-each-ref --sort -committerdate --format %(refname) %(objectname) %(*objectname) [18ms]
[2022-09-11T02:55:30.983Z] > git config --get commit.template [1ms]
[2022-09-11T02:55:36.040Z] > git status -z -uall [38ms]
[2022-09-11T02:55:36.059Z] > git symbolic-ref --short HEAD [1ms]
[2022-09-11T02:55:36.077Z] > git for-each-ref --format=%(refname)%00%(upstream:short)%00%(objectname)%00%(upstream:track)%00%(upstream:remotename)%00%(upstream:remoteref) refs/heads/master refs/remotes/master [1ms]
[2022-09-11T02:55:36.113Z] > git for-each-ref --sort -committerdate --format %(refname) %(objectname) %(*objectname) [18ms]
[2022-09-11T02:55:36.113Z] > git remote --verbose [2ms]
[2022-09-11T02:55:36.214Z] > git config --get commit.template [1ms]
[2022-09-11T02:55:51.066Z] > git status -z -uall [38ms]
[2022-09-11T02:55:51.085Z] > git symbolic-ref --short HEAD [1ms]
[2022-09-11T02:55:51.104Z] > git for-each-ref --format=%(refname)%00%(upstream:short)%00%(objectname)%00%(upstream:track)%00%(upstream:remotename)%00%(upstream:remoteref) refs/heads/master refs/remotes/master [1ms]
[2022-09-11T02:55:51.141Z] > git remote --verbose [1ms]
[2022-09-11T02:55:51.141Z] > git for-each-ref --sort -committerdate --format %(refname) %(objectname) %(*objectname) [19ms]
[2022-09-11T02:55:52.173Z] > git config --get commit.template [24ms]
[2022-09-11T02:55:59.879Z] > git status -z -uall [38ms]
[2022-09-11T02:55:59.895Z] > git symbolic-ref --short HEAD [1ms]
[2022-09-11T02:55:59.912Z] > git for-each-ref --format=%(refname)%00%(upstream:short)%00%(objectname)%00%(upstream:track)%00%(upstream:remotename)%00%(upstream:remoteref) refs/heads/master refs/remotes/master [1ms]
[2022-09-11T02:55:59.943Z] > git for-each-ref --sort -committerdate --format %(refname) %(objectname) %(*objectname) [16ms]
[2022-09-11T02:55:59.943Z] > git remote --verbose [2ms]
[2022-09-11T02:56:00.050Z] > git config --get commit.template [1ms]
[2022-09-11T02:56:05.107Z] > git status -z -uall [39ms]
[2022-09-11T02:56:05.124Z] > git symbolic-ref --short HEAD [1ms]
[2022-09-11T02:56:05.142Z] > git for-each-ref --format=%(refname)%00%(upstream:short)%00%(objectname)%00%(upstream:track)%00%(upstream:remotename)%00%(upstream:remoteref) refs/heads/master refs/remotes/master [1ms]
[2022-09-11T02:56:05.175Z] > git for-each-ref --sort -committerdate --format %(refname) %(objectname) %(*objectname) [17ms]
[2022-09-11T02:56:05.175Z] > git remote --verbose [1ms]
[2022-09-11T02:56:05.272Z] > git config --get commit.template [1ms]
[2022-09-11T02:56:20.354Z] > git status -z -uall [37ms]
[2022-09-11T02:56:20.373Z] > git symbolic-ref --short HEAD [1ms]
[2022-09-11T02:56:20.391Z] > git for-each-ref --format=%(refname)%00%(upstream:short)%00%(objectname)%00%(upstream:track)%00%(upstream:remotename)%00%(upstream:remoteref) refs/heads/master refs/remotes/master [1ms]
[2022-09-11T02:56:20.426Z] > git remote --verbose [1ms]
[2022-09-11T02:56:20.427Z] > git for-each-ref --sort -committerdate --format %(refname) %(objectname) %(*objectname) [19ms]
[2022-09-11T02:56:20.546Z] > git config --get commit.template [2ms]
[2022-09-11T02:56:25.603Z] > git status -z -uall [39ms]
[2022-09-11T02:56:25.620Z] > git symbolic-ref --short HEAD [1ms]
[2022-09-11T02:56:25.637Z] > git for-each-ref --format=%(refname)%00%(upstream:short)%00%(objectname)%00%(upstream:track)%00%(upstream:remotename)%00%(upstream:remoteref) refs/heads/master refs/remotes/master [1ms]
[2022-09-11T02:56:25.669Z] > git remote --verbose [1ms]
[2022-09-11T02:56:25.670Z] > git for-each-ref --sort -committerdate --format %(refname) %(objectname) %(*objectname) [17ms]
[2022-09-11T02:56:25.778Z] > git config --get commit.template [10ms]
[2022-09-11T02:56:30.836Z] > git status -z -uall [40ms]
[2022-09-11T02:56:30.854Z] > git symbolic-ref --short HEAD [1ms]
[2022-09-11T02:56:30.871Z] > git for-each-ref --format=%(refname)%00%(upstream:short)%00%(objectname)%00%(upstream:track)%00%(upstream:remotename)%00%(upstream:remoteref) refs/heads/master refs/remotes/master [1ms]
[2022-09-11T02:56:30.905Z] > git remote --verbose [2ms]
[2022-09-11T02:56:30.905Z] > git for-each-ref --sort -committerdate --format %(refname) %(objectname) %(*objectname) [17ms]
[2022-09-11T02:56:31.016Z] > git config --get commit.template [2ms]
[2022-09-11T02:56:36.077Z] > git status -z -uall [41ms]
[2022-09-11T02:56:36.095Z] > git symbolic-ref --short HEAD [1ms]
[2022-09-11T02:56:36.113Z] > git for-each-ref --format=%(refname)%00%(upstream:short)%00%(objectname)%00%(upstream:track)%00%(upstream:remotename)%00%(upstream:remoteref) refs/heads/master refs/remotes/master [1ms]
[2022-09-11T02:56:36.147Z] > git for-each-ref --sort -committerdate --format %(refname) %(objectname) %(*objectname) [17ms]
[2022-09-11T02:56:36.148Z] > git remote --verbose [2ms]
[2022-09-11T02:56:36.248Z] > git config --get commit.template [1ms]
[2022-09-11T02:56:41.309Z] > git status -z -uall [42ms]
[2022-09-11T02:56:41.329Z] > git symbolic-ref --short HEAD [1ms]
[2022-09-11T02:56:41.349Z] > git for-each-ref --format=%(refname)%00%(upstream:short)%00%(objectname)%00%(upstream:track)%00%(upstream:remotename)%00%(upstream:remoteref) refs/heads/master refs/remotes/master [2ms]
[2022-09-11T02:56:41.387Z] > git for-each-ref --sort -committerdate --format %(refname) %(objectname) %(*objectname) [19ms]
[2022-09-11T02:56:41.388Z] > git remote --verbose [2ms]
[2022-09-11T02:56:41.490Z] > git config --get commit.template [2ms]
[2022-09-11T02:56:46.550Z] > git status -z -uall [39ms]
[2022-09-11T02:56:46.572Z] > git symbolic-ref --short HEAD [1ms]
[2022-09-11T02:56:46.593Z] > git for-each-ref --format=%(refname)%00%(upstream:short)%00%(objectname)%00%(upstream:track)%00%(upstream:remotename)%00%(upstream:remoteref) refs/heads/master refs/remotes/master [1ms]
[2022-09-11T02:56:46.641Z] > git remote --verbose [1ms]
[2022-09-11T02:56:46.641Z] > git for-each-ref --sort -committerdate --format %(refname) %(objectname) %(*objectname) [21ms]
[2022-09-11T02:56:46.746Z] > git config --get commit.template [2ms]
[2022-09-11T02:56:51.805Z] > git status -z -uall [38ms]
[2022-09-11T02:56:51.828Z] > git symbolic-ref --short HEAD [2ms]
[2022-09-11T02:56:51.850Z] > git for-each-ref --format=%(refname)%00%(upstream:short)%00%(objectname)%00%(upstream:track)%00%(upstream:remotename)%00%(upstream:remoteref) refs/heads/master refs/remotes/master [1ms]
[2022-09-11T02:56:51.893Z] > git remote --verbose [1ms]
[2022-09-11T02:56:51.893Z] > git for-each-ref --sort -committerdate --format %(refname) %(objectname) %(*objectname) [22ms]
[2022-09-11T02:56:52.000Z] > git config --get commit.template [3ms]
[2022-09-11T02:56:57.063Z] > git status -z -uall [39ms]
[2022-09-11T02:56:57.086Z] > git symbolic-ref --short HEAD [1ms]
[2022-09-11T02:56:57.109Z] > git for-each-ref --format=%(refname)%00%(upstream:short)%00%(objectname)%00%(upstream:track)%00%(upstream:remotename)%00%(upstream:remoteref) refs/heads/master refs/remotes/master [1ms]
[2022-09-11T02:56:57.154Z] > git for-each-ref --sort -committerdate --format %(refname) %(objectname) %(*objectname) [22ms]
[2022-09-11T02:56:57.155Z] > git remote --verbose [2ms]
[2022-09-11T02:56:57.261Z] > git config --get commit.template [1ms]
[2022-09-11T02:57:02.325Z] > git status -z -uall [40ms]
[2022-09-11T02:57:02.350Z] > git symbolic-ref --short HEAD [1ms]
[2022-09-11T02:57:02.374Z] > git for-each-ref --format=%(refname)%00%(upstream:short)%00%(objectname)%00%(upstream:track)%00%(upstream:remotename)%00%(upstream:remoteref) refs/heads/master refs/remotes/master [1ms]
[2022-09-11T02:57:02.421Z] > git remote --verbose [1ms]
[2022-09-11T02:57:02.421Z] > git for-each-ref --sort -committerdate --format %(refname) %(objectname) %(*objectname) [24ms]
[2022-09-11T02:57:02.528Z] > git config --get commit.template [1ms]
[2022-09-11T02:57:07.592Z] > git status -z -uall [39ms]
[2022-09-11T02:57:07.617Z] > git symbolic-ref --short HEAD [1ms]
[2022-09-11T02:57:07.642Z] > git for-each-ref --format=%(refname)%00%(upstream:short)%00%(objectname)%00%(upstream:track)%00%(upstream:remotename)%00%(upstream:remoteref) refs/heads/master refs/remotes/master [1ms]
[2022-09-11T02:57:07.692Z] > git for-each-ref --sort -committerdate --format %(refname) %(objectname) %(*objectname) [26ms]
[2022-09-11T02:57:07.692Z] > git remote --verbose [2ms]
[2022-09-11T02:57:07.801Z] > git config --get commit.template [1ms]
[2022-09-11T02:57:12.859Z] > git status -z -uall [38ms]
[2022-09-11T02:57:12.878Z] > git symbolic-ref --short HEAD [1ms]
[2022-09-11T02:57:12.896Z] > git for-each-ref --format=%(refname)%00%(upstream:short)%00%(objectname)%00%(upstream:track)%00%(upstream:remotename)%00%(upstream:remoteref) refs/heads/master refs/remotes/master [1ms]
[2022-09-11T02:57:12.931Z] > git for-each-ref --sort -committerdate --format %(refname) %(objectname) %(*objectname) [18ms]
[2022-09-11T02:57:12.931Z] > git remote --verbose [1ms]
[2022-09-11T02:57:13.040Z] > git config --get commit.template [1ms]
[2022-09-11T02:57:18.104Z] > git status -z -uall [40ms]
[2022-09-11T02:57:18.122Z] > git symbolic-ref --short HEAD [1ms]
[2022-09-11T02:57:18.141Z] > git for-each-ref --format=%(refname)%00%(upstream:short)%00%(objectname)%00%(upstream:track)%00%(upstream:remotename)%00%(upstream:remoteref) refs/heads/master refs/remotes/master [1ms]
[2022-09-11T02:57:18.177Z] > git remote --verbose [1ms]
[2022-09-11T02:57:18.177Z] > git for-each-ref --sort -committerdate --format %(refname) %(objectname) %(*objectname) [18ms]
[2022-09-11T02:57:18.280Z] > git config --get commit.template [1ms]
[2022-09-11T02:57:23.335Z] > git status -z -uall [37ms]
[2022-09-11T02:57:23.354Z] > git symbolic-ref --short HEAD [1ms]
[2022-09-11T02:57:23.373Z] > git for-each-ref --format=%(refname)%00%(upstream:short)%00%(objectname)%00%(upstream:track)%00%(upstream:remotename)%00%(upstream:remoteref) refs/heads/master refs/remotes/master [1ms]
[2022-09-11T02:57:23.409Z] > git remote --verbose [2ms]
[2022-09-11T02:57:23.409Z] > git for-each-ref --sort -committerdate --format %(refname) %(objectname) %(*objectname) [19ms]
[2022-09-11T02:57:23.510Z] > git config --get commit.template [1ms]
[2022-09-11T02:57:28.570Z] > git status -z -uall [40ms]
[2022-09-11T02:57:28.590Z] > git symbolic-ref --short HEAD [1ms]
[2022-09-11T02:57:28.609Z] > git for-each-ref --format=%(refname)%00%(upstream:short)%00%(objectname)%00%(upstream:track)%00%(upstream:remotename)%00%(upstream:remoteref) refs/heads/master refs/remotes/master [1ms]
[2022-09-11T02:57:28.647Z] > git for-each-ref --sort -committerdate --format %(refname) %(objectname) %(*objectname) [19ms]
[2022-09-11T02:57:28.648Z] > git remote --verbose [2ms]
[2022-09-11T02:57:28.752Z] > git config --get commit.template [2ms]
[2022-09-11T02:57:33.811Z] > git status -z -uall [38ms]
[2022-09-11T02:57:33.832Z] > git symbolic-ref --short HEAD [1ms]
[2022-09-11T02:57:33.852Z] > git for-each-ref --format=%(refname)%00%(upstream:short)%00%(objectname)%00%(upstream:track)%00%(upstream:remotename)%00%(upstream:remoteref) refs/heads/master refs/remotes/master [1ms]
[2022-09-11T02:57:33.892Z] > git remote --verbose [1ms]
[2022-09-11T02:57:33.892Z] > git for-each-ref --sort -committerdate --format %(refname) %(objectname) %(*objectname) [20ms]
[2022-09-11T02:57:33.995Z] > git config --get commit.template [1ms]
[2022-09-11T02:57:39.928Z] > git status -z -uall [44ms]
[2022-09-11T02:57:39.951Z] > git symbolic-ref --short HEAD [1ms]
[2022-09-11T02:57:39.973Z] > git for-each-ref --format=%(refname)%00%(upstream:short)%00%(objectname)%00%(upstream:track)%00%(upstream:remotename)%00%(upstream:remoteref) refs/heads/master refs/remotes/master [1ms]
[2022-09-11T02:57:40.016Z] > git remote --verbose [2ms]
[2022-09-11T02:57:40.016Z] > git for-each-ref --sort -committerdate --format %(refname) %(objectname) %(*objectname) [22ms]
[2022-09-11T02:57:40.121Z] > git config --get commit.template [1ms]
[2022-09-11T02:57:45.182Z] > git status -z -uall [38ms]
[2022-09-11T02:57:45.206Z] > git symbolic-ref --short HEAD [1ms]
[2022-09-11T02:57:45.230Z] > git for-each-ref --format=%(refname)%00%(upstream:short)%00%(objectname)%00%(upstream:track)%00%(upstream:remotename)%00%(upstream:remoteref) refs/heads/master refs/remotes/master [2ms]
[2022-09-11T02:57:45.278Z] > git remote --verbose [2ms]
[2022-09-11T02:57:45.278Z] > git for-each-ref --sort -committerdate --format %(refname) %(objectname) %(*objectname) [26ms]
[2022-09-11T02:57:45.388Z] > git config --get commit.template [2ms]
[2022-09-11T02:57:50.450Z] > git status -z -uall [38ms]
[2022-09-11T02:57:50.475Z] > git symbolic-ref --short HEAD [1ms]
[2022-09-11T02:57:50.500Z] > git for-each-ref --format=%(refname)%00%(upstream:short)%00%(objectname)%00%(upstream:track)%00%(upstream:remotename)%00%(upstream:remoteref) refs/heads/master refs/remotes/master [1ms]
[2022-09-11T02:57:50.548Z] > git for-each-ref --sort -committerdate --format %(refname) %(objectname) %(*objectname) [25ms]
[2022-09-11T02:57:50.548Z] > git remote --verbose [1ms]
[2022-09-11T02:57:50.658Z] > git config --get commit.template [1ms]
[2022-09-11T02:57:55.722Z] > git status -z -uall [39ms]
[2022-09-11T02:57:55.748Z] > git symbolic-ref --short HEAD [2ms]
[2022-09-11T02:57:55.774Z] > git for-each-ref --format=%(refname)%00%(upstream:short)%00%(objectname)%00%(upstream:track)%00%(upstream:remotename)%00%(upstream:remoteref) refs/heads/master refs/remotes/master [0ms]
[2022-09-11T02:57:55.825Z] > git remote --verbose [1ms]
[2022-09-11T02:57:55.825Z] > git for-each-ref --sort -committerdate --format %(refname) %(objectname) %(*objectname) [26ms]
[2022-09-11T02:57:55.932Z] > git config --get commit.template [1ms]
[2022-09-11T02:58:00.992Z] > git status -z -uall [39ms]
[2022-09-11T02:58:01.011Z] > git symbolic-ref --short HEAD [1ms]
[2022-09-11T02:58:01.031Z] > git for-each-ref --format=%(refname)%00%(upstream:short)%00%(objectname)%00%(upstream:track)%00%(upstream:remotename)%00%(upstream:remoteref) refs/heads/master refs/remotes/master [1ms]
[2022-09-11T02:58:01.069Z] > git remote --verbose [2ms]
[2022-09-11T02:58:01.069Z] > git for-each-ref --sort -committerdate --format %(refname) %(objectname) %(*objectname) [20ms]
[2022-09-11T02:58:01.180Z] > git config --get commit.template [1ms]
[2022-09-11T02:58:06.238Z] > git status -z -uall [38ms]
[2022-09-11T02:58:06.258Z] > git symbolic-ref --short HEAD [1ms]
[2022-09-11T02:58:06.278Z] > git for-each-ref --format=%(refname)%00%(upstream:short)%00%(objectname)%00%(upstream:track)%00%(upstream:remotename)%00%(upstream:remoteref) refs/heads/master refs/remotes/master [1ms]
[2022-09-11T02:58:06.315Z] > git for-each-ref --sort -committerdate --format %(refname) %(objectname) %(*objectname) [19ms]
[2022-09-11T02:58:06.315Z] > git remote --verbose [2ms]
[2022-09-11T02:58:06.417Z] > git config --get commit.template [1ms]
[2022-09-11T02:58:11.476Z] > git status -z -uall [40ms]
[2022-09-11T02:58:11.496Z] > git symbolic-ref --short HEAD [1ms]
[2022-09-11T02:58:11.515Z] > git for-each-ref --format=%(refname)%00%(upstream:short)%00%(objectname)%00%(upstream:track)%00%(upstream:remotename)%00%(upstream:remoteref) refs/heads/master refs/remotes/master [1ms]
[2022-09-11T02:58:11.552Z] > git for-each-ref --sort -committerdate --format %(refname) %(objectname) %(*objectname) [19ms]
[2022-09-11T02:58:11.553Z] > git remote --verbose [2ms]
[2022-09-11T02:58:11.657Z] > git config --get commit.template [1ms]
[2022-09-11T02:58:16.715Z] > git status -z -uall [38ms]
[2022-09-11T02:58:16.736Z] > git symbolic-ref --short HEAD [2ms]
[2022-09-11T02:58:16.755Z] > git for-each-ref --format=%(refname)%00%(upstream:short)%00%(objectname)%00%(upstream:track)%00%(upstream:remotename)%00%(upstream:remoteref) refs/heads/master refs/remotes/master [1ms]
[2022-09-11T02:58:16.794Z] > git for-each-ref --sort -committerdate --format %(refname) %(objectname) %(*objectname) [19ms]
[2022-09-11T02:58:16.794Z] > git remote --verbose [2ms]
[2022-09-11T02:58:16.899Z] > git config --get commit.template [2ms]
[2022-09-11T02:58:21.959Z] > git status -z -uall [39ms]
[2022-09-11T02:58:21.980Z] > git symbolic-ref --short HEAD [1ms]
[2022-09-11T02:58:22.001Z] > git for-each-ref --format=%(refname)%00%(upstream:short)%00%(objectname)%00%(upstream:track)%00%(upstream:remotename)%00%(upstream:remoteref) refs/heads/master refs/remotes/master [1ms]
[2022-09-11T02:58:22.042Z] > git for-each-ref --sort -committerdate --format %(refname) %(objectname) %(*objectname) [21ms]
[2022-09-11T02:58:22.042Z] > git remote --verbose [1ms]
[2022-09-11T02:58:22.146Z] > git config --get commit.template [1ms]
[2022-09-11T03:00:12.620Z] > git status -z -uall [50ms]
[2022-09-11T03:00:12.635Z] > git symbolic-ref --short HEAD [1ms]
[2022-09-11T03:00:12.648Z] > git for-each-ref --format=%(refname)%00%(upstream:short)%00%(objectname)%00%(upstream:track)%00%(upstream:remotename)%00%(upstream:remoteref) refs/heads/master refs/remotes/master [1ms]
[2022-09-11T03:00:12.674Z] > git remote --verbose [2ms]
[2022-09-11T03:00:12.675Z] > git for-each-ref --sort -committerdate --format %(refname) %(objectname) %(*objectname) [14ms]
[2022-09-11T03:00:12.795Z] > git config --get commit.template [3ms]
[2022-09-11T03:00:17.852Z] > git status -z -uall [41ms]
[2022-09-11T03:00:17.868Z] > git symbolic-ref --short HEAD [1ms]
[2022-09-11T03:00:17.883Z] > git for-each-ref --format=%(refname)%00%(upstream:short)%00%(objectname)%00%(upstream:track)%00%(upstream:remotename)%00%(upstream:remoteref) refs/heads/master refs/remotes/master [1ms]
[2022-09-11T03:00:17.913Z] > git remote --verbose [1ms]
[2022-09-11T03:00:17.913Z] > git for-each-ref --sort -committerdate --format %(refname) %(objectname) %(*objectname) [15ms]
[2022-09-11T03:00:18.021Z] > git config --get commit.template [1ms]
[2022-09-11T03:00:23.077Z] > git status -z -uall [39ms]
[2022-09-11T03:00:23.094Z] > git symbolic-ref --short HEAD [2ms]
[2022-09-11T03:00:23.110Z] > git for-each-ref --format=%(refname)%00%(upstream:short)%00%(objectname)%00%(upstream:track)%00%(upstream:remotename)%00%(upstream:remoteref) refs/heads/master refs/remotes/master [1ms]
[2022-09-11T03:00:23.142Z] > git remote --verbose [2ms]
[2022-09-11T03:00:23.142Z] > git for-each-ref --sort -committerdate --format %(refname) %(objectname) %(*objectname) [17ms]
[2022-09-11T03:00:23.252Z] > git config --get commit.template [2ms]
[2022-09-11T03:00:28.307Z] > git status -z -uall [39ms]
[2022-09-11T03:00:28.324Z] > git symbolic-ref --short HEAD [1ms]
[2022-09-11T03:00:28.341Z] > git for-each-ref --format=%(refname)%00%(upstream:short)%00%(objectname)%00%(upstream:track)%00%(upstream:remotename)%00%(upstream:remoteref) refs/heads/master refs/remotes/master [1ms]
[2022-09-11T03:00:28.371Z] > git for-each-ref --sort -committerdate --format %(refname) %(objectname) %(*objectname) [15ms]
[2022-09-11T03:00:28.372Z] > git remote --verbose [2ms]
[2022-09-11T03:00:28.477Z] > git config --get commit.template [0ms]
[2022-09-11T03:00:33.533Z] > git status -z -uall [39ms]
[2022-09-11T03:00:33.551Z] > git symbolic-ref --short HEAD [1ms]
[2022-09-11T03:00:33.567Z] > git for-each-ref --format=%(refname)%00%(upstream:short)%00%(objectname)%00%(upstream:track)%00%(upstream:remotename)%00%(upstream:remoteref) refs/heads/master refs/remotes/master [1ms]
[2022-09-11T03:00:33.600Z] > git for-each-ref --sort -committerdate --format %(refname) %(objectname) %(*objectname) [17ms]
[2022-09-11T03:00:33.600Z] > git remote --verbose [2ms]
[2022-09-11T03:00:33.703Z] > git config --get commit.template [1ms]
[2022-09-11T03:00:51.350Z] > git status -z -uall [39ms]
[2022-09-11T03:00:51.369Z] > git symbolic-ref --short HEAD [1ms]
[2022-09-11T03:00:51.387Z] > git for-each-ref --format=%(refname)%00%(upstream:short)%00%(objectname)%00%(upstream:track)%00%(upstream:remotename)%00%(upstream:remoteref) refs/heads/master refs/remotes/master [1ms]
[2022-09-11T03:00:51.423Z] > git for-each-ref --sort -committerdate --format %(refname) %(objectname) %(*objectname) [19ms]
[2022-09-11T03:00:51.423Z] > git remote --verbose [2ms]
[2022-09-11T03:00:51.524Z] > git config --get commit.template [2ms]
[2022-09-11T03:00:56.583Z] > git status -z -uall [39ms]
[2022-09-11T03:00:56.603Z] > git symbolic-ref --short HEAD [1ms]
[2022-09-11T03:00:56.623Z] > git for-each-ref --format=%(refname)%00%(upstream:short)%00%(objectname)%00%(upstream:track)%00%(upstream:remotename)%00%(upstream:remoteref) refs/heads/master refs/remotes/master [1ms]
[2022-09-11T03:00:56.661Z] > git remote --verbose [1ms]
[2022-09-11T03:00:56.661Z] > git for-each-ref --sort -committerdate --format %(refname) %(objectname) %(*objectname) [20ms]
[2022-09-11T03:00:56.767Z] > git config --get commit.template [2ms]
[2022-09-11T03:01:01.829Z] > git status -z -uall [40ms]
[2022-09-11T03:01:01.850Z] > git symbolic-ref --short HEAD [1ms]
[2022-09-11T03:01:01.871Z] > git for-each-ref --format=%(refname)%00%(upstream:short)%00%(objectname)%00%(upstream:track)%00%(upstream:remotename)%00%(upstream:remoteref) refs/heads/master refs/remotes/master [1ms]
[2022-09-11T03:01:01.912Z] > git for-each-ref --sort -committerdate --format %(refname) %(objectname) %(*objectname) [21ms]
[2022-09-11T03:01:01.912Z] > git remote --verbose [1ms]
[2022-09-11T03:01:02.020Z] > git config --get commit.template [1ms]
[2022-09-11T03:01:07.082Z] > git status -z -uall [39ms]
[2022-09-11T03:01:07.108Z] > git symbolic-ref --short HEAD [4ms]
[2022-09-11T03:01:07.131Z] > git for-each-ref --format=%(refname)%00%(upstream:short)%00%(objectname)%00%(upstream:track)%00%(upstream:remotename)%00%(upstream:remoteref) refs/heads/master refs/remotes/master [1ms]
[2022-09-11T03:01:07.176Z] > git for-each-ref --sort -committerdate --format %(refname) %(objectname) %(*objectname) [23ms]
[2022-09-11T03:01:07.177Z] > git remote --verbose [2ms]
[2022-09-11T03:01:07.286Z] > git config --get commit.template [1ms]
[2022-09-11T03:01:12.349Z] > git status -z -uall [39ms]
[2022-09-11T03:01:12.372Z] > git symbolic-ref --short HEAD [1ms]
[2022-09-11T03:01:12.396Z] > git for-each-ref --format=%(refname)%00%(upstream:short)%00%(objectname)%00%(upstream:track)%00%(upstream:remotename)%00%(upstream:remoteref) refs/heads/master refs/remotes/master [1ms]
[2022-09-11T03:01:12.441Z] > git for-each-ref --sort -committerdate --format %(refname) %(objectname) %(*objectname) [23ms]
[2022-09-11T03:01:12.441Z] > git remote --verbose [1ms]
[2022-09-11T03:01:12.550Z] > git config --get commit.template [1ms]
[2022-09-11T03:01:18.483Z] > git status -z -uall [40ms]
[2022-09-11T03:01:18.509Z] > git symbolic-ref --short HEAD [1ms]
[2022-09-11T03:01:18.534Z] > git for-each-ref --format=%(refname)%00%(upstream:short)%00%(objectname)%00%(upstream:track)%00%(upstream:remotename)%00%(upstream:remoteref) refs/heads/master refs/remotes/master [1ms]
[2022-09-11T03:01:18.583Z] > git for-each-ref --sort -committerdate --format %(refname) %(objectname) %(*objectname) [25ms]
[2022-09-11T03:01:18.583Z] > git remote --verbose [2ms]
[2022-09-11T03:01:18.693Z] > git config --get commit.template [1ms]
[2022-09-11T03:01:23.759Z] > git status -z -uall [39ms]
[2022-09-11T03:01:23.784Z] > git symbolic-ref --short HEAD [1ms]
[2022-09-11T03:01:23.811Z] > git for-each-ref --format=%(refname)%00%(upstream:short)%00%(objectname)%00%(upstream:track)%00%(upstream:remotename)%00%(upstream:remoteref) refs/heads/master refs/remotes/master [2ms]
[2022-09-11T03:01:23.862Z] > git for-each-ref --sort -committerdate --format %(refname) %(objectname) %(*objectname) [26ms]
[2022-09-11T03:01:23.862Z] > git remote --verbose [1ms]
[2022-09-11T03:01:23.967Z] > git config --get commit.template [1ms]
[2022-09-11T03:01:29.026Z] > git status -z -uall [39ms]
[2022-09-11T03:01:29.045Z] > git symbolic-ref --short HEAD [1ms]
[2022-09-11T03:01:29.063Z] > git for-each-ref --format=%(refname)%00%(upstream:short)%00%(objectname)%00%(upstream:track)%00%(upstream:remotename)%00%(upstream:remoteref) refs/heads/master refs/remotes/master [1ms]
[2022-09-11T03:01:29.099Z] > git remote --verbose [1ms]
[2022-09-11T03:01:29.099Z] > git for-each-ref --sort -committerdate --format %(refname) %(objectname) %(*objectname) [18ms]
[2022-09-11T03:01:29.210Z] > git config --get commit.template [1ms]
[2022-09-11T03:01:34.270Z] > git status -z -uall [40ms]
[2022-09-11T03:01:34.289Z] > git symbolic-ref --short HEAD [2ms]
[2022-09-11T03:01:34.307Z] > git for-each-ref --format=%(refname)%00%(upstream:short)%00%(objectname)%00%(upstream:track)%00%(upstream:remotename)%00%(upstream:remoteref) refs/heads/master refs/remotes/master [1ms]
[2022-09-11T03:01:34.342Z] > git for-each-ref --sort -committerdate --format %(refname) %(objectname) %(*objectname) [18ms]
[2022-09-11T03:01:34.343Z] > git remote --verbose [2ms]
[2022-09-11T03:01:34.446Z] > git config --get commit.template [1ms]
[2022-09-11T03:01:39.586Z] > git status -z -uall [38ms]
[2022-09-11T03:01:39.605Z] > git symbolic-ref --short HEAD [1ms]
[2022-09-11T03:01:39.624Z] > git for-each-ref --format=%(refname)%00%(upstream:short)%00%(objectname)%00%(upstream:track)%00%(upstream:remotename)%00%(upstream:remoteref) refs/heads/master refs/remotes/master [1ms]
[2022-09-11T03:01:39.660Z] > git remote --verbose [1ms]
[2022-09-11T03:01:39.661Z] > git for-each-ref --sort -committerdate --format %(refname) %(objectname) %(*objectname) [19ms]
[2022-09-11T03:01:39.761Z] > git config --get commit.template [1ms]
[2022-09-11T03:01:44.819Z] > git status -z -uall [38ms]
[2022-09-11T03:01:44.839Z] > git symbolic-ref --short HEAD [1ms]
[2022-09-11T03:01:44.859Z] > git for-each-ref --format=%(refname)%00%(upstream:short)%00%(objectname)%00%(upstream:track)%00%(upstream:remotename)%00%(upstream:remoteref) refs/heads/master refs/remotes/master [1ms]
[2022-09-11T03:01:44.897Z] > git for-each-ref --sort -committerdate --format %(refname) %(objectname) %(*objectname) [19ms]
[2022-09-11T03:01:44.898Z] > git remote --verbose [2ms]
[2022-09-11T03:01:45.001Z] > git config --get commit.template [2ms]
[2022-09-11T03:01:50.062Z] > git status -z -uall [39ms]
[2022-09-11T03:01:50.083Z] > git symbolic-ref --short HEAD [1ms]
[2022-09-11T03:01:50.104Z] > git for-each-ref --format=%(refname)%00%(upstream:short)%00%(objectname)%00%(upstream:track)%00%(upstream:remotename)%00%(upstream:remoteref) refs/heads/master refs/remotes/master [1ms]
[2022-09-11T03:01:50.145Z] > git for-each-ref --sort -committerdate --format %(refname) %(objectname) %(*objectname) [21ms]
[2022-09-11T03:01:50.145Z] > git remote --verbose [2ms]
[2022-09-11T03:01:50.242Z] > git config --get commit.template [1ms]
[2022-09-11T03:01:55.303Z] > git status -z -uall [38ms]
[2022-09-11T03:01:55.325Z] > git symbolic-ref --short HEAD [1ms]
[2022-09-11T03:01:55.347Z] > git for-each-ref --format=%(refname)%00%(upstream:short)%00%(objectname)%00%(upstream:track)%00%(upstream:remotename)%00%(upstream:remoteref) refs/heads/master refs/remotes/master [1ms]
[2022-09-11T03:01:55.389Z] > git for-each-ref --sort -committerdate --format %(refname) %(objectname) %(*objectname) [22ms]
[2022-09-11T03:01:55.389Z] > git remote --verbose [1ms]
[2022-09-11T03:01:55.497Z] > git config --get commit.template [8ms]
[2022-09-11T03:02:00.560Z] > git status -z -uall [39ms]
[2022-09-11T03:02:00.583Z] > git symbolic-ref --short HEAD [1ms]
[2022-09-11T03:02:00.606Z] > git for-each-ref --format=%(refname)%00%(upstream:short)%00%(objectname)%00%(upstream:track)%00%(upstream:remotename)%00%(upstream:remoteref) refs/heads/master refs/remotes/master [1ms]
[2022-09-11T03:02:00.652Z] > git for-each-ref --sort -committerdate --format %(refname) %(objectname) %(*objectname) [23ms]
[2022-09-11T03:02:00.652Z] > git remote --verbose [1ms]
[2022-09-11T03:02:00.764Z] > git config --get commit.template [2ms]
[2022-09-11T03:02:05.826Z] > git status -z -uall [37ms]
[2022-09-11T03:02:05.851Z] > git symbolic-ref --short HEAD [1ms]
[2022-09-11T03:02:05.876Z] > git for-each-ref --format=%(refname)%00%(upstream:short)%00%(objectname)%00%(upstream:track)%00%(upstream:remotename)%00%(upstream:remoteref) refs/heads/master refs/remotes/master [1ms]
[2022-09-11T03:02:05.927Z] > git remote --verbose [2ms]
[2022-09-11T03:02:05.927Z] > git for-each-ref --sort -committerdate --format %(refname) %(objectname) %(*objectname) [27ms]
[2022-09-11T03:02:06.035Z] > git config --get commit.template [1ms]
[2022-09-11T03:02:11.099Z] > git status -z -uall [38ms]
[2022-09-11T03:02:11.125Z] > git symbolic-ref --short HEAD [1ms]
[2022-09-11T03:02:11.151Z] > git for-each-ref --format=%(refname)%00%(upstream:short)%00%(objectname)%00%(upstream:track)%00%(upstream:remotename)%00%(upstream:remoteref) refs/heads/master refs/remotes/master [1ms]
[2022-09-11T03:02:11.201Z] > git for-each-ref --sort -committerdate --format %(refname) %(objectname) %(*objectname) [25ms]
[2022-09-11T03:02:11.202Z] > git remote --verbose [2ms]
[2022-09-11T03:02:11.310Z] > git config --get commit.template [1ms]
[2022-09-11T03:02:16.370Z] > git status -z -uall [40ms]
[2022-09-11T03:02:16.389Z] > git symbolic-ref --short HEAD [1ms]
[2022-09-11T03:02:16.408Z] > git for-each-ref --format=%(refname)%00%(upstream:short)%00%(objectname)%00%(upstream:track)%00%(upstream:remotename)%00%(upstream:remoteref) refs/heads/master refs/remotes/master [1ms]
[2022-09-11T03:02:16.445Z] > git for-each-ref --sort -committerdate --format %(refname) %(objectname) %(*objectname) [19ms]
[2022-09-11T03:02:16.445Z] > git remote --verbose [2ms]
[2022-09-11T03:02:16.555Z] > git config --get commit.template [2ms]
[2022-09-11T03:02:21.614Z] > git status -z -uall [39ms]
[2022-09-11T03:02:21.633Z] > git symbolic-ref --short HEAD [1ms]
[2022-09-11T03:02:21.652Z] > git for-each-ref --format=%(refname)%00%(upstream:short)%00%(objectname)%00%(upstream:track)%00%(upstream:remotename)%00%(upstream:remoteref) refs/heads/master refs/remotes/master [1ms]
[2022-09-11T03:02:21.689Z] > git for-each-ref --sort -committerdate --format %(refname) %(objectname) %(*objectname) [19ms]
[2022-09-11T03:02:21.689Z] > git remote --verbose [1ms]
[2022-09-11T03:02:21.792Z] > git config --get commit.template [1ms]
[2022-09-11T03:02:26.851Z] > git status -z -uall [38ms]
[2022-09-11T03:02:26.871Z] > git symbolic-ref --short HEAD [1ms]
[2022-09-11T03:02:26.890Z] > git for-each-ref --format=%(refname)%00%(upstream:short)%00%(objectname)%00%(upstream:track)%00%(upstream:remotename)%00%(upstream:remoteref) refs/heads/master refs/remotes/master [1ms]
[2022-09-11T03:02:26.927Z] > git for-each-ref --sort -committerdate --format %(refname) %(objectname) %(*objectname) [19ms]
[2022-09-11T03:02:26.927Z] > git remote --verbose [2ms]
[2022-09-11T03:02:27.028Z] > git config --get commit.template [0ms]
[2022-09-11T03:02:32.087Z] > git status -z -uall [39ms]
[2022-09-11T03:02:32.107Z] > git symbolic-ref --short HEAD [1ms]
[2022-09-11T03:02:32.127Z] > git for-each-ref --format=%(refname)%00%(upstream:short)%00%(objectname)%00%(upstream:track)%00%(upstream:remotename)%00%(upstream:remoteref) refs/heads/master refs/remotes/master [1ms]
[2022-09-11T03:02:32.166Z] > git for-each-ref --sort -committerdate --format %(refname) %(objectname) %(*objectname) [20ms]
[2022-09-11T03:02:32.166Z] > git remote --verbose [1ms]
[2022-09-11T03:02:32.271Z] > git config --get commit.template [2ms]
[2022-09-11T03:02:37.332Z] > git status -z -uall [38ms]
[2022-09-11T03:02:37.353Z] > git symbolic-ref --short HEAD [1ms]
[2022-09-11T03:02:37.374Z] > git for-each-ref --format=%(refname)%00%(upstream:short)%00%(objectname)%00%(upstream:track)%00%(upstream:remotename)%00%(upstream:remoteref) refs/heads/master refs/remotes/master [1ms]
[2022-09-11T03:02:37.415Z] > git for-each-ref --sort -committerdate --format %(refname) %(objectname) %(*objectname) [21ms]
[2022-09-11T03:02:37.416Z] > git remote --verbose [2ms]
[2022-09-11T03:02:37.520Z] > git config --get commit.template [3ms]
[2022-09-11T03:02:42.581Z] > git status -z -uall [38ms]
[2022-09-11T03:02:42.604Z] > git symbolic-ref --short HEAD [1ms]
[2022-09-11T03:02:42.626Z] > git for-each-ref --format=%(refname)%00%(upstream:short)%00%(objectname)%00%(upstream:track)%00%(upstream:remotename)%00%(upstream:remoteref) refs/heads/master refs/remotes/master [1ms]
[2022-09-11T03:02:42.670Z] > git for-each-ref --sort -committerdate --format %(refname) %(objectname) %(*objectname) [23ms]
[2022-09-11T03:02:42.670Z] > git remote --verbose [2ms]
[2022-09-11T03:02:42.786Z] > git config --get commit.template [0ms]
[2022-09-11T03:02:47.851Z] > git status -z -uall [40ms]
[2022-09-11T03:02:47.875Z] > git symbolic-ref --short HEAD [1ms]
[2022-09-11T03:02:47.898Z] > git for-each-ref --format=%(refname)%00%(upstream:short)%00%(objectname)%00%(upstream:track)%00%(upstream:remotename)%00%(upstream:remoteref) refs/heads/master refs/remotes/master [1ms]
[2022-09-11T03:02:47.944Z] > git for-each-ref --sort -committerdate --format %(refname) %(objectname) %(*objectname) [24ms]
[2022-09-11T03:02:47.944Z] > git remote --verbose [2ms]
[2022-09-11T03:02:48.052Z] > git config --get commit.template [3ms]
[2022-09-11T03:02:53.115Z] > git status -z -uall [38ms]
[2022-09-11T03:02:53.139Z] > git symbolic-ref --short HEAD [1ms]
[2022-09-11T03:02:53.163Z] > git for-each-ref --format=%(refname)%00%(upstream:short)%00%(objectname)%00%(upstream:track)%00%(upstream:remotename)%00%(upstream:remoteref) refs/heads/master refs/remotes/master [1ms]
[2022-09-11T03:02:53.209Z] > git for-each-ref --sort -committerdate --format %(refname) %(objectname) %(*objectname) [24ms]
[2022-09-11T03:02:53.210Z] > git remote --verbose [2ms]
[2022-09-11T03:02:53.320Z] > git config --get commit.template [1ms]
[2022-09-11T03:02:58.384Z] > git status -z -uall [38ms]
[2022-09-11T03:02:58.410Z] > git symbolic-ref --short HEAD [1ms]
[2022-09-11T03:02:58.434Z] > git for-each-ref --format=%(refname)%00%(upstream:short)%00%(objectname)%00%(upstream:track)%00%(upstream:remotename)%00%(upstream:remoteref) refs/heads/master refs/remotes/master [1ms]
[2022-09-11T03:02:58.483Z] > git for-each-ref --sort -committerdate --format %(refname) %(objectname) %(*objectname) [25ms]
[2022-09-11T03:02:58.484Z] > git remote --verbose [2ms]
[2022-09-11T03:02:58.590Z] > git config --get commit.template [1ms]
[2022-09-11T03:03:03.652Z] > git status -z -uall [40ms]
[2022-09-11T03:03:03.671Z] > git symbolic-ref --short HEAD [1ms]
[2022-09-11T03:03:03.691Z] > git for-each-ref --format=%(refname)%00%(upstream:short)%00%(objectname)%00%(upstream:track)%00%(upstream:remotename)%00%(upstream:remoteref) refs/heads/master refs/remotes/master [1ms]
[2022-09-11T03:03:03.728Z] > git for-each-ref --sort -committerdate --format %(refname) %(objectname) %(*objectname) [19ms]
[2022-09-11T03:03:03.729Z] > git remote --verbose [2ms]
[2022-09-11T03:03:03.840Z] > git config --get commit.template [1ms]
[2022-09-11T03:05:09.125Z] > git status -z -uall [48ms]
[2022-09-11T03:05:09.140Z] > git symbolic-ref --short HEAD [1ms]
[2022-09-11T03:05:09.154Z] > git for-each-ref --format=%(refname)%00%(upstream:short)%00%(objectname)%00%(upstream:track)%00%(upstream:remotename)%00%(upstream:remoteref) refs/heads/master refs/remotes/master [1ms]
[2022-09-11T03:05:09.180Z] > git for-each-ref --sort -committerdate --format %(refname) %(objectname) %(*objectname) [14ms]
[2022-09-11T03:05:09.180Z] > git remote --verbose [2ms]
[2022-09-11T03:05:09.300Z] > git config --get commit.template [2ms]
[2022-09-11T03:05:14.356Z] > git status -z -uall [38ms]
[2022-09-11T03:05:14.373Z] > git symbolic-ref --short HEAD [1ms]
[2022-09-11T03:05:14.389Z] > git for-each-ref --format=%(refname)%00%(upstream:short)%00%(objectname)%00%(upstream:track)%00%(upstream:remotename)%00%(upstream:remoteref) refs/heads/master refs/remotes/master [1ms]
[2022-09-11T03:05:14.420Z] > git remote --verbose [2ms]
[2022-09-11T03:05:14.420Z] > git for-each-ref --sort -committerdate --format %(refname) %(objectname) %(*objectname) [16ms]
[2022-09-11T03:05:14.524Z] > git config --get commit.template [2ms]
[2022-09-11T03:11:48.524Z] > git status -z -uall [46ms]
[2022-09-11T03:11:48.538Z] > git symbolic-ref --short HEAD [1ms]
[2022-09-11T03:11:48.554Z] > git for-each-ref --format=%(refname)%00%(upstream:short)%00%(objectname)%00%(upstream:track)%00%(upstream:remotename)%00%(upstream:remoteref) refs/heads/master refs/remotes/master [0ms]
[2022-09-11T03:11:48.581Z] > git remote --verbose [2ms]
[2022-09-11T03:11:48.581Z] > git for-each-ref --sort -committerdate --format %(refname) %(objectname) %(*objectname) [14ms]
[2022-09-11T03:11:48.702Z] > git config --get commit.template [2ms]
