[2022-09-12T16:46:53.360Z] Log level: Info
[2022-09-12T16:46:53.370Z] [info] Validating found git in: git
[2022-09-12T16:46:53.412Z] [info] Using git 2.20.1 from git
[2022-09-12T16:46:53.451Z] > git rev-parse --show-toplevel [17ms]
[2022-09-12T16:46:53.505Z] > git rev-parse --git-dir --git-common-dir [40ms]
[2022-09-12T16:46:53.513Z] [info] Open repository: /home/linl20
[2022-09-12T16:46:53.811Z] > git status -z -uall [286ms]
[2022-09-12T16:46:53.906Z] > git symbolic-ref --short HEAD [86ms]
[2022-09-12T16:46:53.924Z] > git for-each-ref --format=%(refname)%00%(upstream:short)%00%(objectname)%00%(upstream:track)%00%(upstream:remotename)%00%(upstream:remoteref) refs/heads/master refs/remotes/master [8ms]
[2022-09-12T16:46:54.004Z] > git remote --verbose [62ms]
[2022-09-12T16:46:54.004Z] > git for-each-ref --sort -committerdate --format %(refname) %(objectname) %(*objectname) [71ms]
[2022-09-12T16:46:54.969Z] > git config --get commit.template [26ms]
[2022-09-12T16:46:55.062Z] > git status -z -uall [80ms]
[2022-09-12T16:46:55.081Z] > git symbolic-ref --short HEAD [5ms]
[2022-09-12T16:46:55.100Z] > git for-each-ref --format=%(refname)%00%(upstream:short)%00%(objectname)%00%(upstream:track)%00%(upstream:remotename)%00%(upstream:remoteref) refs/heads/master refs/remotes/master [6ms]
[2022-09-12T16:46:55.136Z] > git remote --verbose [11ms]
[2022-09-12T16:46:55.136Z] > git for-each-ref --sort -committerdate --format %(refname) %(objectname) %(*objectname) [23ms]
[2022-09-12T16:46:55.257Z] > git config --get commit.template [5ms]
[2022-09-12T16:46:56.552Z] > git show --textconv :csc250_lab2-Lin-Eric-142313/cTest.c [19ms]
[2022-09-12T16:46:56.554Z] > git ls-files --stage -- /home/linl20/csc250_lab2-Lin-Eric-142313/cTest.c [4ms]
[2022-09-12T16:46:56.717Z] > git check-ignore -v -z --stdin [2ms]
[2022-09-12T16:46:58.359Z] > git status -z -uall [39ms]
[2022-09-12T16:46:58.377Z] > git symbolic-ref --short HEAD [1ms]
[2022-09-12T16:46:58.394Z] > git for-each-ref --format=%(refname)%00%(upstream:short)%00%(objectname)%00%(upstream:track)%00%(upstream:remotename)%00%(upstream:remoteref) refs/heads/master refs/remotes/master [1ms]
[2022-09-12T16:46:58.429Z] > git remote --verbose [2ms]
[2022-09-12T16:46:58.429Z] > git for-each-ref --sort -committerdate --format %(refname) %(objectname) %(*objectname) [18ms]
[2022-09-12T16:46:58.559Z] > git config --get commit.template [14ms]
[2022-09-12T16:47:03.620Z] > git status -z -uall [44ms]
[2022-09-12T16:47:03.635Z] > git symbolic-ref --short HEAD [1ms]
[2022-09-12T16:47:03.650Z] > git for-each-ref --format=%(refname)%00%(upstream:short)%00%(objectname)%00%(upstream:track)%00%(upstream:remotename)%00%(upstream:remoteref) refs/heads/master refs/remotes/master [1ms]
[2022-09-12T16:47:03.677Z] > git remote --verbose [2ms]
[2022-09-12T16:47:03.677Z] > git for-each-ref --sort -committerdate --format %(refname) %(objectname) %(*objectname) [14ms]
[2022-09-12T16:47:03.786Z] > git config --get commit.template [1ms]
[2022-09-12T16:47:08.842Z] > git status -z -uall [40ms]
[2022-09-12T16:47:08.857Z] > git symbolic-ref --short HEAD [1ms]
[2022-09-12T16:47:08.872Z] > git for-each-ref --format=%(refname)%00%(upstream:short)%00%(objectname)%00%(upstream:track)%00%(upstream:remotename)%00%(upstream:remoteref) refs/heads/master refs/remotes/master [1ms]
[2022-09-12T16:47:08.903Z] > git remote --verbose [5ms]
[2022-09-12T16:47:08.903Z] > git for-each-ref --sort -committerdate --format %(refname) %(objectname) %(*objectname) [18ms]
[2022-09-12T16:47:09.009Z] > git config --get commit.template [2ms]
[2022-09-12T16:47:14.066Z] > git status -z -uall [41ms]
[2022-09-12T16:47:14.080Z] > git symbolic-ref --short HEAD [1ms]
[2022-09-12T16:47:14.095Z] > git for-each-ref --format=%(refname)%00%(upstream:short)%00%(objectname)%00%(upstream:track)%00%(upstream:remotename)%00%(upstream:remoteref) refs/heads/master refs/remotes/master [1ms]
[2022-09-12T16:47:14.123Z] > git remote --verbose [1ms]
[2022-09-12T16:47:14.123Z] > git for-each-ref --sort -committerdate --format %(refname) %(objectname) %(*objectname) [14ms]
[2022-09-12T16:47:14.227Z] > git config --get commit.template [1ms]
[2022-09-12T16:47:19.283Z] > git status -z -uall [38ms]
[2022-09-12T16:47:19.299Z] > git symbolic-ref --short HEAD [1ms]
[2022-09-12T16:47:19.316Z] > git for-each-ref --format=%(refname)%00%(upstream:short)%00%(objectname)%00%(upstream:track)%00%(upstream:remotename)%00%(upstream:remoteref) refs/heads/master refs/remotes/master [1ms]
[2022-09-12T16:47:19.347Z] > git remote --verbose [1ms]
[2022-09-12T16:47:19.347Z] > git for-each-ref --sort -committerdate --format %(refname) %(objectname) %(*objectname) [16ms]
[2022-09-12T16:47:19.447Z] > git config --get commit.template [1ms]
[2022-09-12T16:47:24.507Z] > git status -z -uall [41ms]
[2022-09-12T16:47:24.525Z] > git symbolic-ref --short HEAD [2ms]
[2022-09-12T16:47:24.542Z] > git for-each-ref --format=%(refname)%00%(upstream:short)%00%(objectname)%00%(upstream:track)%00%(upstream:remotename)%00%(upstream:remoteref) refs/heads/master refs/remotes/master [1ms]
[2022-09-12T16:47:24.574Z] > git for-each-ref --sort -committerdate --format %(refname) %(objectname) %(*objectname) [17ms]
[2022-09-12T16:47:24.574Z] > git remote --verbose [1ms]
[2022-09-12T16:47:24.687Z] > git config --get commit.template [12ms]
[2022-09-12T16:47:29.746Z] > git status -z -uall [40ms]
[2022-09-12T16:47:29.765Z] > git symbolic-ref --short HEAD [1ms]
[2022-09-12T16:47:29.783Z] > git for-each-ref --format=%(refname)%00%(upstream:short)%00%(objectname)%00%(upstream:track)%00%(upstream:remotename)%00%(upstream:remoteref) refs/heads/master refs/remotes/master [1ms]
[2022-09-12T16:47:29.819Z] > git remote --verbose [1ms]
[2022-09-12T16:47:29.820Z] > git for-each-ref --sort -committerdate --format %(refname) %(objectname) %(*objectname) [19ms]
[2022-09-12T16:47:29.919Z] > git config --get commit.template [1ms]
[2022-09-12T16:47:34.978Z] > git status -z -uall [38ms]
[2022-09-12T16:47:34.999Z] > git symbolic-ref --short HEAD [1ms]
[2022-09-12T16:47:35.019Z] > git for-each-ref --format=%(refname)%00%(upstream:short)%00%(objectname)%00%(upstream:track)%00%(upstream:remotename)%00%(upstream:remoteref) refs/heads/master refs/remotes/master [1ms]
[2022-09-12T16:47:35.058Z] > git for-each-ref --sort -committerdate --format %(refname) %(objectname) %(*objectname) [20ms]
[2022-09-12T16:47:35.058Z] > git remote --verbose [2ms]
[2022-09-12T16:47:35.163Z] > git config --get commit.template [1ms]
[2022-09-12T16:47:40.224Z] > git status -z -uall [39ms]
[2022-09-12T16:47:40.246Z] > git symbolic-ref --short HEAD [1ms]
[2022-09-12T16:47:40.269Z] > git for-each-ref --format=%(refname)%00%(upstream:short)%00%(objectname)%00%(upstream:track)%00%(upstream:remotename)%00%(upstream:remoteref) refs/heads/master refs/remotes/master [2ms]
[2022-09-12T16:47:40.312Z] > git remote --verbose [2ms]
[2022-09-12T16:47:40.313Z] > git for-each-ref --sort -committerdate --format %(refname) %(objectname) %(*objectname) [24ms]
[2022-09-12T16:47:40.426Z] > git config --get commit.template [2ms]
[2022-09-12T16:47:45.488Z] > git status -z -uall [39ms]
[2022-09-12T16:47:45.511Z] > git symbolic-ref --short HEAD [1ms]
[2022-09-12T16:47:45.533Z] > git for-each-ref --format=%(refname)%00%(upstream:short)%00%(objectname)%00%(upstream:track)%00%(upstream:remotename)%00%(upstream:remoteref) refs/heads/master refs/remotes/master [1ms]
[2022-09-12T16:47:45.577Z] > git for-each-ref --sort -committerdate --format %(refname) %(objectname) %(*objectname) [22ms]
[2022-09-12T16:47:45.577Z] > git remote --verbose [1ms]
[2022-09-12T16:47:45.675Z] > git config --get commit.template [1ms]
[2022-09-12T16:47:50.738Z] > git status -z -uall [39ms]
[2022-09-12T16:47:50.762Z] > git symbolic-ref --short HEAD [1ms]
[2022-09-12T16:47:50.786Z] > git for-each-ref --format=%(refname)%00%(upstream:short)%00%(objectname)%00%(upstream:track)%00%(upstream:remotename)%00%(upstream:remoteref) refs/heads/master refs/remotes/master [1ms]
[2022-09-12T16:47:50.837Z] > git remote --verbose [6ms]
[2022-09-12T16:47:50.837Z] > git for-each-ref --sort -committerdate --format %(refname) %(objectname) %(*objectname) [29ms]
[2022-09-12T16:47:50.944Z] > git config --get commit.template [1ms]
[2022-09-12T16:47:56.001Z] > git status -z -uall [38ms]
[2022-09-12T16:47:56.019Z] > git symbolic-ref --short HEAD [1ms]
[2022-09-12T16:47:56.037Z] > git for-each-ref --format=%(refname)%00%(upstream:short)%00%(objectname)%00%(upstream:track)%00%(upstream:remotename)%00%(upstream:remoteref) refs/heads/master refs/remotes/master [2ms]
[2022-09-12T16:47:56.070Z] > git for-each-ref --sort -committerdate --format %(refname) %(objectname) %(*objectname) [17ms]
[2022-09-12T16:47:56.071Z] > git remote --verbose [2ms]
[2022-09-12T16:47:56.183Z] > git config --get commit.template [1ms]
[2022-09-12T16:48:13.064Z] > git status -z -uall [40ms]
[2022-09-12T16:48:13.082Z] > git symbolic-ref --short HEAD [2ms]
[2022-09-12T16:48:13.099Z] > git for-each-ref --format=%(refname)%00%(upstream:short)%00%(objectname)%00%(upstream:track)%00%(upstream:remotename)%00%(upstream:remoteref) refs/heads/master refs/remotes/master [2ms]
[2022-09-12T16:48:13.131Z] > git for-each-ref --sort -committerdate --format %(refname) %(objectname) %(*objectname) [16ms]
[2022-09-12T16:48:13.132Z] > git remote --verbose [2ms]
[2022-09-12T16:48:13.245Z] > git config --get commit.template [2ms]
[2022-09-12T16:48:18.303Z] > git status -z -uall [39ms]
[2022-09-12T16:48:18.321Z] > git symbolic-ref --short HEAD [1ms]
[2022-09-12T16:48:18.339Z] > git for-each-ref --format=%(refname)%00%(upstream:short)%00%(objectname)%00%(upstream:track)%00%(upstream:remotename)%00%(upstream:remoteref) refs/heads/master refs/remotes/master [2ms]
[2022-09-12T16:48:18.373Z] > git for-each-ref --sort -committerdate --format %(refname) %(objectname) %(*objectname) [17ms]
[2022-09-12T16:48:18.373Z] > git remote --verbose [1ms]
[2022-09-12T16:48:18.476Z] > git config --get commit.template [1ms]
[2022-09-12T16:48:23.533Z] > git status -z -uall [38ms]
[2022-09-12T16:48:23.553Z] > git symbolic-ref --short HEAD [2ms]
[2022-09-12T16:48:23.573Z] > git for-each-ref --format=%(refname)%00%(upstream:short)%00%(objectname)%00%(upstream:track)%00%(upstream:remotename)%00%(upstream:remoteref) refs/heads/master refs/remotes/master [2ms]
[2022-09-12T16:48:23.608Z] > git remote --verbose [2ms]
[2022-09-12T16:48:23.608Z] > git for-each-ref --sort -committerdate --format %(refname) %(objectname) %(*objectname) [19ms]
[2022-09-12T16:48:23.715Z] > git config --get commit.template [1ms]
[2022-09-12T16:48:28.776Z] > git status -z -uall [41ms]
[2022-09-12T16:48:28.795Z] > git symbolic-ref --short HEAD [1ms]
[2022-09-12T16:48:28.815Z] > git for-each-ref --format=%(refname)%00%(upstream:short)%00%(objectname)%00%(upstream:track)%00%(upstream:remotename)%00%(upstream:remoteref) refs/heads/master refs/remotes/master [1ms]
[2022-09-12T16:48:28.854Z] > git remote --verbose [3ms]
[2022-09-12T16:48:28.855Z] > git for-each-ref --sort -committerdate --format %(refname) %(objectname) %(*objectname) [22ms]
[2022-09-12T16:48:28.955Z] > git config --get commit.template [1ms]
[2022-09-12T16:48:34.015Z] > git status -z -uall [39ms]
[2022-09-12T16:48:34.036Z] > git symbolic-ref --short HEAD [1ms]
[2022-09-12T16:48:34.056Z] > git for-each-ref --format=%(refname)%00%(upstream:short)%00%(objectname)%00%(upstream:track)%00%(upstream:remotename)%00%(upstream:remoteref) refs/heads/master refs/remotes/master [1ms]
[2022-09-12T16:48:34.095Z] > git for-each-ref --sort -committerdate --format %(refname) %(objectname) %(*objectname) [20ms]
[2022-09-12T16:48:34.095Z] > git remote --verbose [1ms]
[2022-09-12T16:48:34.196Z] > git config --get commit.template [0ms]
[2022-09-12T16:48:39.258Z] > git status -z -uall [39ms]
[2022-09-12T16:48:39.280Z] > git symbolic-ref --short HEAD [1ms]
[2022-09-12T16:48:39.302Z] > git for-each-ref --format=%(refname)%00%(upstream:short)%00%(objectname)%00%(upstream:track)%00%(upstream:remotename)%00%(upstream:remoteref) refs/heads/master refs/remotes/master [1ms]
[2022-09-12T16:48:39.343Z] > git for-each-ref --sort -committerdate --format %(refname) %(objectname) %(*objectname) [21ms]
[2022-09-12T16:48:39.343Z] > git remote --verbose [1ms]
[2022-09-12T16:48:39.452Z] > git config --get commit.template [10ms]
[2022-09-12T16:48:44.514Z] > git status -z -uall [38ms]
[2022-09-12T16:48:44.538Z] > git symbolic-ref --short HEAD [1ms]
[2022-09-12T16:48:44.563Z] > git for-each-ref --format=%(refname)%00%(upstream:short)%00%(objectname)%00%(upstream:track)%00%(upstream:remotename)%00%(upstream:remoteref) refs/heads/master refs/remotes/master [3ms]
[2022-09-12T16:48:44.610Z] > git remote --verbose [2ms]
[2022-09-12T16:48:44.610Z] > git for-each-ref --sort -committerdate --format %(refname) %(objectname) %(*objectname) [24ms]
[2022-09-12T16:48:44.716Z] > git config --get commit.template [1ms]
[2022-09-12T16:48:49.781Z] > git status -z -uall [41ms]
[2022-09-12T16:48:49.806Z] > git symbolic-ref --short HEAD [1ms]
[2022-09-12T16:48:49.833Z] > git for-each-ref --format=%(refname)%00%(upstream:short)%00%(objectname)%00%(upstream:track)%00%(upstream:remotename)%00%(upstream:remoteref) refs/heads/master refs/remotes/master [1ms]
[2022-09-12T16:48:49.885Z] > git remote --verbose [1ms]
[2022-09-12T16:48:49.886Z] > git for-each-ref --sort -committerdate --format %(refname) %(objectname) %(*objectname) [28ms]
[2022-09-12T16:48:49.995Z] > git config --get commit.template [1ms]
[2022-09-12T16:48:55.056Z] > git status -z -uall [40ms]
[2022-09-12T16:48:55.076Z] > git symbolic-ref --short HEAD [1ms]
[2022-09-12T16:48:55.097Z] > git for-each-ref --format=%(refname)%00%(upstream:short)%00%(objectname)%00%(upstream:track)%00%(upstream:remotename)%00%(upstream:remoteref) refs/heads/master refs/remotes/master [1ms]
[2022-09-12T16:48:55.135Z] > git for-each-ref --sort -committerdate --format %(refname) %(objectname) %(*objectname) [20ms]
[2022-09-12T16:48:55.136Z] > git remote --verbose [2ms]
[2022-09-12T16:48:55.240Z] > git config --get commit.template [1ms]
[2022-09-12T16:49:00.303Z] > git status -z -uall [43ms]
[2022-09-12T16:49:00.324Z] > git symbolic-ref --short HEAD [1ms]
[2022-09-12T16:49:00.344Z] > git for-each-ref --format=%(refname)%00%(upstream:short)%00%(objectname)%00%(upstream:track)%00%(upstream:remotename)%00%(upstream:remoteref) refs/heads/master refs/remotes/master [1ms]
[2022-09-12T16:49:00.383Z] > git remote --verbose [1ms]
[2022-09-12T16:49:00.384Z] > git for-each-ref --sort -committerdate --format %(refname) %(objectname) %(*objectname) [21ms]
[2022-09-12T16:49:00.491Z] > git config --get commit.template [1ms]
[2022-09-12T16:49:05.551Z] > git status -z -uall [39ms]
[2022-09-12T16:49:05.571Z] > git symbolic-ref --short HEAD [1ms]
[2022-09-12T16:49:05.591Z] > git for-each-ref --format=%(refname)%00%(upstream:short)%00%(objectname)%00%(upstream:track)%00%(upstream:remotename)%00%(upstream:remoteref) refs/heads/master refs/remotes/master [1ms]
[2022-09-12T16:49:05.630Z] > git for-each-ref --sort -committerdate --format %(refname) %(objectname) %(*objectname) [20ms]
[2022-09-12T16:49:05.630Z] > git remote --verbose [2ms]
[2022-09-12T16:49:05.734Z] > git config --get commit.template [1ms]
[2022-09-12T16:49:10.794Z] > git status -z -uall [40ms]
[2022-09-12T16:49:10.814Z] > git symbolic-ref --short HEAD [1ms]
[2022-09-12T16:49:10.834Z] > git for-each-ref --format=%(refname)%00%(upstream:short)%00%(objectname)%00%(upstream:track)%00%(upstream:remotename)%00%(upstream:remoteref) refs/heads/master refs/remotes/master [1ms]
[2022-09-12T16:49:10.872Z] > git for-each-ref --sort -committerdate --format %(refname) %(objectname) %(*objectname) [19ms]
[2022-09-12T16:49:10.873Z] > git remote --verbose [2ms]
[2022-09-12T16:49:10.974Z] > git config --get commit.template [1ms]
[2022-09-12T16:49:16.033Z] > git status -z -uall [38ms]
[2022-09-12T16:49:16.053Z] > git symbolic-ref --short HEAD [1ms]
[2022-09-12T16:49:16.073Z] > git for-each-ref --format=%(refname)%00%(upstream:short)%00%(objectname)%00%(upstream:track)%00%(upstream:remotename)%00%(upstream:remoteref) refs/heads/master refs/remotes/master [1ms]
[2022-09-12T16:49:16.111Z] > git for-each-ref --sort -committerdate --format %(refname) %(objectname) %(*objectname) [19ms]
[2022-09-12T16:49:16.111Z] > git remote --verbose [1ms]
[2022-09-12T16:49:16.215Z] > git config --get commit.template [1ms]
[2022-09-12T16:49:21.276Z] > git status -z -uall [38ms]
[2022-09-12T16:49:21.298Z] > git symbolic-ref --short HEAD [1ms]
[2022-09-12T16:49:21.319Z] > git for-each-ref --format=%(refname)%00%(upstream:short)%00%(objectname)%00%(upstream:track)%00%(upstream:remotename)%00%(upstream:remoteref) refs/heads/master refs/remotes/master [1ms]
[2022-09-12T16:49:21.361Z] > git for-each-ref --sort -committerdate --format %(refname) %(objectname) %(*objectname) [21ms]
[2022-09-12T16:49:21.362Z] > git remote --verbose [2ms]
[2022-09-12T16:49:21.464Z] > git config --get commit.template [0ms]
[2022-09-12T16:49:26.528Z] > git status -z -uall [40ms]
[2022-09-12T16:49:26.551Z] > git symbolic-ref --short HEAD [2ms]
[2022-09-12T16:49:26.573Z] > git for-each-ref --format=%(refname)%00%(upstream:short)%00%(objectname)%00%(upstream:track)%00%(upstream:remotename)%00%(upstream:remoteref) refs/heads/master refs/remotes/master [1ms]
[2022-09-12T16:49:26.619Z] > git remote --verbose [2ms]
[2022-09-12T16:49:26.619Z] > git for-each-ref --sort -committerdate --format %(refname) %(objectname) %(*objectname) [23ms]
[2022-09-12T16:49:26.727Z] > git config --get commit.template [1ms]
[2022-09-12T16:49:31.791Z] > git status -z -uall [39ms]
[2022-09-12T16:49:31.815Z] > git symbolic-ref --short HEAD [1ms]
[2022-09-12T16:49:31.838Z] > git for-each-ref --format=%(refname)%00%(upstream:short)%00%(objectname)%00%(upstream:track)%00%(upstream:remotename)%00%(upstream:remoteref) refs/heads/master refs/remotes/master [1ms]
[2022-09-12T16:49:31.885Z] > git remote --verbose [1ms]
[2022-09-12T16:49:31.886Z] > git for-each-ref --sort -committerdate --format %(refname) %(objectname) %(*objectname) [25ms]
[2022-09-12T16:49:31.989Z] > git config --get commit.template [1ms]
[2022-09-12T16:49:37.053Z] > git status -z -uall [38ms]
[2022-09-12T16:49:37.079Z] > git symbolic-ref --short HEAD [1ms]
[2022-09-12T16:49:37.104Z] > git for-each-ref --format=%(refname)%00%(upstream:short)%00%(objectname)%00%(upstream:track)%00%(upstream:remotename)%00%(upstream:remoteref) refs/heads/master refs/remotes/master [1ms]
[2022-09-12T16:49:37.154Z] > git for-each-ref --sort -committerdate --format %(refname) %(objectname) %(*objectname) [26ms]
[2022-09-12T16:49:37.154Z] > git remote --verbose [2ms]
[2022-09-12T16:49:37.261Z] > git config --get commit.template [1ms]
[2022-09-12T16:49:42.323Z] > git status -z -uall [40ms]
[2022-09-12T16:49:42.342Z] > git symbolic-ref --short HEAD [1ms]
[2022-09-12T16:49:42.363Z] > git for-each-ref --format=%(refname)%00%(upstream:short)%00%(objectname)%00%(upstream:track)%00%(upstream:remotename)%00%(upstream:remoteref) refs/heads/master refs/remotes/master [2ms]
[2022-09-12T16:49:42.401Z] > git remote --verbose [1ms]
[2022-09-12T16:49:42.401Z] > git for-each-ref --sort -committerdate --format %(refname) %(objectname) %(*objectname) [19ms]
[2022-09-12T16:49:42.512Z] > git config --get commit.template [0ms]
[2022-09-12T16:49:47.572Z] > git status -z -uall [39ms]
[2022-09-12T16:49:47.593Z] > git symbolic-ref --short HEAD [1ms]
[2022-09-12T16:49:47.612Z] > git for-each-ref --format=%(refname)%00%(upstream:short)%00%(objectname)%00%(upstream:track)%00%(upstream:remotename)%00%(upstream:remoteref) refs/heads/master refs/remotes/master [1ms]
[2022-09-12T16:49:47.650Z] > git remote --verbose [2ms]
[2022-09-12T16:49:47.650Z] > git for-each-ref --sort -committerdate --format %(refname) %(objectname) %(*objectname) [20ms]
[2022-09-12T16:49:47.753Z] > git config --get commit.template [2ms]
[2022-09-12T16:49:52.812Z] > git status -z -uall [38ms]
[2022-09-12T16:49:52.832Z] > git symbolic-ref --short HEAD [1ms]
[2022-09-12T16:49:52.852Z] > git for-each-ref --format=%(refname)%00%(upstream:short)%00%(objectname)%00%(upstream:track)%00%(upstream:remotename)%00%(upstream:remoteref) refs/heads/master refs/remotes/master [1ms]
[2022-09-12T16:49:52.890Z] > git for-each-ref --sort -committerdate --format %(refname) %(objectname) %(*objectname) [19ms]
[2022-09-12T16:49:52.890Z] > git remote --verbose [1ms]
[2022-09-12T16:49:52.992Z] > git config --get commit.template [1ms]
[2022-09-12T16:49:58.051Z] > git status -z -uall [38ms]
[2022-09-12T16:49:58.071Z] > git symbolic-ref --short HEAD [1ms]
[2022-09-12T16:49:58.091Z] > git for-each-ref --format=%(refname)%00%(upstream:short)%00%(objectname)%00%(upstream:track)%00%(upstream:remotename)%00%(upstream:remoteref) refs/heads/master refs/remotes/master [1ms]
[2022-09-12T16:49:58.130Z] > git remote --verbose [1ms]
[2022-09-12T16:49:58.131Z] > git for-each-ref --sort -committerdate --format %(refname) %(objectname) %(*objectname) [21ms]
[2022-09-12T16:49:58.234Z] > git config --get commit.template [1ms]
[2022-09-12T16:50:03.294Z] > git status -z -uall [39ms]
[2022-09-12T16:50:03.314Z] > git symbolic-ref --short HEAD [1ms]
[2022-09-12T16:50:03.335Z] > git for-each-ref --format=%(refname)%00%(upstream:short)%00%(objectname)%00%(upstream:track)%00%(upstream:remotename)%00%(upstream:remoteref) refs/heads/master refs/remotes/master [1ms]
[2022-09-12T16:50:03.374Z] > git for-each-ref --sort -committerdate --format %(refname) %(objectname) %(*objectname) [20ms]
[2022-09-12T16:50:03.374Z] > git remote --verbose [1ms]
[2022-09-12T16:50:03.497Z] > git config --get commit.template [1ms]
[2022-09-12T16:50:04.292Z] > git check-ignore -v -z --stdin [2ms]
[2022-09-12T16:50:08.557Z] > git status -z -uall [37ms]
[2022-09-12T16:50:08.579Z] > git symbolic-ref --short HEAD [1ms]
[2022-09-12T16:50:08.600Z] > git for-each-ref --format=%(refname)%00%(upstream:short)%00%(objectname)%00%(upstream:track)%00%(upstream:remotename)%00%(upstream:remoteref) refs/heads/master refs/remotes/master [1ms]
[2022-09-12T16:50:08.655Z] > git for-each-ref --sort -committerdate --format %(refname) %(objectname) %(*objectname) [22ms]
[2022-09-12T16:50:08.655Z] > git remote --verbose [2ms]
[2022-09-12T16:50:08.760Z] > git config --get commit.template [1ms]
[2022-09-12T16:50:13.823Z] > git status -z -uall [40ms]
[2022-09-12T16:50:13.846Z] > git symbolic-ref --short HEAD [2ms]
[2022-09-12T16:50:13.868Z] > git for-each-ref --format=%(refname)%00%(upstream:short)%00%(objectname)%00%(upstream:track)%00%(upstream:remotename)%00%(upstream:remoteref) refs/heads/master refs/remotes/master [0ms]
[2022-09-12T16:50:13.912Z] > git remote --verbose [1ms]
[2022-09-12T16:50:13.913Z] > git for-each-ref --sort -committerdate --format %(refname) %(objectname) %(*objectname) [23ms]
[2022-09-12T16:50:14.017Z] > git config --get commit.template [1ms]
[2022-09-12T16:50:19.080Z] > git status -z -uall [39ms]
[2022-09-12T16:50:19.103Z] > git symbolic-ref --short HEAD [1ms]
[2022-09-12T16:50:19.126Z] > git for-each-ref --format=%(refname)%00%(upstream:short)%00%(objectname)%00%(upstream:track)%00%(upstream:remotename)%00%(upstream:remoteref) refs/heads/master refs/remotes/master [1ms]
[2022-09-12T16:50:19.173Z] > git remote --verbose [2ms]
[2022-09-12T16:50:19.173Z] > git for-each-ref --sort -committerdate --format %(refname) %(objectname) %(*objectname) [24ms]
[2022-09-12T16:50:19.279Z] > git config --get commit.template [0ms]
[2022-09-12T16:50:24.343Z] > git status -z -uall [39ms]
[2022-09-12T16:50:24.368Z] > git symbolic-ref --short HEAD [1ms]
[2022-09-12T16:50:24.394Z] > git for-each-ref --format=%(refname)%00%(upstream:short)%00%(objectname)%00%(upstream:track)%00%(upstream:remotename)%00%(upstream:remoteref) refs/heads/master refs/remotes/master [1ms]
[2022-09-12T16:50:24.442Z] > git for-each-ref --sort -committerdate --format %(refname) %(objectname) %(*objectname) [25ms]
[2022-09-12T16:50:24.443Z] > git remote --verbose [2ms]
[2022-09-12T16:50:24.550Z] > git config --get commit.template [1ms]
[2022-09-12T16:50:29.616Z] > git status -z -uall [43ms]
[2022-09-12T16:50:29.639Z] > git symbolic-ref --short HEAD [1ms]
[2022-09-12T16:50:29.661Z] > git for-each-ref --format=%(refname)%00%(upstream:short)%00%(objectname)%00%(upstream:track)%00%(upstream:remotename)%00%(upstream:remoteref) refs/heads/master refs/remotes/master [1ms]
[2022-09-12T16:50:29.705Z] > git remote --verbose [2ms]
[2022-09-12T16:50:29.705Z] > git for-each-ref --sort -committerdate --format %(refname) %(objectname) %(*objectname) [22ms]
[2022-09-12T16:50:29.821Z] > git config --get commit.template [1ms]
[2022-09-12T16:50:34.883Z] > git status -z -uall [39ms]
[2022-09-12T16:50:34.903Z] > git symbolic-ref --short HEAD [1ms]
[2022-09-12T16:50:34.923Z] > git for-each-ref --format=%(refname)%00%(upstream:short)%00%(objectname)%00%(upstream:track)%00%(upstream:remotename)%00%(upstream:remoteref) refs/heads/master refs/remotes/master [1ms]
[2022-09-12T16:50:34.964Z] > git remote --verbose [2ms]
[2022-09-12T16:50:34.964Z] > git for-each-ref --sort -committerdate --format %(refname) %(objectname) %(*objectname) [21ms]
[2022-09-12T16:50:35.069Z] > git config --get commit.template [2ms]
[2022-09-12T16:50:40.129Z] > git status -z -uall [38ms]
[2022-09-12T16:50:40.149Z] > git symbolic-ref --short HEAD [1ms]
[2022-09-12T16:50:40.169Z] > git for-each-ref --format=%(refname)%00%(upstream:short)%00%(objectname)%00%(upstream:track)%00%(upstream:remotename)%00%(upstream:remoteref) refs/heads/master refs/remotes/master [1ms]
[2022-09-12T16:50:40.209Z] > git for-each-ref --sort -committerdate --format %(refname) %(objectname) %(*objectname) [20ms]
[2022-09-12T16:50:40.209Z] > git remote --verbose [2ms]
[2022-09-12T16:50:40.311Z] > git config --get commit.template [1ms]
[2022-09-12T16:50:45.373Z] > git status -z -uall [38ms]
[2022-09-12T16:50:45.393Z] > git symbolic-ref --short HEAD [1ms]
[2022-09-12T16:50:45.413Z] > git for-each-ref --format=%(refname)%00%(upstream:short)%00%(objectname)%00%(upstream:track)%00%(upstream:remotename)%00%(upstream:remoteref) refs/heads/master refs/remotes/master [1ms]
[2022-09-12T16:50:45.452Z] > git remote --verbose [1ms]
[2022-09-12T16:50:45.452Z] > git for-each-ref --sort -committerdate --format %(refname) %(objectname) %(*objectname) [20ms]
[2022-09-12T16:50:45.569Z] > git config --get commit.template [1ms]
[2022-09-12T16:50:50.630Z] > git status -z -uall [39ms]
[2022-09-12T16:50:50.651Z] > git symbolic-ref --short HEAD [1ms]
[2022-09-12T16:50:50.671Z] > git for-each-ref --format=%(refname)%00%(upstream:short)%00%(objectname)%00%(upstream:track)%00%(upstream:remotename)%00%(upstream:remoteref) refs/heads/master refs/remotes/master [1ms]
[2022-09-12T16:50:50.710Z] > git for-each-ref --sort -committerdate --format %(refname) %(objectname) %(*objectname) [20ms]
[2022-09-12T16:50:50.711Z] > git remote --verbose [2ms]
[2022-09-12T16:50:50.811Z] > git config --get commit.template [1ms]
[2022-09-12T16:50:55.872Z] > git status -z -uall [39ms]
[2022-09-12T16:50:55.894Z] > git symbolic-ref --short HEAD [2ms]
[2022-09-12T16:50:55.916Z] > git for-each-ref --format=%(refname)%00%(upstream:short)%00%(objectname)%00%(upstream:track)%00%(upstream:remotename)%00%(upstream:remoteref) refs/heads/master refs/remotes/master [2ms]
[2022-09-12T16:50:55.957Z] > git remote --verbose [1ms]
[2022-09-12T16:50:55.958Z] > git for-each-ref --sort -committerdate --format %(refname) %(objectname) %(*objectname) [22ms]
[2022-09-12T16:50:56.064Z] > git config --get commit.template [1ms]
