[2022-09-12 15:54:19.541] [exthost] [info] Extension host with pid 16351 started
[2022-09-12 15:54:19.572] [exthost] [info] Lock '/home/linl20/.vscode-server/data/User/workspaceStorage/846d061fbe3b7c3efc4e33135743ac56/vscode.lock': Lock acquired.
[2022-09-12 15:54:19.622] [exthost] [info] ExtensionService#_doActivateExtension cschlosser.doxdocgen, startup: false, activationEvent: 'onLanguage:c'
[2022-09-12 15:54:19.688] [exthost] [info] ExtensionService#_doActivateExtension ms-vscode.cpptools, startup: false, activationEvent: 'onLanguage:c'
[2022-09-12 15:54:19.893] [exthost] [info] ExtensionService#_doActivateExtension vscode.debug-auto-launch, startup: true, activationEvent: '*'
[2022-09-12 15:54:19.897] [exthost] [info] ExtensionService#_doActivateExtension vscode.git-base, startup: true, activationEvent: '*', root cause: vscode.git
[2022-09-12 15:54:19.901] [exthost] [info] ExtensionService#_doActivateExtension vscode.ipynb, startup: true, activationEvent: '*'
[2022-09-12 15:54:20.283] [exthost] [info] ExtensionService#_doActivateExtension vscode.git, startup: true, activationEvent: '*'
[2022-09-12 15:54:20.415] [exthost] [info] ExtensionService#_doActivateExtension vscode.github, startup: true, activationEvent: '*'
[2022-09-12 15:54:21.301] [exthost] [warning] [Decorations] CAPPING events from decorations provider vscode.git 5438
[2022-09-12 15:54:22.404] [exthost] [warning] [Decorations] CAPPING events from decorations provider vscode.git 5438
[2022-09-12 15:54:23.471] [exthost] [info] ExtensionService#_doActivateExtension vscode.emmet, startup: false, activationEvent: 'onStartupFinished'
[2022-09-12 15:54:23.493] [exthost] [info] ExtensionService#_doActivateExtension vscode.merge-conflict, startup: false, activationEvent: 'onStartupFinished'
[2022-09-12 15:54:23.499] [exthost] [info] Eager extensions activated
[2022-09-12 15:58:29.984] [exthost] [warning] [Decorations] CAPPING events from decorations provider vscode.git 5579
[2022-09-12 15:58:35.206] [exthost] [warning] [Decorations] CAPPING events from decorations provider vscode.git 5578
[2022-09-12 15:59:11.630] [exthost] [warning] [Decorations] CAPPING events from decorations provider vscode.git 5578
[2022-09-12 15:59:16.851] [exthost] [warning] [Decorations] CAPPING events from decorations provider vscode.git 5578
[2022-09-12 15:59:22.071] [exthost] [warning] [Decorations] CAPPING events from decorations provider vscode.git 5578
[2022-09-12 15:59:28.146] [exthost] [warning] [Decorations] CAPPING events from decorations provider vscode.git 5575
[2022-09-12 15:59:33.371] [exthost] [warning] [Decorations] CAPPING events from decorations provider vscode.git 5576
[2022-09-12 15:59:38.617] [exthost] [warning] [Decorations] CAPPING events from decorations provider vscode.git 5576
[2022-09-12 15:59:43.860] [exthost] [warning] [Decorations] CAPPING events from decorations provider vscode.git 5576
[2022-09-12 15:59:51.324] [exthost] [warning] [Decorations] CAPPING events from decorations provider vscode.git 5576
[2022-09-12 15:59:56.586] [exthost] [warning] [Decorations] CAPPING events from decorations provider vscode.git 5576
[2022-09-12 16:00:01.920] [exthost] [warning] [Decorations] CAPPING events from decorations provider vscode.git 5576
[2022-09-12 16:00:53.918] [exthost] [warning] [Decorations] CAPPING events from decorations provider vscode.git 5576
[2022-09-12 16:00:59.283] [exthost] [warning] [Decorations] CAPPING events from decorations provider vscode.git 5576
[2022-09-12 16:01:11.345] [exthost] [warning] [Decorations] CAPPING events from decorations provider vscode.git 5576
[2022-09-12 16:01:16.574] [exthost] [warning] [Decorations] CAPPING events from decorations provider vscode.git 5576
[2022-09-12 16:01:33.073] [exthost] [warning] [Decorations] CAPPING events from decorations provider vscode.git 5576
[2022-09-12 16:01:38.313] [exthost] [warning] [Decorations] CAPPING events from decorations provider vscode.git 5576
[2022-09-12 16:01:43.566] [exthost] [warning] [Decorations] CAPPING events from decorations provider vscode.git 5576
[2022-09-12 16:01:48.814] [exthost] [warning] [Decorations] CAPPING events from decorations provider vscode.git 5576
[2022-09-12 16:03:36.789] [exthost] [warning] [Decorations] CAPPING events from decorations provider vscode.git 5576
[2022-09-12 16:03:42.032] [exthost] [warning] [Decorations] CAPPING events from decorations provider vscode.git 5576
[2022-09-12 16:03:47.311] [exthost] [warning] [Decorations] CAPPING events from decorations provider vscode.git 5576
[2022-09-12 16:03:52.560] [exthost] [warning] [Decorations] CAPPING events from decorations provider vscode.git 5576
[2022-09-12 16:04:07.999] [exthost] [warning] [Decorations] CAPPING events from decorations provider vscode.git 5576
[2022-09-12 16:04:13.909] [exthost] [warning] [Decorations] CAPPING events from decorations provider vscode.git 5576
[2022-09-12 16:04:19.174] [exthost] [warning] [Decorations] CAPPING events from decorations provider vscode.git 5576
[2022-09-12 16:04:24.448] [exthost] [warning] [Decorations] CAPPING events from decorations provider vscode.git 5576
[2022-09-12 16:04:29.740] [exthost] [warning] [Decorations] CAPPING events from decorations provider vscode.git 5576
[2022-09-12 16:04:35.025] [exthost] [warning] [Decorations] CAPPING events from decorations provider vscode.git 5576
[2022-09-12 16:04:46.183] [exthost] [warning] [Decorations] CAPPING events from decorations provider vscode.git 5576
[2022-09-12 16:04:51.478] [exthost] [warning] [Decorations] CAPPING events from decorations provider vscode.git 5576
[2022-09-12 16:04:57.108] [exthost] [warning] [Decorations] CAPPING events from decorations provider vscode.git 5576
[2022-09-12 16:05:02.357] [exthost] [warning] [Decorations] CAPPING events from decorations provider vscode.git 5576
[2022-09-12 16:05:07.615] [exthost] [warning] [Decorations] CAPPING events from decorations provider vscode.git 5576
[2022-09-12 16:05:12.882] [exthost] [warning] [Decorations] CAPPING events from decorations provider vscode.git 5576
[2022-09-12 16:05:18.152] [exthost] [warning] [Decorations] CAPPING events from decorations provider vscode.git 5576
[2022-09-12 16:05:23.439] [exthost] [warning] [Decorations] CAPPING events from decorations provider vscode.git 5576
[2022-09-12 16:05:28.725] [exthost] [warning] [Decorations] CAPPING events from decorations provider vscode.git 5576
[2022-09-12 16:05:34.027] [exthost] [warning] [Decorations] CAPPING events from decorations provider vscode.git 5576
[2022-09-12 16:05:39.326] [exthost] [warning] [Decorations] CAPPING events from decorations provider vscode.git 5576
[2022-09-12 16:05:44.648] [exthost] [warning] [Decorations] CAPPING events from decorations provider vscode.git 5576
[2022-09-12 16:05:50.677] [exthost] [warning] [Decorations] CAPPING events from decorations provider vscode.git 5576
[2022-09-12 16:05:55.923] [exthost] [warning] [Decorations] CAPPING events from decorations provider vscode.git 5576
[2022-09-12 16:06:44.171] [exthost] [warning] [Decorations] CAPPING events from decorations provider vscode.git 5576
[2022-09-12 16:06:49.420] [exthost] [warning] [Decorations] CAPPING events from decorations provider vscode.git 5576
[2022-09-12 16:06:54.661] [exthost] [warning] [Decorations] CAPPING events from decorations provider vscode.git 5576
[2022-09-12 16:06:59.921] [exthost] [warning] [Decorations] CAPPING events from decorations provider vscode.git 5576
[2022-09-12 16:07:05.180] [exthost] [warning] [Decorations] CAPPING events from decorations provider vscode.git 5576
[2022-09-12 16:07:10.453] [exthost] [warning] [Decorations] CAPPING events from decorations provider vscode.git 5576
[2022-09-12 16:07:15.727] [exthost] [warning] [Decorations] CAPPING events from decorations provider vscode.git 5576
[2022-09-12 16:07:21.004] [exthost] [warning] [Decorations] CAPPING events from decorations provider vscode.git 5576
[2022-09-12 16:07:26.303] [exthost] [warning] [Decorations] CAPPING events from decorations provider vscode.git 5576
[2022-09-12 16:07:34.318] [exthost] [warning] [Decorations] CAPPING events from decorations provider vscode.git 5576
[2022-09-12 16:07:39.580] [exthost] [warning] [Decorations] CAPPING events from decorations provider vscode.git 5576
[2022-09-12 16:07:45.686] [exthost] [warning] [Decorations] CAPPING events from decorations provider vscode.git 5576
[2022-09-12 16:07:50.937] [exthost] [warning] [Decorations] CAPPING events from decorations provider vscode.git 5576
[2022-09-12 16:07:56.208] [exthost] [warning] [Decorations] CAPPING events from decorations provider vscode.git 5576
[2022-09-12 16:08:01.472] [exthost] [warning] [Decorations] CAPPING events from decorations provider vscode.git 5576
[2022-09-12 16:08:06.757] [exthost] [warning] [Decorations] CAPPING events from decorations provider vscode.git 5576
[2022-09-12 16:08:12.037] [exthost] [warning] [Decorations] CAPPING events from decorations provider vscode.git 5576
[2022-09-12 16:08:17.340] [exthost] [warning] [Decorations] CAPPING events from decorations provider vscode.git 5576
[2022-09-12 16:08:22.641] [exthost] [warning] [Decorations] CAPPING events from decorations provider vscode.git 5576
[2022-09-12 16:08:27.918] [exthost] [warning] [Decorations] CAPPING events from decorations provider vscode.git 5576
[2022-09-12 16:08:33.167] [exthost] [warning] [Decorations] CAPPING events from decorations provider vscode.git 5576
[2022-09-12 16:08:38.429] [exthost] [warning] [Decorations] CAPPING events from decorations provider vscode.git 5576
[2022-09-12 16:08:43.690] [exthost] [warning] [Decorations] CAPPING events from decorations provider vscode.git 5576
[2022-09-12 16:08:48.966] [exthost] [warning] [Decorations] CAPPING events from decorations provider vscode.git 5576
[2022-09-12 16:08:54.241] [exthost] [warning] [Decorations] CAPPING events from decorations provider vscode.git 5576
[2022-09-12 16:10:50.264] [exthost] [warning] [Decorations] CAPPING events from decorations provider vscode.git 5576
[2022-09-12 16:10:55.515] [exthost] [warning] [Decorations] CAPPING events from decorations provider vscode.git 5576
[2022-09-12 16:11:00.767] [exthost] [warning] [Decorations] CAPPING events from decorations provider vscode.git 5579
[2022-09-12 16:11:06.017] [exthost] [warning] [Decorations] CAPPING events from decorations provider vscode.git 5579
[2022-09-12 16:11:11.342] [exthost] [warning] [Decorations] CAPPING events from decorations provider vscode.git 5579
[2022-09-12 16:11:16.608] [exthost] [warning] [Decorations] CAPPING events from decorations provider vscode.git 5579
[2022-09-12 16:11:21.892] [exthost] [warning] [Decorations] CAPPING events from decorations provider vscode.git 5579
[2022-09-12 16:11:27.181] [exthost] [warning] [Decorations] CAPPING events from decorations provider vscode.git 5579
[2022-09-12 16:11:32.482] [exthost] [warning] [Decorations] CAPPING events from decorations provider vscode.git 5579
[2022-09-12 16:11:37.790] [exthost] [warning] [Decorations] CAPPING events from decorations provider vscode.git 5579
[2022-09-12 16:11:43.056] [exthost] [warning] [Decorations] CAPPING events from decorations provider vscode.git 5579
[2022-09-12 16:11:49.705] [exthost] [warning] [Decorations] CAPPING events from decorations provider vscode.git 5579
[2022-09-12 16:11:54.962] [exthost] [warning] [Decorations] CAPPING events from decorations provider vscode.git 5579
[2022-09-12 16:12:01.301] [exthost] [warning] [Decorations] CAPPING events from decorations provider vscode.git 5579
[2022-09-12 16:12:06.581] [exthost] [warning] [Decorations] CAPPING events from decorations provider vscode.git 5579
[2022-09-12 16:12:15.963] [exthost] [warning] [Decorations] CAPPING events from decorations provider vscode.git 5579
[2022-09-12 16:12:21.265] [exthost] [warning] [Decorations] CAPPING events from decorations provider vscode.git 5579
[2022-09-12 16:12:26.573] [exthost] [warning] [Decorations] CAPPING events from decorations provider vscode.git 5579
[2022-09-12 16:12:31.877] [exthost] [warning] [Decorations] CAPPING events from decorations provider vscode.git 5579
[2022-09-12 16:12:37.155] [exthost] [warning] [Decorations] CAPPING events from decorations provider vscode.git 5579
[2022-09-12 16:12:42.429] [exthost] [warning] [Decorations] CAPPING events from decorations provider vscode.git 5579
[2022-09-12 16:12:47.690] [exthost] [warning] [Decorations] CAPPING events from decorations provider vscode.git 5579
[2022-09-12 16:12:52.956] [exthost] [warning] [Decorations] CAPPING events from decorations provider vscode.git 5579
[2022-09-12 16:13:01.999] [exthost] [warning] [Decorations] CAPPING events from decorations provider vscode.git 5579
[2022-09-12 16:13:09.184] [exthost] [warning] [Decorations] CAPPING events from decorations provider vscode.git 5579
[2022-09-12 16:13:18.786] [exthost] [warning] [Decorations] CAPPING events from decorations provider vscode.git 5579
[2022-09-12 16:13:24.100] [exthost] [warning] [Decorations] CAPPING events from decorations provider vscode.git 5579
[2022-09-12 16:13:29.412] [exthost] [warning] [Decorations] CAPPING events from decorations provider vscode.git 5579
[2022-09-12 16:13:35.532] [exthost] [warning] [Decorations] CAPPING events from decorations provider vscode.git 5580
[2022-09-12 16:13:40.785] [exthost] [warning] [Decorations] CAPPING events from decorations provider vscode.git 5580
[2022-09-12 16:13:46.035] [exthost] [warning] [Decorations] CAPPING events from decorations provider vscode.git 5580
[2022-09-12 16:13:51.303] [exthost] [warning] [Decorations] CAPPING events from decorations provider vscode.git 5580
[2022-09-12 16:13:56.573] [exthost] [warning] [Decorations] CAPPING events from decorations provider vscode.git 5580
[2022-09-12 16:14:01.863] [exthost] [warning] [Decorations] CAPPING events from decorations provider vscode.git 5580
[2022-09-12 16:14:07.149] [exthost] [warning] [Decorations] CAPPING events from decorations provider vscode.git 5580
[2022-09-12 16:14:12.458] [exthost] [warning] [Decorations] CAPPING events from decorations provider vscode.git 5580
[2022-09-12 16:14:17.758] [exthost] [warning] [Decorations] CAPPING events from decorations provider vscode.git 5580
[2022-09-12 16:14:23.039] [exthost] [warning] [Decorations] CAPPING events from decorations provider vscode.git 5580
[2022-09-12 16:14:28.298] [exthost] [warning] [Decorations] CAPPING events from decorations provider vscode.git 5580
[2022-09-12 16:14:33.559] [exthost] [warning] [Decorations] CAPPING events from decorations provider vscode.git 5580
[2022-09-12 16:14:38.825] [exthost] [warning] [Decorations] CAPPING events from decorations provider vscode.git 5580
[2022-09-12 16:14:44.112] [exthost] [warning] [Decorations] CAPPING events from decorations provider vscode.git 5580
[2022-09-12 16:14:49.401] [exthost] [warning] [Decorations] CAPPING events from decorations provider vscode.git 5580
[2022-09-12 16:14:55.475] [exthost] [warning] [Decorations] CAPPING events from decorations provider vscode.git 5580
[2022-09-12 16:15:00.779] [exthost] [warning] [Decorations] CAPPING events from decorations provider vscode.git 5580
[2022-09-12 16:15:06.088] [exthost] [warning] [Decorations] CAPPING events from decorations provider vscode.git 5580
[2022-09-12 16:15:11.374] [exthost] [warning] [Decorations] CAPPING events from decorations provider vscode.git 5580
[2022-09-12 16:15:16.636] [exthost] [warning] [Decorations] CAPPING events from decorations provider vscode.git 5580
[2022-09-12 16:15:21.899] [exthost] [warning] [Decorations] CAPPING events from decorations provider vscode.git 5580
[2022-09-12 16:15:27.171] [exthost] [warning] [Decorations] CAPPING events from decorations provider vscode.git 5580
[2022-09-12 16:15:32.442] [exthost] [warning] [Decorations] CAPPING events from decorations provider vscode.git 5580
[2022-09-12 16:15:37.760] [exthost] [warning] [Decorations] CAPPING events from decorations provider vscode.git 5580
[2022-09-12 16:15:43.848] [exthost] [warning] [Decorations] CAPPING events from decorations provider vscode.git 5580
[2022-09-12 16:15:49.152] [exthost] [warning] [Decorations] CAPPING events from decorations provider vscode.git 5580
[2022-09-12 16:15:54.466] [exthost] [warning] [Decorations] CAPPING events from decorations provider vscode.git 5580
[2022-09-12 16:16:00.531] [exthost] [warning] [Decorations] CAPPING events from decorations provider vscode.git 5580
[2022-09-12 16:16:08.204] [exthost] [warning] [Decorations] CAPPING events from decorations provider vscode.git 5580
[2022-09-12 16:16:26.991] [exthost] [warning] [Decorations] CAPPING events from decorations provider vscode.git 5580
[2022-09-12 16:16:32.266] [exthost] [warning] [Decorations] CAPPING events from decorations provider vscode.git 5580
[2022-09-12 16:16:38.097] [exthost] [warning] [Decorations] CAPPING events from decorations provider vscode.git 5580
[2022-09-12 16:16:43.388] [exthost] [warning] [Decorations] CAPPING events from decorations provider vscode.git 5580
[2022-09-12 16:16:48.682] [exthost] [warning] [Decorations] CAPPING events from decorations provider vscode.git 5580
[2022-09-12 16:16:54.236] [exthost] [warning] [Decorations] CAPPING events from decorations provider vscode.git 5580
[2022-09-12 16:16:59.906] [exthost] [warning] [Decorations] CAPPING events from decorations provider vscode.git 5580
[2022-09-12 16:17:05.811] [exthost] [warning] [Decorations] CAPPING events from decorations provider vscode.git 5580
[2022-09-12 16:17:11.075] [exthost] [warning] [Decorations] CAPPING events from decorations provider vscode.git 5580
[2022-09-12 16:17:16.350] [exthost] [warning] [Decorations] CAPPING events from decorations provider vscode.git 5580
[2022-09-12 16:17:21.623] [exthost] [warning] [Decorations] CAPPING events from decorations provider vscode.git 5580
[2022-09-12 16:17:26.894] [exthost] [warning] [Decorations] CAPPING events from decorations provider vscode.git 5580
[2022-09-12 16:17:32.183] [exthost] [warning] [Decorations] CAPPING events from decorations provider vscode.git 5580
[2022-09-12 16:17:37.473] [exthost] [warning] [Decorations] CAPPING events from decorations provider vscode.git 5580
[2022-09-12 16:17:42.781] [exthost] [warning] [Decorations] CAPPING events from decorations provider vscode.git 5580
[2022-09-12 16:17:48.082] [exthost] [warning] [Decorations] CAPPING events from decorations provider vscode.git 5580
[2022-09-12 16:17:53.374] [exthost] [warning] [Decorations] CAPPING events from decorations provider vscode.git 5580
[2022-09-12 16:17:58.651] [exthost] [warning] [Decorations] CAPPING events from decorations provider vscode.git 5580
[2022-09-12 16:18:03.924] [exthost] [warning] [Decorations] CAPPING events from decorations provider vscode.git 5580
[2022-09-12 16:18:09.204] [exthost] [warning] [Decorations] CAPPING events from decorations provider vscode.git 5580
[2022-09-12 16:18:14.492] [exthost] [warning] [Decorations] CAPPING events from decorations provider vscode.git 5580
[2022-09-12 16:18:19.786] [exthost] [warning] [Decorations] CAPPING events from decorations provider vscode.git 5580
[2022-09-12 16:18:25.083] [exthost] [warning] [Decorations] CAPPING events from decorations provider vscode.git 5580
[2022-09-12 16:18:30.395] [exthost] [warning] [Decorations] CAPPING events from decorations provider vscode.git 5580
[2022-09-12 16:18:35.708] [exthost] [warning] [Decorations] CAPPING events from decorations provider vscode.git 5580
[2022-09-12 16:18:40.999] [exthost] [warning] [Decorations] CAPPING events from decorations provider vscode.git 5580
[2022-09-12 16:18:46.275] [exthost] [warning] [Decorations] CAPPING events from decorations provider vscode.git 5580
[2022-09-12 16:18:51.545] [exthost] [warning] [Decorations] CAPPING events from decorations provider vscode.git 5580
[2022-09-12 16:18:56.828] [exthost] [warning] [Decorations] CAPPING events from decorations provider vscode.git 5580
[2022-09-12 16:19:02.101] [exthost] [warning] [Decorations] CAPPING events from decorations provider vscode.git 5580
[2022-09-12 16:19:07.393] [exthost] [warning] [Decorations] CAPPING events from decorations provider vscode.git 5580
[2022-09-12 16:19:12.700] [exthost] [warning] [Decorations] CAPPING events from decorations provider vscode.git 5580
[2022-09-12 16:19:18.014] [exthost] [warning] [Decorations] CAPPING events from decorations provider vscode.git 5580
[2022-09-12 16:19:23.322] [exthost] [warning] [Decorations] CAPPING events from decorations provider vscode.git 5580
[2022-09-12 16:19:28.643] [exthost] [warning] [Decorations] CAPPING events from decorations provider vscode.git 5580
[2022-09-12 16:19:33.931] [exthost] [warning] [Decorations] CAPPING events from decorations provider vscode.git 5580
[2022-09-12 16:19:39.217] [exthost] [warning] [Decorations] CAPPING events from decorations provider vscode.git 5580
[2022-09-12 16:19:44.496] [exthost] [warning] [Decorations] CAPPING events from decorations provider vscode.git 5580
[2022-09-12 16:19:49.822] [exthost] [warning] [Decorations] CAPPING events from decorations provider vscode.git 5580
[2022-09-12 16:19:55.114] [exthost] [warning] [Decorations] CAPPING events from decorations provider vscode.git 5580
[2022-09-12 16:20:00.411] [exthost] [warning] [Decorations] CAPPING events from decorations provider vscode.git 5581
[2022-09-12 16:20:05.728] [exthost] [warning] [Decorations] CAPPING events from decorations provider vscode.git 5581
[2022-09-12 16:20:11.053] [exthost] [warning] [Decorations] CAPPING events from decorations provider vscode.git 5581
[2022-09-12 16:20:16.351] [exthost] [warning] [Decorations] CAPPING events from decorations provider vscode.git 5581
[2022-09-12 16:20:21.630] [exthost] [warning] [Decorations] CAPPING events from decorations provider vscode.git 5581
[2022-09-12 16:20:26.922] [exthost] [warning] [Decorations] CAPPING events from decorations provider vscode.git 5581
[2022-09-12 16:20:32.200] [exthost] [warning] [Decorations] CAPPING events from decorations provider vscode.git 5581
[2022-09-12 16:20:37.491] [exthost] [warning] [Decorations] CAPPING events from decorations provider vscode.git 5581
[2022-09-12 16:20:42.778] [exthost] [warning] [Decorations] CAPPING events from decorations provider vscode.git 5581
[2022-09-12 16:20:48.084] [exthost] [warning] [Decorations] CAPPING events from decorations provider vscode.git 5581
[2022-09-12 16:20:53.385] [exthost] [warning] [Decorations] CAPPING events from decorations provider vscode.git 5581
[2022-09-12 16:20:58.710] [exthost] [warning] [Decorations] CAPPING events from decorations provider vscode.git 5581
[2022-09-12 16:21:04.001] [exthost] [warning] [Decorations] CAPPING events from decorations provider vscode.git 5581
[2022-09-12 16:21:09.280] [exthost] [warning] [Decorations] CAPPING events from decorations provider vscode.git 5581
[2022-09-12 16:21:14.567] [exthost] [warning] [Decorations] CAPPING events from decorations provider vscode.git 5581
[2022-09-12 16:21:19.843] [exthost] [warning] [Decorations] CAPPING events from decorations provider vscode.git 5581
[2022-09-12 16:21:25.132] [exthost] [warning] [Decorations] CAPPING events from decorations provider vscode.git 5581
[2022-09-12 16:21:30.424] [exthost] [warning] [Decorations] CAPPING events from decorations provider vscode.git 5581
[2022-09-12 16:21:35.721] [exthost] [warning] [Decorations] CAPPING events from decorations provider vscode.git 5581
[2022-09-12 16:21:41.041] [exthost] [warning] [Decorations] CAPPING events from decorations provider vscode.git 5581
[2022-09-12 16:21:47.135] [exthost] [warning] [Decorations] CAPPING events from decorations provider vscode.git 5581
[2022-09-12 16:21:52.430] [exthost] [warning] [Decorations] CAPPING events from decorations provider vscode.git 5581
[2022-09-12 16:21:57.712] [exthost] [warning] [Decorations] CAPPING events from decorations provider vscode.git 5581
[2022-09-12 16:22:02.997] [exthost] [warning] [Decorations] CAPPING events from decorations provider vscode.git 5581
[2022-09-12 16:22:08.285] [exthost] [warning] [Decorations] CAPPING events from decorations provider vscode.git 5581
[2022-09-12 16:22:13.579] [exthost] [warning] [Decorations] CAPPING events from decorations provider vscode.git 5581
[2022-09-12 16:22:18.868] [exthost] [warning] [Decorations] CAPPING events from decorations provider vscode.git 5581
[2022-09-12 16:22:24.174] [exthost] [warning] [Decorations] CAPPING events from decorations provider vscode.git 5582
[2022-09-12 16:22:29.484] [exthost] [warning] [Decorations] CAPPING events from decorations provider vscode.git 5582
[2022-09-12 16:22:34.810] [exthost] [warning] [Decorations] CAPPING events from decorations provider vscode.git 5582
[2022-09-12 16:22:40.115] [exthost] [warning] [Decorations] CAPPING events from decorations provider vscode.git 5582
[2022-09-12 16:22:45.426] [exthost] [warning] [Decorations] CAPPING events from decorations provider vscode.git 5582
[2022-09-12 16:22:50.728] [exthost] [warning] [Decorations] CAPPING events from decorations provider vscode.git 5582
[2022-09-12 16:22:56.011] [exthost] [warning] [Decorations] CAPPING events from decorations provider vscode.git 5582
[2022-09-12 16:25:03.503] [exthost] [warning] [Decorations] CAPPING events from decorations provider vscode.git 5582
[2022-09-12 16:25:08.758] [exthost] [warning] [Decorations] CAPPING events from decorations provider vscode.git 5582
[2022-09-12 16:25:14.042] [exthost] [warning] [Decorations] CAPPING events from decorations provider vscode.git 5582
[2022-09-12 16:25:20.092] [exthost] [warning] [Decorations] CAPPING events from decorations provider vscode.git 5582
[2022-09-12 16:40:49.508] [exthost] [warning] [Decorations] CAPPING events from decorations provider vscode.git 5582
[2022-09-12 16:40:54.769] [exthost] [warning] [Decorations] CAPPING events from decorations provider vscode.git 5582
[2022-09-12 17:09:21.570] [exthost] [warning] [Decorations] CAPPING events from decorations provider vscode.git 5582
[2022-09-12 20:12:55.114] [exthost] [info] Extension host terminating: renderer disconnected for too long (1)
[2022-09-12 20:12:55.114] [exthost] [info] Lock '/home/linl20/.vscode-server/data/User/workspaceStorage/846d061fbe3b7c3efc4e33135743ac56/vscode.lock': Marking the lockfile as scheduled to be released in 6000 ms.
[2022-09-12 20:12:55.165] [exthost] [info] Extension host with pid 16351 exiting with code 0
