[2022-09-14 09:08:30.271] [exthost] [info] Extension host with pid 58230 started
[2022-09-14 09:08:30.302] [exthost] [info] Lock '/home/linl20/.vscode-server/data/User/workspaceStorage/846d061fbe3b7c3efc4e33135743ac56/vscode.lock': Lock acquired.
[2022-09-14 09:08:30.387] [exthost] [info] ExtensionService#_doActivateExtension vscode.debug-auto-launch, startup: true, activationEvent: '*'
[2022-09-14 09:08:30.394] [exthost] [info] ExtensionService#_doActivateExtension vscode.git-base, startup: true, activationEvent: '*', root cause: vscode.git
[2022-09-14 09:08:30.399] [exthost] [info] ExtensionService#_doActivateExtension vscode.ipynb, startup: true, activationEvent: '*'
[2022-09-14 09:08:30.930] [exthost] [info] ExtensionService#_doActivateExtension vscode.git, startup: true, activationEvent: '*'
[2022-09-14 09:08:31.034] [exthost] [info] ExtensionService#_doActivateExtension vscode.github, startup: true, activationEvent: '*'
[2022-09-14 09:08:31.425] [exthost] [warning] [Decorations] CAPPING events from decorations provider vscode.git 5500
[2022-09-14 09:08:32.324] [exthost] [info] ExtensionService#_doActivateExtension vscode.emmet, startup: false, activationEvent: 'onStartupFinished'
[2022-09-14 09:08:32.352] [exthost] [info] ExtensionService#_doActivateExtension vscode.merge-conflict, startup: false, activationEvent: 'onStartupFinished'
[2022-09-14 09:08:32.357] [exthost] [info] Eager extensions activated
[2022-09-14 09:08:32.500] [exthost] [warning] [Decorations] CAPPING events from decorations provider vscode.git 5500
[2022-09-14 09:08:35.765] [exthost] [warning] [Decorations] CAPPING events from decorations provider vscode.git 5501
[2022-09-14 09:08:40.975] [exthost] [warning] [Decorations] CAPPING events from decorations provider vscode.git 5501
[2022-09-14 09:08:46.195] [exthost] [warning] [Decorations] CAPPING events from decorations provider vscode.git 5492
[2022-09-14 09:08:51.412] [exthost] [warning] [Decorations] CAPPING events from decorations provider vscode.git 5492
[2022-09-14 09:08:52.695] [exthost] [info] ExtensionService#_doActivateExtension cschlosser.doxdocgen, startup: false, activationEvent: 'onLanguage:c'
[2022-09-14 09:08:52.756] [exthost] [info] ExtensionService#_doActivateExtension ms-vscode.cpptools, startup: false, activationEvent: 'onLanguage:c'
[2022-09-14 09:08:57.662] [exthost] [warning] [Decorations] CAPPING events from decorations provider vscode.git 5495
[2022-09-14 09:11:07.732] [exthost] [warning] [Decorations] CAPPING events from decorations provider vscode.git 5495
[2022-09-14 09:11:12.957] [exthost] [warning] [Decorations] CAPPING events from decorations provider vscode.git 5495
[2022-09-14 09:11:18.171] [exthost] [warning] [Decorations] CAPPING events from decorations provider vscode.git 5495
[2022-09-14 09:11:23.405] [exthost] [warning] [Decorations] CAPPING events from decorations provider vscode.git 5495
[2022-09-14 09:11:28.641] [exthost] [warning] [Decorations] CAPPING events from decorations provider vscode.git 5495
[2022-09-14 09:11:33.883] [exthost] [warning] [Decorations] CAPPING events from decorations provider vscode.git 5495
[2022-09-14 09:11:39.140] [exthost] [warning] [Decorations] CAPPING events from decorations provider vscode.git 5495
[2022-09-14 09:11:44.404] [exthost] [warning] [Decorations] CAPPING events from decorations provider vscode.git 5495
[2022-09-14 09:11:49.675] [exthost] [warning] [Decorations] CAPPING events from decorations provider vscode.git 5495
[2022-09-14 09:11:54.921] [exthost] [warning] [Decorations] CAPPING events from decorations provider vscode.git 5495
[2022-09-14 09:12:00.147] [exthost] [warning] [Decorations] CAPPING events from decorations provider vscode.git 5495
[2022-09-14 09:12:05.361] [exthost] [warning] [Decorations] CAPPING events from decorations provider vscode.git 5495
[2022-09-14 09:12:10.586] [exthost] [warning] [Decorations] CAPPING events from decorations provider vscode.git 5495
[2022-09-14 09:12:15.833] [exthost] [warning] [Decorations] CAPPING events from decorations provider vscode.git 5495
[2022-09-14 09:12:21.082] [exthost] [warning] [Decorations] CAPPING events from decorations provider vscode.git 5495
[2022-09-14 09:12:26.342] [exthost] [warning] [Decorations] CAPPING events from decorations provider vscode.git 5495
[2022-09-14 09:12:31.611] [exthost] [warning] [Decorations] CAPPING events from decorations provider vscode.git 5495
[2022-09-14 09:12:36.888] [exthost] [warning] [Decorations] CAPPING events from decorations provider vscode.git 5495
[2022-09-14 09:12:42.135] [exthost] [warning] [Decorations] CAPPING events from decorations provider vscode.git 5495
[2022-09-14 09:12:47.357] [exthost] [warning] [Decorations] CAPPING events from decorations provider vscode.git 5495
[2022-09-14 09:12:52.595] [exthost] [warning] [Decorations] CAPPING events from decorations provider vscode.git 5495
[2022-09-14 09:12:57.822] [exthost] [warning] [Decorations] CAPPING events from decorations provider vscode.git 5495
[2022-09-14 09:13:03.073] [exthost] [warning] [Decorations] CAPPING events from decorations provider vscode.git 5495
[2022-09-14 09:13:08.297] [exthost] [warning] [Decorations] CAPPING events from decorations provider vscode.git 5495
[2022-09-14 09:13:13.526] [exthost] [warning] [Decorations] CAPPING events from decorations provider vscode.git 5495
[2022-09-14 09:13:18.768] [exthost] [warning] [Decorations] CAPPING events from decorations provider vscode.git 5495
[2022-09-14 09:13:24.020] [exthost] [warning] [Decorations] CAPPING events from decorations provider vscode.git 5495
[2022-09-14 09:13:29.279] [exthost] [warning] [Decorations] CAPPING events from decorations provider vscode.git 5495
[2022-09-14 09:13:34.564] [exthost] [warning] [Decorations] CAPPING events from decorations provider vscode.git 5495
[2022-09-14 09:13:39.851] [exthost] [warning] [Decorations] CAPPING events from decorations provider vscode.git 5495
[2022-09-14 09:13:45.092] [exthost] [warning] [Decorations] CAPPING events from decorations provider vscode.git 5495
[2022-09-14 09:13:50.333] [exthost] [warning] [Decorations] CAPPING events from decorations provider vscode.git 5495
[2022-09-14 09:13:55.577] [exthost] [warning] [Decorations] CAPPING events from decorations provider vscode.git 5495
[2022-09-14 09:14:00.807] [exthost] [warning] [Decorations] CAPPING events from decorations provider vscode.git 5496
[2022-09-14 09:14:06.044] [exthost] [warning] [Decorations] CAPPING events from decorations provider vscode.git 5496
[2022-09-14 09:14:11.307] [exthost] [warning] [Decorations] CAPPING events from decorations provider vscode.git 5496
[2022-09-14 09:14:16.563] [exthost] [warning] [Decorations] CAPPING events from decorations provider vscode.git 5496
[2022-09-14 09:14:21.831] [exthost] [warning] [Decorations] CAPPING events from decorations provider vscode.git 5496
[2022-09-14 09:14:27.107] [exthost] [warning] [Decorations] CAPPING events from decorations provider vscode.git 5496
[2022-09-14 09:14:32.397] [exthost] [warning] [Decorations] CAPPING events from decorations provider vscode.git 5496
[2022-09-14 09:14:37.661] [exthost] [warning] [Decorations] CAPPING events from decorations provider vscode.git 5496
[2022-09-14 09:14:42.895] [exthost] [warning] [Decorations] CAPPING events from decorations provider vscode.git 5496
[2022-09-14 09:14:48.127] [exthost] [warning] [Decorations] CAPPING events from decorations provider vscode.git 5496
[2022-09-14 09:14:53.381] [exthost] [warning] [Decorations] CAPPING events from decorations provider vscode.git 5496
[2022-09-14 09:14:58.634] [exthost] [warning] [Decorations] CAPPING events from decorations provider vscode.git 5496
[2022-09-14 09:15:03.891] [exthost] [warning] [Decorations] CAPPING events from decorations provider vscode.git 5497
[2022-09-14 09:15:09.170] [exthost] [warning] [Decorations] CAPPING events from decorations provider vscode.git 5497
[2022-09-14 09:15:14.451] [exthost] [warning] [Decorations] CAPPING events from decorations provider vscode.git 5497
[2022-09-14 09:15:19.818] [exthost] [warning] [Decorations] CAPPING events from decorations provider vscode.git 5497
[2022-09-14 09:15:25.059] [exthost] [warning] [Decorations] CAPPING events from decorations provider vscode.git 5497
[2022-09-14 09:15:30.275] [exthost] [warning] [Decorations] CAPPING events from decorations provider vscode.git 5497
[2022-09-14 09:15:35.495] [exthost] [warning] [Decorations] CAPPING events from decorations provider vscode.git 5497
[2022-09-14 09:15:40.726] [exthost] [warning] [Decorations] CAPPING events from decorations provider vscode.git 5497
[2022-09-14 09:15:45.982] [exthost] [warning] [Decorations] CAPPING events from decorations provider vscode.git 5497
[2022-09-14 09:15:51.241] [exthost] [warning] [Decorations] CAPPING events from decorations provider vscode.git 5497
[2022-09-14 09:15:56.507] [exthost] [warning] [Decorations] CAPPING events from decorations provider vscode.git 5497
[2022-09-14 09:16:01.774] [exthost] [warning] [Decorations] CAPPING events from decorations provider vscode.git 5497
[2022-09-14 09:16:07.127] [exthost] [warning] [Decorations] CAPPING events from decorations provider vscode.git 5497
[2022-09-14 09:16:13.143] [exthost] [warning] [Decorations] CAPPING events from decorations provider vscode.git 5497
[2022-09-14 09:16:18.360] [exthost] [warning] [Decorations] CAPPING events from decorations provider vscode.git 5497
[2022-09-14 09:16:23.605] [exthost] [warning] [Decorations] CAPPING events from decorations provider vscode.git 5498
[2022-09-14 09:16:28.860] [exthost] [warning] [Decorations] CAPPING events from decorations provider vscode.git 5498
[2022-09-14 09:16:34.113] [exthost] [warning] [Decorations] CAPPING events from decorations provider vscode.git 5498
[2022-09-14 09:16:39.387] [exthost] [warning] [Decorations] CAPPING events from decorations provider vscode.git 5498
[2022-09-14 09:16:44.656] [exthost] [warning] [Decorations] CAPPING events from decorations provider vscode.git 5498
[2022-09-14 09:16:49.939] [exthost] [warning] [Decorations] CAPPING events from decorations provider vscode.git 5498
[2022-09-14 09:16:55.199] [exthost] [warning] [Decorations] CAPPING events from decorations provider vscode.git 5498
[2022-09-14 09:19:03.861] [exthost] [warning] [Decorations] CAPPING events from decorations provider vscode.git 5498
[2022-09-14 09:19:16.212] [exthost] [warning] [Decorations] CAPPING events from decorations provider vscode.git 5498
[2022-09-14 09:19:21.432] [exthost] [warning] [Decorations] CAPPING events from decorations provider vscode.git 5498
[2022-09-14 09:19:26.659] [exthost] [warning] [Decorations] CAPPING events from decorations provider vscode.git 5498
[2022-09-14 09:19:31.898] [exthost] [warning] [Decorations] CAPPING events from decorations provider vscode.git 5498
[2022-09-14 09:19:37.140] [exthost] [warning] [Decorations] CAPPING events from decorations provider vscode.git 5498
[2022-09-14 09:19:42.396] [exthost] [warning] [Decorations] CAPPING events from decorations provider vscode.git 5498
[2022-09-14 09:19:47.677] [exthost] [warning] [Decorations] CAPPING events from decorations provider vscode.git 5498
[2022-09-14 09:19:52.962] [exthost] [warning] [Decorations] CAPPING events from decorations provider vscode.git 5498
[2022-09-14 09:19:58.316] [exthost] [warning] [Decorations] CAPPING events from decorations provider vscode.git 5498
[2022-09-14 09:20:04.347] [exthost] [warning] [Decorations] CAPPING events from decorations provider vscode.git 5498
[2022-09-14 09:20:09.581] [exthost] [warning] [Decorations] CAPPING events from decorations provider vscode.git 5498
[2022-09-14 09:20:14.803] [exthost] [warning] [Decorations] CAPPING events from decorations provider vscode.git 5498
[2022-09-14 09:20:20.031] [exthost] [warning] [Decorations] CAPPING events from decorations provider vscode.git 5498
[2022-09-14 09:20:25.283] [exthost] [warning] [Decorations] CAPPING events from decorations provider vscode.git 5498
[2022-09-14 09:20:30.530] [exthost] [warning] [Decorations] CAPPING events from decorations provider vscode.git 5498
[2022-09-14 09:20:35.793] [exthost] [warning] [Decorations] CAPPING events from decorations provider vscode.git 5498
[2022-09-14 09:20:41.058] [exthost] [warning] [Decorations] CAPPING events from decorations provider vscode.git 5498
[2022-09-14 09:20:46.356] [exthost] [warning] [Decorations] CAPPING events from decorations provider vscode.git 5498
[2022-09-14 09:20:51.744] [exthost] [warning] [Decorations] CAPPING events from decorations provider vscode.git 5498
[2022-09-14 09:20:56.991] [exthost] [warning] [Decorations] CAPPING events from decorations provider vscode.git 5498
[2022-09-14 09:21:02.215] [exthost] [warning] [Decorations] CAPPING events from decorations provider vscode.git 5499
[2022-09-14 09:21:07.458] [exthost] [warning] [Decorations] CAPPING events from decorations provider vscode.git 5499
[2022-09-14 09:21:12.704] [exthost] [warning] [Decorations] CAPPING events from decorations provider vscode.git 5499
[2022-09-14 09:21:17.957] [exthost] [warning] [Decorations] CAPPING events from decorations provider vscode.git 5499
[2022-09-14 09:21:23.216] [exthost] [warning] [Decorations] CAPPING events from decorations provider vscode.git 5499
[2022-09-14 09:21:28.481] [exthost] [warning] [Decorations] CAPPING events from decorations provider vscode.git 5499
[2022-09-14 09:21:33.766] [exthost] [warning] [Decorations] CAPPING events from decorations provider vscode.git 5499
[2022-09-14 09:21:39.138] [exthost] [warning] [Decorations] CAPPING events from decorations provider vscode.git 5499
[2022-09-14 09:21:45.165] [exthost] [warning] [Decorations] CAPPING events from decorations provider vscode.git 5499
[2022-09-14 09:21:50.391] [exthost] [warning] [Decorations] CAPPING events from decorations provider vscode.git 5499
[2022-09-14 09:21:55.634] [exthost] [warning] [Decorations] CAPPING events from decorations provider vscode.git 5499
[2022-09-14 09:22:00.880] [exthost] [warning] [Decorations] CAPPING events from decorations provider vscode.git 5499
[2022-09-14 09:22:06.139] [exthost] [warning] [Decorations] CAPPING events from decorations provider vscode.git 5499
[2022-09-14 09:22:11.398] [exthost] [warning] [Decorations] CAPPING events from decorations provider vscode.git 5499
[2022-09-14 09:22:16.676] [exthost] [warning] [Decorations] CAPPING events from decorations provider vscode.git 5499
[2022-09-14 09:22:21.974] [exthost] [warning] [Decorations] CAPPING events from decorations provider vscode.git 5499
[2022-09-14 09:22:27.232] [exthost] [warning] [Decorations] CAPPING events from decorations provider vscode.git 5499
[2022-09-14 09:22:32.475] [exthost] [warning] [Decorations] CAPPING events from decorations provider vscode.git 5499
[2022-09-14 09:22:37.726] [exthost] [warning] [Decorations] CAPPING events from decorations provider vscode.git 5499
[2022-09-14 09:22:42.971] [exthost] [warning] [Decorations] CAPPING events from decorations provider vscode.git 5499
[2022-09-14 09:22:48.242] [exthost] [warning] [Decorations] CAPPING events from decorations provider vscode.git 5499
[2022-09-14 09:22:53.507] [exthost] [warning] [Decorations] CAPPING events from decorations provider vscode.git 5499
[2022-09-14 09:22:58.799] [exthost] [warning] [Decorations] CAPPING events from decorations provider vscode.git 5499
[2022-09-14 09:23:04.096] [exthost] [warning] [Decorations] CAPPING events from decorations provider vscode.git 5499
[2022-09-14 09:23:11.205] [exthost] [warning] [Decorations] CAPPING events from decorations provider vscode.git 5499
[2022-09-14 09:23:16.453] [exthost] [warning] [Decorations] CAPPING events from decorations provider vscode.git 5499
[2022-09-14 09:23:21.707] [exthost] [warning] [Decorations] CAPPING events from decorations provider vscode.git 5499
[2022-09-14 09:23:26.952] [exthost] [warning] [Decorations] CAPPING events from decorations provider vscode.git 5499
[2022-09-14 09:23:32.257] [exthost] [warning] [Decorations] CAPPING events from decorations provider vscode.git 5499
[2022-09-14 09:23:38.280] [exthost] [warning] [Decorations] CAPPING events from decorations provider vscode.git 5499
[2022-09-14 09:23:43.571] [exthost] [warning] [Decorations] CAPPING events from decorations provider vscode.git 5499
[2022-09-14 09:23:49.595] [exthost] [warning] [Decorations] CAPPING events from decorations provider vscode.git 5500
[2022-09-14 09:23:54.828] [exthost] [warning] [Decorations] CAPPING events from decorations provider vscode.git 5500
[2022-09-14 09:24:00.071] [exthost] [warning] [Decorations] CAPPING events from decorations provider vscode.git 5500
[2022-09-14 09:24:05.321] [exthost] [warning] [Decorations] CAPPING events from decorations provider vscode.git 5500
[2022-09-14 09:24:10.575] [exthost] [warning] [Decorations] CAPPING events from decorations provider vscode.git 5500
[2022-09-14 09:24:15.838] [exthost] [warning] [Decorations] CAPPING events from decorations provider vscode.git 5500
[2022-09-14 12:27:38.900] [exthost] [info] Extension host terminating: renderer disconnected for too long (1)
[2022-09-14 12:27:38.901] [exthost] [info] Lock '/home/linl20/.vscode-server/data/User/workspaceStorage/846d061fbe3b7c3efc4e33135743ac56/vscode.lock': Marking the lockfile as scheduled to be released in 6000 ms.
[2022-09-14 12:27:38.935] [exthost] [error] SyntaxError: Unexpected end of JSON input
	at JSON.parse (<anonymous>)
	at v (/home/linl20/.vscode-server/bin/784b0177c56c607789f9638da7b6bf3230d47a8c/out/vs/workbench/api/node/extensionHostProcess.js:92:3472)
	at async /home/linl20/.vscode-server/bin/784b0177c56c607789f9638da7b6bf3230d47a8c/out/vs/workbench/api/node/extensionHostProcess.js:92:2352
[2022-09-14 12:27:38.935] [exthost] [info] Lock '/home/linl20/.vscode-server/data/User/workspaceStorage/846d061fbe3b7c3efc4e33135743ac56/vscode.lock': The lock was lost unexpectedly.
[2022-09-14 12:27:38.946] [exthost] [info] Extension host with pid 58230 exiting with code 0
