[2022-09-13T14:00:51.017Z] Log level: Info
[2022-09-13T14:00:51.026Z] [info] Validating found git in: git
[2022-09-13T14:00:51.089Z] [info] Using git 2.20.1 from git
[2022-09-13T14:00:51.123Z] > git rev-parse --show-toplevel [12ms]
[2022-09-13T14:00:51.143Z] > git rev-parse --git-dir --git-common-dir [5ms]
[2022-09-13T14:00:51.152Z] [info] Open repository: /home/linl20
[2022-09-13T14:00:51.297Z] > git status -z -uall [131ms]
[2022-09-13T14:00:51.310Z] > git symbolic-ref --short HEAD [3ms]
[2022-09-13T14:00:51.323Z] > git for-each-ref --format=%(refname)%00%(upstream:short)%00%(objectname)%00%(upstream:track)%00%(upstream:remotename)%00%(upstream:remoteref) refs/heads/master refs/remotes/master [3ms]
[2022-09-13T14:00:51.350Z] > git remote --verbose [7ms]
[2022-09-13T14:00:51.350Z] > git for-each-ref --sort -committerdate --format %(refname) %(objectname) %(*objectname) [17ms]
[2022-09-13T14:00:52.357Z] > git config --get commit.template [71ms]
[2022-09-13T14:00:52.493Z] > git status -z -uall [122ms]
[2022-09-13T14:00:52.508Z] > git symbolic-ref --short HEAD [3ms]
[2022-09-13T14:00:52.523Z] > git for-each-ref --format=%(refname)%00%(upstream:short)%00%(objectname)%00%(upstream:track)%00%(upstream:remotename)%00%(upstream:remoteref) refs/heads/master refs/remotes/master [4ms]
[2022-09-13T14:00:52.553Z] > git remote --verbose [6ms]
[2022-09-13T14:00:52.553Z] > git for-each-ref --sort -committerdate --format %(refname) %(objectname) %(*objectname) [18ms]
[2022-09-13T14:00:52.682Z] > git config --get commit.template [18ms]
[2022-09-13T14:00:53.981Z] > git show --textconv :csc250_lab2-Lin-Eric-142313/HW2.c [18ms]
[2022-09-13T14:00:53.983Z] > git ls-files --stage -- /home/linl20/csc250_lab2-Lin-Eric-142313/HW2.c [3ms]
[2022-09-13T14:00:54.112Z] > git check-ignore -v -z --stdin [1ms]
[2022-09-13T14:01:19.687Z] > git status -z -uall [40ms]
[2022-09-13T14:01:19.704Z] > git symbolic-ref --short HEAD [3ms]
[2022-09-13T14:01:19.720Z] > git for-each-ref --format=%(refname)%00%(upstream:short)%00%(objectname)%00%(upstream:track)%00%(upstream:remotename)%00%(upstream:remoteref) refs/heads/master refs/remotes/master [1ms]
[2022-09-13T14:01:19.749Z] > git remote --verbose [2ms]
[2022-09-13T14:01:19.749Z] > git for-each-ref --sort -committerdate --format %(refname) %(objectname) %(*objectname) [15ms]
[2022-09-13T14:01:19.877Z] > git config --get commit.template [3ms]
[2022-09-13T14:03:41.168Z] > git show --textconv :csc250_lab2-Lin-Eric-142313/lab2.c [14ms]
[2022-09-13T14:03:41.170Z] > git ls-files --stage -- /home/linl20/csc250_lab2-Lin-Eric-142313/lab2.c [5ms]
[2022-09-13T14:05:51.099Z] > git status -z -uall [45ms]
[2022-09-13T14:05:51.112Z] > git symbolic-ref --short HEAD [1ms]
[2022-09-13T14:05:51.124Z] > git for-each-ref --format=%(refname)%00%(upstream:short)%00%(objectname)%00%(upstream:track)%00%(upstream:remotename)%00%(upstream:remoteref) refs/heads/master refs/remotes/master [1ms]
[2022-09-13T14:05:51.147Z] > git remote --verbose [2ms]
[2022-09-13T14:05:51.147Z] > git for-each-ref --sort -committerdate --format %(refname) %(objectname) %(*objectname) [12ms]
[2022-09-13T14:05:51.278Z] > git config --get commit.template [4ms]
[2022-09-13T14:05:56.334Z] > git status -z -uall [40ms]
[2022-09-13T14:05:56.349Z] > git symbolic-ref --short HEAD [1ms]
[2022-09-13T14:05:56.363Z] > git for-each-ref --format=%(refname)%00%(upstream:short)%00%(objectname)%00%(upstream:track)%00%(upstream:remotename)%00%(upstream:remoteref) refs/heads/master refs/remotes/master [1ms]
[2022-09-13T14:05:56.390Z] > git remote --verbose [2ms]
[2022-09-13T14:05:56.390Z] > git for-each-ref --sort -committerdate --format %(refname) %(objectname) %(*objectname) [14ms]
[2022-09-13T14:05:56.496Z] > git config --get commit.template [1ms]
[2022-09-13T14:06:01.552Z] > git status -z -uall [40ms]
[2022-09-13T14:06:01.569Z] > git symbolic-ref --short HEAD [2ms]
[2022-09-13T14:06:01.586Z] > git for-each-ref --format=%(refname)%00%(upstream:short)%00%(objectname)%00%(upstream:track)%00%(upstream:remotename)%00%(upstream:remoteref) refs/heads/master refs/remotes/master [2ms]
[2022-09-13T14:06:01.616Z] > git remote --verbose [1ms]
[2022-09-13T14:06:01.617Z] > git for-each-ref --sort -committerdate --format %(refname) %(objectname) %(*objectname) [17ms]
[2022-09-13T14:06:01.759Z] > git config --get commit.template [1ms]
[2022-09-13T14:06:06.816Z] > git status -z -uall [40ms]
[2022-09-13T14:06:06.831Z] > git symbolic-ref --short HEAD [1ms]
[2022-09-13T14:06:06.847Z] > git for-each-ref --format=%(refname)%00%(upstream:short)%00%(objectname)%00%(upstream:track)%00%(upstream:remotename)%00%(upstream:remoteref) refs/heads/master refs/remotes/master [2ms]
[2022-09-13T14:06:06.875Z] > git remote --verbose [1ms]
[2022-09-13T14:06:06.875Z] > git for-each-ref --sort -committerdate --format %(refname) %(objectname) %(*objectname) [15ms]
[2022-09-13T14:06:06.981Z] > git config --get commit.template [2ms]
[2022-09-13T14:06:12.039Z] > git status -z -uall [41ms]
[2022-09-13T14:06:12.054Z] > git symbolic-ref --short HEAD [1ms]
[2022-09-13T14:06:12.069Z] > git for-each-ref --format=%(refname)%00%(upstream:short)%00%(objectname)%00%(upstream:track)%00%(upstream:remotename)%00%(upstream:remoteref) refs/heads/master refs/remotes/master [1ms]
[2022-09-13T14:06:12.098Z] > git remote --verbose [2ms]
[2022-09-13T14:06:12.098Z] > git for-each-ref --sort -committerdate --format %(refname) %(objectname) %(*objectname) [15ms]
[2022-09-13T14:06:12.197Z] > git config --get commit.template [1ms]
[2022-09-13T14:06:17.254Z] > git status -z -uall [38ms]
[2022-09-13T14:06:17.271Z] > git symbolic-ref --short HEAD [1ms]
[2022-09-13T14:06:17.288Z] > git for-each-ref --format=%(refname)%00%(upstream:short)%00%(objectname)%00%(upstream:track)%00%(upstream:remotename)%00%(upstream:remoteref) refs/heads/master refs/remotes/master [1ms]
[2022-09-13T14:06:17.320Z] > git remote --verbose [2ms]
[2022-09-13T14:06:17.320Z] > git for-each-ref --sort -committerdate --format %(refname) %(objectname) %(*objectname) [17ms]
[2022-09-13T14:06:17.429Z] > git config --get commit.template [8ms]
[2022-09-13T14:06:22.490Z] > git status -z -uall [42ms]
[2022-09-13T14:06:22.509Z] > git symbolic-ref --short HEAD [1ms]
[2022-09-13T14:06:22.527Z] > git for-each-ref --format=%(refname)%00%(upstream:short)%00%(objectname)%00%(upstream:track)%00%(upstream:remotename)%00%(upstream:remoteref) refs/heads/master refs/remotes/master [1ms]
[2022-09-13T14:06:22.561Z] > git for-each-ref --sort -committerdate --format %(refname) %(objectname) %(*objectname) [17ms]
[2022-09-13T14:06:22.562Z] > git remote --verbose [2ms]
[2022-09-13T14:06:22.669Z] > git config --get commit.template [1ms]
[2022-09-13T14:06:27.730Z] > git status -z -uall [39ms]
[2022-09-13T14:06:27.750Z] > git symbolic-ref --short HEAD [1ms]
[2022-09-13T14:06:27.770Z] > git for-each-ref --format=%(refname)%00%(upstream:short)%00%(objectname)%00%(upstream:track)%00%(upstream:remotename)%00%(upstream:remoteref) refs/heads/master refs/remotes/master [1ms]
[2022-09-13T14:06:27.807Z] > git for-each-ref --sort -committerdate --format %(refname) %(objectname) %(*objectname) [19ms]
[2022-09-13T14:06:27.808Z] > git remote --verbose [2ms]
[2022-09-13T14:06:27.919Z] > git config --get commit.template [1ms]
[2022-09-13T14:06:32.979Z] > git status -z -uall [39ms]
[2022-09-13T14:06:33.001Z] > git symbolic-ref --short HEAD [1ms]
[2022-09-13T14:06:33.022Z] > git for-each-ref --format=%(refname)%00%(upstream:short)%00%(objectname)%00%(upstream:track)%00%(upstream:remotename)%00%(upstream:remoteref) refs/heads/master refs/remotes/master [1ms]
[2022-09-13T14:06:33.063Z] > git remote --verbose [2ms]
[2022-09-13T14:06:33.063Z] > git for-each-ref --sort -committerdate --format %(refname) %(objectname) %(*objectname) [22ms]
[2022-09-13T14:06:33.169Z] > git config --get commit.template [1ms]
[2022-09-13T14:06:38.232Z] > git status -z -uall [40ms]
[2022-09-13T14:06:38.255Z] > git symbolic-ref --short HEAD [2ms]
[2022-09-13T14:06:38.277Z] > git for-each-ref --format=%(refname)%00%(upstream:short)%00%(objectname)%00%(upstream:track)%00%(upstream:remotename)%00%(upstream:remoteref) refs/heads/master refs/remotes/master [1ms]
[2022-09-13T14:06:38.320Z] > git for-each-ref --sort -committerdate --format %(refname) %(objectname) %(*objectname) [22ms]
[2022-09-13T14:06:38.321Z] > git remote --verbose [2ms]
[2022-09-13T14:06:38.429Z] > git config --get commit.template [1ms]
[2022-09-13T14:06:43.492Z] > git status -z -uall [40ms]
[2022-09-13T14:06:43.516Z] > git symbolic-ref --short HEAD [1ms]
[2022-09-13T14:06:43.540Z] > git for-each-ref --format=%(refname)%00%(upstream:short)%00%(objectname)%00%(upstream:track)%00%(upstream:remotename)%00%(upstream:remoteref) refs/heads/master refs/remotes/master [1ms]
[2022-09-13T14:06:43.592Z] > git remote --verbose [1ms]
[2022-09-13T14:06:43.593Z] > git for-each-ref --sort -committerdate --format %(refname) %(objectname) %(*objectname) [28ms]
[2022-09-13T14:06:43.706Z] > git config --get commit.template [1ms]
[2022-09-13T14:06:48.771Z] > git status -z -uall [40ms]
[2022-09-13T14:06:48.796Z] > git symbolic-ref --short HEAD [1ms]
[2022-09-13T14:06:48.821Z] > git for-each-ref --format=%(refname)%00%(upstream:short)%00%(objectname)%00%(upstream:track)%00%(upstream:remotename)%00%(upstream:remoteref) refs/heads/master refs/remotes/master [1ms]
[2022-09-13T14:06:48.870Z] > git for-each-ref --sort -committerdate --format %(refname) %(objectname) %(*objectname) [25ms]
[2022-09-13T14:06:48.870Z] > git remote --verbose [2ms]
[2022-09-13T14:06:48.981Z] > git config --get commit.template [2ms]
[2022-09-13T14:06:54.039Z] > git status -z -uall [39ms]
[2022-09-13T14:06:54.057Z] > git symbolic-ref --short HEAD [1ms]
[2022-09-13T14:06:54.074Z] > git for-each-ref --format=%(refname)%00%(upstream:short)%00%(objectname)%00%(upstream:track)%00%(upstream:remotename)%00%(upstream:remoteref) refs/heads/master refs/remotes/master [1ms]
[2022-09-13T14:06:54.107Z] > git remote --verbose [1ms]
[2022-09-13T14:06:54.108Z] > git for-each-ref --sort -committerdate --format %(refname) %(objectname) %(*objectname) [18ms]
[2022-09-13T14:06:54.218Z] > git config --get commit.template [1ms]
[2022-09-13T14:06:59.278Z] > git status -z -uall [42ms]
[2022-09-13T14:06:59.296Z] > git symbolic-ref --short HEAD [1ms]
[2022-09-13T14:06:59.313Z] > git for-each-ref --format=%(refname)%00%(upstream:short)%00%(objectname)%00%(upstream:track)%00%(upstream:remotename)%00%(upstream:remoteref) refs/heads/master refs/remotes/master [1ms]
[2022-09-13T14:06:59.347Z] > git for-each-ref --sort -committerdate --format %(refname) %(objectname) %(*objectname) [17ms]
[2022-09-13T14:06:59.347Z] > git remote --verbose [1ms]
[2022-09-13T14:06:59.445Z] > git config --get commit.template [1ms]
