[2022-09-14 18:29:22.160] [exthost] [info] Extension host with pid 49454 started
[2022-09-14 18:29:22.192] [exthost] [info] Lock '/home/linl20/.vscode-server/data/User/workspaceStorage/846d061fbe3b7c3efc4e33135743ac56/vscode.lock': Lock acquired.
[2022-09-14 18:29:22.261] [exthost] [info] ExtensionService#_doActivateExtension cschlosser.doxdocgen, startup: false, activationEvent: 'onLanguage:c'
[2022-09-14 18:29:22.330] [exthost] [info] ExtensionService#_doActivateExtension ms-vscode.cpptools, startup: false, activationEvent: 'onLanguage:c'
[2022-09-14 18:29:22.539] [exthost] [info] ExtensionService#_doActivateExtension vscode.debug-auto-launch, startup: true, activationEvent: '*'
[2022-09-14 18:29:22.543] [exthost] [info] ExtensionService#_doActivateExtension vscode.git-base, startup: true, activationEvent: '*', root cause: vscode.git
[2022-09-14 18:29:22.548] [exthost] [info] ExtensionService#_doActivateExtension vscode.ipynb, startup: true, activationEvent: '*'
[2022-09-14 18:29:22.740] [exthost] [info] ExtensionService#_doActivateExtension vscode.git, startup: true, activationEvent: '*'
[2022-09-14 18:29:22.869] [exthost] [info] ExtensionService#_doActivateExtension vscode.github, startup: true, activationEvent: '*'
[2022-09-14 18:29:23.388] [exthost] [info] ExtensionService#_doActivateExtension vscode.emmet, startup: false, activationEvent: 'onStartupFinished'
[2022-09-14 18:29:23.414] [exthost] [info] ExtensionService#_doActivateExtension vscode.merge-conflict, startup: false, activationEvent: 'onStartupFinished'
[2022-09-14 18:29:23.421] [exthost] [info] Eager extensions activated
[2022-09-14 18:29:24.466] [exthost] [error] {"message":"Git error","stdout":"","stderr":"fatal: Pathspec '/home/linl20/csc250_lab2-Lin-Eric-142313/lab2.c' is in submodule 'csc250_lab2-Lin-Eric-142313'\n","exitCode":128,"gitErrorCode":"IsInSubmodule"}
[2022-09-14 18:29:24.466] [exthost] [error] {"message":"Git error","stdout":"","stderr":"fatal: Pathspec '/home/linl20/csc250_lab2-Lin-Eric-142313/lab2.c' is in submodule 'csc250_lab2-Lin-Eric-142313'\n","exitCode":128,"gitErrorCode":"IsInSubmodule"}
[2022-09-14 18:29:24.466] [exthost] [error] {"message":"Git error","stdout":"","stderr":"fatal: Pathspec '/home/linl20/csc250_lab2-Lin-Eric-142313/lab2.c' is in submodule 'csc250_lab2-Lin-Eric-142313'\n","exitCode":128,"gitErrorCode":"IsInSubmodule"}
[2022-09-14 18:29:24.466] [exthost] [error] {"message":"Git error","stdout":"","stderr":"fatal: Pathspec '/home/linl20/csc250_lab2-Lin-Eric-142313/lab2.c' is in submodule 'csc250_lab2-Lin-Eric-142313'\n","exitCode":128,"gitErrorCode":"IsInSubmodule"}
[2022-09-14 18:29:24.466] [exthost] [error] {"message":"Git error","stdout":"","stderr":"fatal: Pathspec '/home/linl20/csc250_lab2-Lin-Eric-142313/lab2.c' is in submodule 'csc250_lab2-Lin-Eric-142313'\n","exitCode":128,"gitErrorCode":"IsInSubmodule"}
[2022-09-14 18:29:24.466] [exthost] [error] {"message":"Git error","stdout":"","stderr":"fatal: Pathspec '/home/linl20/csc250_lab2-Lin-Eric-142313/lab2.c' is in submodule 'csc250_lab2-Lin-Eric-142313'\n","exitCode":128,"gitErrorCode":"IsInSubmodule"}
[2022-09-14 18:29:24.466] [exthost] [error] {"message":"Git error","stdout":"","stderr":"fatal: Pathspec '/home/linl20/csc250_lab2-Lin-Eric-142313/lab2.c' is in submodule 'csc250_lab2-Lin-Eric-142313'\n","exitCode":128,"gitErrorCode":"IsInSubmodule"}
[2022-09-14 18:29:24.466] [exthost] [error] {"message":"Git error","stdout":"","stderr":"fatal: Pathspec '/home/linl20/csc250_lab2-Lin-Eric-142313/lab2.c' is in submodule 'csc250_lab2-Lin-Eric-142313'\n","exitCode":128,"gitErrorCode":"IsInSubmodule"}
[2022-09-14 18:29:24.466] [exthost] [error] {"message":"Git error","stdout":"","stderr":"fatal: Pathspec '/home/linl20/csc250_lab2-Lin-Eric-142313/lab2.c' is in submodule 'csc250_lab2-Lin-Eric-142313'\n","exitCode":128,"gitErrorCode":"IsInSubmodule"}
[2022-09-14 18:29:24.466] [exthost] [error] {"message":"Git error","stdout":"","stderr":"fatal: Pathspec '/home/linl20/csc250_lab2-Lin-Eric-142313/lab2.c' is in submodule 'csc250_lab2-Lin-Eric-142313'\n","exitCode":128,"gitErrorCode":"IsInSubmodule"}
[2022-09-14 18:29:24.466] [exthost] [error] {"message":"Git error","stdout":"","stderr":"fatal: Pathspec '/home/linl20/csc250_lab2-Lin-Eric-142313/lab2.c' is in submodule 'csc250_lab2-Lin-Eric-142313'\n","exitCode":128,"gitErrorCode":"IsInSubmodule"}
[2022-09-14 18:29:24.466] [exthost] [error] {"message":"Git error","stdout":"","stderr":"fatal: Pathspec '/home/linl20/csc250_lab2-Lin-Eric-142313/lab2.c' is in submodule 'csc250_lab2-Lin-Eric-142313'\n","exitCode":128,"gitErrorCode":"IsInSubmodule"}
[2022-09-14 18:29:24.466] [exthost] [error] {"message":"Git error","stdout":"","stderr":"fatal: Pathspec '/home/linl20/csc250_lab2-Lin-Eric-142313/lab2.c' is in submodule 'csc250_lab2-Lin-Eric-142313'\n","exitCode":128,"gitErrorCode":"IsInSubmodule"}
[2022-09-14 18:29:24.466] [exthost] [error] {"message":"Git error","stdout":"","stderr":"fatal: Pathspec '/home/linl20/csc250_lab2-Lin-Eric-142313/lab2.c' is in submodule 'csc250_lab2-Lin-Eric-142313'\n","exitCode":128,"gitErrorCode":"IsInSubmodule"}
[2022-09-14 18:29:24.466] [exthost] [error] {"message":"Git error","stdout":"","stderr":"fatal: Pathspec '/home/linl20/csc250_lab2-Lin-Eric-142313/lab2.c' is in submodule 'csc250_lab2-Lin-Eric-142313'\n","exitCode":128,"gitErrorCode":"IsInSubmodule"}
[2022-09-14 18:29:24.466] [exthost] [error] {"message":"Git error","stdout":"","stderr":"fatal: Pathspec '/home/linl20/csc250_lab2-Lin-Eric-142313/lab2.c' is in submodule 'csc250_lab2-Lin-Eric-142313'\n","exitCode":128,"gitErrorCode":"IsInSubmodule"}
[2022-09-14 18:29:24.466] [exthost] [error] {"message":"Git error","stdout":"","stderr":"fatal: Pathspec '/home/linl20/csc250_lab2-Lin-Eric-142313/lab2.c' is in submodule 'csc250_lab2-Lin-Eric-142313'\n","exitCode":128,"gitErrorCode":"IsInSubmodule"}
[2022-09-14 18:29:24.466] [exthost] [error] {"message":"Git error","stdout":"","stderr":"fatal: Pathspec '/home/linl20/csc250_lab2-Lin-Eric-142313/lab2.c' is in submodule 'csc250_lab2-Lin-Eric-142313'\n","exitCode":128,"gitErrorCode":"IsInSubmodule"}
[2022-09-14 18:29:24.466] [exthost] [error] {"message":"Git error","stdout":"","stderr":"fatal: Pathspec '/home/linl20/csc250_lab2-Lin-Eric-142313/lab2.c' is in submodule 'csc250_lab2-Lin-Eric-142313'\n","exitCode":128,"gitErrorCode":"IsInSubmodule"}
[2022-09-14 18:29:24.466] [exthost] [error] {"message":"Git error","stdout":"","stderr":"fatal: Pathspec '/home/linl20/csc250_lab2-Lin-Eric-142313/lab2.c' is in submodule 'csc250_lab2-Lin-Eric-142313'\n","exitCode":128,"gitErrorCode":"IsInSubmodule"}
[2022-09-14 18:29:24.466] [exthost] [error] {"message":"Git error","stdout":"","stderr":"fatal: Pathspec '/home/linl20/csc250_lab2-Lin-Eric-142313/lab2.c' is in submodule 'csc250_lab2-Lin-Eric-142313'\n","exitCode":128,"gitErrorCode":"IsInSubmodule"}
[2022-09-14 18:29:24.466] [exthost] [error] {"message":"Git error","stdout":"","stderr":"fatal: Pathspec '/home/linl20/csc250_lab2-Lin-Eric-142313/lab2.c' is in submodule 'csc250_lab2-Lin-Eric-142313'\n","exitCode":128,"gitErrorCode":"IsInSubmodule"}
[2022-09-14 18:29:24.466] [exthost] [error] {"message":"Git error","stdout":"","stderr":"fatal: Pathspec '/home/linl20/csc250_lab2-Lin-Eric-142313/lab2.c' is in submodule 'csc250_lab2-Lin-Eric-142313'\n","exitCode":128,"gitErrorCode":"IsInSubmodule"}
[2022-09-14 18:29:24.466] [exthost] [error] {"message":"Git error","stdout":"","stderr":"fatal: Pathspec '/home/linl20/csc250_lab2-Lin-Eric-142313/lab2.c' is in submodule 'csc250_lab2-Lin-Eric-142313'\n","exitCode":128,"gitErrorCode":"IsInSubmodule"}
[2022-09-14 18:29:24.466] [exthost] [error] {"message":"Git error","stdout":"","stderr":"fatal: Pathspec '/home/linl20/csc250_lab2-Lin-Eric-142313/lab2.c' is in submodule 'csc250_lab2-Lin-Eric-142313'\n","exitCode":128,"gitErrorCode":"IsInSubmodule"}
[2022-09-14 18:29:24.466] [exthost] [error] {"message":"Git error","stdout":"","stderr":"fatal: Pathspec '/home/linl20/csc250_lab2-Lin-Eric-142313/lab2.c' is in submodule 'csc250_lab2-Lin-Eric-142313'\n","exitCode":128,"gitErrorCode":"IsInSubmodule"}
[2022-09-14 18:29:24.466] [exthost] [error] {"message":"Git error","stdout":"","stderr":"fatal: Pathspec '/home/linl20/csc250_lab2-Lin-Eric-142313/lab2.c' is in submodule 'csc250_lab2-Lin-Eric-142313'\n","exitCode":128,"gitErrorCode":"IsInSubmodule"}
[2022-09-14 18:29:24.466] [exthost] [error] {"message":"Git error","stdout":"","stderr":"fatal: Pathspec '/home/linl20/csc250_lab2-Lin-Eric-142313/lab2.c' is in submodule 'csc250_lab2-Lin-Eric-142313'\n","exitCode":128,"gitErrorCode":"IsInSubmodule"}
[2022-09-14 18:29:24.466] [exthost] [error] {"message":"Git error","stdout":"","stderr":"fatal: Pathspec '/home/linl20/csc250_lab2-Lin-Eric-142313/lab2.c' is in submodule 'csc250_lab2-Lin-Eric-142313'\n","exitCode":128,"gitErrorCode":"IsInSubmodule"}
[2022-09-14 18:29:24.466] [exthost] [error] {"message":"Git error","stdout":"","stderr":"fatal: Pathspec '/home/linl20/csc250_lab2-Lin-Eric-142313/lab2.c' is in submodule 'csc250_lab2-Lin-Eric-142313'\n","exitCode":128,"gitErrorCode":"IsInSubmodule"}
[2022-09-14 18:29:24.466] [exthost] [error] {"message":"Git error","stdout":"","stderr":"fatal: Pathspec '/home/linl20/csc250_lab2-Lin-Eric-142313/lab2.c' is in submodule 'csc250_lab2-Lin-Eric-142313'\n","exitCode":128,"gitErrorCode":"IsInSubmodule"}
[2022-09-14 18:29:24.466] [exthost] [error] {"message":"Git error","stdout":"","stderr":"fatal: Pathspec '/home/linl20/csc250_lab2-Lin-Eric-142313/lab2.c' is in submodule 'csc250_lab2-Lin-Eric-142313'\n","exitCode":128,"gitErrorCode":"IsInSubmodule"}
[2022-09-14 18:29:24.466] [exthost] [error] {"message":"Git error","stdout":"","stderr":"fatal: Pathspec '/home/linl20/csc250_lab2-Lin-Eric-142313/lab2.c' is in submodule 'csc250_lab2-Lin-Eric-142313'\n","exitCode":128,"gitErrorCode":"IsInSubmodule"}
[2022-09-14 18:29:24.466] [exthost] [error] {"message":"Git error","stdout":"","stderr":"fatal: Pathspec '/home/linl20/csc250_lab2-Lin-Eric-142313/lab2.c' is in submodule 'csc250_lab2-Lin-Eric-142313'\n","exitCode":128,"gitErrorCode":"IsInSubmodule"}
[2022-09-14 18:29:24.466] [exthost] [error] {"message":"Git error","stdout":"","stderr":"fatal: Pathspec '/home/linl20/csc250_lab2-Lin-Eric-142313/lab2.c' is in submodule 'csc250_lab2-Lin-Eric-142313'\n","exitCode":128,"gitErrorCode":"IsInSubmodule"}
[2022-09-14 18:29:24.466] [exthost] [error] {"message":"Git error","stdout":"","stderr":"fatal: Pathspec '/home/linl20/csc250_lab2-Lin-Eric-142313/lab2.c' is in submodule 'csc250_lab2-Lin-Eric-142313'\n","exitCode":128,"gitErrorCode":"IsInSubmodule"}
[2022-09-14 18:29:24.466] [exthost] [error] {"message":"Git error","stdout":"","stderr":"fatal: Pathspec '/home/linl20/csc250_lab2-Lin-Eric-142313/lab2.c' is in submodule 'csc250_lab2-Lin-Eric-142313'\n","exitCode":128,"gitErrorCode":"IsInSubmodule"}
[2022-09-14 18:29:24.466] [exthost] [error] {"message":"Git error","stdout":"","stderr":"fatal: Pathspec '/home/linl20/csc250_lab2-Lin-Eric-142313/lab2.c' is in submodule 'csc250_lab2-Lin-Eric-142313'\n","exitCode":128,"gitErrorCode":"IsInSubmodule"}
[2022-09-14 18:29:24.466] [exthost] [error] {"message":"Git error","stdout":"","stderr":"fatal: Pathspec '/home/linl20/csc250_lab2-Lin-Eric-142313/lab2.c' is in submodule 'csc250_lab2-Lin-Eric-142313'\n","exitCode":128,"gitErrorCode":"IsInSubmodule"}
[2022-09-14 18:29:24.466] [exthost] [error] {"message":"Git error","stdout":"","stderr":"fatal: Pathspec '/home/linl20/csc250_lab2-Lin-Eric-142313/lab2.c' is in submodule 'csc250_lab2-Lin-Eric-142313'\n","exitCode":128,"gitErrorCode":"IsInSubmodule"}
[2022-09-14 18:29:24.466] [exthost] [error] {"message":"Git error","stdout":"","stderr":"fatal: Pathspec '/home/linl20/csc250_lab2-Lin-Eric-142313/lab2.c' is in submodule 'csc250_lab2-Lin-Eric-142313'\n","exitCode":128,"gitErrorCode":"IsInSubmodule"}
[2022-09-14 18:29:24.466] [exthost] [error] {"message":"Git error","stdout":"","stderr":"fatal: Pathspec '/home/linl20/csc250_lab2-Lin-Eric-142313/lab2.c' is in submodule 'csc250_lab2-Lin-Eric-142313'\n","exitCode":128,"gitErrorCode":"IsInSubmodule"}
[2022-09-14 18:29:24.466] [exthost] [error] {"message":"Git error","stdout":"","stderr":"fatal: Pathspec '/home/linl20/csc250_lab2-Lin-Eric-142313/lab2.c' is in submodule 'csc250_lab2-Lin-Eric-142313'\n","exitCode":128,"gitErrorCode":"IsInSubmodule"}
[2022-09-14 18:29:24.467] [exthost] [error] {"message":"Git error","stdout":"","stderr":"fatal: Pathspec '/home/linl20/csc250_lab2-Lin-Eric-142313/lab2.c' is in submodule 'csc250_lab2-Lin-Eric-142313'\n","exitCode":128,"gitErrorCode":"IsInSubmodule"}
[2022-09-14 18:29:24.467] [exthost] [error] {"message":"Git error","stdout":"","stderr":"fatal: Pathspec '/home/linl20/csc250_lab2-Lin-Eric-142313/lab2.c' is in submodule 'csc250_lab2-Lin-Eric-142313'\n","exitCode":128,"gitErrorCode":"IsInSubmodule"}
[2022-09-14 18:29:24.467] [exthost] [error] {"message":"Git error","stdout":"","stderr":"fatal: Pathspec '/home/linl20/csc250_lab2-Lin-Eric-142313/lab2.c' is in submodule 'csc250_lab2-Lin-Eric-142313'\n","exitCode":128,"gitErrorCode":"IsInSubmodule"}
[2022-09-14 18:29:24.467] [exthost] [error] {"message":"Git error","stdout":"","stderr":"fatal: Pathspec '/home/linl20/csc250_lab2-Lin-Eric-142313/lab2.c' is in submodule 'csc250_lab2-Lin-Eric-142313'\n","exitCode":128,"gitErrorCode":"IsInSubmodule"}
[2022-09-14 18:29:24.467] [exthost] [error] {"message":"Git error","stdout":"","stderr":"fatal: Pathspec '/home/linl20/csc250_lab2-Lin-Eric-142313/lab2.c' is in submodule 'csc250_lab2-Lin-Eric-142313'\n","exitCode":128,"gitErrorCode":"IsInSubmodule"}
[2022-09-14 18:29:24.467] [exthost] [error] {"message":"Git error","stdout":"","stderr":"fatal: Pathspec '/home/linl20/csc250_lab2-Lin-Eric-142313/lab2.c' is in submodule 'csc250_lab2-Lin-Eric-142313'\n","exitCode":128,"gitErrorCode":"IsInSubmodule"}
[2022-09-14 18:29:24.467] [exthost] [error] {"message":"Git error","stdout":"","stderr":"fatal: Pathspec '/home/linl20/csc250_lab2-Lin-Eric-142313/lab2.c' is in submodule 'csc250_lab2-Lin-Eric-142313'\n","exitCode":128,"gitErrorCode":"IsInSubmodule"}
[2022-09-14 18:29:24.467] [exthost] [error] {"message":"Git error","stdout":"","stderr":"fatal: Pathspec '/home/linl20/csc250_lab2-Lin-Eric-142313/lab2.c' is in submodule 'csc250_lab2-Lin-Eric-142313'\n","exitCode":128,"gitErrorCode":"IsInSubmodule"}
[2022-09-14 18:29:24.467] [exthost] [error] {"message":"Git error","stdout":"","stderr":"fatal: Pathspec '/home/linl20/csc250_lab2-Lin-Eric-142313/lab2.c' is in submodule 'csc250_lab2-Lin-Eric-142313'\n","exitCode":128,"gitErrorCode":"IsInSubmodule"}
[2022-09-14 18:29:24.467] [exthost] [error] {"message":"Git error","stdout":"","stderr":"fatal: Pathspec '/home/linl20/csc250_lab2-Lin-Eric-142313/lab2.c' is in submodule 'csc250_lab2-Lin-Eric-142313'\n","exitCode":128,"gitErrorCode":"IsInSubmodule"}
[2022-09-14 18:29:24.467] [exthost] [error] {"message":"Git error","stdout":"","stderr":"fatal: Pathspec '/home/linl20/csc250_lab2-Lin-Eric-142313/lab2.c' is in submodule 'csc250_lab2-Lin-Eric-142313'\n","exitCode":128,"gitErrorCode":"IsInSubmodule"}
