[2022-09-14 17:24:31.225] [exthost] [info] Extension host with pid 40779 started
[2022-09-14 17:24:31.314] [exthost] [info] ExtensionService#_doActivateExtension cschlosser.doxdocgen, startup: false, activationEvent: 'onLanguage:c'
[2022-09-14 17:24:31.402] [exthost] [info] ExtensionService#_doActivateExtension ms-vscode.cpptools, startup: false, activationEvent: 'onLanguage:c'
[2022-09-14 17:24:31.604] [exthost] [info] ExtensionService#_doActivateExtension vscode.debug-auto-launch, startup: true, activationEvent: '*'
[2022-09-14 17:24:31.609] [exthost] [info] ExtensionService#_doActivateExtension vscode.git-base, startup: true, activationEvent: '*', root cause: vscode.git
[2022-09-14 17:24:31.613] [exthost] [info] ExtensionService#_doActivateExtension vscode.ipynb, startup: true, activationEvent: '*'
[2022-09-14 17:24:31.638] [exthost] [info] Lock '/home/linl20/.vscode-server/data/User/workspaceStorage/846d061fbe3b7c3efc4e33135743ac56/vscode.lock': Lock acquired.
[2022-09-14 17:24:31.817] [exthost] [info] ExtensionService#_doActivateExtension vscode.git, startup: true, activationEvent: '*'
[2022-09-14 17:24:31.940] [exthost] [info] ExtensionService#_doActivateExtension vscode.github, startup: true, activationEvent: '*'
[2022-09-14 17:24:32.674] [exthost] [info] ExtensionService#_doActivateExtension vscode.emmet, startup: false, activationEvent: 'onStartupFinished'
[2022-09-14 17:24:32.697] [exthost] [info] ExtensionService#_doActivateExtension vscode.merge-conflict, startup: false, activationEvent: 'onStartupFinished'
[2022-09-14 17:24:32.703] [exthost] [info] Eager extensions activated
[2022-09-14 17:24:33.016] [exthost] [warning] [Decorations] CAPPING events from decorations provider vscode.git 5501
[2022-09-14 17:24:34.039] [exthost] [warning] [Decorations] CAPPING events from decorations provider vscode.git 5505
[2022-09-14 17:24:37.310] [exthost] [warning] [Decorations] CAPPING events from decorations provider vscode.git 5505
[2022-09-14 17:24:42.551] [exthost] [warning] [Decorations] CAPPING events from decorations provider vscode.git 5505
[2022-09-14 17:25:32.659] [exthost] [warning] [Decorations] CAPPING events from decorations provider vscode.git 5494
[2022-09-14 17:25:37.888] [exthost] [warning] [Decorations] CAPPING events from decorations provider vscode.git 5494
[2022-09-14 17:25:43.183] [exthost] [warning] [Decorations] CAPPING events from decorations provider vscode.git 5494
[2022-09-14 17:28:41.687] [exthost] [warning] [Decorations] CAPPING events from decorations provider vscode.git 5494
[2022-09-14 17:28:46.927] [exthost] [warning] [Decorations] CAPPING events from decorations provider vscode.git 5494
[2022-09-14 17:28:53.449] [exthost] [warning] [Decorations] CAPPING events from decorations provider vscode.git 5494
[2022-09-14 17:28:58.697] [exthost] [warning] [Decorations] CAPPING events from decorations provider vscode.git 5494
[2022-09-14 17:29:03.953] [exthost] [warning] [Decorations] CAPPING events from decorations provider vscode.git 5494
[2022-09-14 17:29:09.208] [exthost] [warning] [Decorations] CAPPING events from decorations provider vscode.git 5494
[2022-09-14 17:29:14.469] [exthost] [warning] [Decorations] CAPPING events from decorations provider vscode.git 5494
[2022-09-14 17:29:19.739] [exthost] [warning] [Decorations] CAPPING events from decorations provider vscode.git 5494
[2022-09-14 17:29:55.952] [exthost] [warning] [Decorations] CAPPING events from decorations provider vscode.git 5494
[2022-09-14 17:30:07.070] [exthost] [warning] [Decorations] CAPPING events from decorations provider vscode.git 5494
[2022-09-14 17:33:43.895] [exthost] [warning] [Decorations] CAPPING events from decorations provider vscode.git 5494
[2022-09-14 17:33:49.126] [exthost] [warning] [Decorations] CAPPING events from decorations provider vscode.git 5494
[2022-09-14 17:34:12.438] [exthost] [warning] [Decorations] CAPPING events from decorations provider vscode.git 5494
[2022-09-14 17:34:23.998] [exthost] [warning] [Decorations] CAPPING events from decorations provider vscode.git 5494
[2022-09-14 17:34:29.220] [exthost] [warning] [Decorations] CAPPING events from decorations provider vscode.git 5494
[2022-09-14 17:34:34.468] [exthost] [warning] [Decorations] CAPPING events from decorations provider vscode.git 5494
[2022-09-14 17:34:39.711] [exthost] [warning] [Decorations] CAPPING events from decorations provider vscode.git 5494
[2022-09-14 17:34:44.960] [exthost] [warning] [Decorations] CAPPING events from decorations provider vscode.git 5494
[2022-09-14 17:34:50.215] [exthost] [warning] [Decorations] CAPPING events from decorations provider vscode.git 5494
[2022-09-14 17:34:55.490] [exthost] [warning] [Decorations] CAPPING events from decorations provider vscode.git 5494
[2022-09-14 17:35:00.775] [exthost] [warning] [Decorations] CAPPING events from decorations provider vscode.git 5494
[2022-09-14 17:35:06.051] [exthost] [warning] [Decorations] CAPPING events from decorations provider vscode.git 5494
[2022-09-14 17:35:11.304] [exthost] [warning] [Decorations] CAPPING events from decorations provider vscode.git 5494
[2022-09-14 17:35:16.544] [exthost] [warning] [Decorations] CAPPING events from decorations provider vscode.git 5495
[2022-09-14 17:35:21.769] [exthost] [warning] [Decorations] CAPPING events from decorations provider vscode.git 5495
[2022-09-14 17:35:26.999] [exthost] [warning] [Decorations] CAPPING events from decorations provider vscode.git 5495
[2022-09-14 17:35:32.257] [exthost] [warning] [Decorations] CAPPING events from decorations provider vscode.git 5495
[2022-09-14 17:35:37.506] [exthost] [warning] [Decorations] CAPPING events from decorations provider vscode.git 5495
[2022-09-14 17:35:42.766] [exthost] [warning] [Decorations] CAPPING events from decorations provider vscode.git 5495
[2022-09-14 17:35:48.036] [exthost] [warning] [Decorations] CAPPING events from decorations provider vscode.git 5495
[2022-09-14 17:35:53.327] [exthost] [warning] [Decorations] CAPPING events from decorations provider vscode.git 5495
[2022-09-14 17:35:58.622] [exthost] [warning] [Decorations] CAPPING events from decorations provider vscode.git 5495
[2022-09-14 17:36:03.881] [exthost] [warning] [Decorations] CAPPING events from decorations provider vscode.git 5495
[2022-09-14 17:36:09.147] [exthost] [warning] [Decorations] CAPPING events from decorations provider vscode.git 5495
[2022-09-14 17:36:14.401] [exthost] [warning] [Decorations] CAPPING events from decorations provider vscode.git 5495
[2022-09-14 17:36:19.648] [exthost] [warning] [Decorations] CAPPING events from decorations provider vscode.git 5495
[2022-09-14 17:36:24.907] [exthost] [warning] [Decorations] CAPPING events from decorations provider vscode.git 5495
[2022-09-14 17:36:30.165] [exthost] [warning] [Decorations] CAPPING events from decorations provider vscode.git 5495
[2022-09-14 17:36:35.442] [exthost] [warning] [Decorations] CAPPING events from decorations provider vscode.git 5495
[2022-09-14 17:36:40.736] [exthost] [warning] [Decorations] CAPPING events from decorations provider vscode.git 5495
[2022-09-14 17:36:46.815] [exthost] [warning] [Decorations] CAPPING events from decorations provider vscode.git 5495
[2022-09-14 17:36:52.894] [exthost] [warning] [Decorations] CAPPING events from decorations provider vscode.git 5495
[2022-09-14 17:36:58.140] [exthost] [warning] [Decorations] CAPPING events from decorations provider vscode.git 5495
[2022-09-14 17:37:05.245] [exthost] [warning] [Decorations] CAPPING events from decorations provider vscode.git 5495
[2022-09-14 17:37:10.486] [exthost] [warning] [Decorations] CAPPING events from decorations provider vscode.git 5495
[2022-09-14 17:37:15.745] [exthost] [warning] [Decorations] CAPPING events from decorations provider vscode.git 5495
[2022-09-14 17:37:21.012] [exthost] [warning] [Decorations] CAPPING events from decorations provider vscode.git 5495
[2022-09-14 17:37:26.278] [exthost] [warning] [Decorations] CAPPING events from decorations provider vscode.git 5495
[2022-09-14 17:37:31.571] [exthost] [warning] [Decorations] CAPPING events from decorations provider vscode.git 5495
[2022-09-14 17:37:36.857] [exthost] [warning] [Decorations] CAPPING events from decorations provider vscode.git 5495
[2022-09-14 17:37:42.132] [exthost] [warning] [Decorations] CAPPING events from decorations provider vscode.git 5495
[2022-09-14 17:37:47.403] [exthost] [warning] [Decorations] CAPPING events from decorations provider vscode.git 5495
[2022-09-14 17:37:54.564] [exthost] [warning] [Decorations] CAPPING events from decorations provider vscode.git 5495
[2022-09-14 17:37:59.830] [exthost] [warning] [Decorations] CAPPING events from decorations provider vscode.git 5495
[2022-09-14 17:38:05.102] [exthost] [warning] [Decorations] CAPPING events from decorations provider vscode.git 5495
[2022-09-14 17:38:10.382] [exthost] [warning] [Decorations] CAPPING events from decorations provider vscode.git 5495
[2022-09-14 17:38:15.664] [exthost] [warning] [Decorations] CAPPING events from decorations provider vscode.git 5495
[2022-09-14 17:38:20.970] [exthost] [warning] [Decorations] CAPPING events from decorations provider vscode.git 5495
[2022-09-14 17:38:26.263] [exthost] [warning] [Decorations] CAPPING events from decorations provider vscode.git 5495
[2022-09-14 17:38:31.531] [exthost] [warning] [Decorations] CAPPING events from decorations provider vscode.git 5495
[2022-09-14 17:38:36.789] [exthost] [warning] [Decorations] CAPPING events from decorations provider vscode.git 5495
[2022-09-14 17:38:42.057] [exthost] [warning] [Decorations] CAPPING events from decorations provider vscode.git 5495
[2022-09-14 17:38:47.314] [exthost] [warning] [Decorations] CAPPING events from decorations provider vscode.git 5495
[2022-09-14 17:38:52.577] [exthost] [warning] [Decorations] CAPPING events from decorations provider vscode.git 5495
[2022-09-14 17:38:57.847] [exthost] [warning] [Decorations] CAPPING events from decorations provider vscode.git 5495
[2022-09-14 17:39:03.116] [exthost] [warning] [Decorations] CAPPING events from decorations provider vscode.git 5496
[2022-09-14 17:39:08.409] [exthost] [warning] [Decorations] CAPPING events from decorations provider vscode.git 5496
[2022-09-14 17:39:13.697] [exthost] [warning] [Decorations] CAPPING events from decorations provider vscode.git 5496
[2022-09-14 17:39:18.973] [exthost] [warning] [Decorations] CAPPING events from decorations provider vscode.git 5496
[2022-09-14 17:39:24.240] [exthost] [warning] [Decorations] CAPPING events from decorations provider vscode.git 5496
[2022-09-14 17:39:29.501] [exthost] [warning] [Decorations] CAPPING events from decorations provider vscode.git 5496
[2022-09-14 17:39:34.771] [exthost] [warning] [Decorations] CAPPING events from decorations provider vscode.git 5496
[2022-09-14 17:39:40.051] [exthost] [warning] [Decorations] CAPPING events from decorations provider vscode.git 5496
[2022-09-14 17:39:45.317] [exthost] [warning] [Decorations] CAPPING events from decorations provider vscode.git 5496
[2022-09-14 17:39:50.590] [exthost] [warning] [Decorations] CAPPING events from decorations provider vscode.git 5496
[2022-09-14 17:39:55.886] [exthost] [warning] [Decorations] CAPPING events from decorations provider vscode.git 5496
[2022-09-14 17:40:01.183] [exthost] [warning] [Decorations] CAPPING events from decorations provider vscode.git 5496
[2022-09-14 17:40:06.463] [exthost] [warning] [Decorations] CAPPING events from decorations provider vscode.git 5496
[2022-09-14 17:40:11.726] [exthost] [warning] [Decorations] CAPPING events from decorations provider vscode.git 5496
[2022-09-14 17:40:16.986] [exthost] [warning] [Decorations] CAPPING events from decorations provider vscode.git 5496
[2022-09-14 17:40:22.254] [exthost] [warning] [Decorations] CAPPING events from decorations provider vscode.git 5496
[2022-09-14 17:40:27.534] [exthost] [warning] [Decorations] CAPPING events from decorations provider vscode.git 5496
[2022-09-14 17:40:32.800] [exthost] [warning] [Decorations] CAPPING events from decorations provider vscode.git 5496
[2022-09-14 17:40:38.100] [exthost] [warning] [Decorations] CAPPING events from decorations provider vscode.git 5496
[2022-09-14 17:40:43.383] [exthost] [warning] [Decorations] CAPPING events from decorations provider vscode.git 5497
[2022-09-14 17:40:48.687] [exthost] [warning] [Decorations] CAPPING events from decorations provider vscode.git 5497
[2022-09-14 17:40:53.972] [exthost] [warning] [Decorations] CAPPING events from decorations provider vscode.git 5497
[2022-09-14 17:40:59.237] [exthost] [warning] [Decorations] CAPPING events from decorations provider vscode.git 5497
[2022-09-14 17:41:04.501] [exthost] [warning] [Decorations] CAPPING events from decorations provider vscode.git 5497
[2022-09-14 17:41:09.775] [exthost] [warning] [Decorations] CAPPING events from decorations provider vscode.git 5497
[2022-09-14 17:41:26.575] [exthost] [warning] [Decorations] CAPPING events from decorations provider vscode.git 5497
[2022-09-14 17:41:31.840] [exthost] [warning] [Decorations] CAPPING events from decorations provider vscode.git 5497
[2022-09-14 17:41:37.115] [exthost] [warning] [Decorations] CAPPING events from decorations provider vscode.git 5497
[2022-09-14 17:41:43.265] [exthost] [warning] [Decorations] CAPPING events from decorations provider vscode.git 5497
[2022-09-14 17:41:48.572] [exthost] [warning] [Decorations] CAPPING events from decorations provider vscode.git 5497
[2022-09-14 17:41:53.853] [exthost] [warning] [Decorations] CAPPING events from decorations provider vscode.git 5497
[2022-09-14 17:41:59.126] [exthost] [warning] [Decorations] CAPPING events from decorations provider vscode.git 5497
[2022-09-14 17:42:04.388] [exthost] [warning] [Decorations] CAPPING events from decorations provider vscode.git 5497
[2022-09-14 17:42:09.659] [exthost] [warning] [Decorations] CAPPING events from decorations provider vscode.git 5497
[2022-09-14 17:42:14.931] [exthost] [warning] [Decorations] CAPPING events from decorations provider vscode.git 5497
[2022-09-14 17:42:20.201] [exthost] [warning] [Decorations] CAPPING events from decorations provider vscode.git 5497
[2022-09-14 17:42:25.478] [exthost] [warning] [Decorations] CAPPING events from decorations provider vscode.git 5497
[2022-09-14 17:42:30.785] [exthost] [warning] [Decorations] CAPPING events from decorations provider vscode.git 5497
[2022-09-14 17:42:36.082] [exthost] [warning] [Decorations] CAPPING events from decorations provider vscode.git 5497
[2022-09-14 17:42:41.363] [exthost] [warning] [Decorations] CAPPING events from decorations provider vscode.git 5497
[2022-09-14 17:42:46.628] [exthost] [warning] [Decorations] CAPPING events from decorations provider vscode.git 5497
[2022-09-14 17:42:51.912] [exthost] [warning] [Decorations] CAPPING events from decorations provider vscode.git 5497
[2022-09-14 17:42:57.180] [exthost] [warning] [Decorations] CAPPING events from decorations provider vscode.git 5497
[2022-09-14 17:43:02.445] [exthost] [warning] [Decorations] CAPPING events from decorations provider vscode.git 5497
[2022-09-14 17:43:07.722] [exthost] [warning] [Decorations] CAPPING events from decorations provider vscode.git 5497
[2022-09-14 17:43:13.002] [exthost] [warning] [Decorations] CAPPING events from decorations provider vscode.git 5497
[2022-09-14 17:43:18.286] [exthost] [warning] [Decorations] CAPPING events from decorations provider vscode.git 5497
[2022-09-14 17:43:23.585] [exthost] [warning] [Decorations] CAPPING events from decorations provider vscode.git 5497
[2022-09-14 17:43:28.874] [exthost] [warning] [Decorations] CAPPING events from decorations provider vscode.git 5497
[2022-09-14 17:43:34.156] [exthost] [warning] [Decorations] CAPPING events from decorations provider vscode.git 5497
[2022-09-14 17:43:39.430] [exthost] [warning] [Decorations] CAPPING events from decorations provider vscode.git 5497
[2022-09-14 17:43:44.698] [exthost] [warning] [Decorations] CAPPING events from decorations provider vscode.git 5497
[2022-09-14 17:43:49.972] [exthost] [warning] [Decorations] CAPPING events from decorations provider vscode.git 5497
[2022-09-14 17:43:55.237] [exthost] [warning] [Decorations] CAPPING events from decorations provider vscode.git 5497
[2022-09-14 17:44:00.530] [exthost] [warning] [Decorations] CAPPING events from decorations provider vscode.git 5497
[2022-09-14 17:44:05.812] [exthost] [warning] [Decorations] CAPPING events from decorations provider vscode.git 5497
[2022-09-14 17:44:11.107] [exthost] [warning] [Decorations] CAPPING events from decorations provider vscode.git 5497
[2022-09-14 17:44:16.390] [exthost] [warning] [Decorations] CAPPING events from decorations provider vscode.git 5497
[2022-09-14 17:44:21.659] [exthost] [warning] [Decorations] CAPPING events from decorations provider vscode.git 5497
[2022-09-14 17:44:26.937] [exthost] [warning] [Decorations] CAPPING events from decorations provider vscode.git 5497
[2022-09-14 17:44:32.208] [exthost] [warning] [Decorations] CAPPING events from decorations provider vscode.git 5497
[2022-09-14 17:44:37.480] [exthost] [warning] [Decorations] CAPPING events from decorations provider vscode.git 5497
[2022-09-14 17:44:42.795] [exthost] [warning] [Decorations] CAPPING events from decorations provider vscode.git 5497
[2022-09-14 17:44:48.079] [exthost] [warning] [Decorations] CAPPING events from decorations provider vscode.git 5497
[2022-09-14 17:44:53.375] [exthost] [warning] [Decorations] CAPPING events from decorations provider vscode.git 5497
[2022-09-14 17:44:58.669] [exthost] [warning] [Decorations] CAPPING events from decorations provider vscode.git 5497
[2022-09-14 17:45:03.955] [exthost] [warning] [Decorations] CAPPING events from decorations provider vscode.git 5497
[2022-09-14 17:45:09.227] [exthost] [warning] [Decorations] CAPPING events from decorations provider vscode.git 5497
[2022-09-14 17:45:14.516] [exthost] [warning] [Decorations] CAPPING events from decorations provider vscode.git 5497
[2022-09-14 17:45:19.785] [exthost] [warning] [Decorations] CAPPING events from decorations provider vscode.git 5497
[2022-09-14 17:45:25.063] [exthost] [warning] [Decorations] CAPPING events from decorations provider vscode.git 5497
[2022-09-14 17:45:30.340] [exthost] [warning] [Decorations] CAPPING events from decorations provider vscode.git 5497
[2022-09-14 17:45:35.642] [exthost] [warning] [Decorations] CAPPING events from decorations provider vscode.git 5497
[2022-09-14 17:45:40.927] [exthost] [warning] [Decorations] CAPPING events from decorations provider vscode.git 5497
[2022-09-14 17:45:46.225] [exthost] [warning] [Decorations] CAPPING events from decorations provider vscode.git 5497
[2022-09-14 17:45:51.515] [exthost] [warning] [Decorations] CAPPING events from decorations provider vscode.git 5497
[2022-09-14 17:45:56.789] [exthost] [warning] [Decorations] CAPPING events from decorations provider vscode.git 5497
[2022-09-14 17:46:02.080] [exthost] [warning] [Decorations] CAPPING events from decorations provider vscode.git 5497
[2022-09-14 17:46:07.355] [exthost] [warning] [Decorations] CAPPING events from decorations provider vscode.git 5497
[2022-09-14 17:46:12.629] [exthost] [warning] [Decorations] CAPPING events from decorations provider vscode.git 5497
[2022-09-14 17:46:17.914] [exthost] [warning] [Decorations] CAPPING events from decorations provider vscode.git 5497
[2022-09-14 17:46:23.199] [exthost] [warning] [Decorations] CAPPING events from decorations provider vscode.git 5497
[2022-09-14 17:46:28.493] [exthost] [warning] [Decorations] CAPPING events from decorations provider vscode.git 5497
[2022-09-14 17:46:33.809] [exthost] [warning] [Decorations] CAPPING events from decorations provider vscode.git 5497
[2022-09-14 17:46:39.099] [exthost] [warning] [Decorations] CAPPING events from decorations provider vscode.git 5497
[2022-09-14 17:46:45.189] [exthost] [warning] [Decorations] CAPPING events from decorations provider vscode.git 5497
[2022-09-14 17:46:50.477] [exthost] [warning] [Decorations] CAPPING events from decorations provider vscode.git 5497
[2022-09-14 17:46:55.751] [exthost] [warning] [Decorations] CAPPING events from decorations provider vscode.git 5498
[2022-09-14 17:47:01.035] [exthost] [warning] [Decorations] CAPPING events from decorations provider vscode.git 5498
[2022-09-14 17:47:06.306] [exthost] [warning] [Decorations] CAPPING events from decorations provider vscode.git 5498
[2022-09-14 17:47:11.595] [exthost] [warning] [Decorations] CAPPING events from decorations provider vscode.git 5498
[2022-09-14 17:47:16.895] [exthost] [warning] [Decorations] CAPPING events from decorations provider vscode.git 5498
[2022-09-14 17:47:22.199] [exthost] [warning] [Decorations] CAPPING events from decorations provider vscode.git 5498
[2022-09-14 17:47:27.501] [exthost] [warning] [Decorations] CAPPING events from decorations provider vscode.git 5498
[2022-09-14 17:47:32.785] [exthost] [warning] [Decorations] CAPPING events from decorations provider vscode.git 5498
[2022-09-14 17:47:38.074] [exthost] [warning] [Decorations] CAPPING events from decorations provider vscode.git 5498
[2022-09-14 17:47:43.363] [exthost] [warning] [Decorations] CAPPING events from decorations provider vscode.git 5498
[2022-09-14 17:47:48.642] [exthost] [warning] [Decorations] CAPPING events from decorations provider vscode.git 5498
[2022-09-14 17:47:53.927] [exthost] [warning] [Decorations] CAPPING events from decorations provider vscode.git 5498
[2022-09-14 17:47:59.236] [exthost] [warning] [Decorations] CAPPING events from decorations provider vscode.git 5498
[2022-09-14 17:48:04.526] [exthost] [warning] [Decorations] CAPPING events from decorations provider vscode.git 5498
[2022-09-14 17:48:09.840] [exthost] [warning] [Decorations] CAPPING events from decorations provider vscode.git 5498
[2022-09-14 17:48:15.136] [exthost] [warning] [Decorations] CAPPING events from decorations provider vscode.git 5498
[2022-09-14 17:48:20.412] [exthost] [warning] [Decorations] CAPPING events from decorations provider vscode.git 5498
[2022-09-14 17:48:25.703] [exthost] [warning] [Decorations] CAPPING events from decorations provider vscode.git 5498
[2022-09-14 17:48:30.980] [exthost] [warning] [Decorations] CAPPING events from decorations provider vscode.git 5498
[2022-09-14 17:48:36.257] [exthost] [warning] [Decorations] CAPPING events from decorations provider vscode.git 5498
[2022-09-14 17:48:41.546] [exthost] [warning] [Decorations] CAPPING events from decorations provider vscode.git 5498
[2022-09-14 17:48:50.711] [exthost] [warning] [Decorations] CAPPING events from decorations provider vscode.git 5498
[2022-09-14 17:48:56.023] [exthost] [warning] [Decorations] CAPPING events from decorations provider vscode.git 5498
[2022-09-14 17:49:01.357] [exthost] [warning] [Decorations] CAPPING events from decorations provider vscode.git 5498
[2022-09-14 17:49:06.649] [exthost] [warning] [Decorations] CAPPING events from decorations provider vscode.git 5498
[2022-09-14 17:49:14.814] [exthost] [warning] [Decorations] CAPPING events from decorations provider vscode.git 5498
[2022-09-14 17:49:20.957] [exthost] [warning] [Decorations] CAPPING events from decorations provider vscode.git 5499
[2022-09-14 17:49:26.252] [exthost] [warning] [Decorations] CAPPING events from decorations provider vscode.git 5499
[2022-09-14 17:49:31.541] [exthost] [warning] [Decorations] CAPPING events from decorations provider vscode.git 5499
[2022-09-14 17:49:36.839] [exthost] [warning] [Decorations] CAPPING events from decorations provider vscode.git 5499
[2022-09-14 17:49:42.128] [exthost] [warning] [Decorations] CAPPING events from decorations provider vscode.git 5499
[2022-09-14 17:49:47.432] [exthost] [warning] [Decorations] CAPPING events from decorations provider vscode.git 5499
[2022-09-14 17:49:52.746] [exthost] [warning] [Decorations] CAPPING events from decorations provider vscode.git 5499
[2022-09-14 17:49:58.047] [exthost] [warning] [Decorations] CAPPING events from decorations provider vscode.git 5499
[2022-09-14 17:50:03.328] [exthost] [warning] [Decorations] CAPPING events from decorations provider vscode.git 5499
[2022-09-14 17:50:08.625] [exthost] [warning] [Decorations] CAPPING events from decorations provider vscode.git 5499
[2022-09-14 17:50:13.908] [exthost] [warning] [Decorations] CAPPING events from decorations provider vscode.git 5499
[2022-09-14 17:50:19.210] [exthost] [warning] [Decorations] CAPPING events from decorations provider vscode.git 5499
[2022-09-14 17:50:24.495] [exthost] [warning] [Decorations] CAPPING events from decorations provider vscode.git 5499
[2022-09-14 17:50:29.794] [exthost] [warning] [Decorations] CAPPING events from decorations provider vscode.git 5499
[2022-09-14 17:50:35.086] [exthost] [warning] [Decorations] CAPPING events from decorations provider vscode.git 5499
[2022-09-14 17:50:40.413] [exthost] [warning] [Decorations] CAPPING events from decorations provider vscode.git 5499
[2022-09-14 17:50:45.732] [exthost] [warning] [Decorations] CAPPING events from decorations provider vscode.git 5499
[2022-09-14 17:50:51.858] [exthost] [warning] [Decorations] CAPPING events from decorations provider vscode.git 5499
[2022-09-14 17:50:57.163] [exthost] [warning] [Decorations] CAPPING events from decorations provider vscode.git 5499
[2022-09-14 17:51:02.475] [exthost] [warning] [Decorations] CAPPING events from decorations provider vscode.git 5499
[2022-09-14 17:51:07.781] [exthost] [warning] [Decorations] CAPPING events from decorations provider vscode.git 5499
[2022-09-14 17:51:13.097] [exthost] [warning] [Decorations] CAPPING events from decorations provider vscode.git 5499
[2022-09-14 17:51:18.402] [exthost] [warning] [Decorations] CAPPING events from decorations provider vscode.git 5499
[2022-09-14 17:51:23.724] [exthost] [warning] [Decorations] CAPPING events from decorations provider vscode.git 5499
[2022-09-14 17:51:29.043] [exthost] [warning] [Decorations] CAPPING events from decorations provider vscode.git 5499
[2022-09-14 17:51:34.363] [exthost] [warning] [Decorations] CAPPING events from decorations provider vscode.git 5499
[2022-09-14 17:51:39.665] [exthost] [warning] [Decorations] CAPPING events from decorations provider vscode.git 5499
[2022-09-14 17:51:44.965] [exthost] [warning] [Decorations] CAPPING events from decorations provider vscode.git 5499
[2022-09-14 17:51:50.281] [exthost] [warning] [Decorations] CAPPING events from decorations provider vscode.git 5499
[2022-09-14 17:51:55.583] [exthost] [warning] [Decorations] CAPPING events from decorations provider vscode.git 5499
[2022-09-14 17:52:00.909] [exthost] [warning] [Decorations] CAPPING events from decorations provider vscode.git 5499
[2022-09-14 17:52:06.223] [exthost] [warning] [Decorations] CAPPING events from decorations provider vscode.git 5499
[2022-09-14 17:52:11.542] [exthost] [warning] [Decorations] CAPPING events from decorations provider vscode.git 5499
[2022-09-14 17:52:17.635] [exthost] [warning] [Decorations] CAPPING events from decorations provider vscode.git 5499
[2022-09-14 17:52:23.728] [exthost] [warning] [Decorations] CAPPING events from decorations provider vscode.git 5499
[2022-09-14 17:52:29.035] [exthost] [warning] [Decorations] CAPPING events from decorations provider vscode.git 5500
[2022-09-14 17:52:34.343] [exthost] [warning] [Decorations] CAPPING events from decorations provider vscode.git 5500
[2022-09-14 17:52:39.644] [exthost] [warning] [Decorations] CAPPING events from decorations provider vscode.git 5500
[2022-09-14 17:52:44.950] [exthost] [warning] [Decorations] CAPPING events from decorations provider vscode.git 5500
[2022-09-14 17:52:50.270] [exthost] [warning] [Decorations] CAPPING events from decorations provider vscode.git 5500
[2022-09-14 17:52:55.574] [exthost] [warning] [Decorations] CAPPING events from decorations provider vscode.git 5500
[2022-09-14 17:53:00.898] [exthost] [warning] [Decorations] CAPPING events from decorations provider vscode.git 5500
[2022-09-14 17:53:06.998] [exthost] [warning] [Decorations] CAPPING events from decorations provider vscode.git 5500
[2022-09-14 17:53:13.097] [exthost] [warning] [Decorations] CAPPING events from decorations provider vscode.git 5500
[2022-09-14 17:53:19.208] [exthost] [warning] [Decorations] CAPPING events from decorations provider vscode.git 5500
[2022-09-14 17:53:24.534] [exthost] [warning] [Decorations] CAPPING events from decorations provider vscode.git 5500
[2022-09-14 17:53:29.839] [exthost] [warning] [Decorations] CAPPING events from decorations provider vscode.git 5500
[2022-09-14 17:53:35.161] [exthost] [warning] [Decorations] CAPPING events from decorations provider vscode.git 5500
[2022-09-14 17:53:40.473] [exthost] [warning] [Decorations] CAPPING events from decorations provider vscode.git 5500
[2022-09-14 17:53:45.790] [exthost] [warning] [Decorations] CAPPING events from decorations provider vscode.git 5500
[2022-09-14 17:53:51.112] [exthost] [warning] [Decorations] CAPPING events from decorations provider vscode.git 5500
[2022-09-14 17:53:57.224] [exthost] [warning] [Decorations] CAPPING events from decorations provider vscode.git 5500
[2022-09-14 17:54:03.328] [exthost] [warning] [Decorations] CAPPING events from decorations provider vscode.git 5500
[2022-09-14 17:54:08.628] [exthost] [warning] [Decorations] CAPPING events from decorations provider vscode.git 5500
[2022-09-14 17:54:13.940] [exthost] [warning] [Decorations] CAPPING events from decorations provider vscode.git 5500
[2022-09-14 17:54:19.245] [exthost] [warning] [Decorations] CAPPING events from decorations provider vscode.git 5500
[2022-09-14 17:54:24.561] [exthost] [warning] [Decorations] CAPPING events from decorations provider vscode.git 5500
[2022-09-14 17:54:29.866] [exthost] [warning] [Decorations] CAPPING events from decorations provider vscode.git 5500
[2022-09-14 17:54:35.182] [exthost] [warning] [Decorations] CAPPING events from decorations provider vscode.git 5500
[2022-09-14 17:54:40.497] [exthost] [warning] [Decorations] CAPPING events from decorations provider vscode.git 5500
[2022-09-14 17:54:46.622] [exthost] [warning] [Decorations] CAPPING events from decorations provider vscode.git 5500
[2022-09-14 17:54:52.745] [exthost] [warning] [Decorations] CAPPING events from decorations provider vscode.git 5500
[2022-09-14 17:54:58.055] [exthost] [warning] [Decorations] CAPPING events from decorations provider vscode.git 5500
[2022-09-14 17:55:03.382] [exthost] [warning] [Decorations] CAPPING events from decorations provider vscode.git 5500
[2022-09-14 17:55:08.695] [exthost] [warning] [Decorations] CAPPING events from decorations provider vscode.git 5500
[2022-09-14 17:55:14.017] [exthost] [warning] [Decorations] CAPPING events from decorations provider vscode.git 5500
[2022-09-14 17:55:19.336] [exthost] [warning] [Decorations] CAPPING events from decorations provider vscode.git 5500
[2022-09-14 17:55:24.668] [exthost] [warning] [Decorations] CAPPING events from decorations provider vscode.git 5500
[2022-09-14 17:55:30.784] [exthost] [warning] [Decorations] CAPPING events from decorations provider vscode.git 5500
[2022-09-14 17:55:36.107] [exthost] [warning] [Decorations] CAPPING events from decorations provider vscode.git 5500
[2022-09-14 17:55:42.236] [exthost] [warning] [Decorations] CAPPING events from decorations provider vscode.git 5500
[2022-09-14 17:55:47.546] [exthost] [warning] [Decorations] CAPPING events from decorations provider vscode.git 5500
[2022-09-14 17:55:52.862] [exthost] [warning] [Decorations] CAPPING events from decorations provider vscode.git 5500
[2022-09-14 17:55:58.169] [exthost] [warning] [Decorations] CAPPING events from decorations provider vscode.git 5500
[2022-09-14 17:56:03.492] [exthost] [warning] [Decorations] CAPPING events from decorations provider vscode.git 5500
[2022-09-14 17:56:08.799] [exthost] [warning] [Decorations] CAPPING events from decorations provider vscode.git 5500
[2022-09-14 17:56:14.122] [exthost] [warning] [Decorations] CAPPING events from decorations provider vscode.git 5500
[2022-09-14 17:56:19.440] [exthost] [warning] [Decorations] CAPPING events from decorations provider vscode.git 5500
[2022-09-14 17:56:24.773] [exthost] [warning] [Decorations] CAPPING events from decorations provider vscode.git 5500
[2022-09-14 17:56:30.868] [exthost] [warning] [Decorations] CAPPING events from decorations provider vscode.git 5500
[2022-09-14 17:56:36.173] [exthost] [warning] [Decorations] CAPPING events from decorations provider vscode.git 5500
[2022-09-14 17:56:41.492] [exthost] [warning] [Decorations] CAPPING events from decorations provider vscode.git 5500
[2022-09-14 17:56:48.678] [exthost] [warning] [Decorations] CAPPING events from decorations provider vscode.git 5500
[2022-09-14 17:56:53.998] [exthost] [warning] [Decorations] CAPPING events from decorations provider vscode.git 5500
[2022-09-14 17:56:59.306] [exthost] [warning] [Decorations] CAPPING events from decorations provider vscode.git 5500
[2022-09-14 17:57:04.627] [exthost] [warning] [Decorations] CAPPING events from decorations provider vscode.git 5500
[2022-09-14 17:57:09.936] [exthost] [warning] [Decorations] CAPPING events from decorations provider vscode.git 5500
[2022-09-14 17:57:15.264] [exthost] [warning] [Decorations] CAPPING events from decorations provider vscode.git 5500
[2022-09-14 17:57:20.581] [exthost] [warning] [Decorations] CAPPING events from decorations provider vscode.git 5500
[2022-09-14 17:57:26.699] [exthost] [warning] [Decorations] CAPPING events from decorations provider vscode.git 5500
[2022-09-14 17:57:32.807] [exthost] [warning] [Decorations] CAPPING events from decorations provider vscode.git 5500
[2022-09-14 17:57:38.109] [exthost] [warning] [Decorations] CAPPING events from decorations provider vscode.git 5500
[2022-09-14 17:57:43.424] [exthost] [warning] [Decorations] CAPPING events from decorations provider vscode.git 5500
[2022-09-14 17:57:48.744] [exthost] [warning] [Decorations] CAPPING events from decorations provider vscode.git 5500
[2022-09-14 17:57:54.062] [exthost] [warning] [Decorations] CAPPING events from decorations provider vscode.git 5500
[2022-09-14 17:57:59.377] [exthost] [warning] [Decorations] CAPPING events from decorations provider vscode.git 5500
[2022-09-14 17:58:05.485] [exthost] [warning] [Decorations] CAPPING events from decorations provider vscode.git 5500
[2022-09-14 17:58:10.807] [exthost] [warning] [Decorations] CAPPING events from decorations provider vscode.git 5500
[2022-09-14 17:58:16.118] [exthost] [warning] [Decorations] CAPPING events from decorations provider vscode.git 5500
[2022-09-14 17:58:21.422] [exthost] [warning] [Decorations] CAPPING events from decorations provider vscode.git 5500
[2022-09-14 17:58:26.738] [exthost] [warning] [Decorations] CAPPING events from decorations provider vscode.git 5500
[2022-09-14 17:58:32.054] [exthost] [warning] [Decorations] CAPPING events from decorations provider vscode.git 5500
[2022-09-14 17:58:37.372] [exthost] [warning] [Decorations] CAPPING events from decorations provider vscode.git 5500
[2022-09-14 17:58:42.676] [exthost] [warning] [Decorations] CAPPING events from decorations provider vscode.git 5500
[2022-09-14 17:58:48.001] [exthost] [warning] [Decorations] CAPPING events from decorations provider vscode.git 5500
[2022-09-14 17:58:54.097] [exthost] [warning] [Decorations] CAPPING events from decorations provider vscode.git 5500
[2022-09-14 17:58:59.410] [exthost] [warning] [Decorations] CAPPING events from decorations provider vscode.git 5500
[2022-09-14 17:59:04.716] [exthost] [warning] [Decorations] CAPPING events from decorations provider vscode.git 5500
[2022-09-14 17:59:10.046] [exthost] [warning] [Decorations] CAPPING events from decorations provider vscode.git 5500
[2022-09-14 17:59:15.347] [exthost] [warning] [Decorations] CAPPING events from decorations provider vscode.git 5500
[2022-09-14 17:59:20.660] [exthost] [warning] [Decorations] CAPPING events from decorations provider vscode.git 5500
[2022-09-14 17:59:25.978] [exthost] [warning] [Decorations] CAPPING events from decorations provider vscode.git 5500
[2022-09-14 17:59:31.301] [exthost] [warning] [Decorations] CAPPING events from decorations provider vscode.git 5500
[2022-09-14 17:59:37.408] [exthost] [warning] [Decorations] CAPPING events from decorations provider vscode.git 5500
[2022-09-14 17:59:42.735] [exthost] [warning] [Decorations] CAPPING events from decorations provider vscode.git 5500
[2022-09-14 17:59:48.056] [exthost] [warning] [Decorations] CAPPING events from decorations provider vscode.git 5500
[2022-09-14 17:59:53.365] [exthost] [warning] [Decorations] CAPPING events from decorations provider vscode.git 5500
[2022-09-14 17:59:58.679] [exthost] [warning] [Decorations] CAPPING events from decorations provider vscode.git 5500
[2022-09-14 18:00:03.990] [exthost] [warning] [Decorations] CAPPING events from decorations provider vscode.git 5500
[2022-09-14 18:00:09.295] [exthost] [warning] [Decorations] CAPPING events from decorations provider vscode.git 5500
[2022-09-14 18:00:14.613] [exthost] [warning] [Decorations] CAPPING events from decorations provider vscode.git 5500
[2022-09-14 18:00:19.926] [exthost] [warning] [Decorations] CAPPING events from decorations provider vscode.git 5500
[2022-09-14 18:00:25.240] [exthost] [warning] [Decorations] CAPPING events from decorations provider vscode.git 5500
[2022-09-14 18:00:30.574] [exthost] [warning] [Decorations] CAPPING events from decorations provider vscode.git 5500
[2022-09-14 18:00:35.895] [exthost] [warning] [Decorations] CAPPING events from decorations provider vscode.git 5500
[2022-09-14 18:00:41.993] [exthost] [warning] [Decorations] CAPPING events from decorations provider vscode.git 5500
[2022-09-14 18:00:47.322] [exthost] [warning] [Decorations] CAPPING events from decorations provider vscode.git 5500
[2022-09-14 18:00:53.442] [exthost] [warning] [Decorations] CAPPING events from decorations provider vscode.git 5500
[2022-09-14 18:00:58.758] [exthost] [warning] [Decorations] CAPPING events from decorations provider vscode.git 5500
[2022-09-14 18:01:04.066] [exthost] [warning] [Decorations] CAPPING events from decorations provider vscode.git 5500
[2022-09-14 18:01:09.387] [exthost] [warning] [Decorations] CAPPING events from decorations provider vscode.git 5500
[2022-09-14 18:01:14.695] [exthost] [warning] [Decorations] CAPPING events from decorations provider vscode.git 5500
[2022-09-14 18:01:20.026] [exthost] [warning] [Decorations] CAPPING events from decorations provider vscode.git 5500
[2022-09-14 18:01:25.345] [exthost] [warning] [Decorations] CAPPING events from decorations provider vscode.git 5500
[2022-09-14 18:01:31.450] [exthost] [warning] [Decorations] CAPPING events from decorations provider vscode.git 5500
[2022-09-14 18:01:36.788] [exthost] [warning] [Decorations] CAPPING events from decorations provider vscode.git 5500
[2022-09-14 18:01:42.912] [exthost] [warning] [Decorations] CAPPING events from decorations provider vscode.git 5500
[2022-09-14 18:01:48.234] [exthost] [warning] [Decorations] CAPPING events from decorations provider vscode.git 5500
[2022-09-14 18:01:53.546] [exthost] [warning] [Decorations] CAPPING events from decorations provider vscode.git 5500
[2022-09-14 18:01:58.865] [exthost] [warning] [Decorations] CAPPING events from decorations provider vscode.git 5500
[2022-09-14 18:02:04.174] [exthost] [warning] [Decorations] CAPPING events from decorations provider vscode.git 5500
[2022-09-14 18:02:09.505] [exthost] [warning] [Decorations] CAPPING events from decorations provider vscode.git 5500
[2022-09-14 18:02:15.609] [exthost] [warning] [Decorations] CAPPING events from decorations provider vscode.git 5500
[2022-09-14 18:02:20.920] [exthost] [warning] [Decorations] CAPPING events from decorations provider vscode.git 5500
[2022-09-14 18:02:26.236] [exthost] [warning] [Decorations] CAPPING events from decorations provider vscode.git 5500
[2022-09-14 18:02:31.543] [exthost] [warning] [Decorations] CAPPING events from decorations provider vscode.git 5500
[2022-09-14 18:02:36.865] [exthost] [warning] [Decorations] CAPPING events from decorations provider vscode.git 5500
[2022-09-14 18:02:42.184] [exthost] [warning] [Decorations] CAPPING events from decorations provider vscode.git 5500
[2022-09-14 18:02:47.496] [exthost] [warning] [Decorations] CAPPING events from decorations provider vscode.git 5500
[2022-09-14 18:02:52.803] [exthost] [warning] [Decorations] CAPPING events from decorations provider vscode.git 5500
[2022-09-14 18:02:58.127] [exthost] [warning] [Decorations] CAPPING events from decorations provider vscode.git 5500
[2022-09-14 18:03:03.458] [exthost] [warning] [Decorations] CAPPING events from decorations provider vscode.git 5501
[2022-09-14 18:03:09.601] [exthost] [warning] [Decorations] CAPPING events from decorations provider vscode.git 5501
[2022-09-14 18:03:14.912] [exthost] [warning] [Decorations] CAPPING events from decorations provider vscode.git 5501
[2022-09-14 18:03:20.229] [exthost] [warning] [Decorations] CAPPING events from decorations provider vscode.git 5501
[2022-09-14 18:03:26.030] [exthost] [warning] [Decorations] CAPPING events from decorations provider vscode.git 5501
[2022-09-14 18:03:31.337] [exthost] [warning] [Decorations] CAPPING events from decorations provider vscode.git 5501
[2022-09-14 18:03:36.665] [exthost] [warning] [Decorations] CAPPING events from decorations provider vscode.git 5501
[2022-09-14 18:03:42.769] [exthost] [warning] [Decorations] CAPPING events from decorations provider vscode.git 5501
[2022-09-14 18:03:48.103] [exthost] [warning] [Decorations] CAPPING events from decorations provider vscode.git 5501
[2022-09-14 18:03:53.424] [exthost] [warning] [Decorations] CAPPING events from decorations provider vscode.git 5501
[2022-09-14 18:03:58.729] [exthost] [warning] [Decorations] CAPPING events from decorations provider vscode.git 5501
[2022-09-14 18:04:04.048] [exthost] [warning] [Decorations] CAPPING events from decorations provider vscode.git 5501
[2022-09-14 18:04:09.355] [exthost] [warning] [Decorations] CAPPING events from decorations provider vscode.git 5501
[2022-09-14 18:04:14.679] [exthost] [warning] [Decorations] CAPPING events from decorations provider vscode.git 5501
[2022-09-14 18:04:19.998] [exthost] [warning] [Decorations] CAPPING events from decorations provider vscode.git 5501
[2022-09-14 18:04:26.110] [exthost] [warning] [Decorations] CAPPING events from decorations provider vscode.git 5501
[2022-09-14 18:04:31.426] [exthost] [warning] [Decorations] CAPPING events from decorations provider vscode.git 5501
[2022-09-14 18:04:36.739] [exthost] [warning] [Decorations] CAPPING events from decorations provider vscode.git 5501
[2022-09-14 18:04:42.065] [exthost] [warning] [Decorations] CAPPING events from decorations provider vscode.git 5501
[2022-09-14 18:04:47.372] [exthost] [warning] [Decorations] CAPPING events from decorations provider vscode.git 5501
[2022-09-14 18:04:52.686] [exthost] [warning] [Decorations] CAPPING events from decorations provider vscode.git 5501
[2022-09-14 18:04:57.995] [exthost] [warning] [Decorations] CAPPING events from decorations provider vscode.git 5501
[2022-09-14 18:05:03.310] [exthost] [warning] [Decorations] CAPPING events from decorations provider vscode.git 5501
[2022-09-14 18:05:08.621] [exthost] [warning] [Decorations] CAPPING events from decorations provider vscode.git 5501
[2022-09-14 18:05:14.711] [exthost] [warning] [Decorations] CAPPING events from decorations provider vscode.git 5501
[2022-09-14 18:05:20.854] [exthost] [warning] [Decorations] CAPPING events from decorations provider vscode.git 5501
[2022-09-14 18:05:26.965] [exthost] [warning] [Decorations] CAPPING events from decorations provider vscode.git 5501
[2022-09-14 18:05:33.079] [exthost] [warning] [Decorations] CAPPING events from decorations provider vscode.git 5501
[2022-09-14 18:05:39.194] [exthost] [warning] [Decorations] CAPPING events from decorations provider vscode.git 5501
[2022-09-14 18:05:44.511] [exthost] [warning] [Decorations] CAPPING events from decorations provider vscode.git 5502
[2022-09-14 18:05:49.837] [exthost] [warning] [Decorations] CAPPING events from decorations provider vscode.git 5502
[2022-09-14 18:05:55.146] [exthost] [warning] [Decorations] CAPPING events from decorations provider vscode.git 5502
[2022-09-14 18:07:12.435] [exthost] [warning] [Decorations] CAPPING events from decorations provider vscode.git 5502
[2022-09-14 18:07:17.697] [exthost] [warning] [Decorations] CAPPING events from decorations provider vscode.git 5502
[2022-09-14 18:07:22.951] [exthost] [warning] [Decorations] CAPPING events from decorations provider vscode.git 5502
[2022-09-14 18:07:28.222] [exthost] [warning] [Decorations] CAPPING events from decorations provider vscode.git 5502
[2022-09-14 18:07:33.487] [exthost] [warning] [Decorations] CAPPING events from decorations provider vscode.git 5502
[2022-09-14 18:07:38.768] [exthost] [warning] [Decorations] CAPPING events from decorations provider vscode.git 5502
[2022-09-14 18:09:14.415] [exthost] [warning] [Decorations] CAPPING events from decorations provider vscode.git 5502
[2022-09-14 18:09:20.563] [exthost] [warning] [Decorations] CAPPING events from decorations provider vscode.git 5502
[2022-09-14 18:09:27.524] [exthost] [warning] [Decorations] CAPPING events from decorations provider vscode.git 5502
[2022-09-14 18:09:54.120] [exthost] [warning] [Decorations] CAPPING events from decorations provider vscode.git 5502
[2022-09-14 18:10:33.069] [exthost] [warning] [Decorations] CAPPING events from decorations provider vscode.git 5502
[2022-09-14 18:10:38.344] [exthost] [warning] [Decorations] CAPPING events from decorations provider vscode.git 5502
[2022-09-14 18:10:43.654] [exthost] [warning] [Decorations] CAPPING events from decorations provider vscode.git 5502
[2022-09-14 18:11:04.171] [exthost] [warning] [Decorations] CAPPING events from decorations provider vscode.git 5502
[2022-09-14 18:11:09.434] [exthost] [warning] [Decorations] CAPPING events from decorations provider vscode.git 5502
[2022-09-14 18:11:14.711] [exthost] [warning] [Decorations] CAPPING events from decorations provider vscode.git 5502
[2022-09-14 18:11:17.359] [exthost] [warning] [Decorations] CAPPING events from decorations provider vscode.git 5502
[2022-09-14 18:11:20.004] [exthost] [warning] [Decorations] CAPPING events from decorations provider vscode.git 5502
[2022-09-14 18:11:24.246] [exthost] [warning] [Decorations] CAPPING events from decorations provider vscode.git 5502
[2022-09-14 18:11:25.366] [exthost] [warning] [Decorations] CAPPING events from decorations provider vscode.git 5502
[2022-09-14 18:11:30.659] [exthost] [warning] [Decorations] CAPPING events from decorations provider vscode.git 5502
[2022-09-14 18:11:58.108] [exthost] [warning] [Decorations] CAPPING events from decorations provider vscode.git 5502
