[2022-09-13 10:35:28.667] [exthost] [info] Extension host with pid 57791 started
[2022-09-13 10:35:28.669] [exthost] [error] Error: EEXIST: file already exists, open '/home/linl20/.vscode-server/data/User/workspaceStorage/846d061fbe3b7c3efc4e33135743ac56/vscode.lock'
[2022-09-13 10:35:28.675] [exthost] [info] Lock '/home/linl20/.vscode-server/data/User/workspaceStorage/846d061fbe3b7c3efc4e33135743ac56/vscode.lock': Could not acquire lock, checking if the file is stale.
[2022-09-13 10:35:28.680] [exthost] [info] Lock '/home/linl20/.vscode-server/data/User/workspaceStorage/846d061fbe3b7c3efc4e33135743ac56/vscode.lock': The lock does not look stale, elapsed: 78 ms, giving up.
[2022-09-13 10:35:28.681] [exthost] [error] Error: EEXIST: file already exists, open '/home/linl20/.vscode-server/data/User/workspaceStorage/846d061fbe3b7c3efc4e33135743ac56-1/vscode.lock'
[2022-09-13 10:35:28.681] [exthost] [info] Lock '/home/linl20/.vscode-server/data/User/workspaceStorage/846d061fbe3b7c3efc4e33135743ac56-1/vscode.lock': Could not acquire lock, checking if the file is stale.
[2022-09-13 10:35:28.682] [exthost] [info] Lock '/home/linl20/.vscode-server/data/User/workspaceStorage/846d061fbe3b7c3efc4e33135743ac56-1/vscode.lock': The lock does not look stale, elapsed: 583 ms, giving up.
[2022-09-13 10:35:28.721] [exthost] [info] Lock '/home/linl20/.vscode-server/data/User/workspaceStorage/846d061fbe3b7c3efc4e33135743ac56-2/vscode.lock': Lock acquired.
[2022-09-13 10:35:28.751] [exthost] [info] ExtensionService#_doActivateExtension cschlosser.doxdocgen, startup: false, activationEvent: 'onLanguage:c'
[2022-09-13 10:35:28.816] [exthost] [info] ExtensionService#_doActivateExtension ms-vscode.cpptools, startup: false, activationEvent: 'onLanguage:c'
[2022-09-13 10:35:29.028] [exthost] [info] ExtensionService#_doActivateExtension vscode.debug-auto-launch, startup: true, activationEvent: '*'
[2022-09-13 10:35:29.032] [exthost] [info] ExtensionService#_doActivateExtension vscode.git-base, startup: true, activationEvent: '*', root cause: vscode.git
[2022-09-13 10:35:29.037] [exthost] [info] ExtensionService#_doActivateExtension vscode.ipynb, startup: true, activationEvent: '*'
[2022-09-13 10:35:29.145] [exthost] [info] ExtensionService#_doActivateExtension vscode.git, startup: true, activationEvent: '*'
[2022-09-13 10:35:29.273] [exthost] [info] ExtensionService#_doActivateExtension vscode.github, startup: true, activationEvent: '*'
[2022-09-13 10:35:30.032] [exthost] [info] ExtensionService#_doActivateExtension vscode.emmet, startup: false, activationEvent: 'onStartupFinished'
[2022-09-13 10:35:30.056] [exthost] [info] ExtensionService#_doActivateExtension vscode.merge-conflict, startup: false, activationEvent: 'onStartupFinished'
[2022-09-13 10:35:30.062] [exthost] [info] Eager extensions activated
[2022-09-13 10:35:30.283] [exthost] [warning] [Decorations] CAPPING events from decorations provider vscode.git 5460
[2022-09-13 10:35:31.313] [exthost] [warning] [Decorations] CAPPING events from decorations provider vscode.git 5465
[2022-09-13 10:37:12.596] [exthost] [warning] [Decorations] CAPPING events from decorations provider vscode.git 5466
[2022-09-13 10:37:26.670] [exthost] [warning] [Decorations] CAPPING events from decorations provider vscode.git 5463
[2022-09-13 10:37:31.951] [exthost] [warning] [Decorations] CAPPING events from decorations provider vscode.git 5463
[2022-09-13 10:37:37.976] [exthost] [warning] [Decorations] CAPPING events from decorations provider vscode.git 5463
[2022-09-13 10:37:43.200] [exthost] [warning] [Decorations] CAPPING events from decorations provider vscode.git 5463
[2022-09-13 10:37:52.803] [exthost] [warning] [Decorations] CAPPING events from decorations provider vscode.git 5463
[2022-09-13 10:37:58.045] [exthost] [warning] [Decorations] CAPPING events from decorations provider vscode.git 5463
[2022-09-13 13:44:33.187] [exthost] [info] Extension host terminating: renderer disconnected for too long (1)
[2022-09-13 13:44:33.188] [exthost] [info] Lock '/home/linl20/.vscode-server/data/User/workspaceStorage/846d061fbe3b7c3efc4e33135743ac56-2/vscode.lock': Marking the lockfile as scheduled to be released in 6000 ms.
[2022-09-13 13:44:33.232] [exthost] [info] Extension host with pid 57791 exiting with code 0
