[2022-09-14T13:08:31.078Z] Log level: Info
[2022-09-14T13:08:31.090Z] [info] Validating found git in: git
[2022-09-14T13:08:31.133Z] [info] Using git 2.20.1 from git
[2022-09-14T13:08:31.159Z] > git rev-parse --show-toplevel [5ms]
[2022-09-14T13:08:31.173Z] > git rev-parse --git-dir --git-common-dir [1ms]
[2022-09-14T13:08:31.182Z] [info] Open repository: /home/linl20
[2022-09-14T13:08:31.237Z] > git status -z -uall [44ms]
[2022-09-14T13:08:31.245Z] > git symbolic-ref --short HEAD [1ms]
[2022-09-14T13:08:31.255Z] > git for-each-ref --format=%(refname)%00%(upstream:short)%00%(objectname)%00%(upstream:track)%00%(upstream:remotename)%00%(upstream:remoteref) refs/heads/master refs/remotes/master [2ms]
[2022-09-14T13:08:31.279Z] > git remote --verbose [9ms]
[2022-09-14T13:08:31.279Z] > git for-each-ref --sort -committerdate --format %(refname) %(objectname) %(*objectname) [16ms]
[2022-09-14T13:08:32.299Z] > git config --get commit.template [13ms]
[2022-09-14T13:08:32.373Z] > git status -z -uall [62ms]
[2022-09-14T13:08:32.389Z] > git symbolic-ref --short HEAD [5ms]
[2022-09-14T13:08:32.400Z] > git for-each-ref --format=%(refname)%00%(upstream:short)%00%(objectname)%00%(upstream:track)%00%(upstream:remotename)%00%(upstream:remoteref) refs/heads/master refs/remotes/master [1ms]
[2022-09-14T13:08:32.421Z] > git for-each-ref --sort -committerdate --format %(refname) %(objectname) %(*objectname) [11ms]
[2022-09-14T13:08:32.422Z] > git remote --verbose [2ms]
[2022-09-14T13:08:32.532Z] > git config --get commit.template [2ms]
[2022-09-14T13:08:33.497Z] > git check-ignore -v -z --stdin [7ms]
[2022-09-14T13:08:33.772Z] > git show --textconv :csc250_lab2-Lin-Eric-142313/wdnmd.txt [14ms]
[2022-09-14T13:08:33.774Z] > git ls-files --stage -- /home/linl20/csc250_lab2-Lin-Eric-142313/wdnmd.txt [3ms]
[2022-09-14T13:08:35.630Z] > git status -z -uall [48ms]
[2022-09-14T13:08:35.645Z] > git symbolic-ref --short HEAD [1ms]
[2022-09-14T13:08:35.658Z] > git for-each-ref --format=%(refname)%00%(upstream:short)%00%(objectname)%00%(upstream:track)%00%(upstream:remotename)%00%(upstream:remoteref) refs/heads/master refs/remotes/master [1ms]
[2022-09-14T13:08:35.683Z] > git remote --verbose [1ms]
[2022-09-14T13:08:35.683Z] > git for-each-ref --sort -committerdate --format %(refname) %(objectname) %(*objectname) [13ms]
[2022-09-14T13:08:35.793Z] > git config --get commit.template [1ms]
[2022-09-14T13:08:38.789Z] > git show --textconv :count3_extern.sh [13ms]
[2022-09-14T13:08:38.791Z] > git ls-files --stage -- /home/linl20/count3_extern.sh [3ms]
[2022-09-14T13:08:39.098Z] > git check-ignore -v -z --stdin [1ms]
[2022-09-14T13:08:40.847Z] > git status -z -uall [40ms]
[2022-09-14T13:08:40.860Z] > git symbolic-ref --short HEAD [1ms]
[2022-09-14T13:08:40.874Z] > git for-each-ref --format=%(refname)%00%(upstream:short)%00%(objectname)%00%(upstream:track)%00%(upstream:remotename)%00%(upstream:remoteref) refs/heads/master refs/remotes/master [1ms]
[2022-09-14T13:08:40.900Z] > git for-each-ref --sort -committerdate --format %(refname) %(objectname) %(*objectname) [13ms]
[2022-09-14T13:08:40.901Z] > git remote --verbose [2ms]
[2022-09-14T13:08:41.008Z] > git config --get commit.template [1ms]
[2022-09-14T13:08:44.610Z] > git show --textconv :csc250_lab2-Lin-Eric-142313/wdnmd.txt [13ms]
[2022-09-14T13:08:44.612Z] > git ls-files --stage -- /home/linl20/csc250_lab2-Lin-Eric-142313/wdnmd.txt [3ms]
[2022-09-14T13:08:46.067Z] > git status -z -uall [44ms]
[2022-09-14T13:08:46.082Z] > git symbolic-ref --short HEAD [0ms]
[2022-09-14T13:08:46.095Z] > git for-each-ref --format=%(refname)%00%(upstream:short)%00%(objectname)%00%(upstream:track)%00%(upstream:remotename)%00%(upstream:remoteref) refs/heads/master refs/remotes/master [1ms]
[2022-09-14T13:08:46.121Z] > git remote --verbose [1ms]
[2022-09-14T13:08:46.122Z] > git for-each-ref --sort -committerdate --format %(refname) %(objectname) %(*objectname) [14ms]
[2022-09-14T13:08:46.229Z] > git config --get commit.template [9ms]
[2022-09-14T13:08:51.288Z] > git status -z -uall [43ms]
[2022-09-14T13:08:51.304Z] > git symbolic-ref --short HEAD [1ms]
[2022-09-14T13:08:51.320Z] > git for-each-ref --format=%(refname)%00%(upstream:short)%00%(objectname)%00%(upstream:track)%00%(upstream:remotename)%00%(upstream:remoteref) refs/heads/master refs/remotes/master [2ms]
[2022-09-14T13:08:51.347Z] > git for-each-ref --sort -committerdate --format %(refname) %(objectname) %(*objectname) [14ms]
[2022-09-14T13:08:51.348Z] > git remote --verbose [2ms]
[2022-09-14T13:08:51.447Z] > git config --get commit.template [1ms]
[2022-09-14T13:08:52.517Z] > git show --textconv :pythonEX.py [16ms]
[2022-09-14T13:08:52.518Z] > git ls-files --stage -- /home/linl20/pythonEX.py [2ms]
[2022-09-14T13:08:53.074Z] > git show --textconv :csc250_lab2-Lin-Eric-142313/lab2.c [89ms]
[2022-09-14T13:08:53.076Z] > git ls-files --stage -- /home/linl20/csc250_lab2-Lin-Eric-142313/lab2.c [76ms]
[2022-09-14T13:08:57.500Z] > git status -z -uall [41ms]
[2022-09-14T13:08:57.517Z] > git symbolic-ref --short HEAD [1ms]
[2022-09-14T13:08:57.533Z] > git for-each-ref --format=%(refname)%00%(upstream:short)%00%(objectname)%00%(upstream:track)%00%(upstream:remotename)%00%(upstream:remoteref) refs/heads/master refs/remotes/master [1ms]
[2022-09-14T13:08:57.566Z] > git remote --verbose [2ms]
[2022-09-14T13:08:57.566Z] > git for-each-ref --sort -committerdate --format %(refname) %(objectname) %(*objectname) [17ms]
[2022-09-14T13:08:57.692Z] > git config --get commit.template [1ms]
[2022-09-14T13:11:07.593Z] > git status -z -uall [49ms]
[2022-09-14T13:11:07.606Z] > git symbolic-ref --short HEAD [1ms]
[2022-09-14T13:11:07.620Z] > git for-each-ref --format=%(refname)%00%(upstream:short)%00%(objectname)%00%(upstream:track)%00%(upstream:remotename)%00%(upstream:remoteref) refs/heads/master refs/remotes/master [3ms]
[2022-09-14T13:11:07.643Z] > git remote --verbose [1ms]
[2022-09-14T13:11:07.643Z] > git for-each-ref --sort -committerdate --format %(refname) %(objectname) %(*objectname) [12ms]
[2022-09-14T13:11:07.763Z] > git config --get commit.template [3ms]
[2022-09-14T13:11:12.820Z] > git status -z -uall [40ms]
[2022-09-14T13:11:12.835Z] > git symbolic-ref --short HEAD [1ms]
[2022-09-14T13:11:12.850Z] > git for-each-ref --format=%(refname)%00%(upstream:short)%00%(objectname)%00%(upstream:track)%00%(upstream:remotename)%00%(upstream:remoteref) refs/heads/master refs/remotes/master [1ms]
[2022-09-14T13:11:12.878Z] > git remote --verbose [1ms]
[2022-09-14T13:11:12.879Z] > git for-each-ref --sort -committerdate --format %(refname) %(objectname) %(*objectname) [15ms]
[2022-09-14T13:11:12.986Z] > git config --get commit.template [1ms]
[2022-09-14T13:11:18.042Z] > git status -z -uall [39ms]
[2022-09-14T13:11:18.058Z] > git symbolic-ref --short HEAD [1ms]
[2022-09-14T13:11:18.074Z] > git for-each-ref --format=%(refname)%00%(upstream:short)%00%(objectname)%00%(upstream:track)%00%(upstream:remotename)%00%(upstream:remoteref) refs/heads/master refs/remotes/master [1ms]
[2022-09-14T13:11:18.103Z] > git remote --verbose [1ms]
[2022-09-14T13:11:18.104Z] > git for-each-ref --sort -committerdate --format %(refname) %(objectname) %(*objectname) [16ms]
[2022-09-14T13:11:18.200Z] > git config --get commit.template [1ms]
[2022-09-14T13:11:23.261Z] > git status -z -uall [43ms]
[2022-09-14T13:11:23.279Z] > git symbolic-ref --short HEAD [1ms]
[2022-09-14T13:11:23.296Z] > git for-each-ref --format=%(refname)%00%(upstream:short)%00%(objectname)%00%(upstream:track)%00%(upstream:remotename)%00%(upstream:remoteref) refs/heads/master refs/remotes/master [1ms]
[2022-09-14T13:11:23.330Z] > git remote --verbose [2ms]
[2022-09-14T13:11:23.330Z] > git for-each-ref --sort -committerdate --format %(refname) %(objectname) %(*objectname) [18ms]
[2022-09-14T13:11:23.439Z] > git config --get commit.template [1ms]
[2022-09-14T13:11:28.498Z] > git status -z -uall [39ms]
[2022-09-14T13:11:28.517Z] > git symbolic-ref --short HEAD [1ms]
[2022-09-14T13:11:28.536Z] > git for-each-ref --format=%(refname)%00%(upstream:short)%00%(objectname)%00%(upstream:track)%00%(upstream:remotename)%00%(upstream:remoteref) refs/heads/master refs/remotes/master [2ms]
[2022-09-14T13:11:28.572Z] > git remote --verbose [1ms]
[2022-09-14T13:11:28.572Z] > git for-each-ref --sort -committerdate --format %(refname) %(objectname) %(*objectname) [19ms]
[2022-09-14T13:11:28.672Z] > git config --get commit.template [1ms]
[2022-09-14T13:11:33.732Z] > git status -z -uall [39ms]
[2022-09-14T13:11:33.752Z] > git symbolic-ref --short HEAD [1ms]
[2022-09-14T13:11:33.772Z] > git for-each-ref --format=%(refname)%00%(upstream:short)%00%(objectname)%00%(upstream:track)%00%(upstream:remotename)%00%(upstream:remoteref) refs/heads/master refs/remotes/master [1ms]
[2022-09-14T13:11:33.813Z] > git remote --verbose [2ms]
[2022-09-14T13:11:33.813Z] > git for-each-ref --sort -committerdate --format %(refname) %(objectname) %(*objectname) [21ms]
[2022-09-14T13:11:33.916Z] > git config --get commit.template [1ms]
[2022-09-14T13:11:38.978Z] > git status -z -uall [39ms]
[2022-09-14T13:11:39.000Z] > git symbolic-ref --short HEAD [1ms]
[2022-09-14T13:11:39.023Z] > git for-each-ref --format=%(refname)%00%(upstream:short)%00%(objectname)%00%(upstream:track)%00%(upstream:remotename)%00%(upstream:remoteref) refs/heads/master refs/remotes/master [1ms]
[2022-09-14T13:11:39.068Z] > git remote --verbose [3ms]
[2022-09-14T13:11:39.068Z] > git for-each-ref --sort -committerdate --format %(refname) %(objectname) %(*objectname) [24ms]
[2022-09-14T13:11:39.175Z] > git config --get commit.template [1ms]
[2022-09-14T13:11:44.240Z] > git status -z -uall [40ms]
[2022-09-14T13:11:44.266Z] > git symbolic-ref --short HEAD [3ms]
[2022-09-14T13:11:44.290Z] > git for-each-ref --format=%(refname)%00%(upstream:short)%00%(objectname)%00%(upstream:track)%00%(upstream:remotename)%00%(upstream:remoteref) refs/heads/master refs/remotes/master [1ms]
[2022-09-14T13:11:44.336Z] > git remote --verbose [1ms]
[2022-09-14T13:11:44.337Z] > git for-each-ref --sort -committerdate --format %(refname) %(objectname) %(*objectname) [24ms]
[2022-09-14T13:11:44.439Z] > git config --get commit.template [1ms]
[2022-09-14T13:11:49.504Z] > git status -z -uall [40ms]
[2022-09-14T13:11:49.530Z] > git symbolic-ref --short HEAD [1ms]
[2022-09-14T13:11:49.555Z] > git for-each-ref --format=%(refname)%00%(upstream:short)%00%(objectname)%00%(upstream:track)%00%(upstream:remotename)%00%(upstream:remoteref) refs/heads/master refs/remotes/master [1ms]
[2022-09-14T13:11:49.606Z] > git remote --verbose [2ms]
[2022-09-14T13:11:49.606Z] > git for-each-ref --sort -committerdate --format %(refname) %(objectname) %(*objectname) [26ms]
[2022-09-14T13:11:49.720Z] > git config --get commit.template [1ms]
[2022-09-14T13:11:54.779Z] > git status -z -uall [41ms]
[2022-09-14T13:11:54.796Z] > git symbolic-ref --short HEAD [1ms]
[2022-09-14T13:11:54.814Z] > git for-each-ref --format=%(refname)%00%(upstream:short)%00%(objectname)%00%(upstream:track)%00%(upstream:remotename)%00%(upstream:remoteref) refs/heads/master refs/remotes/master [2ms]
[2022-09-14T13:11:54.846Z] > git remote --verbose [1ms]
[2022-09-14T13:11:54.847Z] > git for-each-ref --sort -committerdate --format %(refname) %(objectname) %(*objectname) [18ms]
[2022-09-14T13:11:54.951Z] > git config --get commit.template [1ms]
[2022-09-14T13:12:00.008Z] > git status -z -uall [41ms]
[2022-09-14T13:12:00.024Z] > git symbolic-ref --short HEAD [1ms]
[2022-09-14T13:12:00.039Z] > git for-each-ref --format=%(refname)%00%(upstream:short)%00%(objectname)%00%(upstream:track)%00%(upstream:remotename)%00%(upstream:remoteref) refs/heads/master refs/remotes/master [1ms]
[2022-09-14T13:12:00.069Z] > git remote --verbose [2ms]
[2022-09-14T13:12:00.069Z] > git for-each-ref --sort -committerdate --format %(refname) %(objectname) %(*objectname) [16ms]
[2022-09-14T13:12:00.175Z] > git config --get commit.template [1ms]
[2022-09-14T13:12:05.231Z] > git status -z -uall [40ms]
[2022-09-14T13:12:05.247Z] > git symbolic-ref --short HEAD [1ms]
[2022-09-14T13:12:05.263Z] > git for-each-ref --format=%(refname)%00%(upstream:short)%00%(objectname)%00%(upstream:track)%00%(upstream:remotename)%00%(upstream:remoteref) refs/heads/master refs/remotes/master [1ms]
[2022-09-14T13:12:05.294Z] > git remote --verbose [1ms]
[2022-09-14T13:12:05.295Z] > git for-each-ref --sort -committerdate --format %(refname) %(objectname) %(*objectname) [17ms]
[2022-09-14T13:12:05.389Z] > git config --get commit.template [1ms]
[2022-09-14T13:12:10.451Z] > git status -z -uall [44ms]
[2022-09-14T13:12:10.470Z] > git symbolic-ref --short HEAD [1ms]
[2022-09-14T13:12:10.487Z] > git for-each-ref --format=%(refname)%00%(upstream:short)%00%(objectname)%00%(upstream:track)%00%(upstream:remotename)%00%(upstream:remoteref) refs/heads/master refs/remotes/master [1ms]
[2022-09-14T13:12:10.522Z] > git remote --verbose [2ms]
[2022-09-14T13:12:10.522Z] > git for-each-ref --sort -committerdate --format %(refname) %(objectname) %(*objectname) [18ms]
[2022-09-14T13:12:10.625Z] > git config --get commit.template [1ms]
[2022-09-14T13:12:15.685Z] > git status -z -uall [40ms]
[2022-09-14T13:12:15.704Z] > git symbolic-ref --short HEAD [1ms]
[2022-09-14T13:12:15.724Z] > git for-each-ref --format=%(refname)%00%(upstream:short)%00%(objectname)%00%(upstream:track)%00%(upstream:remotename)%00%(upstream:remoteref) refs/heads/master refs/remotes/master [1ms]
[2022-09-14T13:12:15.761Z] > git remote --verbose [1ms]
[2022-09-14T13:12:15.761Z] > git for-each-ref --sort -committerdate --format %(refname) %(objectname) %(*objectname) [19ms]
[2022-09-14T13:12:15.864Z] > git config --get commit.template [1ms]
[2022-09-14T13:12:20.927Z] > git status -z -uall [39ms]
[2022-09-14T13:12:20.948Z] > git symbolic-ref --short HEAD [1ms]
[2022-09-14T13:12:20.969Z] > git for-each-ref --format=%(refname)%00%(upstream:short)%00%(objectname)%00%(upstream:track)%00%(upstream:remotename)%00%(upstream:remoteref) refs/heads/master refs/remotes/master [1ms]
[2022-09-14T13:12:21.011Z] > git remote --verbose [2ms]
[2022-09-14T13:12:21.011Z] > git for-each-ref --sort -committerdate --format %(refname) %(objectname) %(*objectname) [22ms]
[2022-09-14T13:12:21.116Z] > git config --get commit.template [1ms]
[2022-09-14T13:12:26.179Z] > git status -z -uall [40ms]
[2022-09-14T13:12:26.202Z] > git symbolic-ref --short HEAD [1ms]
[2022-09-14T13:12:26.225Z] > git for-each-ref --format=%(refname)%00%(upstream:short)%00%(objectname)%00%(upstream:track)%00%(upstream:remotename)%00%(upstream:remoteref) refs/heads/master refs/remotes/master [1ms]
[2022-09-14T13:12:26.270Z] > git remote --verbose [2ms]
[2022-09-14T13:12:26.270Z] > git for-each-ref --sort -committerdate --format %(refname) %(objectname) %(*objectname) [23ms]
[2022-09-14T13:12:26.377Z] > git config --get commit.template [1ms]
[2022-09-14T13:12:31.442Z] > git status -z -uall [40ms]
[2022-09-14T13:12:31.466Z] > git symbolic-ref --short HEAD [1ms]
[2022-09-14T13:12:31.491Z] > git for-each-ref --format=%(refname)%00%(upstream:short)%00%(objectname)%00%(upstream:track)%00%(upstream:remotename)%00%(upstream:remoteref) refs/heads/master refs/remotes/master [1ms]
[2022-09-14T13:12:31.539Z] > git remote --verbose [2ms]
[2022-09-14T13:12:31.539Z] > git for-each-ref --sort -committerdate --format %(refname) %(objectname) %(*objectname) [25ms]
[2022-09-14T13:12:31.648Z] > git config --get commit.template [1ms]
[2022-09-14T13:12:36.714Z] > git status -z -uall [39ms]
[2022-09-14T13:12:36.740Z] > git symbolic-ref --short HEAD [1ms]
[2022-09-14T13:12:36.767Z] > git for-each-ref --format=%(refname)%00%(upstream:short)%00%(objectname)%00%(upstream:track)%00%(upstream:remotename)%00%(upstream:remoteref) refs/heads/master refs/remotes/master [2ms]
[2022-09-14T13:12:36.819Z] > git remote --verbose [1ms]
[2022-09-14T13:12:36.819Z] > git for-each-ref --sort -committerdate --format %(refname) %(objectname) %(*objectname) [26ms]
[2022-09-14T13:12:36.927Z] > git config --get commit.template [1ms]
[2022-09-14T13:12:41.985Z] > git status -z -uall [39ms]
[2022-09-14T13:12:42.003Z] > git symbolic-ref --short HEAD [2ms]
[2022-09-14T13:12:42.020Z] > git for-each-ref --format=%(refname)%00%(upstream:short)%00%(objectname)%00%(upstream:track)%00%(upstream:remotename)%00%(upstream:remoteref) refs/heads/master refs/remotes/master [1ms]
[2022-09-14T13:12:42.054Z] > git for-each-ref --sort -committerdate --format %(refname) %(objectname) %(*objectname) [18ms]
[2022-09-14T13:12:42.058Z] > git remote --verbose [6ms]
[2022-09-14T13:12:42.168Z] > git config --get commit.template [4ms]
[2022-09-14T13:12:47.228Z] > git status -z -uall [42ms]
[2022-09-14T13:12:47.245Z] > git symbolic-ref --short HEAD [1ms]
[2022-09-14T13:12:47.262Z] > git for-each-ref --format=%(refname)%00%(upstream:short)%00%(objectname)%00%(upstream:track)%00%(upstream:remotename)%00%(upstream:remoteref) refs/heads/master refs/remotes/master [1ms]
[2022-09-14T13:12:47.294Z] > git remote --verbose [1ms]
[2022-09-14T13:12:47.295Z] > git for-each-ref --sort -committerdate --format %(refname) %(objectname) %(*objectname) [18ms]
[2022-09-14T13:12:47.399Z] > git config --get commit.template [2ms]
[2022-09-14T13:12:52.457Z] > git status -z -uall [39ms]
[2022-09-14T13:12:52.474Z] > git symbolic-ref --short HEAD [1ms]
[2022-09-14T13:12:52.493Z] > git for-each-ref --format=%(refname)%00%(upstream:short)%00%(objectname)%00%(upstream:track)%00%(upstream:remotename)%00%(upstream:remoteref) refs/heads/master refs/remotes/master [3ms]
[2022-09-14T13:12:52.527Z] > git for-each-ref --sort -committerdate --format %(refname) %(objectname) %(*objectname) [18ms]
[2022-09-14T13:12:52.527Z] > git remote --verbose [2ms]
[2022-09-14T13:12:52.625Z] > git config --get commit.template [1ms]
[2022-09-14T13:12:57.684Z] > git status -z -uall [40ms]
[2022-09-14T13:12:57.701Z] > git symbolic-ref --short HEAD [1ms]
[2022-09-14T13:12:57.719Z] > git for-each-ref --format=%(refname)%00%(upstream:short)%00%(objectname)%00%(upstream:track)%00%(upstream:remotename)%00%(upstream:remoteref) refs/heads/master refs/remotes/master [1ms]
[2022-09-14T13:12:57.755Z] > git remote --verbose [2ms]
[2022-09-14T13:12:57.755Z] > git for-each-ref --sort -committerdate --format %(refname) %(objectname) %(*objectname) [20ms]
[2022-09-14T13:12:57.865Z] > git config --get commit.template [3ms]
[2022-09-14T13:13:02.920Z] > git status -z -uall [38ms]
[2022-09-14T13:13:02.936Z] > git symbolic-ref --short HEAD [1ms]
[2022-09-14T13:13:02.955Z] > git for-each-ref --format=%(refname)%00%(upstream:short)%00%(objectname)%00%(upstream:track)%00%(upstream:remotename)%00%(upstream:remoteref) refs/heads/master refs/remotes/master [2ms]
[2022-09-14T13:13:02.986Z] > git remote --verbose [2ms]
[2022-09-14T13:13:02.986Z] > git for-each-ref --sort -committerdate --format %(refname) %(objectname) %(*objectname) [17ms]
[2022-09-14T13:13:03.103Z] > git config --get commit.template [1ms]
[2022-09-14T13:13:08.160Z] > git status -z -uall [38ms]
[2022-09-14T13:13:08.176Z] > git symbolic-ref --short HEAD [1ms]
[2022-09-14T13:13:08.192Z] > git for-each-ref --format=%(refname)%00%(upstream:short)%00%(objectname)%00%(upstream:track)%00%(upstream:remotename)%00%(upstream:remoteref) refs/heads/master refs/remotes/master [1ms]
[2022-09-14T13:13:08.223Z] > git remote --verbose [2ms]
[2022-09-14T13:13:08.223Z] > git for-each-ref --sort -committerdate --format %(refname) %(objectname) %(*objectname) [16ms]
[2022-09-14T13:13:08.325Z] > git config --get commit.template [1ms]
[2022-09-14T13:13:13.383Z] > git status -z -uall [40ms]
[2022-09-14T13:13:13.401Z] > git symbolic-ref --short HEAD [1ms]
[2022-09-14T13:13:13.419Z] > git for-each-ref --format=%(refname)%00%(upstream:short)%00%(objectname)%00%(upstream:track)%00%(upstream:remotename)%00%(upstream:remoteref) refs/heads/master refs/remotes/master [1ms]
[2022-09-14T13:13:13.454Z] > git for-each-ref --sort -committerdate --format %(refname) %(objectname) %(*objectname) [19ms]
[2022-09-14T13:13:13.454Z] > git remote --verbose [2ms]
[2022-09-14T13:13:13.556Z] > git config --get commit.template [1ms]
[2022-09-14T13:13:18.617Z] > git status -z -uall [39ms]
[2022-09-14T13:13:18.637Z] > git symbolic-ref --short HEAD [1ms]
[2022-09-14T13:13:18.656Z] > git for-each-ref --format=%(refname)%00%(upstream:short)%00%(objectname)%00%(upstream:track)%00%(upstream:remotename)%00%(upstream:remoteref) refs/heads/master refs/remotes/master [1ms]
[2022-09-14T13:13:18.694Z] > git for-each-ref --sort -committerdate --format %(refname) %(objectname) %(*objectname) [19ms]
[2022-09-14T13:13:18.695Z] > git remote --verbose [2ms]
[2022-09-14T13:13:18.800Z] > git config --get commit.template [1ms]
[2022-09-14T13:13:23.863Z] > git status -z -uall [41ms]
[2022-09-14T13:13:23.885Z] > git symbolic-ref --short HEAD [1ms]
[2022-09-14T13:13:23.906Z] > git for-each-ref --format=%(refname)%00%(upstream:short)%00%(objectname)%00%(upstream:track)%00%(upstream:remotename)%00%(upstream:remoteref) refs/heads/master refs/remotes/master [1ms]
[2022-09-14T13:13:23.949Z] > git remote --verbose [1ms]
[2022-09-14T13:13:23.949Z] > git for-each-ref --sort -committerdate --format %(refname) %(objectname) %(*objectname) [22ms]
[2022-09-14T13:13:24.055Z] > git config --get commit.template [1ms]
[2022-09-14T13:13:29.118Z] > git status -z -uall [39ms]
[2022-09-14T13:13:29.141Z] > git symbolic-ref --short HEAD [1ms]
[2022-09-14T13:13:29.165Z] > git for-each-ref --format=%(refname)%00%(upstream:short)%00%(objectname)%00%(upstream:track)%00%(upstream:remotename)%00%(upstream:remoteref) refs/heads/master refs/remotes/master [1ms]
[2022-09-14T13:13:29.211Z] > git remote --verbose [1ms]
[2022-09-14T13:13:29.212Z] > git for-each-ref --sort -committerdate --format %(refname) %(objectname) %(*objectname) [25ms]
[2022-09-14T13:13:29.322Z] > git config --get commit.template [1ms]
[2022-09-14T13:13:34.386Z] > git status -z -uall [38ms]
[2022-09-14T13:13:34.412Z] > git symbolic-ref --short HEAD [1ms]
[2022-09-14T13:13:34.438Z] > git for-each-ref --format=%(refname)%00%(upstream:short)%00%(objectname)%00%(upstream:track)%00%(upstream:remotename)%00%(upstream:remoteref) refs/heads/master refs/remotes/master [2ms]
[2022-09-14T13:13:34.490Z] > git remote --verbose [3ms]
[2022-09-14T13:13:34.490Z] > git for-each-ref --sort -committerdate --format %(refname) %(objectname) %(*objectname) [27ms]
[2022-09-14T13:13:34.604Z] > git config --get commit.template [2ms]
[2022-09-14T13:13:39.671Z] > git status -z -uall [40ms]
[2022-09-14T13:13:39.699Z] > git symbolic-ref --short HEAD [1ms]
[2022-09-14T13:13:39.726Z] > git for-each-ref --format=%(refname)%00%(upstream:short)%00%(objectname)%00%(upstream:track)%00%(upstream:remotename)%00%(upstream:remoteref) refs/heads/master refs/remotes/master [1ms]
[2022-09-14T13:13:39.779Z] > git for-each-ref --sort -committerdate --format %(refname) %(objectname) %(*objectname) [27ms]
[2022-09-14T13:13:39.780Z] > git remote --verbose [2ms]
[2022-09-14T13:13:39.890Z] > git config --get commit.template [1ms]
[2022-09-14T13:13:44.949Z] > git status -z -uall [39ms]
[2022-09-14T13:13:44.968Z] > git symbolic-ref --short HEAD [1ms]
[2022-09-14T13:13:44.987Z] > git for-each-ref --format=%(refname)%00%(upstream:short)%00%(objectname)%00%(upstream:track)%00%(upstream:remotename)%00%(upstream:remoteref) refs/heads/master refs/remotes/master [1ms]
[2022-09-14T13:13:45.024Z] > git for-each-ref --sort -committerdate --format %(refname) %(objectname) %(*objectname) [19ms]
[2022-09-14T13:13:45.025Z] > git remote --verbose [1ms]
[2022-09-14T13:13:45.136Z] > git config --get commit.template [1ms]
[2022-09-14T13:13:50.192Z] > git status -z -uall [39ms]
[2022-09-14T13:13:50.209Z] > git symbolic-ref --short HEAD [1ms]
[2022-09-14T13:13:50.226Z] > git for-each-ref --format=%(refname)%00%(upstream:short)%00%(objectname)%00%(upstream:track)%00%(upstream:remotename)%00%(upstream:remoteref) refs/heads/master refs/remotes/master [1ms]
[2022-09-14T13:13:50.258Z] > git remote --verbose [1ms]
[2022-09-14T13:13:50.258Z] > git for-each-ref --sort -committerdate --format %(refname) %(objectname) %(*objectname) [17ms]
[2022-09-14T13:13:50.363Z] > git config --get commit.template [2ms]
[2022-09-14T13:13:55.433Z] > git status -z -uall [52ms]
[2022-09-14T13:13:55.450Z] > git symbolic-ref --short HEAD [1ms]
[2022-09-14T13:13:55.466Z] > git for-each-ref --format=%(refname)%00%(upstream:short)%00%(objectname)%00%(upstream:track)%00%(upstream:remotename)%00%(upstream:remoteref) refs/heads/master refs/remotes/master [1ms]
[2022-09-14T13:13:55.498Z] > git remote --verbose [2ms]
[2022-09-14T13:13:55.498Z] > git for-each-ref --sort -committerdate --format %(refname) %(objectname) %(*objectname) [17ms]
[2022-09-14T13:13:55.606Z] > git config --get commit.template [2ms]
[2022-09-14T13:14:00.664Z] > git status -z -uall [40ms]
[2022-09-14T13:14:00.682Z] > git symbolic-ref --short HEAD [1ms]
[2022-09-14T13:14:00.700Z] > git for-each-ref --format=%(refname)%00%(upstream:short)%00%(objectname)%00%(upstream:track)%00%(upstream:remotename)%00%(upstream:remoteref) refs/heads/master refs/remotes/master [1ms]
[2022-09-14T13:14:00.735Z] > git remote --verbose [1ms]
[2022-09-14T13:14:00.735Z] > git for-each-ref --sort -committerdate --format %(refname) %(objectname) %(*objectname) [18ms]
[2022-09-14T13:14:00.838Z] > git config --get commit.template [2ms]
[2022-09-14T13:14:05.897Z] > git status -z -uall [38ms]
[2022-09-14T13:14:05.917Z] > git symbolic-ref --short HEAD [1ms]
[2022-09-14T13:14:05.937Z] > git for-each-ref --format=%(refname)%00%(upstream:short)%00%(objectname)%00%(upstream:track)%00%(upstream:remotename)%00%(upstream:remoteref) refs/heads/master refs/remotes/master [1ms]
[2022-09-14T13:14:05.976Z] > git for-each-ref --sort -committerdate --format %(refname) %(objectname) %(*objectname) [20ms]
[2022-09-14T13:14:05.976Z] > git remote --verbose [2ms]
[2022-09-14T13:14:06.085Z] > git config --get commit.template [10ms]
[2022-09-14T13:14:11.146Z] > git status -z -uall [38ms]
[2022-09-14T13:14:11.168Z] > git symbolic-ref --short HEAD [1ms]
[2022-09-14T13:14:11.189Z] > git for-each-ref --format=%(refname)%00%(upstream:short)%00%(objectname)%00%(upstream:track)%00%(upstream:remotename)%00%(upstream:remoteref) refs/heads/master refs/remotes/master [1ms]
[2022-09-14T13:14:11.232Z] > git for-each-ref --sort -committerdate --format %(refname) %(objectname) %(*objectname) [22ms]
[2022-09-14T13:14:11.232Z] > git remote --verbose [2ms]
[2022-09-14T13:14:11.341Z] > git config --get commit.template [2ms]
[2022-09-14T13:14:16.403Z] > git status -z -uall [39ms]
[2022-09-14T13:14:16.426Z] > git symbolic-ref --short HEAD [1ms]
[2022-09-14T13:14:16.449Z] > git for-each-ref --format=%(refname)%00%(upstream:short)%00%(objectname)%00%(upstream:track)%00%(upstream:remotename)%00%(upstream:remoteref) refs/heads/master refs/remotes/master [1ms]
[2022-09-14T13:14:16.493Z] > git remote --verbose [2ms]
[2022-09-14T13:14:16.493Z] > git for-each-ref --sort -committerdate --format %(refname) %(objectname) %(*objectname) [23ms]
[2022-09-14T13:14:16.598Z] > git config --get commit.template [1ms]
[2022-09-14T13:14:21.663Z] > git status -z -uall [39ms]
[2022-09-14T13:14:21.688Z] > git symbolic-ref --short HEAD [1ms]
[2022-09-14T13:14:21.714Z] > git for-each-ref --format=%(refname)%00%(upstream:short)%00%(objectname)%00%(upstream:track)%00%(upstream:remotename)%00%(upstream:remoteref) refs/heads/master refs/remotes/master [1ms]
[2022-09-14T13:14:21.763Z] > git remote --verbose [1ms]
[2022-09-14T13:14:21.764Z] > git for-each-ref --sort -committerdate --format %(refname) %(objectname) %(*objectname) [26ms]
[2022-09-14T13:14:21.867Z] > git config --get commit.template [1ms]
[2022-09-14T13:14:26.934Z] > git status -z -uall [40ms]
[2022-09-14T13:14:26.961Z] > git symbolic-ref --short HEAD [1ms]
[2022-09-14T13:14:26.988Z] > git for-each-ref --format=%(refname)%00%(upstream:short)%00%(objectname)%00%(upstream:track)%00%(upstream:remotename)%00%(upstream:remoteref) refs/heads/master refs/remotes/master [1ms]
[2022-09-14T13:14:27.041Z] > git remote --verbose [2ms]
[2022-09-14T13:14:27.041Z] > git for-each-ref --sort -committerdate --format %(refname) %(objectname) %(*objectname) [27ms]
[2022-09-14T13:14:27.151Z] > git config --get commit.template [1ms]
[2022-09-14T13:14:32.219Z] > git status -z -uall [39ms]
[2022-09-14T13:14:32.248Z] > git symbolic-ref --short HEAD [1ms]
[2022-09-14T13:14:32.277Z] > git for-each-ref --format=%(refname)%00%(upstream:short)%00%(objectname)%00%(upstream:track)%00%(upstream:remotename)%00%(upstream:remoteref) refs/heads/master refs/remotes/master [1ms]
[2022-09-14T13:14:32.333Z] > git for-each-ref --sort -committerdate --format %(refname) %(objectname) %(*objectname) [28ms]
[2022-09-14T13:14:32.333Z] > git remote --verbose [1ms]
[2022-09-14T13:14:32.446Z] > git config --get commit.template [1ms]
[2022-09-14T13:14:37.507Z] > git status -z -uall [40ms]
[2022-09-14T13:14:37.527Z] > git symbolic-ref --short HEAD [2ms]
[2022-09-14T13:14:37.546Z] > git for-each-ref --format=%(refname)%00%(upstream:short)%00%(objectname)%00%(upstream:track)%00%(upstream:remotename)%00%(upstream:remoteref) refs/heads/master refs/remotes/master [1ms]
[2022-09-14T13:14:37.583Z] > git for-each-ref --sort -committerdate --format %(refname) %(objectname) %(*objectname) [19ms]
[2022-09-14T13:14:37.584Z] > git remote --verbose [2ms]
[2022-09-14T13:14:37.694Z] > git config --get commit.template [1ms]
[2022-09-14T13:14:42.754Z] > git status -z -uall [41ms]
[2022-09-14T13:14:42.773Z] > git symbolic-ref --short HEAD [1ms]
[2022-09-14T13:14:42.793Z] > git for-each-ref --format=%(refname)%00%(upstream:short)%00%(objectname)%00%(upstream:track)%00%(upstream:remotename)%00%(upstream:remoteref) refs/heads/master refs/remotes/master [2ms]
[2022-09-14T13:14:42.830Z] > git remote --verbose [2ms]
[2022-09-14T13:14:42.830Z] > git for-each-ref --sort -committerdate --format %(refname) %(objectname) %(*objectname) [19ms]
[2022-09-14T13:14:42.926Z] > git config --get commit.template [1ms]
[2022-09-14T13:14:47.985Z] > git status -z -uall [39ms]
[2022-09-14T13:14:48.005Z] > git symbolic-ref --short HEAD [1ms]
[2022-09-14T13:14:48.024Z] > git for-each-ref --format=%(refname)%00%(upstream:short)%00%(objectname)%00%(upstream:track)%00%(upstream:remotename)%00%(upstream:remoteref) refs/heads/master refs/remotes/master [1ms]
[2022-09-14T13:14:48.067Z] > git remote --verbose [8ms]
[2022-09-14T13:14:48.067Z] > git for-each-ref --sort -committerdate --format %(refname) %(objectname) %(*objectname) [26ms]
[2022-09-14T13:14:48.167Z] > git config --get commit.template [1ms]
[2022-09-14T13:14:53.227Z] > git status -z -uall [39ms]
[2022-09-14T13:14:53.248Z] > git symbolic-ref --short HEAD [2ms]
[2022-09-14T13:14:53.269Z] > git for-each-ref --format=%(refname)%00%(upstream:short)%00%(objectname)%00%(upstream:track)%00%(upstream:remotename)%00%(upstream:remoteref) refs/heads/master refs/remotes/master [2ms]
[2022-09-14T13:14:53.308Z] > git remote --verbose [2ms]
[2022-09-14T13:14:53.308Z] > git for-each-ref --sort -committerdate --format %(refname) %(objectname) %(*objectname) [21ms]
[2022-09-14T13:14:53.413Z] > git config --get commit.template [1ms]
[2022-09-14T13:14:58.475Z] > git status -z -uall [40ms]
[2022-09-14T13:14:58.497Z] > git symbolic-ref --short HEAD [1ms]
[2022-09-14T13:14:58.519Z] > git for-each-ref --format=%(refname)%00%(upstream:short)%00%(objectname)%00%(upstream:track)%00%(upstream:remotename)%00%(upstream:remoteref) refs/heads/master refs/remotes/master [1ms]
[2022-09-14T13:14:58.562Z] > git remote --verbose [2ms]
[2022-09-14T13:14:58.562Z] > git for-each-ref --sort -committerdate --format %(refname) %(objectname) %(*objectname) [22ms]
[2022-09-14T13:14:58.669Z] > git config --get commit.template [2ms]
[2022-09-14T13:15:03.735Z] > git status -z -uall [43ms]
[2022-09-14T13:15:03.759Z] > git symbolic-ref --short HEAD [1ms]
[2022-09-14T13:15:03.783Z] > git for-each-ref --format=%(refname)%00%(upstream:short)%00%(objectname)%00%(upstream:track)%00%(upstream:remotename)%00%(upstream:remoteref) refs/heads/master refs/remotes/master [2ms]
[2022-09-14T13:15:03.828Z] > git remote --verbose [1ms]
[2022-09-14T13:15:03.829Z] > git for-each-ref --sort -committerdate --format %(refname) %(objectname) %(*objectname) [24ms]
[2022-09-14T13:15:03.933Z] > git config --get commit.template [1ms]
[2022-09-14T13:15:08.998Z] > git status -z -uall [40ms]
[2022-09-14T13:15:09.023Z] > git symbolic-ref --short HEAD [1ms]
[2022-09-14T13:15:09.048Z] > git for-each-ref --format=%(refname)%00%(upstream:short)%00%(objectname)%00%(upstream:track)%00%(upstream:remotename)%00%(upstream:remoteref) refs/heads/master refs/remotes/master [1ms]
[2022-09-14T13:15:09.098Z] > git remote --verbose [1ms]
[2022-09-14T13:15:09.098Z] > git for-each-ref --sort -committerdate --format %(refname) %(objectname) %(*objectname) [26ms]
[2022-09-14T13:15:09.207Z] > git config --get commit.template [1ms]
[2022-09-14T13:15:14.273Z] > git status -z -uall [39ms]
[2022-09-14T13:15:14.299Z] > git symbolic-ref --short HEAD [1ms]
[2022-09-14T13:15:14.326Z] > git for-each-ref --format=%(refname)%00%(upstream:short)%00%(objectname)%00%(upstream:track)%00%(upstream:remotename)%00%(upstream:remoteref) refs/heads/master refs/remotes/master [1ms]
[2022-09-14T13:15:14.378Z] > git remote --verbose [1ms]
[2022-09-14T13:15:14.379Z] > git for-each-ref --sort -committerdate --format %(refname) %(objectname) %(*objectname) [28ms]
[2022-09-14T13:15:14.490Z] > git config --get commit.template [2ms]
[2022-09-14T13:15:19.568Z] > git status -z -uall [44ms]
[2022-09-14T13:15:19.603Z] > git symbolic-ref --short HEAD [1ms]
[2022-09-14T13:15:19.641Z] > git for-each-ref --format=%(refname)%00%(upstream:short)%00%(objectname)%00%(upstream:track)%00%(upstream:remotename)%00%(upstream:remoteref) refs/heads/master refs/remotes/master [3ms]
[2022-09-14T13:15:19.748Z] > git remote --verbose [40ms]
[2022-09-14T13:15:19.748Z] > git for-each-ref --sort -committerdate --format %(refname) %(objectname) %(*objectname) [73ms]
[2022-09-14T13:15:19.861Z] > git config --get commit.template [1ms]
[2022-09-14T13:15:24.918Z] > git status -z -uall [39ms]
[2022-09-14T13:15:24.934Z] > git symbolic-ref --short HEAD [1ms]
[2022-09-14T13:15:24.950Z] > git for-each-ref --format=%(refname)%00%(upstream:short)%00%(objectname)%00%(upstream:track)%00%(upstream:remotename)%00%(upstream:remoteref) refs/heads/master refs/remotes/master [1ms]
[2022-09-14T13:15:24.981Z] > git remote --verbose [1ms]
[2022-09-14T13:15:24.981Z] > git for-each-ref --sort -committerdate --format %(refname) %(objectname) %(*objectname) [16ms]
[2022-09-14T13:15:25.088Z] > git config --get commit.template [1ms]
[2022-09-14T13:15:30.144Z] > git status -z -uall [39ms]
[2022-09-14T13:15:30.161Z] > git symbolic-ref --short HEAD [1ms]
[2022-09-14T13:15:30.178Z] > git for-each-ref --format=%(refname)%00%(upstream:short)%00%(objectname)%00%(upstream:track)%00%(upstream:remotename)%00%(upstream:remoteref) refs/heads/master refs/remotes/master [1ms]
[2022-09-14T13:15:30.210Z] > git for-each-ref --sort -committerdate --format %(refname) %(objectname) %(*objectname) [17ms]
[2022-09-14T13:15:30.210Z] > git remote --verbose [2ms]
[2022-09-14T13:15:30.304Z] > git config --get commit.template [1ms]
[2022-09-14T13:15:35.362Z] > git status -z -uall [39ms]
[2022-09-14T13:15:35.379Z] > git symbolic-ref --short HEAD [1ms]
[2022-09-14T13:15:35.396Z] > git for-each-ref --format=%(refname)%00%(upstream:short)%00%(objectname)%00%(upstream:track)%00%(upstream:remotename)%00%(upstream:remoteref) refs/heads/master refs/remotes/master [1ms]
[2022-09-14T13:15:35.430Z] > git remote --verbose [1ms]
[2022-09-14T13:15:35.431Z] > git for-each-ref --sort -committerdate --format %(refname) %(objectname) %(*objectname) [18ms]
[2022-09-14T13:15:35.533Z] > git config --get commit.template [9ms]
[2022-09-14T13:15:40.591Z] > git status -z -uall [38ms]
[2022-09-14T13:15:40.610Z] > git symbolic-ref --short HEAD [1ms]
[2022-09-14T13:15:40.629Z] > git for-each-ref --format=%(refname)%00%(upstream:short)%00%(objectname)%00%(upstream:track)%00%(upstream:remotename)%00%(upstream:remoteref) refs/heads/master refs/remotes/master [1ms]
[2022-09-14T13:15:40.666Z] > git remote --verbose [2ms]
[2022-09-14T13:15:40.666Z] > git for-each-ref --sort -committerdate --format %(refname) %(objectname) %(*objectname) [19ms]
[2022-09-14T13:15:40.767Z] > git config --get commit.template [1ms]
[2022-09-14T13:15:45.827Z] > git status -z -uall [39ms]
[2022-09-14T13:15:45.848Z] > git symbolic-ref --short HEAD [1ms]
[2022-09-14T13:15:45.869Z] > git for-each-ref --format=%(refname)%00%(upstream:short)%00%(objectname)%00%(upstream:track)%00%(upstream:remotename)%00%(upstream:remoteref) refs/heads/master refs/remotes/master [1ms]
[2022-09-14T13:15:45.910Z] > git remote --verbose [2ms]
[2022-09-14T13:15:45.910Z] > git for-each-ref --sort -committerdate --format %(refname) %(objectname) %(*objectname) [21ms]
[2022-09-14T13:15:46.016Z] > git config --get commit.template [0ms]
[2022-09-14T13:15:51.079Z] > git status -z -uall [39ms]
[2022-09-14T13:15:51.102Z] > git symbolic-ref --short HEAD [1ms]
[2022-09-14T13:15:51.125Z] > git for-each-ref --format=%(refname)%00%(upstream:short)%00%(objectname)%00%(upstream:track)%00%(upstream:remotename)%00%(upstream:remoteref) refs/heads/master refs/remotes/master [1ms]
[2022-09-14T13:15:51.170Z] > git remote --verbose [2ms]
[2022-09-14T13:15:51.170Z] > git for-each-ref --sort -committerdate --format %(refname) %(objectname) %(*objectname) [23ms]
[2022-09-14T13:15:51.275Z] > git config --get commit.template [1ms]
[2022-09-14T13:15:56.339Z] > git status -z -uall [39ms]
[2022-09-14T13:15:56.364Z] > git symbolic-ref --short HEAD [2ms]
[2022-09-14T13:15:56.388Z] > git for-each-ref --format=%(refname)%00%(upstream:short)%00%(objectname)%00%(upstream:track)%00%(upstream:remotename)%00%(upstream:remoteref) refs/heads/master refs/remotes/master [1ms]
[2022-09-14T13:15:56.437Z] > git remote --verbose [1ms]
[2022-09-14T13:15:56.437Z] > git for-each-ref --sort -committerdate --format %(refname) %(objectname) %(*objectname) [25ms]
[2022-09-14T13:15:56.543Z] > git config --get commit.template [1ms]
[2022-09-14T13:16:01.608Z] > git status -z -uall [38ms]
[2022-09-14T13:16:01.634Z] > git symbolic-ref --short HEAD [1ms]
[2022-09-14T13:16:01.660Z] > git for-each-ref --format=%(refname)%00%(upstream:short)%00%(objectname)%00%(upstream:track)%00%(upstream:remotename)%00%(upstream:remoteref) refs/heads/master refs/remotes/master [1ms]
[2022-09-14T13:16:01.710Z] > git for-each-ref --sort -committerdate --format %(refname) %(objectname) %(*objectname) [25ms]
[2022-09-14T13:16:01.711Z] > git remote --verbose [2ms]
[2022-09-14T13:16:01.811Z] > git config --get commit.template [0ms]
[2022-09-14T13:16:06.889Z] > git status -z -uall [50ms]
[2022-09-14T13:16:06.919Z] > git symbolic-ref --short HEAD [2ms]
[2022-09-14T13:16:06.949Z] > git for-each-ref --format=%(refname)%00%(upstream:short)%00%(objectname)%00%(upstream:track)%00%(upstream:remotename)%00%(upstream:remoteref) refs/heads/master refs/remotes/master [2ms]
[2022-09-14T13:16:07.006Z] > git remote --verbose [2ms]
[2022-09-14T13:16:07.007Z] > git for-each-ref --sort -committerdate --format %(refname) %(objectname) %(*objectname) [30ms]
[2022-09-14T13:16:07.945Z] > git config --get commit.template [7ms]
[2022-09-14T13:16:13.001Z] > git status -z -uall [38ms]
[2022-09-14T13:16:13.018Z] > git symbolic-ref --short HEAD [1ms]
[2022-09-14T13:16:13.035Z] > git for-each-ref --format=%(refname)%00%(upstream:short)%00%(objectname)%00%(upstream:track)%00%(upstream:remotename)%00%(upstream:remoteref) refs/heads/master refs/remotes/master [2ms]
[2022-09-14T13:16:13.066Z] > git remote --verbose [1ms]
[2022-09-14T13:16:13.066Z] > git for-each-ref --sort -committerdate --format %(refname) %(objectname) %(*objectname) [16ms]
[2022-09-14T13:16:13.172Z] > git config --get commit.template [1ms]
[2022-09-14T13:16:18.232Z] > git status -z -uall [42ms]
[2022-09-14T13:16:18.249Z] > git symbolic-ref --short HEAD [1ms]
[2022-09-14T13:16:18.266Z] > git for-each-ref --format=%(refname)%00%(upstream:short)%00%(objectname)%00%(upstream:track)%00%(upstream:remotename)%00%(upstream:remoteref) refs/heads/master refs/remotes/master [1ms]
[2022-09-14T13:16:18.297Z] > git for-each-ref --sort -committerdate --format %(refname) %(objectname) %(*objectname) [16ms]
[2022-09-14T13:16:18.297Z] > git remote --verbose [1ms]
[2022-09-14T13:16:18.400Z] > git config --get commit.template [1ms]
[2022-09-14T13:16:23.458Z] > git status -z -uall [38ms]
[2022-09-14T13:16:23.476Z] > git symbolic-ref --short HEAD [1ms]
[2022-09-14T13:16:23.495Z] > git for-each-ref --format=%(refname)%00%(upstream:short)%00%(objectname)%00%(upstream:track)%00%(upstream:remotename)%00%(upstream:remoteref) refs/heads/master refs/remotes/master [1ms]
[2022-09-14T13:16:23.531Z] > git for-each-ref --sort -committerdate --format %(refname) %(objectname) %(*objectname) [18ms]
[2022-09-14T13:16:23.531Z] > git remote --verbose [1ms]
[2022-09-14T13:16:23.635Z] > git config --get commit.template [1ms]
[2022-09-14T13:16:28.696Z] > git status -z -uall [40ms]
[2022-09-14T13:16:28.720Z] > git symbolic-ref --short HEAD [1ms]
[2022-09-14T13:16:28.740Z] > git for-each-ref --format=%(refname)%00%(upstream:short)%00%(objectname)%00%(upstream:track)%00%(upstream:remotename)%00%(upstream:remoteref) refs/heads/master refs/remotes/master [1ms]
[2022-09-14T13:16:28.780Z] > git remote --verbose [1ms]
[2022-09-14T13:16:28.781Z] > git for-each-ref --sort -committerdate --format %(refname) %(objectname) %(*objectname) [21ms]
[2022-09-14T13:16:28.893Z] > git config --get commit.template [2ms]
[2022-09-14T13:16:33.960Z] > git status -z -uall [44ms]
[2022-09-14T13:16:33.983Z] > git symbolic-ref --short HEAD [1ms]
[2022-09-14T13:16:34.005Z] > git for-each-ref --format=%(refname)%00%(upstream:short)%00%(objectname)%00%(upstream:track)%00%(upstream:remotename)%00%(upstream:remoteref) refs/heads/master refs/remotes/master [1ms]
[2022-09-14T13:16:34.049Z] > git remote --verbose [2ms]
[2022-09-14T13:16:34.049Z] > git for-each-ref --sort -committerdate --format %(refname) %(objectname) %(*objectname) [23ms]
[2022-09-14T13:16:34.156Z] > git config --get commit.template [9ms]
[2022-09-14T13:16:36.658Z] > git show --textconv :csc250_lab2-Lin-Eric-142313/wdnmd.txt [24ms]
[2022-09-14T13:16:36.659Z] > git ls-files --stage -- /home/linl20/csc250_lab2-Lin-Eric-142313/wdnmd.txt [2ms]
[2022-09-14T13:16:39.219Z] > git status -z -uall [39ms]
[2022-09-14T13:16:39.244Z] > git symbolic-ref --short HEAD [1ms]
[2022-09-14T13:16:39.267Z] > git for-each-ref --format=%(refname)%00%(upstream:short)%00%(objectname)%00%(upstream:track)%00%(upstream:remotename)%00%(upstream:remoteref) refs/heads/master refs/remotes/master [1ms]
[2022-09-14T13:16:39.314Z] > git remote --verbose [1ms]
[2022-09-14T13:16:39.314Z] > git for-each-ref --sort -committerdate --format %(refname) %(objectname) %(*objectname) [24ms]
[2022-09-14T13:16:39.422Z] > git config --get commit.template [1ms]
[2022-09-14T13:16:44.487Z] > git status -z -uall [39ms]
[2022-09-14T13:16:44.512Z] > git symbolic-ref --short HEAD [1ms]
[2022-09-14T13:16:44.538Z] > git for-each-ref --format=%(refname)%00%(upstream:short)%00%(objectname)%00%(upstream:track)%00%(upstream:remotename)%00%(upstream:remoteref) refs/heads/master refs/remotes/master [1ms]
[2022-09-14T13:16:44.587Z] > git for-each-ref --sort -committerdate --format %(refname) %(objectname) %(*objectname) [25ms]
[2022-09-14T13:16:44.588Z] > git remote --verbose [2ms]
[2022-09-14T13:16:44.699Z] > git config --get commit.template [7ms]
[2022-09-14T13:16:45.743Z] > git show --textconv :csc250_lab2-Lin-Eric-142313/lab2.c [26ms]
[2022-09-14T13:16:45.744Z] > git ls-files --stage -- /home/linl20/csc250_lab2-Lin-Eric-142313/lab2.c [2ms]
[2022-09-14T13:16:49.766Z] > git status -z -uall [40ms]
[2022-09-14T13:16:49.793Z] > git symbolic-ref --short HEAD [1ms]
[2022-09-14T13:16:49.820Z] > git for-each-ref --format=%(refname)%00%(upstream:short)%00%(objectname)%00%(upstream:track)%00%(upstream:remotename)%00%(upstream:remoteref) refs/heads/master refs/remotes/master [2ms]
[2022-09-14T13:16:49.872Z] > git remote --verbose [1ms]
[2022-09-14T13:16:49.873Z] > git for-each-ref --sort -committerdate --format %(refname) %(objectname) %(*objectname) [28ms]
[2022-09-14T13:16:49.988Z] > git config --get commit.template [11ms]
[2022-09-14T13:16:55.050Z] > git status -z -uall [41ms]
[2022-09-14T13:16:55.069Z] > git symbolic-ref --short HEAD [1ms]
[2022-09-14T13:16:55.088Z] > git for-each-ref --format=%(refname)%00%(upstream:short)%00%(objectname)%00%(upstream:track)%00%(upstream:remotename)%00%(upstream:remoteref) refs/heads/master refs/remotes/master [1ms]
[2022-09-14T13:16:55.124Z] > git remote --verbose [1ms]
[2022-09-14T13:16:55.125Z] > git for-each-ref --sort -committerdate --format %(refname) %(objectname) %(*objectname) [19ms]
[2022-09-14T13:16:55.231Z] > git config --get commit.template [1ms]
[2022-09-14T13:19:03.717Z] > git status -z -uall [49ms]
[2022-09-14T13:19:03.731Z] > git symbolic-ref --short HEAD [1ms]
[2022-09-14T13:19:03.745Z] > git for-each-ref --format=%(refname)%00%(upstream:short)%00%(objectname)%00%(upstream:track)%00%(upstream:remotename)%00%(upstream:remoteref) refs/heads/master refs/remotes/master [1ms]
[2022-09-14T13:19:03.769Z] > git for-each-ref --sort -committerdate --format %(refname) %(objectname) %(*objectname) [13ms]
[2022-09-14T13:19:03.769Z] > git remote --verbose [1ms]
[2022-09-14T13:19:03.894Z] > git config --get commit.template [4ms]
[2022-09-14T13:19:16.072Z] > git status -z -uall [40ms]
[2022-09-14T13:19:16.088Z] > git symbolic-ref --short HEAD [1ms]
[2022-09-14T13:19:16.104Z] > git for-each-ref --format=%(refname)%00%(upstream:short)%00%(objectname)%00%(upstream:track)%00%(upstream:remotename)%00%(upstream:remoteref) refs/heads/master refs/remotes/master [1ms]
[2022-09-14T13:19:16.134Z] > git remote --verbose [2ms]
[2022-09-14T13:19:16.134Z] > git for-each-ref --sort -committerdate --format %(refname) %(objectname) %(*objectname) [16ms]
[2022-09-14T13:19:16.247Z] > git config --get commit.template [1ms]
[2022-09-14T13:19:21.304Z] > git status -z -uall [40ms]
[2022-09-14T13:19:21.320Z] > git symbolic-ref --short HEAD [1ms]
[2022-09-14T13:19:21.336Z] > git for-each-ref --format=%(refname)%00%(upstream:short)%00%(objectname)%00%(upstream:track)%00%(upstream:remotename)%00%(upstream:remoteref) refs/heads/master refs/remotes/master [1ms]
[2022-09-14T13:19:21.366Z] > git for-each-ref --sort -committerdate --format %(refname) %(objectname) %(*objectname) [16ms]
[2022-09-14T13:19:21.367Z] > git remote --verbose [2ms]
[2022-09-14T13:19:21.460Z] > git config --get commit.template [1ms]
[2022-09-14T13:19:26.517Z] > git status -z -uall [38ms]
[2022-09-14T13:19:26.535Z] > git symbolic-ref --short HEAD [1ms]
[2022-09-14T13:19:26.553Z] > git for-each-ref --format=%(refname)%00%(upstream:short)%00%(objectname)%00%(upstream:track)%00%(upstream:remotename)%00%(upstream:remoteref) refs/heads/master refs/remotes/master [1ms]
[2022-09-14T13:19:26.588Z] > git remote --verbose [1ms]
[2022-09-14T13:19:26.588Z] > git for-each-ref --sort -committerdate --format %(refname) %(objectname) %(*objectname) [18ms]
[2022-09-14T13:19:26.688Z] > git config --get commit.template [1ms]
[2022-09-14T13:19:31.748Z] > git status -z -uall [39ms]
[2022-09-14T13:19:31.767Z] > git symbolic-ref --short HEAD [1ms]
[2022-09-14T13:19:31.786Z] > git for-each-ref --format=%(refname)%00%(upstream:short)%00%(objectname)%00%(upstream:track)%00%(upstream:remotename)%00%(upstream:remoteref) refs/heads/master refs/remotes/master [1ms]
[2022-09-14T13:19:31.824Z] > git remote --verbose [2ms]
[2022-09-14T13:19:31.824Z] > git for-each-ref --sort -committerdate --format %(refname) %(objectname) %(*objectname) [20ms]
[2022-09-14T13:19:31.930Z] > git config --get commit.template [1ms]
[2022-09-14T13:19:36.991Z] > git status -z -uall [39ms]
[2022-09-14T13:19:37.012Z] > git symbolic-ref --short HEAD [1ms]
[2022-09-14T13:19:37.033Z] > git for-each-ref --format=%(refname)%00%(upstream:short)%00%(objectname)%00%(upstream:track)%00%(upstream:remotename)%00%(upstream:remoteref) refs/heads/master refs/remotes/master [1ms]
[2022-09-14T13:19:37.075Z] > git remote --verbose [2ms]
[2022-09-14T13:19:37.075Z] > git for-each-ref --sort -committerdate --format %(refname) %(objectname) %(*objectname) [22ms]
[2022-09-14T13:19:37.174Z] > git config --get commit.template [1ms]
[2022-09-14T13:19:42.235Z] > git status -z -uall [38ms]
[2022-09-14T13:19:42.258Z] > git symbolic-ref --short HEAD [1ms]
[2022-09-14T13:19:42.281Z] > git for-each-ref --format=%(refname)%00%(upstream:short)%00%(objectname)%00%(upstream:track)%00%(upstream:remotename)%00%(upstream:remoteref) refs/heads/master refs/remotes/master [1ms]
[2022-09-14T13:19:42.325Z] > git remote --verbose [1ms]
[2022-09-14T13:19:42.326Z] > git for-each-ref --sort -committerdate --format %(refname) %(objectname) %(*objectname) [24ms]
[2022-09-14T13:19:42.442Z] > git config --get commit.template [12ms]
[2022-09-14T13:19:47.506Z] > git status -z -uall [39ms]
[2022-09-14T13:19:47.531Z] > git symbolic-ref --short HEAD [1ms]
[2022-09-14T13:19:47.557Z] > git for-each-ref --format=%(refname)%00%(upstream:short)%00%(objectname)%00%(upstream:track)%00%(upstream:remotename)%00%(upstream:remoteref) refs/heads/master refs/remotes/master [2ms]
[2022-09-14T13:19:47.606Z] > git remote --verbose [2ms]
[2022-09-14T13:19:47.606Z] > git for-each-ref --sort -committerdate --format %(refname) %(objectname) %(*objectname) [25ms]
[2022-09-14T13:19:47.717Z] > git config --get commit.template [1ms]
[2022-09-14T13:19:52.788Z] > git status -z -uall [42ms]
[2022-09-14T13:19:52.814Z] > git symbolic-ref --short HEAD [0ms]
[2022-09-14T13:19:52.841Z] > git for-each-ref --format=%(refname)%00%(upstream:short)%00%(objectname)%00%(upstream:track)%00%(upstream:remotename)%00%(upstream:remoteref) refs/heads/master refs/remotes/master [1ms]
[2022-09-14T13:19:52.893Z] > git for-each-ref --sort -committerdate --format %(refname) %(objectname) %(*objectname) [27ms]
[2022-09-14T13:19:52.893Z] > git remote --verbose [2ms]
[2022-09-14T13:19:53.000Z] > git config --get commit.template [1ms]
[2022-09-14T13:19:58.075Z] > git status -z -uall [47ms]
[2022-09-14T13:19:58.105Z] > git symbolic-ref --short HEAD [1ms]
[2022-09-14T13:19:58.136Z] > git for-each-ref --format=%(refname)%00%(upstream:short)%00%(objectname)%00%(upstream:track)%00%(upstream:remotename)%00%(upstream:remoteref) refs/heads/master refs/remotes/master [2ms]
[2022-09-14T13:19:58.194Z] > git remote --verbose [2ms]
[2022-09-14T13:19:58.194Z] > git for-each-ref --sort -committerdate --format %(refname) %(objectname) %(*objectname) [30ms]
[2022-09-14T13:19:59.138Z] > git config --get commit.template [6ms]
[2022-09-14T13:20:04.195Z] > git status -z -uall [38ms]
[2022-09-14T13:20:04.214Z] > git symbolic-ref --short HEAD [1ms]
[2022-09-14T13:20:04.232Z] > git for-each-ref --format=%(refname)%00%(upstream:short)%00%(objectname)%00%(upstream:track)%00%(upstream:remotename)%00%(upstream:remoteref) refs/heads/master refs/remotes/master [1ms]
[2022-09-14T13:20:04.268Z] > git remote --verbose [2ms]
[2022-09-14T13:20:04.268Z] > git for-each-ref --sort -committerdate --format %(refname) %(objectname) %(*objectname) [18ms]
[2022-09-14T13:20:04.377Z] > git config --get commit.template [1ms]
[2022-09-14T13:20:09.434Z] > git status -z -uall [39ms]
[2022-09-14T13:20:09.451Z] > git symbolic-ref --short HEAD [1ms]
[2022-09-14T13:20:09.468Z] > git for-each-ref --format=%(refname)%00%(upstream:short)%00%(objectname)%00%(upstream:track)%00%(upstream:remotename)%00%(upstream:remoteref) refs/heads/master refs/remotes/master [1ms]
[2022-09-14T13:20:09.501Z] > git remote --verbose [1ms]
[2022-09-14T13:20:09.502Z] > git for-each-ref --sort -committerdate --format %(refname) %(objectname) %(*objectname) [18ms]
[2022-09-14T13:20:09.612Z] > git config --get commit.template [1ms]
[2022-09-14T13:20:14.668Z] > git status -z -uall [39ms]
[2022-09-14T13:20:14.685Z] > git symbolic-ref --short HEAD [1ms]
[2022-09-14T13:20:14.702Z] > git for-each-ref --format=%(refname)%00%(upstream:short)%00%(objectname)%00%(upstream:track)%00%(upstream:remotename)%00%(upstream:remoteref) refs/heads/master refs/remotes/master [1ms]
[2022-09-14T13:20:14.735Z] > git remote --verbose [2ms]
[2022-09-14T13:20:14.735Z] > git for-each-ref --sort -committerdate --format %(refname) %(objectname) %(*objectname) [17ms]
[2022-09-14T13:20:14.832Z] > git config --get commit.template [1ms]
[2022-09-14T13:20:19.891Z] > git status -z -uall [39ms]
[2022-09-14T13:20:19.909Z] > git symbolic-ref --short HEAD [0ms]
[2022-09-14T13:20:19.927Z] > git for-each-ref --format=%(refname)%00%(upstream:short)%00%(objectname)%00%(upstream:track)%00%(upstream:remotename)%00%(upstream:remoteref) refs/heads/master refs/remotes/master [1ms]
[2022-09-14T13:20:19.963Z] > git for-each-ref --sort -committerdate --format %(refname) %(objectname) %(*objectname) [18ms]
[2022-09-14T13:20:19.963Z] > git remote --verbose [2ms]
[2022-09-14T13:20:20.069Z] > git config --get commit.template [9ms]
[2022-09-14T13:20:25.128Z] > git status -z -uall [38ms]
[2022-09-14T13:20:25.149Z] > git symbolic-ref --short HEAD [0ms]
[2022-09-14T13:20:25.169Z] > git for-each-ref --format=%(refname)%00%(upstream:short)%00%(objectname)%00%(upstream:track)%00%(upstream:remotename)%00%(upstream:remoteref) refs/heads/master refs/remotes/master [2ms]
[2022-09-14T13:20:25.210Z] > git remote --verbose [3ms]
[2022-09-14T13:20:25.210Z] > git for-each-ref --sort -committerdate --format %(refname) %(objectname) %(*objectname) [22ms]
[2022-09-14T13:20:25.315Z] > git config --get commit.template [1ms]
[2022-09-14T13:20:30.376Z] > git status -z -uall [38ms]
[2022-09-14T13:20:30.397Z] > git symbolic-ref --short HEAD [1ms]
[2022-09-14T13:20:30.419Z] > git for-each-ref --format=%(refname)%00%(upstream:short)%00%(objectname)%00%(upstream:track)%00%(upstream:remotename)%00%(upstream:remoteref) refs/heads/master refs/remotes/master [1ms]
[2022-09-14T13:20:30.461Z] > git remote --verbose [1ms]
[2022-09-14T13:20:30.462Z] > git for-each-ref --sort -committerdate --format %(refname) %(objectname) %(*objectname) [22ms]
[2022-09-14T13:20:30.563Z] > git config --get commit.template [1ms]
[2022-09-14T13:20:35.626Z] > git status -z -uall [39ms]
[2022-09-14T13:20:35.650Z] > git symbolic-ref --short HEAD [1ms]
[2022-09-14T13:20:35.674Z] > git for-each-ref --format=%(refname)%00%(upstream:short)%00%(objectname)%00%(upstream:track)%00%(upstream:remotename)%00%(upstream:remoteref) refs/heads/master refs/remotes/master [2ms]
[2022-09-14T13:20:35.719Z] > git for-each-ref --sort -committerdate --format %(refname) %(objectname) %(*objectname) [23ms]
[2022-09-14T13:20:35.719Z] > git remote --verbose [1ms]
[2022-09-14T13:20:35.828Z] > git config --get commit.template [1ms]
[2022-09-14T13:20:40.893Z] > git status -z -uall [39ms]
[2022-09-14T13:20:40.918Z] > git symbolic-ref --short HEAD [1ms]
[2022-09-14T13:20:40.943Z] > git for-each-ref --format=%(refname)%00%(upstream:short)%00%(objectname)%00%(upstream:track)%00%(upstream:remotename)%00%(upstream:remoteref) refs/heads/master refs/remotes/master [1ms]
[2022-09-14T13:20:40.993Z] > git remote --verbose [1ms]
[2022-09-14T13:20:40.993Z] > git for-each-ref --sort -committerdate --format %(refname) %(objectname) %(*objectname) [25ms]
[2022-09-14T13:20:41.095Z] > git config --get commit.template [1ms]
[2022-09-14T13:20:46.164Z] > git status -z -uall [42ms]
[2022-09-14T13:20:46.195Z] > git symbolic-ref --short HEAD [1ms]
[2022-09-14T13:20:46.228Z] > git for-each-ref --format=%(refname)%00%(upstream:short)%00%(objectname)%00%(upstream:track)%00%(upstream:remotename)%00%(upstream:remoteref) refs/heads/master refs/remotes/master [2ms]
[2022-09-14T13:20:46.290Z] > git remote --verbose [1ms]
[2022-09-14T13:20:46.290Z] > git for-each-ref --sort -committerdate --format %(refname) %(objectname) %(*objectname) [31ms]
[2022-09-14T13:20:46.408Z] > git config --get commit.template [1ms]
[2022-09-14T13:20:51.491Z] > git status -z -uall [43ms]
[2022-09-14T13:20:51.528Z] > git symbolic-ref --short HEAD [2ms]
[2022-09-14T13:20:51.565Z] > git for-each-ref --format=%(refname)%00%(upstream:short)%00%(objectname)%00%(upstream:track)%00%(upstream:remotename)%00%(upstream:remoteref) refs/heads/master refs/remotes/master [2ms]
[2022-09-14T13:20:51.670Z] > git remote --verbose [37ms]
[2022-09-14T13:20:51.672Z] > git for-each-ref --sort -committerdate --format %(refname) %(objectname) %(*objectname) [72ms]
[2022-09-14T13:20:51.794Z] > git config --get commit.template [15ms]
[2022-09-14T13:20:56.850Z] > git status -z -uall [39ms]
[2022-09-14T13:20:56.866Z] > git symbolic-ref --short HEAD [1ms]
[2022-09-14T13:20:56.882Z] > git for-each-ref --format=%(refname)%00%(upstream:short)%00%(objectname)%00%(upstream:track)%00%(upstream:remotename)%00%(upstream:remoteref) refs/heads/master refs/remotes/master [1ms]
[2022-09-14T13:20:56.913Z] > git remote --verbose [1ms]
[2022-09-14T13:20:56.913Z] > git for-each-ref --sort -committerdate --format %(refname) %(objectname) %(*objectname) [17ms]
[2022-09-14T13:20:57.019Z] > git config --get commit.template [1ms]
[2022-09-14T13:21:02.076Z] > git status -z -uall [38ms]
[2022-09-14T13:21:02.095Z] > git symbolic-ref --short HEAD [2ms]
[2022-09-14T13:21:02.112Z] > git for-each-ref --format=%(refname)%00%(upstream:short)%00%(objectname)%00%(upstream:track)%00%(upstream:remotename)%00%(upstream:remoteref) refs/heads/master refs/remotes/master [0ms]
[2022-09-14T13:21:02.147Z] > git for-each-ref --sort -committerdate --format %(refname) %(objectname) %(*objectname) [17ms]
[2022-09-14T13:21:02.148Z] > git remote --verbose [2ms]
[2022-09-14T13:21:02.245Z] > git config --get commit.template [1ms]
[2022-09-14T13:21:07.308Z] > git status -z -uall [43ms]
[2022-09-14T13:21:07.328Z] > git symbolic-ref --short HEAD [2ms]
[2022-09-14T13:21:07.347Z] > git for-each-ref --format=%(refname)%00%(upstream:short)%00%(objectname)%00%(upstream:track)%00%(upstream:remotename)%00%(upstream:remoteref) refs/heads/master refs/remotes/master [1ms]
[2022-09-14T13:21:07.384Z] > git remote --verbose [1ms]
[2022-09-14T13:21:07.385Z] > git for-each-ref --sort -committerdate --format %(refname) %(objectname) %(*objectname) [20ms]
[2022-09-14T13:21:07.489Z] > git config --get commit.template [1ms]
[2022-09-14T13:21:12.550Z] > git status -z -uall [39ms]
[2022-09-14T13:21:12.571Z] > git symbolic-ref --short HEAD [1ms]
[2022-09-14T13:21:12.592Z] > git for-each-ref --format=%(refname)%00%(upstream:short)%00%(objectname)%00%(upstream:track)%00%(upstream:remotename)%00%(upstream:remoteref) refs/heads/master refs/remotes/master [1ms]
[2022-09-14T13:21:12.633Z] > git for-each-ref --sort -committerdate --format %(refname) %(objectname) %(*objectname) [21ms]
[2022-09-14T13:21:12.634Z] > git remote --verbose [2ms]
[2022-09-14T13:21:12.737Z] > git config --get commit.template [1ms]
[2022-09-14T13:21:17.799Z] > git status -z -uall [39ms]
[2022-09-14T13:21:17.822Z] > git symbolic-ref --short HEAD [1ms]
[2022-09-14T13:21:17.845Z] > git for-each-ref --format=%(refname)%00%(upstream:short)%00%(objectname)%00%(upstream:track)%00%(upstream:remotename)%00%(upstream:remoteref) refs/heads/master refs/remotes/master [2ms]
[2022-09-14T13:21:17.889Z] > git remote --verbose [2ms]
[2022-09-14T13:21:17.889Z] > git for-each-ref --sort -committerdate --format %(refname) %(objectname) %(*objectname) [23ms]
[2022-09-14T13:21:17.992Z] > git config --get commit.template [1ms]
[2022-09-14T13:21:23.055Z] > git status -z -uall [38ms]
[2022-09-14T13:21:23.080Z] > git symbolic-ref --short HEAD [2ms]
[2022-09-14T13:21:23.104Z] > git for-each-ref --format=%(refname)%00%(upstream:short)%00%(objectname)%00%(upstream:track)%00%(upstream:remotename)%00%(upstream:remoteref) refs/heads/master refs/remotes/master [1ms]
[2022-09-14T13:21:23.151Z] > git for-each-ref --sort -committerdate --format %(refname) %(objectname) %(*objectname) [24ms]
[2022-09-14T13:21:23.151Z] > git remote --verbose [1ms]
[2022-09-14T13:21:23.252Z] > git config --get commit.template [1ms]
[2022-09-14T13:21:28.317Z] > git status -z -uall [39ms]
[2022-09-14T13:21:28.343Z] > git symbolic-ref --short HEAD [1ms]
[2022-09-14T13:21:28.367Z] > git for-each-ref --format=%(refname)%00%(upstream:short)%00%(objectname)%00%(upstream:track)%00%(upstream:remotename)%00%(upstream:remoteref) refs/heads/master refs/remotes/master [1ms]
[2022-09-14T13:21:28.416Z] > git remote --verbose [1ms]
[2022-09-14T13:21:28.417Z] > git for-each-ref --sort -committerdate --format %(refname) %(objectname) %(*objectname) [26ms]
[2022-09-14T13:21:28.526Z] > git config --get commit.template [1ms]
[2022-09-14T13:21:33.593Z] > git status -z -uall [39ms]
[2022-09-14T13:21:33.620Z] > git symbolic-ref --short HEAD [1ms]
[2022-09-14T13:21:33.648Z] > git for-each-ref --format=%(refname)%00%(upstream:short)%00%(objectname)%00%(upstream:track)%00%(upstream:remotename)%00%(upstream:remoteref) refs/heads/master refs/remotes/master [1ms]
[2022-09-14T13:21:33.702Z] > git remote --verbose [1ms]
[2022-09-14T13:21:33.702Z] > git for-each-ref --sort -committerdate --format %(refname) %(objectname) %(*objectname) [28ms]
[2022-09-14T13:21:33.814Z] > git config --get commit.template [1ms]
[2022-09-14T13:21:38.887Z] > git status -z -uall [44ms]
[2022-09-14T13:21:38.918Z] > git symbolic-ref --short HEAD [2ms]
[2022-09-14T13:21:38.949Z] > git for-each-ref --format=%(refname)%00%(upstream:short)%00%(objectname)%00%(upstream:track)%00%(upstream:remotename)%00%(upstream:remoteref) refs/heads/master refs/remotes/master [2ms]
[2022-09-14T13:21:39.008Z] > git remote --verbose [1ms]
[2022-09-14T13:21:39.009Z] > git for-each-ref --sort -committerdate --format %(refname) %(objectname) %(*objectname) [31ms]
[2022-09-14T13:21:39.958Z] > git config --get commit.template [14ms]
[2022-09-14T13:21:45.017Z] > git status -z -uall [40ms]
[2022-09-14T13:21:45.035Z] > git symbolic-ref --short HEAD [1ms]
[2022-09-14T13:21:45.052Z] > git for-each-ref --format=%(refname)%00%(upstream:short)%00%(objectname)%00%(upstream:track)%00%(upstream:remotename)%00%(upstream:remoteref) refs/heads/master refs/remotes/master [1ms]
[2022-09-14T13:21:45.086Z] > git remote --verbose [1ms]
[2022-09-14T13:21:45.087Z] > git for-each-ref --sort -committerdate --format %(refname) %(objectname) %(*objectname) [17ms]
[2022-09-14T13:21:45.196Z] > git config --get commit.template [2ms]
[2022-09-14T13:21:50.253Z] > git status -z -uall [38ms]
[2022-09-14T13:21:50.270Z] > git symbolic-ref --short HEAD [1ms]
[2022-09-14T13:21:50.289Z] > git for-each-ref --format=%(refname)%00%(upstream:short)%00%(objectname)%00%(upstream:track)%00%(upstream:remotename)%00%(upstream:remoteref) refs/heads/master refs/remotes/master [2ms]
[2022-09-14T13:21:50.322Z] > git remote --verbose [1ms]
[2022-09-14T13:21:50.323Z] > git for-each-ref --sort -committerdate --format %(refname) %(objectname) %(*objectname) [18ms]
[2022-09-14T13:21:50.421Z] > git config --get commit.template [1ms]
[2022-09-14T13:21:55.483Z] > git status -z -uall [42ms]
[2022-09-14T13:21:55.504Z] > git symbolic-ref --short HEAD [0ms]
[2022-09-14T13:21:55.524Z] > git for-each-ref --format=%(refname)%00%(upstream:short)%00%(objectname)%00%(upstream:track)%00%(upstream:remotename)%00%(upstream:remoteref) refs/heads/master refs/remotes/master [0ms]
[2022-09-14T13:21:55.562Z] > git for-each-ref --sort -committerdate --format %(refname) %(objectname) %(*objectname) [19ms]
[2022-09-14T13:21:55.563Z] > git remote --verbose [2ms]
[2022-09-14T13:21:55.666Z] > git config --get commit.template [1ms]
[2022-09-14T13:22:00.727Z] > git status -z -uall [38ms]
[2022-09-14T13:22:00.748Z] > git symbolic-ref --short HEAD [0ms]
[2022-09-14T13:22:00.768Z] > git for-each-ref --format=%(refname)%00%(upstream:short)%00%(objectname)%00%(upstream:track)%00%(upstream:remotename)%00%(upstream:remoteref) refs/heads/master refs/remotes/master [1ms]
[2022-09-14T13:22:00.808Z] > git for-each-ref --sort -committerdate --format %(refname) %(objectname) %(*objectname) [21ms]
[2022-09-14T13:22:00.808Z] > git remote --verbose [1ms]
[2022-09-14T13:22:00.915Z] > git config --get commit.template [2ms]
[2022-09-14T13:22:05.976Z] > git status -z -uall [38ms]
[2022-09-14T13:22:05.999Z] > git symbolic-ref --short HEAD [1ms]
[2022-09-14T13:22:06.022Z] > git for-each-ref --format=%(refname)%00%(upstream:short)%00%(objectname)%00%(upstream:track)%00%(upstream:remotename)%00%(upstream:remoteref) refs/heads/master refs/remotes/master [1ms]
[2022-09-14T13:22:06.066Z] > git remote --verbose [2ms]
[2022-09-14T13:22:06.066Z] > git for-each-ref --sort -committerdate --format %(refname) %(objectname) %(*objectname) [23ms]
[2022-09-14T13:22:06.173Z] > git config --get commit.template [1ms]
[2022-09-14T13:22:11.237Z] > git status -z -uall [39ms]
[2022-09-14T13:22:11.262Z] > git symbolic-ref --short HEAD [1ms]
[2022-09-14T13:22:11.286Z] > git for-each-ref --format=%(refname)%00%(upstream:short)%00%(objectname)%00%(upstream:track)%00%(upstream:remotename)%00%(upstream:remoteref) refs/heads/master refs/remotes/master [1ms]
[2022-09-14T13:22:11.334Z] > git remote --verbose [2ms]
[2022-09-14T13:22:11.334Z] > git for-each-ref --sort -committerdate --format %(refname) %(objectname) %(*objectname) [25ms]
[2022-09-14T13:22:11.435Z] > git config --get commit.template [1ms]
[2022-09-14T13:22:16.501Z] > git status -z -uall [39ms]
[2022-09-14T13:22:16.527Z] > git symbolic-ref --short HEAD [1ms]
[2022-09-14T13:22:16.553Z] > git for-each-ref --format=%(refname)%00%(upstream:short)%00%(objectname)%00%(upstream:track)%00%(upstream:remotename)%00%(upstream:remoteref) refs/heads/master refs/remotes/master [1ms]
[2022-09-14T13:22:16.603Z] > git for-each-ref --sort -committerdate --format %(refname) %(objectname) %(*objectname) [26ms]
[2022-09-14T13:22:16.603Z] > git remote --verbose [2ms]
[2022-09-14T13:22:16.714Z] > git config --get commit.template [1ms]
[2022-09-14T13:22:21.787Z] > git status -z -uall [45ms]
[2022-09-14T13:22:21.815Z] > git symbolic-ref --short HEAD [1ms]
[2022-09-14T13:22:21.845Z] > git for-each-ref --format=%(refname)%00%(upstream:short)%00%(objectname)%00%(upstream:track)%00%(upstream:remotename)%00%(upstream:remoteref) refs/heads/master refs/remotes/master [3ms]
[2022-09-14T13:22:21.899Z] > git remote --verbose [2ms]
[2022-09-14T13:22:21.900Z] > git for-each-ref --sort -committerdate --format %(refname) %(objectname) %(*objectname) [29ms]
[2022-09-14T13:22:22.013Z] > git config --get commit.template [1ms]
[2022-09-14T13:22:27.075Z] > git status -z -uall [41ms]
[2022-09-14T13:22:27.095Z] > git symbolic-ref --short HEAD [1ms]
[2022-09-14T13:22:27.114Z] > git for-each-ref --format=%(refname)%00%(upstream:short)%00%(objectname)%00%(upstream:track)%00%(upstream:remotename)%00%(upstream:remoteref) refs/heads/master refs/remotes/master [1ms]
[2022-09-14T13:22:27.151Z] > git for-each-ref --sort -committerdate --format %(refname) %(objectname) %(*objectname) [18ms]
[2022-09-14T13:22:27.155Z] > git remote --verbose [5ms]
[2022-09-14T13:22:27.267Z] > git config --get commit.template [3ms]
[2022-09-14T13:22:32.332Z] > git status -z -uall [44ms]
[2022-09-14T13:22:32.353Z] > git symbolic-ref --short HEAD [1ms]
[2022-09-14T13:22:32.372Z] > git for-each-ref --format=%(refname)%00%(upstream:short)%00%(objectname)%00%(upstream:track)%00%(upstream:remotename)%00%(upstream:remoteref) refs/heads/master refs/remotes/master [1ms]
[2022-09-14T13:22:32.411Z] > git for-each-ref --sort -committerdate --format %(refname) %(objectname) %(*objectname) [20ms]
[2022-09-14T13:22:32.411Z] > git remote --verbose [1ms]
[2022-09-14T13:22:32.515Z] > git config --get commit.template [1ms]
[2022-09-14T13:22:37.576Z] > git status -z -uall [39ms]
[2022-09-14T13:22:37.595Z] > git symbolic-ref --short HEAD [1ms]
[2022-09-14T13:22:37.615Z] > git for-each-ref --format=%(refname)%00%(upstream:short)%00%(objectname)%00%(upstream:track)%00%(upstream:remotename)%00%(upstream:remoteref) refs/heads/master refs/remotes/master [1ms]
[2022-09-14T13:22:37.655Z] > git for-each-ref --sort -committerdate --format %(refname) %(objectname) %(*objectname) [22ms]
[2022-09-14T13:22:37.655Z] > git remote --verbose [3ms]
[2022-09-14T13:22:37.759Z] > git config --get commit.template [2ms]
[2022-09-14T13:22:42.820Z] > git status -z -uall [39ms]
[2022-09-14T13:22:42.842Z] > git symbolic-ref --short HEAD [1ms]
[2022-09-14T13:22:42.864Z] > git for-each-ref --format=%(refname)%00%(upstream:short)%00%(objectname)%00%(upstream:track)%00%(upstream:remotename)%00%(upstream:remoteref) refs/heads/master refs/remotes/master [1ms]
[2022-09-14T13:22:42.905Z] > git remote --verbose [1ms]
[2022-09-14T13:22:42.906Z] > git for-each-ref --sort -committerdate --format %(refname) %(objectname) %(*objectname) [22ms]
[2022-09-14T13:22:43.014Z] > git config --get commit.template [1ms]
[2022-09-14T13:22:48.076Z] > git status -z -uall [38ms]
[2022-09-14T13:22:48.100Z] > git symbolic-ref --short HEAD [1ms]
[2022-09-14T13:22:48.124Z] > git for-each-ref --format=%(refname)%00%(upstream:short)%00%(objectname)%00%(upstream:track)%00%(upstream:remotename)%00%(upstream:remoteref) refs/heads/master refs/remotes/master [1ms]
[2022-09-14T13:22:48.168Z] > git for-each-ref --sort -committerdate --format %(refname) %(objectname) %(*objectname) [22ms]
[2022-09-14T13:22:48.169Z] > git remote --verbose [1ms]
[2022-09-14T13:22:48.278Z] > git config --get commit.template [2ms]
[2022-09-14T13:22:53.343Z] > git status -z -uall [40ms]
[2022-09-14T13:22:53.367Z] > git symbolic-ref --short HEAD [1ms]
[2022-09-14T13:22:53.391Z] > git for-each-ref --format=%(refname)%00%(upstream:short)%00%(objectname)%00%(upstream:track)%00%(upstream:remotename)%00%(upstream:remoteref) refs/heads/master refs/remotes/master [1ms]
[2022-09-14T13:22:53.443Z] > git remote --verbose [5ms]
[2022-09-14T13:22:53.443Z] > git for-each-ref --sort -committerdate --format %(refname) %(objectname) %(*objectname) [29ms]
[2022-09-14T13:22:53.550Z] > git config --get commit.template [1ms]
[2022-09-14T13:22:58.617Z] > git status -z -uall [40ms]
[2022-09-14T13:22:58.643Z] > git symbolic-ref --short HEAD [1ms]
[2022-09-14T13:22:58.670Z] > git for-each-ref --format=%(refname)%00%(upstream:short)%00%(objectname)%00%(upstream:track)%00%(upstream:remotename)%00%(upstream:remoteref) refs/heads/master refs/remotes/master [2ms]
[2022-09-14T13:22:58.720Z] > git for-each-ref --sort -committerdate --format %(refname) %(objectname) %(*objectname) [26ms]
[2022-09-14T13:22:58.720Z] > git remote --verbose [1ms]
[2022-09-14T13:22:58.838Z] > git config --get commit.template [1ms]
[2022-09-14T13:23:03.906Z] > git status -z -uall [40ms]
[2022-09-14T13:23:03.936Z] > git symbolic-ref --short HEAD [3ms]
[2022-09-14T13:23:03.964Z] > git for-each-ref --format=%(refname)%00%(upstream:short)%00%(objectname)%00%(upstream:track)%00%(upstream:remotename)%00%(upstream:remoteref) refs/heads/master refs/remotes/master [2ms]
[2022-09-14T13:23:04.021Z] > git remote --verbose [2ms]
[2022-09-14T13:23:04.021Z] > git for-each-ref --sort -committerdate --format %(refname) %(objectname) %(*objectname) [29ms]
[2022-09-14T13:23:04.135Z] > git config --get commit.template [1ms]
[2022-09-14T13:23:11.049Z] > git status -z -uall [40ms]
[2022-09-14T13:23:11.070Z] > git symbolic-ref --short HEAD [1ms]
[2022-09-14T13:23:11.089Z] > git for-each-ref --format=%(refname)%00%(upstream:short)%00%(objectname)%00%(upstream:track)%00%(upstream:remotename)%00%(upstream:remoteref) refs/heads/master refs/remotes/master [1ms]
[2022-09-14T13:23:11.128Z] > git for-each-ref --sort -committerdate --format %(refname) %(objectname) %(*objectname) [20ms]
[2022-09-14T13:23:11.128Z] > git remote --verbose [1ms]
[2022-09-14T13:23:11.239Z] > git config --get commit.template [1ms]
[2022-09-14T13:23:16.299Z] > git status -z -uall [39ms]
[2022-09-14T13:23:16.319Z] > git symbolic-ref --short HEAD [0ms]
[2022-09-14T13:23:16.341Z] > git for-each-ref --format=%(refname)%00%(upstream:short)%00%(objectname)%00%(upstream:track)%00%(upstream:remotename)%00%(upstream:remoteref) refs/heads/master refs/remotes/master [1ms]
[2022-09-14T13:23:16.384Z] > git remote --verbose [1ms]
[2022-09-14T13:23:16.385Z] > git for-each-ref --sort -committerdate --format %(refname) %(objectname) %(*objectname) [22ms]
[2022-09-14T13:23:16.494Z] > git config --get commit.template [9ms]
[2022-09-14T13:23:21.554Z] > git status -z -uall [39ms]
[2022-09-14T13:23:21.574Z] > git symbolic-ref --short HEAD [1ms]
[2022-09-14T13:23:21.595Z] > git for-each-ref --format=%(refname)%00%(upstream:short)%00%(objectname)%00%(upstream:track)%00%(upstream:remotename)%00%(upstream:remoteref) refs/heads/master refs/remotes/master [1ms]
[2022-09-14T13:23:21.634Z] > git for-each-ref --sort -committerdate --format %(refname) %(objectname) %(*objectname) [20ms]
[2022-09-14T13:23:21.634Z] > git remote --verbose [1ms]
[2022-09-14T13:23:21.739Z] > git config --get commit.template [1ms]
[2022-09-14T13:23:26.800Z] > git status -z -uall [39ms]
[2022-09-14T13:23:26.821Z] > git symbolic-ref --short HEAD [1ms]
[2022-09-14T13:23:26.843Z] > git for-each-ref --format=%(refname)%00%(upstream:short)%00%(objectname)%00%(upstream:track)%00%(upstream:remotename)%00%(upstream:remoteref) refs/heads/master refs/remotes/master [1ms]
[2022-09-14T13:23:26.885Z] > git for-each-ref --sort -committerdate --format %(refname) %(objectname) %(*objectname) [22ms]
[2022-09-14T13:23:26.885Z] > git remote --verbose [2ms]
[2022-09-14T13:23:26.984Z] > git config --get commit.template [1ms]
[2022-09-14T13:23:32.057Z] > git status -z -uall [50ms]
[2022-09-14T13:23:32.081Z] > git symbolic-ref --short HEAD [2ms]
[2022-09-14T13:23:32.105Z] > git for-each-ref --format=%(refname)%00%(upstream:short)%00%(objectname)%00%(upstream:track)%00%(upstream:remotename)%00%(upstream:remoteref) refs/heads/master refs/remotes/master [1ms]
[2022-09-14T13:23:32.152Z] > git remote --verbose [2ms]
[2022-09-14T13:23:32.152Z] > git for-each-ref --sort -committerdate --format %(refname) %(objectname) %(*objectname) [25ms]
[2022-09-14T13:23:33.064Z] > git config --get commit.template [775ms]
[2022-09-14T13:23:38.124Z] > git status -z -uall [39ms]
[2022-09-14T13:23:38.145Z] > git symbolic-ref --short HEAD [2ms]
[2022-09-14T13:23:38.167Z] > git for-each-ref --format=%(refname)%00%(upstream:short)%00%(objectname)%00%(upstream:track)%00%(upstream:remotename)%00%(upstream:remoteref) refs/heads/master refs/remotes/master [0ms]
[2022-09-14T13:23:38.206Z] > git for-each-ref --sort -committerdate --format %(refname) %(objectname) %(*objectname) [20ms]
[2022-09-14T13:23:38.206Z] > git remote --verbose [1ms]
[2022-09-14T13:23:38.312Z] > git config --get commit.template [1ms]
[2022-09-14T13:23:43.379Z] > git status -z -uall [45ms]
[2022-09-14T13:23:43.401Z] > git symbolic-ref --short HEAD [2ms]
[2022-09-14T13:23:43.423Z] > git for-each-ref --format=%(refname)%00%(upstream:short)%00%(objectname)%00%(upstream:track)%00%(upstream:remotename)%00%(upstream:remoteref) refs/heads/master refs/remotes/master [2ms]
[2022-09-14T13:23:43.464Z] > git remote --verbose [2ms]
[2022-09-14T13:23:43.465Z] > git for-each-ref --sort -committerdate --format %(refname) %(objectname) %(*objectname) [22ms]
[2022-09-14T13:23:44.386Z] > git config --get commit.template [784ms]
[2022-09-14T13:23:49.445Z] > git status -z -uall [40ms]
[2022-09-14T13:23:49.464Z] > git symbolic-ref --short HEAD [2ms]
[2022-09-14T13:23:49.483Z] > git for-each-ref --format=%(refname)%00%(upstream:short)%00%(objectname)%00%(upstream:track)%00%(upstream:remotename)%00%(upstream:remoteref) refs/heads/master refs/remotes/master [2ms]
[2022-09-14T13:23:49.519Z] > git remote --verbose [1ms]
[2022-09-14T13:23:49.519Z] > git for-each-ref --sort -committerdate --format %(refname) %(objectname) %(*objectname) [18ms]
[2022-09-14T13:23:49.626Z] > git config --get commit.template [1ms]
[2022-09-14T13:23:54.684Z] > git status -z -uall [38ms]
[2022-09-14T13:23:54.704Z] > git symbolic-ref --short HEAD [2ms]
[2022-09-14T13:23:54.722Z] > git for-each-ref --format=%(refname)%00%(upstream:short)%00%(objectname)%00%(upstream:track)%00%(upstream:remotename)%00%(upstream:remoteref) refs/heads/master refs/remotes/master [1ms]
[2022-09-14T13:23:54.759Z] > git for-each-ref --sort -committerdate --format %(refname) %(objectname) %(*objectname) [19ms]
[2022-09-14T13:23:54.759Z] > git remote --verbose [1ms]
[2022-09-14T13:23:54.860Z] > git config --get commit.template [2ms]
[2022-09-14T13:23:59.919Z] > git status -z -uall [39ms]
[2022-09-14T13:23:59.938Z] > git symbolic-ref --short HEAD [1ms]
[2022-09-14T13:23:59.958Z] > git for-each-ref --format=%(refname)%00%(upstream:short)%00%(objectname)%00%(upstream:track)%00%(upstream:remotename)%00%(upstream:remoteref) refs/heads/master refs/remotes/master [1ms]
[2022-09-14T13:23:59.996Z] > git remote --verbose [1ms]
[2022-09-14T13:23:59.997Z] > git for-each-ref --sort -committerdate --format %(refname) %(objectname) %(*objectname) [20ms]
[2022-09-14T13:24:00.104Z] > git config --get commit.template [2ms]
[2022-09-14T13:24:05.165Z] > git status -z -uall [39ms]
[2022-09-14T13:24:05.187Z] > git symbolic-ref --short HEAD [2ms]
[2022-09-14T13:24:05.208Z] > git for-each-ref --format=%(refname)%00%(upstream:short)%00%(objectname)%00%(upstream:track)%00%(upstream:remotename)%00%(upstream:remoteref) refs/heads/master refs/remotes/master [1ms]
[2022-09-14T13:24:05.251Z] > git for-each-ref --sort -committerdate --format %(refname) %(objectname) %(*objectname) [22ms]
[2022-09-14T13:24:05.251Z] > git remote --verbose [2ms]
[2022-09-14T13:24:05.355Z] > git config --get commit.template [1ms]
[2022-09-14T13:24:10.417Z] > git status -z -uall [39ms]
[2022-09-14T13:24:10.440Z] > git symbolic-ref --short HEAD [1ms]
[2022-09-14T13:24:10.463Z] > git for-each-ref --format=%(refname)%00%(upstream:short)%00%(objectname)%00%(upstream:track)%00%(upstream:remotename)%00%(upstream:remoteref) refs/heads/master refs/remotes/master [1ms]
[2022-09-14T13:24:10.508Z] > git for-each-ref --sort -committerdate --format %(refname) %(objectname) %(*objectname) [23ms]
[2022-09-14T13:24:10.508Z] > git remote --verbose [1ms]
[2022-09-14T13:24:10.610Z] > git config --get commit.template [2ms]
[2022-09-14T13:24:15.679Z] > git status -z -uall [44ms]
[2022-09-14T13:24:15.704Z] > git symbolic-ref --short HEAD [1ms]
[2022-09-14T13:24:15.728Z] > git for-each-ref --format=%(refname)%00%(upstream:short)%00%(objectname)%00%(upstream:track)%00%(upstream:remotename)%00%(upstream:remoteref) refs/heads/master refs/remotes/master [1ms]
[2022-09-14T13:24:15.776Z] > git for-each-ref --sort -committerdate --format %(refname) %(objectname) %(*objectname) [25ms]
[2022-09-14T13:24:15.776Z] > git remote --verbose [1ms]
[2022-09-14T13:24:15.883Z] > git config --get commit.template [1ms]
