[2022-09-13 21:08:18.029] [exthost] [info] Extension host with pid 17527 started
[2022-09-13 21:08:18.033] [exthost] [error] Error: EEXIST: file already exists, open '/home/linl20/.vscode-server/data/User/workspaceStorage/846d061fbe3b7c3efc4e33135743ac56/vscode.lock'
[2022-09-13 21:08:18.040] [exthost] [info] Lock '/home/linl20/.vscode-server/data/User/workspaceStorage/846d061fbe3b7c3efc4e33135743ac56/vscode.lock': Could not acquire lock, checking if the file is stale.
[2022-09-13 21:08:18.045] [exthost] [info] Lock '/home/linl20/.vscode-server/data/User/workspaceStorage/846d061fbe3b7c3efc4e33135743ac56/vscode.lock': The lock does not look stale, elapsed: 425 ms, giving up.
[2022-09-13 21:08:18.074] [exthost] [info] Lock '/home/linl20/.vscode-server/data/User/workspaceStorage/846d061fbe3b7c3efc4e33135743ac56-1/vscode.lock': Lock acquired.
[2022-09-13 21:08:18.165] [exthost] [info] ExtensionService#_doActivateExtension cschlosser.doxdocgen, startup: false, activationEvent: 'onLanguage:c'
[2022-09-13 21:08:18.234] [exthost] [info] ExtensionService#_doActivateExtension ms-vscode.cpptools, startup: false, activationEvent: 'onLanguage:c'
[2022-09-13 21:08:18.454] [exthost] [info] ExtensionService#_doActivateExtension vscode.debug-auto-launch, startup: true, activationEvent: '*'
[2022-09-13 21:08:18.458] [exthost] [info] ExtensionService#_doActivateExtension vscode.git-base, startup: true, activationEvent: '*', root cause: vscode.git
[2022-09-13 21:08:18.463] [exthost] [info] ExtensionService#_doActivateExtension vscode.ipynb, startup: true, activationEvent: '*'
[2022-09-13 21:08:18.636] [exthost] [info] ExtensionService#_doActivateExtension vscode.git, startup: true, activationEvent: '*'
[2022-09-13 21:08:18.782] [exthost] [info] ExtensionService#_doActivateExtension vscode.github, startup: true, activationEvent: '*'
[2022-09-13 21:08:19.635] [exthost] [warning] [Decorations] CAPPING events from decorations provider vscode.git 5464
[2022-09-13 21:08:20.489] [exthost] [info] ExtensionService#_doActivateExtension vscode.emmet, startup: false, activationEvent: 'onStartupFinished'
[2022-09-13 21:08:20.512] [exthost] [info] ExtensionService#_doActivateExtension vscode.merge-conflict, startup: false, activationEvent: 'onStartupFinished'
[2022-09-13 21:08:20.519] [exthost] [info] Eager extensions activated
[2022-09-13 21:08:20.676] [exthost] [warning] [Decorations] CAPPING events from decorations provider vscode.git 5466
[2022-09-13 21:08:24.927] [exthost] [warning] [Decorations] CAPPING events from decorations provider vscode.git 5468
[2022-09-13 21:08:39.113] [exthost] [warning] [Decorations] CAPPING events from decorations provider vscode.git 5468
[2022-09-13 21:09:00.234] [exthost] [warning] [Decorations] CAPPING events from decorations provider vscode.git 5468
[2022-09-13 21:12:25.435] [exthost] [warning] [Decorations] CAPPING events from decorations provider vscode.git 5468
[2022-09-13 21:12:38.061] [exthost] [warning] [Decorations] CAPPING events from decorations provider vscode.git 5468
[2022-09-13 21:12:49.229] [exthost] [warning] [Decorations] CAPPING events from decorations provider vscode.git 5468
[2022-09-13 21:13:19.300] [exthost] [warning] [Decorations] CAPPING events from decorations provider vscode.git 5468
[2022-09-13 21:13:24.516] [exthost] [warning] [Decorations] CAPPING events from decorations provider vscode.git 5465
[2022-09-13 21:13:29.726] [exthost] [warning] [Decorations] CAPPING events from decorations provider vscode.git 5465
[2022-09-13 21:13:34.947] [exthost] [warning] [Decorations] CAPPING events from decorations provider vscode.git 5465
[2022-09-13 21:13:40.181] [exthost] [warning] [Decorations] CAPPING events from decorations provider vscode.git 5465
[2022-09-13 21:13:45.420] [exthost] [warning] [Decorations] CAPPING events from decorations provider vscode.git 5465
[2022-09-13 21:13:50.661] [exthost] [warning] [Decorations] CAPPING events from decorations provider vscode.git 5465
[2022-09-13 21:13:55.907] [exthost] [warning] [Decorations] CAPPING events from decorations provider vscode.git 5465
[2022-09-13 21:14:01.164] [exthost] [warning] [Decorations] CAPPING events from decorations provider vscode.git 5465
[2022-09-13 21:14:06.429] [exthost] [warning] [Decorations] CAPPING events from decorations provider vscode.git 5465
[2022-09-13 21:14:11.663] [exthost] [warning] [Decorations] CAPPING events from decorations provider vscode.git 5465
[2022-09-13 21:14:16.909] [exthost] [warning] [Decorations] CAPPING events from decorations provider vscode.git 5465
[2022-09-13 21:14:22.137] [exthost] [warning] [Decorations] CAPPING events from decorations provider vscode.git 5465
[2022-09-13 21:14:27.365] [exthost] [warning] [Decorations] CAPPING events from decorations provider vscode.git 5465
[2022-09-13 21:14:32.604] [exthost] [warning] [Decorations] CAPPING events from decorations provider vscode.git 5465
[2022-09-13 21:14:37.842] [exthost] [warning] [Decorations] CAPPING events from decorations provider vscode.git 5465
[2022-09-13 21:14:43.082] [exthost] [warning] [Decorations] CAPPING events from decorations provider vscode.git 5465
[2022-09-13 21:14:48.338] [exthost] [warning] [Decorations] CAPPING events from decorations provider vscode.git 5465
[2022-09-13 21:14:54.390] [exthost] [warning] [Decorations] CAPPING events from decorations provider vscode.git 5465
[2022-09-13 21:14:59.628] [exthost] [warning] [Decorations] CAPPING events from decorations provider vscode.git 5465
[2022-09-13 21:15:04.845] [exthost] [warning] [Decorations] CAPPING events from decorations provider vscode.git 5465
[2022-09-13 21:15:10.066] [exthost] [warning] [Decorations] CAPPING events from decorations provider vscode.git 5465
[2022-09-13 21:15:15.291] [exthost] [warning] [Decorations] CAPPING events from decorations provider vscode.git 5465
[2022-09-13 21:15:20.527] [exthost] [warning] [Decorations] CAPPING events from decorations provider vscode.git 5465
[2022-09-13 21:15:25.770] [exthost] [warning] [Decorations] CAPPING events from decorations provider vscode.git 5465
[2022-09-13 21:15:31.016] [exthost] [warning] [Decorations] CAPPING events from decorations provider vscode.git 5465
[2022-09-13 21:15:36.256] [exthost] [warning] [Decorations] CAPPING events from decorations provider vscode.git 5465
[2022-09-13 21:15:41.517] [exthost] [warning] [Decorations] CAPPING events from decorations provider vscode.git 5465
[2022-09-13 21:15:46.759] [exthost] [warning] [Decorations] CAPPING events from decorations provider vscode.git 5465
[2022-09-13 21:15:51.982] [exthost] [warning] [Decorations] CAPPING events from decorations provider vscode.git 5465
[2022-09-13 21:15:57.215] [exthost] [warning] [Decorations] CAPPING events from decorations provider vscode.git 5465
[2022-09-13 21:16:02.454] [exthost] [warning] [Decorations] CAPPING events from decorations provider vscode.git 5465
[2022-09-13 21:16:07.683] [exthost] [warning] [Decorations] CAPPING events from decorations provider vscode.git 5465
[2022-09-13 21:16:12.915] [exthost] [warning] [Decorations] CAPPING events from decorations provider vscode.git 5465
[2022-09-13 21:16:18.165] [exthost] [warning] [Decorations] CAPPING events from decorations provider vscode.git 5465
[2022-09-13 21:16:23.411] [exthost] [warning] [Decorations] CAPPING events from decorations provider vscode.git 5465
[2022-09-13 21:16:28.674] [exthost] [warning] [Decorations] CAPPING events from decorations provider vscode.git 5465
[2022-09-13 21:16:33.911] [exthost] [warning] [Decorations] CAPPING events from decorations provider vscode.git 5465
[2022-09-13 21:16:39.137] [exthost] [warning] [Decorations] CAPPING events from decorations provider vscode.git 5465
[2022-09-13 21:16:44.365] [exthost] [warning] [Decorations] CAPPING events from decorations provider vscode.git 5466
[2022-09-13 21:16:49.587] [exthost] [warning] [Decorations] CAPPING events from decorations provider vscode.git 5466
[2022-09-13 21:16:54.821] [exthost] [warning] [Decorations] CAPPING events from decorations provider vscode.git 5466
[2022-09-13 21:17:00.059] [exthost] [warning] [Decorations] CAPPING events from decorations provider vscode.git 5466
[2022-09-13 21:17:05.300] [exthost] [warning] [Decorations] CAPPING events from decorations provider vscode.git 5466
[2022-09-13 21:17:10.551] [exthost] [warning] [Decorations] CAPPING events from decorations provider vscode.git 5466
[2022-09-13 21:17:15.805] [exthost] [warning] [Decorations] CAPPING events from decorations provider vscode.git 5466
[2022-09-13 21:17:21.047] [exthost] [warning] [Decorations] CAPPING events from decorations provider vscode.git 5466
[2022-09-13 21:17:27.149] [exthost] [warning] [Decorations] CAPPING events from decorations provider vscode.git 5466
[2022-09-13 21:17:32.377] [exthost] [warning] [Decorations] CAPPING events from decorations provider vscode.git 5466
[2022-09-13 21:17:37.607] [exthost] [warning] [Decorations] CAPPING events from decorations provider vscode.git 5466
[2022-09-13 21:17:42.835] [exthost] [warning] [Decorations] CAPPING events from decorations provider vscode.git 5466
[2022-09-13 21:17:48.076] [exthost] [warning] [Decorations] CAPPING events from decorations provider vscode.git 5466
[2022-09-13 21:17:53.319] [exthost] [warning] [Decorations] CAPPING events from decorations provider vscode.git 5466
[2022-09-13 21:17:58.569] [exthost] [warning] [Decorations] CAPPING events from decorations provider vscode.git 5466
[2022-09-13 21:18:03.823] [exthost] [warning] [Decorations] CAPPING events from decorations provider vscode.git 5466
[2022-09-13 21:18:09.065] [exthost] [warning] [Decorations] CAPPING events from decorations provider vscode.git 5466
[2022-09-13 21:18:14.288] [exthost] [warning] [Decorations] CAPPING events from decorations provider vscode.git 5466
[2022-09-13 21:18:19.513] [exthost] [warning] [Decorations] CAPPING events from decorations provider vscode.git 5466
[2022-09-13 21:18:24.754] [exthost] [warning] [Decorations] CAPPING events from decorations provider vscode.git 5466
[2022-09-13 21:18:29.989] [exthost] [warning] [Decorations] CAPPING events from decorations provider vscode.git 5466
[2022-09-13 21:18:35.225] [exthost] [warning] [Decorations] CAPPING events from decorations provider vscode.git 5466
[2022-09-13 21:18:40.470] [exthost] [warning] [Decorations] CAPPING events from decorations provider vscode.git 5467
[2022-09-13 21:19:22.926] [exthost] [warning] [Decorations] CAPPING events from decorations provider vscode.git 5467
[2022-09-13 21:19:28.149] [exthost] [warning] [Decorations] CAPPING events from decorations provider vscode.git 5467
[2022-09-13 21:19:33.359] [exthost] [warning] [Decorations] CAPPING events from decorations provider vscode.git 5467
[2022-09-13 21:19:38.565] [exthost] [warning] [Decorations] CAPPING events from decorations provider vscode.git 5467
[2022-09-13 21:19:43.790] [exthost] [warning] [Decorations] CAPPING events from decorations provider vscode.git 5467
[2022-09-13 21:19:49.014] [exthost] [warning] [Decorations] CAPPING events from decorations provider vscode.git 5467
[2022-09-13 21:19:54.248] [exthost] [warning] [Decorations] CAPPING events from decorations provider vscode.git 5467
[2022-09-13 21:19:59.485] [exthost] [warning] [Decorations] CAPPING events from decorations provider vscode.git 5467
[2022-09-13 21:20:04.725] [exthost] [warning] [Decorations] CAPPING events from decorations provider vscode.git 5467
[2022-09-13 21:20:09.976] [exthost] [warning] [Decorations] CAPPING events from decorations provider vscode.git 5467
[2022-09-13 21:20:15.195] [exthost] [warning] [Decorations] CAPPING events from decorations provider vscode.git 5467
[2022-09-13 21:20:20.402] [exthost] [warning] [Decorations] CAPPING events from decorations provider vscode.git 5467
[2022-09-13 21:20:25.621] [exthost] [warning] [Decorations] CAPPING events from decorations provider vscode.git 5467
[2022-09-13 21:20:30.839] [exthost] [warning] [Decorations] CAPPING events from decorations provider vscode.git 5467
[2022-09-13 21:20:36.069] [exthost] [warning] [Decorations] CAPPING events from decorations provider vscode.git 5467
[2022-09-13 21:20:41.303] [exthost] [warning] [Decorations] CAPPING events from decorations provider vscode.git 5468
[2022-09-13 21:20:46.542] [exthost] [warning] [Decorations] CAPPING events from decorations provider vscode.git 5468
[2022-09-13 21:20:51.784] [exthost] [warning] [Decorations] CAPPING events from decorations provider vscode.git 5468
[2022-09-13 21:20:57.048] [exthost] [warning] [Decorations] CAPPING events from decorations provider vscode.git 5468
[2022-09-13 21:21:02.278] [exthost] [warning] [Decorations] CAPPING events from decorations provider vscode.git 5468
[2022-09-13 21:21:07.485] [exthost] [warning] [Decorations] CAPPING events from decorations provider vscode.git 5468
[2022-09-13 21:21:12.701] [exthost] [warning] [Decorations] CAPPING events from decorations provider vscode.git 5468
[2022-09-13 21:21:17.927] [exthost] [warning] [Decorations] CAPPING events from decorations provider vscode.git 5468
[2022-09-13 21:21:23.153] [exthost] [warning] [Decorations] CAPPING events from decorations provider vscode.git 5468
[2022-09-13 21:21:43.538] [exthost] [warning] [Decorations] CAPPING events from decorations provider vscode.git 5468
[2022-09-13 21:21:57.855] [exthost] [warning] [Decorations] CAPPING events from decorations provider vscode.git 5468
[2022-09-13 21:22:03.837] [exthost] [warning] [Decorations] CAPPING events from decorations provider vscode.git 5468
[2022-09-13 21:22:09.568] [exthost] [warning] [Decorations] CAPPING events from decorations provider vscode.git 5468
[2022-09-13 21:22:14.778] [exthost] [warning] [Decorations] CAPPING events from decorations provider vscode.git 5468
[2022-09-13 21:22:22.333] [exthost] [warning] [Decorations] CAPPING events from decorations provider vscode.git 5468
[2022-09-13 21:22:28.389] [exthost] [warning] [Decorations] CAPPING events from decorations provider vscode.git 5468
[2022-09-13 21:22:33.642] [exthost] [warning] [Decorations] CAPPING events from decorations provider vscode.git 5468
[2022-09-13 21:22:38.898] [exthost] [warning] [Decorations] CAPPING events from decorations provider vscode.git 5468
[2022-09-13 21:22:44.158] [exthost] [warning] [Decorations] CAPPING events from decorations provider vscode.git 5468
[2022-09-13 21:22:49.432] [exthost] [warning] [Decorations] CAPPING events from decorations provider vscode.git 5468
[2022-09-13 21:22:54.669] [exthost] [warning] [Decorations] CAPPING events from decorations provider vscode.git 5468
[2022-09-13 21:22:59.887] [exthost] [warning] [Decorations] CAPPING events from decorations provider vscode.git 5468
[2022-09-13 21:23:05.105] [exthost] [warning] [Decorations] CAPPING events from decorations provider vscode.git 5468
[2022-09-13 21:23:10.327] [exthost] [warning] [Decorations] CAPPING events from decorations provider vscode.git 5468
[2022-09-13 21:23:15.564] [exthost] [warning] [Decorations] CAPPING events from decorations provider vscode.git 5468
[2022-09-13 21:23:20.792] [exthost] [warning] [Decorations] CAPPING events from decorations provider vscode.git 5468
[2022-09-13 21:23:26.036] [exthost] [warning] [Decorations] CAPPING events from decorations provider vscode.git 5468
[2022-09-13 21:23:31.282] [exthost] [warning] [Decorations] CAPPING events from decorations provider vscode.git 5468
[2022-09-13 21:23:36.545] [exthost] [warning] [Decorations] CAPPING events from decorations provider vscode.git 5468
[2022-09-13 21:23:41.774] [exthost] [warning] [Decorations] CAPPING events from decorations provider vscode.git 5468
[2022-09-13 21:23:46.980] [exthost] [warning] [Decorations] CAPPING events from decorations provider vscode.git 5468
[2022-09-13 21:23:52.184] [exthost] [warning] [Decorations] CAPPING events from decorations provider vscode.git 5468
[2022-09-13 21:23:57.401] [exthost] [warning] [Decorations] CAPPING events from decorations provider vscode.git 5468
[2022-09-13 21:24:02.629] [exthost] [warning] [Decorations] CAPPING events from decorations provider vscode.git 5468
[2022-09-13 21:24:07.859] [exthost] [warning] [Decorations] CAPPING events from decorations provider vscode.git 5468
[2022-09-13 21:24:13.097] [exthost] [warning] [Decorations] CAPPING events from decorations provider vscode.git 5468
[2022-09-13 21:24:18.343] [exthost] [warning] [Decorations] CAPPING events from decorations provider vscode.git 5468
[2022-09-13 21:24:23.593] [exthost] [warning] [Decorations] CAPPING events from decorations provider vscode.git 5468
[2022-09-13 21:24:28.815] [exthost] [warning] [Decorations] CAPPING events from decorations provider vscode.git 5468
[2022-09-13 21:24:34.019] [exthost] [warning] [Decorations] CAPPING events from decorations provider vscode.git 5468
[2022-09-13 21:24:39.226] [exthost] [warning] [Decorations] CAPPING events from decorations provider vscode.git 5468
[2022-09-13 21:24:44.442] [exthost] [warning] [Decorations] CAPPING events from decorations provider vscode.git 5468
[2022-09-13 21:24:49.674] [exthost] [warning] [Decorations] CAPPING events from decorations provider vscode.git 5468
[2022-09-13 21:24:54.903] [exthost] [warning] [Decorations] CAPPING events from decorations provider vscode.git 5468
[2022-09-13 21:25:00.142] [exthost] [warning] [Decorations] CAPPING events from decorations provider vscode.git 5468
[2022-09-13 21:25:05.387] [exthost] [warning] [Decorations] CAPPING events from decorations provider vscode.git 5468
[2022-09-13 21:25:10.639] [exthost] [warning] [Decorations] CAPPING events from decorations provider vscode.git 5468
[2022-09-13 21:26:19.256] [exthost] [warning] [Decorations] CAPPING events from decorations provider vscode.git 5468
[2022-09-13 21:26:24.471] [exthost] [warning] [Decorations] CAPPING events from decorations provider vscode.git 5468
[2022-09-13 21:26:29.673] [exthost] [warning] [Decorations] CAPPING events from decorations provider vscode.git 5468
[2022-09-13 21:26:52.379] [exthost] [warning] [Decorations] CAPPING events from decorations provider vscode.git 5469
[2022-09-13 21:26:57.586] [exthost] [warning] [Decorations] CAPPING events from decorations provider vscode.git 5470
[2022-09-13 21:27:02.799] [exthost] [warning] [Decorations] CAPPING events from decorations provider vscode.git 5470
[2022-09-13 21:27:08.021] [exthost] [warning] [Decorations] CAPPING events from decorations provider vscode.git 5470
[2022-09-13 21:27:13.245] [exthost] [warning] [Decorations] CAPPING events from decorations provider vscode.git 5470
[2022-09-13 21:27:18.492] [exthost] [warning] [Decorations] CAPPING events from decorations provider vscode.git 5470
[2022-09-13 21:27:23.735] [exthost] [warning] [Decorations] CAPPING events from decorations provider vscode.git 5470
[2022-09-13 21:27:28.980] [exthost] [warning] [Decorations] CAPPING events from decorations provider vscode.git 5470
[2022-09-13 21:27:34.242] [exthost] [warning] [Decorations] CAPPING events from decorations provider vscode.git 5470
[2022-09-13 21:27:39.472] [exthost] [warning] [Decorations] CAPPING events from decorations provider vscode.git 5470
[2022-09-13 21:27:44.685] [exthost] [warning] [Decorations] CAPPING events from decorations provider vscode.git 5470
[2022-09-13 21:27:50.738] [exthost] [warning] [Decorations] CAPPING events from decorations provider vscode.git 5470
[2022-09-13 21:27:55.968] [exthost] [warning] [Decorations] CAPPING events from decorations provider vscode.git 5470
[2022-09-13 21:28:01.202] [exthost] [warning] [Decorations] CAPPING events from decorations provider vscode.git 5472
[2022-09-13 21:28:06.431] [exthost] [warning] [Decorations] CAPPING events from decorations provider vscode.git 5472
[2022-09-13 21:28:11.682] [exthost] [warning] [Decorations] CAPPING events from decorations provider vscode.git 5472
[2022-09-13 21:28:16.932] [exthost] [warning] [Decorations] CAPPING events from decorations provider vscode.git 5472
[2022-09-13 21:28:22.186] [exthost] [warning] [Decorations] CAPPING events from decorations provider vscode.git 5472
[2022-09-13 21:28:27.419] [exthost] [warning] [Decorations] CAPPING events from decorations provider vscode.git 5472
[2022-09-13 21:28:32.632] [exthost] [warning] [Decorations] CAPPING events from decorations provider vscode.git 5472
[2022-09-13 21:28:37.847] [exthost] [warning] [Decorations] CAPPING events from decorations provider vscode.git 5472
[2022-09-13 21:28:43.071] [exthost] [warning] [Decorations] CAPPING events from decorations provider vscode.git 5472
[2022-09-13 21:28:48.313] [exthost] [warning] [Decorations] CAPPING events from decorations provider vscode.git 5472
[2022-09-13 21:28:53.545] [exthost] [warning] [Decorations] CAPPING events from decorations provider vscode.git 5472
[2022-09-13 21:29:22.824] [exthost] [warning] [Decorations] CAPPING events from decorations provider vscode.git 5472
[2022-09-13 21:29:28.049] [exthost] [warning] [Decorations] CAPPING events from decorations provider vscode.git 5472
[2022-09-13 21:29:33.259] [exthost] [warning] [Decorations] CAPPING events from decorations provider vscode.git 5472
[2022-09-13 21:29:38.470] [exthost] [warning] [Decorations] CAPPING events from decorations provider vscode.git 5472
[2022-09-13 21:29:43.722] [exthost] [warning] [Decorations] CAPPING events from decorations provider vscode.git 5472
[2022-09-13 21:29:48.960] [exthost] [warning] [Decorations] CAPPING events from decorations provider vscode.git 5472
[2022-09-13 21:29:54.193] [exthost] [warning] [Decorations] CAPPING events from decorations provider vscode.git 5472
[2022-09-13 21:29:59.443] [exthost] [warning] [Decorations] CAPPING events from decorations provider vscode.git 5472
[2022-09-13 21:30:04.697] [exthost] [warning] [Decorations] CAPPING events from decorations provider vscode.git 5472
[2022-09-13 21:30:09.956] [exthost] [warning] [Decorations] CAPPING events from decorations provider vscode.git 5472
[2022-09-13 21:30:15.188] [exthost] [warning] [Decorations] CAPPING events from decorations provider vscode.git 5472
[2022-09-13 21:30:20.405] [exthost] [warning] [Decorations] CAPPING events from decorations provider vscode.git 5472
[2022-09-13 21:30:25.626] [exthost] [warning] [Decorations] CAPPING events from decorations provider vscode.git 5472
[2022-09-13 21:30:30.852] [exthost] [warning] [Decorations] CAPPING events from decorations provider vscode.git 5472
[2022-09-13 21:30:36.078] [exthost] [warning] [Decorations] CAPPING events from decorations provider vscode.git 5472
[2022-09-13 21:30:41.308] [exthost] [warning] [Decorations] CAPPING events from decorations provider vscode.git 5472
[2022-09-13 21:30:46.553] [exthost] [warning] [Decorations] CAPPING events from decorations provider vscode.git 5472
[2022-09-13 21:30:51.798] [exthost] [warning] [Decorations] CAPPING events from decorations provider vscode.git 5472
[2022-09-13 21:30:57.050] [exthost] [warning] [Decorations] CAPPING events from decorations provider vscode.git 5472
[2022-09-13 21:31:02.289] [exthost] [warning] [Decorations] CAPPING events from decorations provider vscode.git 5472
[2022-09-13 21:31:07.507] [exthost] [warning] [Decorations] CAPPING events from decorations provider vscode.git 5472
[2022-09-13 21:31:12.732] [exthost] [warning] [Decorations] CAPPING events from decorations provider vscode.git 5472
[2022-09-13 21:31:17.954] [exthost] [warning] [Decorations] CAPPING events from decorations provider vscode.git 5472
[2022-09-13 21:31:23.177] [exthost] [warning] [Decorations] CAPPING events from decorations provider vscode.git 5472
[2022-09-13 21:31:28.417] [exthost] [warning] [Decorations] CAPPING events from decorations provider vscode.git 5472
[2022-09-13 21:31:33.664] [exthost] [warning] [Decorations] CAPPING events from decorations provider vscode.git 5472
[2022-09-13 21:31:38.907] [exthost] [warning] [Decorations] CAPPING events from decorations provider vscode.git 5472
[2022-09-13 21:31:44.169] [exthost] [warning] [Decorations] CAPPING events from decorations provider vscode.git 5472
[2022-09-13 21:31:49.409] [exthost] [warning] [Decorations] CAPPING events from decorations provider vscode.git 5472
[2022-09-13 21:31:54.632] [exthost] [warning] [Decorations] CAPPING events from decorations provider vscode.git 5472
[2022-09-13 21:31:59.867] [exthost] [warning] [Decorations] CAPPING events from decorations provider vscode.git 5472
[2022-09-13 21:32:05.093] [exthost] [warning] [Decorations] CAPPING events from decorations provider vscode.git 5472
[2022-09-13 21:32:10.330] [exthost] [warning] [Decorations] CAPPING events from decorations provider vscode.git 5472
[2022-09-13 21:32:15.569] [exthost] [warning] [Decorations] CAPPING events from decorations provider vscode.git 5472
[2022-09-13 21:32:20.810] [exthost] [warning] [Decorations] CAPPING events from decorations provider vscode.git 5472
[2022-09-13 21:32:26.060] [exthost] [warning] [Decorations] CAPPING events from decorations provider vscode.git 5472
[2022-09-13 21:32:30.624] [exthost] [info] ExtensionService#_doActivateExtension vscode.configuration-editing, startup: false, activationEvent: 'onLanguage:jsonc'
[2022-09-13 21:32:30.632] [exthost] [info] ExtensionService#_doActivateExtension vscode.json-language-features, startup: false, activationEvent: 'onLanguage:jsonc'
[2022-09-13 21:32:30.726] [exthost] [info] ExtensionService#_doActivateExtension vscode.typescript-language-features, startup: false, activationEvent: 'onLanguage:jsonc'
[2022-09-13 21:32:31.342] [exthost] [warning] [Decorations] CAPPING events from decorations provider vscode.git 5474
[2022-09-13 21:32:36.581] [exthost] [warning] [Decorations] CAPPING events from decorations provider vscode.git 5476
[2022-09-13 21:32:41.823] [exthost] [warning] [Decorations] CAPPING events from decorations provider vscode.git 5476
[2022-09-13 21:32:47.049] [exthost] [warning] [Decorations] CAPPING events from decorations provider vscode.git 5476
[2022-09-13 21:32:52.266] [exthost] [warning] [Decorations] CAPPING events from decorations provider vscode.git 5476
[2022-09-13 21:32:57.483] [exthost] [warning] [Decorations] CAPPING events from decorations provider vscode.git 5476
[2022-09-13 21:33:02.705] [exthost] [warning] [Decorations] CAPPING events from decorations provider vscode.git 5476
[2022-09-13 21:33:07.932] [exthost] [warning] [Decorations] CAPPING events from decorations provider vscode.git 5476
[2022-09-13 21:34:19.103] [exthost] [warning] [Decorations] CAPPING events from decorations provider vscode.git 5476
[2022-09-13 21:34:24.323] [exthost] [warning] [Decorations] CAPPING events from decorations provider vscode.git 5476
[2022-09-13 21:34:29.533] [exthost] [warning] [Decorations] CAPPING events from decorations provider vscode.git 5476
[2022-09-13 21:34:52.889] [exthost] [warning] [Decorations] CAPPING events from decorations provider vscode.git 5476
[2022-09-13 21:34:58.888] [exthost] [warning] [Decorations] CAPPING events from decorations provider vscode.git 5476
[2022-09-13 21:35:04.103] [exthost] [warning] [Decorations] CAPPING events from decorations provider vscode.git 5476
[2022-09-13 21:35:12.298] [exthost] [warning] [Decorations] CAPPING events from decorations provider vscode.git 5476
[2022-09-13 21:35:17.548] [exthost] [warning] [Decorations] CAPPING events from decorations provider vscode.git 5476
[2022-09-13 21:35:22.793] [exthost] [warning] [Decorations] CAPPING events from decorations provider vscode.git 5478
[2022-09-13 21:35:39.806] [exthost] [warning] [Decorations] CAPPING events from decorations provider vscode.git 5478
[2022-09-13 21:35:45.070] [exthost] [warning] [Decorations] CAPPING events from decorations provider vscode.git 5478
[2022-09-13 21:35:50.334] [exthost] [warning] [Decorations] CAPPING events from decorations provider vscode.git 5478
[2022-09-13 21:35:55.566] [exthost] [warning] [Decorations] CAPPING events from decorations provider vscode.git 5478
[2022-09-13 21:36:00.786] [exthost] [warning] [Decorations] CAPPING events from decorations provider vscode.git 5478
[2022-09-13 21:36:06.004] [exthost] [warning] [Decorations] CAPPING events from decorations provider vscode.git 5478
[2022-09-13 21:36:11.234] [exthost] [warning] [Decorations] CAPPING events from decorations provider vscode.git 5478
[2022-09-13 21:36:16.478] [exthost] [warning] [Decorations] CAPPING events from decorations provider vscode.git 5478
[2022-09-13 21:36:21.721] [exthost] [warning] [Decorations] CAPPING events from decorations provider vscode.git 5479
[2022-09-13 21:36:26.976] [exthost] [warning] [Decorations] CAPPING events from decorations provider vscode.git 5479
[2022-09-13 21:36:32.240] [exthost] [warning] [Decorations] CAPPING events from decorations provider vscode.git 5479
[2022-09-13 21:36:37.506] [exthost] [warning] [Decorations] CAPPING events from decorations provider vscode.git 5479
[2022-09-13 21:36:42.748] [exthost] [warning] [Decorations] CAPPING events from decorations provider vscode.git 5479
[2022-09-13 21:36:47.970] [exthost] [warning] [Decorations] CAPPING events from decorations provider vscode.git 5479
[2022-09-13 21:36:53.193] [exthost] [warning] [Decorations] CAPPING events from decorations provider vscode.git 5479
[2022-09-13 21:36:58.424] [exthost] [warning] [Decorations] CAPPING events from decorations provider vscode.git 5479
[2022-09-13 21:37:03.670] [exthost] [warning] [Decorations] CAPPING events from decorations provider vscode.git 5479
[2022-09-13 21:37:08.916] [exthost] [warning] [Decorations] CAPPING events from decorations provider vscode.git 5479
[2022-09-13 21:37:14.169] [exthost] [warning] [Decorations] CAPPING events from decorations provider vscode.git 5479
[2022-09-13 21:37:19.430] [exthost] [warning] [Decorations] CAPPING events from decorations provider vscode.git 5479
[2022-09-13 21:37:24.699] [exthost] [warning] [Decorations] CAPPING events from decorations provider vscode.git 5479
[2022-09-13 21:37:29.943] [exthost] [warning] [Decorations] CAPPING events from decorations provider vscode.git 5479
[2022-09-13 21:37:35.166] [exthost] [warning] [Decorations] CAPPING events from decorations provider vscode.git 5479
[2022-09-13 21:37:36.575] [exthost] [info] Extension host terminating: received terminate message from renderer
[2022-09-13 21:37:36.576] [exthost] [info] Lock '/home/linl20/.vscode-server/data/User/workspaceStorage/846d061fbe3b7c3efc4e33135743ac56-1/vscode.lock': Marking the lockfile as scheduled to be released in 6000 ms.
[2022-09-13 21:37:36.632] [exthost] [info] Extension host with pid 17527 exiting with code 0
