[2022-09-10 22:40:10.902] [exthost] [info] Extension host with pid 31141 started
[2022-09-10 22:40:10.907] [exthost] [error] Error: EEXIST: file already exists, open '/home/linl20/.vscode-server/data/User/workspaceStorage/846d061fbe3b7c3efc4e33135743ac56/vscode.lock'
[2022-09-10 22:40:10.913] [exthost] [info] Lock '/home/linl20/.vscode-server/data/User/workspaceStorage/846d061fbe3b7c3efc4e33135743ac56/vscode.lock': Could not acquire lock, checking if the file is stale.
[2022-09-10 22:40:10.917] [exthost] [info] Lock '/home/linl20/.vscode-server/data/User/workspaceStorage/846d061fbe3b7c3efc4e33135743ac56/vscode.lock': The lock does not look stale, elapsed: 715 ms, giving up.
[2022-09-10 22:40:10.958] [exthost] [info] ExtensionService#_doActivateExtension cschlosser.doxdocgen, startup: false, activationEvent: 'onLanguage:c'
[2022-09-10 22:40:11.087] [exthost] [info] ExtensionService#_doActivateExtension ms-vscode.cpptools, startup: false, activationEvent: 'onLanguage:c'
[2022-09-10 22:40:11.290] [exthost] [info] ExtensionService#_doActivateExtension vscode.debug-auto-launch, startup: true, activationEvent: '*'
[2022-09-10 22:40:11.294] [exthost] [info] ExtensionService#_doActivateExtension vscode.git-base, startup: true, activationEvent: '*', root cause: vscode.git
[2022-09-10 22:40:11.299] [exthost] [info] ExtensionService#_doActivateExtension vscode.ipynb, startup: true, activationEvent: '*'
[2022-09-10 22:40:11.324] [exthost] [info] Lock '/home/linl20/.vscode-server/data/User/workspaceStorage/846d061fbe3b7c3efc4e33135743ac56-1/vscode.lock': Lock acquired.
[2022-09-10 22:40:11.455] [exthost] [info] ExtensionService#_doActivateExtension vscode.git, startup: true, activationEvent: '*'
[2022-09-10 22:40:11.580] [exthost] [info] ExtensionService#_doActivateExtension vscode.github, startup: true, activationEvent: '*'
[2022-09-10 22:40:12.146] [exthost] [info] ExtensionService#_doActivateExtension vscode.emmet, startup: false, activationEvent: 'onStartupFinished'
[2022-09-10 22:40:12.172] [exthost] [info] ExtensionService#_doActivateExtension vscode.merge-conflict, startup: false, activationEvent: 'onStartupFinished'
[2022-09-10 22:40:12.178] [exthost] [info] Eager extensions activated
[2022-09-10 22:40:12.513] [exthost] [warning] [Decorations] CAPPING events from decorations provider vscode.git 5410
[2022-09-10 22:40:13.572] [exthost] [warning] [Decorations] CAPPING events from decorations provider vscode.git 5412
[2022-09-10 22:40:34.843] [exthost] [warning] [Decorations] CAPPING events from decorations provider vscode.git 5414
[2022-09-10 22:40:42.635] [exthost] [warning] [Decorations] CAPPING events from decorations provider vscode.git 5414
[2022-09-10 22:42:48.411] [exthost] [warning] [Decorations] CAPPING events from decorations provider vscode.git 5416
[2022-09-10 22:43:07.960] [exthost] [warning] [Decorations] CAPPING events from decorations provider vscode.git 5416
[2022-09-10 22:43:13.192] [exthost] [warning] [Decorations] CAPPING events from decorations provider vscode.git 5417
[2022-09-10 22:45:34.308] [exthost] [warning] [Decorations] CAPPING events from decorations provider vscode.git 5417
[2022-09-10 22:45:39.543] [exthost] [warning] [Decorations] CAPPING events from decorations provider vscode.git 5414
[2022-09-10 22:45:44.780] [exthost] [warning] [Decorations] CAPPING events from decorations provider vscode.git 5414
[2022-09-10 22:45:50.014] [exthost] [warning] [Decorations] CAPPING events from decorations provider vscode.git 5414
[2022-09-10 22:45:55.263] [exthost] [warning] [Decorations] CAPPING events from decorations provider vscode.git 5414
[2022-09-10 22:46:00.499] [exthost] [warning] [Decorations] CAPPING events from decorations provider vscode.git 5414
[2022-09-10 22:46:05.748] [exthost] [warning] [Decorations] CAPPING events from decorations provider vscode.git 5415
[2022-09-10 22:46:11.013] [exthost] [warning] [Decorations] CAPPING events from decorations provider vscode.git 5415
[2022-09-10 22:46:16.272] [exthost] [warning] [Decorations] CAPPING events from decorations provider vscode.git 5415
[2022-09-10 22:46:21.555] [exthost] [warning] [Decorations] CAPPING events from decorations provider vscode.git 5415
[2022-09-10 22:46:26.841] [exthost] [warning] [Decorations] CAPPING events from decorations provider vscode.git 5415
[2022-09-10 22:46:32.096] [exthost] [warning] [Decorations] CAPPING events from decorations provider vscode.git 5415
[2022-09-10 22:46:37.335] [exthost] [warning] [Decorations] CAPPING events from decorations provider vscode.git 5415
[2022-09-10 22:46:42.586] [exthost] [warning] [Decorations] CAPPING events from decorations provider vscode.git 5415
[2022-09-10 22:46:47.839] [exthost] [warning] [Decorations] CAPPING events from decorations provider vscode.git 5415
[2022-09-10 22:46:53.089] [exthost] [warning] [Decorations] CAPPING events from decorations provider vscode.git 5415
[2022-09-10 22:46:58.340] [exthost] [warning] [Decorations] CAPPING events from decorations provider vscode.git 5415
[2022-09-10 22:47:03.617] [exthost] [warning] [Decorations] CAPPING events from decorations provider vscode.git 5415
[2022-09-10 22:47:08.888] [exthost] [warning] [Decorations] CAPPING events from decorations provider vscode.git 5415
[2022-09-10 22:47:14.162] [exthost] [warning] [Decorations] CAPPING events from decorations provider vscode.git 5415
[2022-09-10 22:47:21.291] [exthost] [warning] [Decorations] CAPPING events from decorations provider vscode.git 5415
[2022-09-10 22:47:26.537] [exthost] [warning] [Decorations] CAPPING events from decorations provider vscode.git 5415
[2022-09-10 22:47:31.789] [exthost] [warning] [Decorations] CAPPING events from decorations provider vscode.git 5415
[2022-09-10 22:47:37.044] [exthost] [warning] [Decorations] CAPPING events from decorations provider vscode.git 5415
[2022-09-10 22:47:42.298] [exthost] [warning] [Decorations] CAPPING events from decorations provider vscode.git 5415
[2022-09-10 22:47:47.552] [exthost] [warning] [Decorations] CAPPING events from decorations provider vscode.git 5415
[2022-09-10 22:47:52.812] [exthost] [warning] [Decorations] CAPPING events from decorations provider vscode.git 5415
[2022-09-10 22:47:58.098] [exthost] [warning] [Decorations] CAPPING events from decorations provider vscode.git 5415
[2022-09-10 22:48:03.378] [exthost] [warning] [Decorations] CAPPING events from decorations provider vscode.git 5415
[2022-09-10 22:48:08.648] [exthost] [warning] [Decorations] CAPPING events from decorations provider vscode.git 5415
[2022-09-10 22:48:13.903] [exthost] [warning] [Decorations] CAPPING events from decorations provider vscode.git 5415
[2022-09-10 22:48:19.158] [exthost] [warning] [Decorations] CAPPING events from decorations provider vscode.git 5415
[2022-09-10 22:48:24.413] [exthost] [warning] [Decorations] CAPPING events from decorations provider vscode.git 5415
[2022-09-10 22:48:29.674] [exthost] [warning] [Decorations] CAPPING events from decorations provider vscode.git 5415
[2022-09-10 22:48:34.936] [exthost] [warning] [Decorations] CAPPING events from decorations provider vscode.git 5415
[2022-09-10 22:48:40.205] [exthost] [warning] [Decorations] CAPPING events from decorations provider vscode.git 5415
[2022-09-10 22:48:45.504] [exthost] [warning] [Decorations] CAPPING events from decorations provider vscode.git 5415
[2022-09-10 22:48:50.800] [exthost] [warning] [Decorations] CAPPING events from decorations provider vscode.git 5415
[2022-09-10 22:48:56.076] [exthost] [warning] [Decorations] CAPPING events from decorations provider vscode.git 5415
[2022-09-10 22:49:01.342] [exthost] [warning] [Decorations] CAPPING events from decorations provider vscode.git 5415
[2022-09-10 22:49:13.818] [exthost] [warning] [Decorations] CAPPING events from decorations provider vscode.git 5415
[2022-09-10 22:49:19.080] [exthost] [warning] [Decorations] CAPPING events from decorations provider vscode.git 5415
[2022-09-10 22:49:24.344] [exthost] [warning] [Decorations] CAPPING events from decorations provider vscode.git 5415
[2022-09-10 22:49:29.602] [exthost] [warning] [Decorations] CAPPING events from decorations provider vscode.git 5415
[2022-09-10 22:49:34.878] [exthost] [warning] [Decorations] CAPPING events from decorations provider vscode.git 5415
[2022-09-10 22:49:40.167] [exthost] [warning] [Decorations] CAPPING events from decorations provider vscode.git 5415
[2022-09-10 22:49:45.455] [exthost] [warning] [Decorations] CAPPING events from decorations provider vscode.git 5416
[2022-09-10 22:49:50.726] [exthost] [warning] [Decorations] CAPPING events from decorations provider vscode.git 5416
[2022-09-10 22:49:55.986] [exthost] [warning] [Decorations] CAPPING events from decorations provider vscode.git 5416
[2022-09-10 22:50:01.244] [exthost] [warning] [Decorations] CAPPING events from decorations provider vscode.git 5416
[2022-09-10 22:50:06.502] [exthost] [warning] [Decorations] CAPPING events from decorations provider vscode.git 5416
[2022-09-10 22:50:11.758] [exthost] [warning] [Decorations] CAPPING events from decorations provider vscode.git 5416
[2022-09-10 22:50:17.021] [exthost] [warning] [Decorations] CAPPING events from decorations provider vscode.git 5416
[2022-09-10 22:50:22.291] [exthost] [warning] [Decorations] CAPPING events from decorations provider vscode.git 5416
[2022-09-10 22:50:29.420] [exthost] [warning] [Decorations] CAPPING events from decorations provider vscode.git 5417
[2022-09-10 22:50:34.713] [exthost] [warning] [Decorations] CAPPING events from decorations provider vscode.git 5417
[2022-09-10 22:50:39.983] [exthost] [warning] [Decorations] CAPPING events from decorations provider vscode.git 5418
[2022-09-10 22:50:45.239] [exthost] [warning] [Decorations] CAPPING events from decorations provider vscode.git 5418
[2022-09-10 22:50:50.499] [exthost] [warning] [Decorations] CAPPING events from decorations provider vscode.git 5418
[2022-09-10 22:50:55.760] [exthost] [warning] [Decorations] CAPPING events from decorations provider vscode.git 5418
[2022-09-10 22:51:01.016] [exthost] [warning] [Decorations] CAPPING events from decorations provider vscode.git 5418
[2022-09-10 22:51:06.273] [exthost] [warning] [Decorations] CAPPING events from decorations provider vscode.git 5418
[2022-09-10 22:51:11.544] [exthost] [warning] [Decorations] CAPPING events from decorations provider vscode.git 5419
[2022-09-10 22:51:16.823] [exthost] [warning] [Decorations] CAPPING events from decorations provider vscode.git 5419
[2022-09-10 22:52:42.180] [exthost] [warning] [Decorations] CAPPING events from decorations provider vscode.git 5419
[2022-09-10 22:54:23.401] [exthost] [warning] [Decorations] CAPPING events from decorations provider vscode.git 5419
[2022-09-10 22:54:42.827] [exthost] [warning] [Decorations] CAPPING events from decorations provider vscode.git 5419
[2022-09-10 22:54:48.059] [exthost] [warning] [Decorations] CAPPING events from decorations provider vscode.git 5419
[2022-09-10 22:55:20.463] [exthost] [warning] [Decorations] CAPPING events from decorations provider vscode.git 5419
[2022-09-10 22:55:25.701] [exthost] [warning] [Decorations] CAPPING events from decorations provider vscode.git 5419
[2022-09-10 22:55:30.952] [exthost] [warning] [Decorations] CAPPING events from decorations provider vscode.git 5419
[2022-09-10 22:55:36.185] [exthost] [warning] [Decorations] CAPPING events from decorations provider vscode.git 5419
[2022-09-10 22:55:51.269] [exthost] [warning] [Decorations] CAPPING events from decorations provider vscode.git 5419
[2022-09-10 22:56:00.019] [exthost] [warning] [Decorations] CAPPING events from decorations provider vscode.git 5419
[2022-09-10 22:56:05.243] [exthost] [warning] [Decorations] CAPPING events from decorations provider vscode.git 5419
[2022-09-10 22:56:20.516] [exthost] [warning] [Decorations] CAPPING events from decorations provider vscode.git 5419
[2022-09-10 22:56:25.739] [exthost] [warning] [Decorations] CAPPING events from decorations provider vscode.git 5419
[2022-09-10 22:56:30.983] [exthost] [warning] [Decorations] CAPPING events from decorations provider vscode.git 5419
[2022-09-10 22:56:36.217] [exthost] [warning] [Decorations] CAPPING events from decorations provider vscode.git 5419
[2022-09-10 22:56:41.451] [exthost] [warning] [Decorations] CAPPING events from decorations provider vscode.git 5419
[2022-09-10 22:56:46.712] [exthost] [warning] [Decorations] CAPPING events from decorations provider vscode.git 5419
[2022-09-10 22:56:51.965] [exthost] [warning] [Decorations] CAPPING events from decorations provider vscode.git 5419
[2022-09-10 22:56:57.227] [exthost] [warning] [Decorations] CAPPING events from decorations provider vscode.git 5419
[2022-09-10 22:57:02.493] [exthost] [warning] [Decorations] CAPPING events from decorations provider vscode.git 5419
[2022-09-10 22:57:07.764] [exthost] [warning] [Decorations] CAPPING events from decorations provider vscode.git 5419
[2022-09-10 22:57:13.009] [exthost] [warning] [Decorations] CAPPING events from decorations provider vscode.git 5419
[2022-09-10 22:57:18.249] [exthost] [warning] [Decorations] CAPPING events from decorations provider vscode.git 5419
[2022-09-10 22:57:23.480] [exthost] [warning] [Decorations] CAPPING events from decorations provider vscode.git 5419
[2022-09-10 22:57:28.720] [exthost] [warning] [Decorations] CAPPING events from decorations provider vscode.git 5419
[2022-09-10 22:57:33.963] [exthost] [warning] [Decorations] CAPPING events from decorations provider vscode.git 5419
[2022-09-10 22:57:40.086] [exthost] [warning] [Decorations] CAPPING events from decorations provider vscode.git 5419
[2022-09-10 22:57:45.344] [exthost] [warning] [Decorations] CAPPING events from decorations provider vscode.git 5419
[2022-09-10 22:57:50.622] [exthost] [warning] [Decorations] CAPPING events from decorations provider vscode.git 5420
[2022-09-10 22:57:55.896] [exthost] [warning] [Decorations] CAPPING events from decorations provider vscode.git 5420
[2022-09-10 22:58:01.138] [exthost] [warning] [Decorations] CAPPING events from decorations provider vscode.git 5420
[2022-09-10 22:58:06.387] [exthost] [warning] [Decorations] CAPPING events from decorations provider vscode.git 5420
[2022-09-10 22:58:11.625] [exthost] [warning] [Decorations] CAPPING events from decorations provider vscode.git 5420
[2022-09-10 22:58:16.867] [exthost] [warning] [Decorations] CAPPING events from decorations provider vscode.git 5420
[2022-09-10 22:58:22.114] [exthost] [warning] [Decorations] CAPPING events from decorations provider vscode.git 5420
[2022-09-10 23:00:12.762] [exthost] [warning] [Decorations] CAPPING events from decorations provider vscode.git 5420
[2022-09-10 23:00:17.983] [exthost] [warning] [Decorations] CAPPING events from decorations provider vscode.git 5420
[2022-09-10 23:00:23.220] [exthost] [warning] [Decorations] CAPPING events from decorations provider vscode.git 5420
[2022-09-10 23:00:28.439] [exthost] [warning] [Decorations] CAPPING events from decorations provider vscode.git 5420
[2022-09-10 23:00:33.674] [exthost] [warning] [Decorations] CAPPING events from decorations provider vscode.git 5420
[2022-09-10 23:00:51.494] [exthost] [warning] [Decorations] CAPPING events from decorations provider vscode.git 5420
[2022-09-10 23:00:56.736] [exthost] [warning] [Decorations] CAPPING events from decorations provider vscode.git 5420
[2022-09-10 23:01:01.987] [exthost] [warning] [Decorations] CAPPING events from decorations provider vscode.git 5420
[2022-09-10 23:01:07.253] [exthost] [warning] [Decorations] CAPPING events from decorations provider vscode.git 5420
[2022-09-10 23:01:12.515] [exthost] [warning] [Decorations] CAPPING events from decorations provider vscode.git 5420
[2022-09-10 23:01:18.657] [exthost] [warning] [Decorations] CAPPING events from decorations provider vscode.git 5420
[2022-09-10 23:01:23.930] [exthost] [warning] [Decorations] CAPPING events from decorations provider vscode.git 5420
[2022-09-10 23:01:29.178] [exthost] [warning] [Decorations] CAPPING events from decorations provider vscode.git 5420
[2022-09-10 23:01:34.417] [exthost] [warning] [Decorations] CAPPING events from decorations provider vscode.git 5420
[2022-09-10 23:01:39.731] [exthost] [warning] [Decorations] CAPPING events from decorations provider vscode.git 5420
[2022-09-10 23:01:44.969] [exthost] [warning] [Decorations] CAPPING events from decorations provider vscode.git 5420
[2022-09-10 23:01:50.210] [exthost] [warning] [Decorations] CAPPING events from decorations provider vscode.git 5420
[2022-09-10 23:01:55.457] [exthost] [warning] [Decorations] CAPPING events from decorations provider vscode.git 5420
[2022-09-10 23:02:00.729] [exthost] [warning] [Decorations] CAPPING events from decorations provider vscode.git 5420
[2022-09-10 23:02:05.999] [exthost] [warning] [Decorations] CAPPING events from decorations provider vscode.git 5421
[2022-09-10 23:02:11.274] [exthost] [warning] [Decorations] CAPPING events from decorations provider vscode.git 5421
[2022-09-10 23:02:16.521] [exthost] [warning] [Decorations] CAPPING events from decorations provider vscode.git 5421
[2022-09-10 23:02:21.761] [exthost] [warning] [Decorations] CAPPING events from decorations provider vscode.git 5421
[2022-09-10 23:02:26.998] [exthost] [warning] [Decorations] CAPPING events from decorations provider vscode.git 5421
[2022-09-10 23:02:32.239] [exthost] [warning] [Decorations] CAPPING events from decorations provider vscode.git 5421
[2022-09-10 23:02:37.486] [exthost] [warning] [Decorations] CAPPING events from decorations provider vscode.git 5421
[2022-09-10 23:02:42.751] [exthost] [warning] [Decorations] CAPPING events from decorations provider vscode.git 5421
[2022-09-10 23:02:48.016] [exthost] [warning] [Decorations] CAPPING events from decorations provider vscode.git 5421
[2022-09-10 23:02:53.285] [exthost] [warning] [Decorations] CAPPING events from decorations provider vscode.git 5421
[2022-09-10 23:02:58.554] [exthost] [warning] [Decorations] CAPPING events from decorations provider vscode.git 5421
[2022-09-10 23:03:03.798] [exthost] [warning] [Decorations] CAPPING events from decorations provider vscode.git 5421
[2022-09-10 23:05:09.270] [exthost] [warning] [Decorations] CAPPING events from decorations provider vscode.git 5421
[2022-09-10 23:05:14.493] [exthost] [warning] [Decorations] CAPPING events from decorations provider vscode.git 5421
[2022-09-10 23:11:48.669] [exthost] [warning] [Decorations] CAPPING events from decorations provider vscode.git 5421
[2022-09-10 23:35:48.723] [exthost] [info] Extension host terminating: received terminate message from renderer
[2022-09-10 23:35:48.724] [exthost] [info] Lock '/home/linl20/.vscode-server/data/User/workspaceStorage/846d061fbe3b7c3efc4e33135743ac56-1/vscode.lock': Marking the lockfile as scheduled to be released in 6000 ms.
[2022-09-10 23:35:48.766] [exthost] [info] Extension host with pid 31141 exiting with code 0
