[2022-09-13 21:37:53.869] [exthost] [info] Extension host with pid 22683 started
[2022-09-13 21:37:53.898] [exthost] [info] Lock '/home/linl20/.vscode-server/data/User/workspaceStorage/846d061fbe3b7c3efc4e33135743ac56/vscode.lock': Lock acquired.
[2022-09-13 21:37:54.028] [exthost] [info] ExtensionService#_doActivateExtension cschlosser.doxdocgen, startup: false, activationEvent: 'onLanguage:c'
[2022-09-13 21:37:54.098] [exthost] [info] ExtensionService#_doActivateExtension ms-vscode.cpptools, startup: false, activationEvent: 'onLanguage:c'
[2022-09-13 21:37:54.309] [exthost] [info] ExtensionService#_doActivateExtension vscode.debug-auto-launch, startup: true, activationEvent: '*'
[2022-09-13 21:37:54.314] [exthost] [info] ExtensionService#_doActivateExtension vscode.git-base, startup: true, activationEvent: '*', root cause: vscode.git
[2022-09-13 21:37:54.319] [exthost] [info] ExtensionService#_doActivateExtension vscode.ipynb, startup: true, activationEvent: '*'
[2022-09-13 21:37:54.434] [exthost] [info] ExtensionService#_doActivateExtension vscode.git, startup: true, activationEvent: '*'
[2022-09-13 21:37:54.562] [exthost] [info] ExtensionService#_doActivateExtension vscode.github, startup: true, activationEvent: '*'
[2022-09-13 21:37:55.445] [exthost] [warning] [Decorations] CAPPING events from decorations provider vscode.git 5479
[2022-09-13 21:37:56.550] [exthost] [warning] [Decorations] CAPPING events from decorations provider vscode.git 5479
[2022-09-13 21:37:57.539] [exthost] [info] ExtensionService#_doActivateExtension vscode.emmet, startup: false, activationEvent: 'onStartupFinished'
[2022-09-13 21:37:57.562] [exthost] [info] ExtensionService#_doActivateExtension vscode.merge-conflict, startup: false, activationEvent: 'onStartupFinished'
[2022-09-13 21:37:57.568] [exthost] [info] Eager extensions activated
[2022-09-13 21:37:59.813] [exthost] [warning] [Decorations] CAPPING events from decorations provider vscode.git 5483
[2022-09-13 21:38:51.381] [exthost] [warning] [Decorations] CAPPING events from decorations provider vscode.git 5483
[2022-09-13 21:38:56.608] [exthost] [warning] [Decorations] CAPPING events from decorations provider vscode.git 5483
[2022-09-13 21:39:10.631] [exthost] [warning] [Decorations] CAPPING events from decorations provider vscode.git 5483
[2022-09-13 21:39:15.849] [exthost] [warning] [Decorations] CAPPING events from decorations provider vscode.git 5483
[2022-09-13 21:39:21.060] [exthost] [warning] [Decorations] CAPPING events from decorations provider vscode.git 5483
[2022-09-13 21:39:26.277] [exthost] [warning] [Decorations] CAPPING events from decorations provider vscode.git 5483
[2022-09-13 21:39:31.510] [exthost] [warning] [Decorations] CAPPING events from decorations provider vscode.git 5483
[2022-09-13 21:39:36.753] [exthost] [warning] [Decorations] CAPPING events from decorations provider vscode.git 5483
[2022-09-13 21:39:42.001] [exthost] [warning] [Decorations] CAPPING events from decorations provider vscode.git 5483
[2022-09-13 21:39:47.250] [exthost] [warning] [Decorations] CAPPING events from decorations provider vscode.git 5483
[2022-09-13 21:39:52.527] [exthost] [warning] [Decorations] CAPPING events from decorations provider vscode.git 5483
[2022-09-13 21:39:57.793] [exthost] [warning] [Decorations] CAPPING events from decorations provider vscode.git 5483
[2022-09-13 21:40:03.050] [exthost] [warning] [Decorations] CAPPING events from decorations provider vscode.git 5483
[2022-09-13 21:40:03.091] [exthost] [info] ExtensionService#_doActivateExtension vscode.configuration-editing, startup: false, activationEvent: 'onLanguage:jsonc'
[2022-09-13 21:40:03.101] [exthost] [info] ExtensionService#_doActivateExtension vscode.json-language-features, startup: false, activationEvent: 'onLanguage:jsonc'
[2022-09-13 21:40:03.230] [exthost] [info] ExtensionService#_doActivateExtension vscode.typescript-language-features, startup: false, activationEvent: 'onLanguage:jsonc'
[2022-09-13 21:40:10.867] [exthost] [warning] [Decorations] CAPPING events from decorations provider vscode.git 5485
[2022-09-13 21:40:16.103] [exthost] [warning] [Decorations] CAPPING events from decorations provider vscode.git 5485
[2022-09-13 21:40:21.344] [exthost] [warning] [Decorations] CAPPING events from decorations provider vscode.git 5485
[2022-09-13 21:40:26.592] [exthost] [warning] [Decorations] CAPPING events from decorations provider vscode.git 5485
[2022-09-13 21:40:31.843] [exthost] [warning] [Decorations] CAPPING events from decorations provider vscode.git 5485
[2022-09-13 21:40:37.108] [exthost] [warning] [Decorations] CAPPING events from decorations provider vscode.git 5485
[2022-09-13 21:40:42.390] [exthost] [warning] [Decorations] CAPPING events from decorations provider vscode.git 5485
[2022-09-13 21:40:47.744] [exthost] [warning] [Decorations] CAPPING events from decorations provider vscode.git 5485
[2022-09-13 21:40:53.751] [exthost] [warning] [Decorations] CAPPING events from decorations provider vscode.git 5486
[2022-09-13 21:40:58.970] [exthost] [warning] [Decorations] CAPPING events from decorations provider vscode.git 5486
[2022-09-13 21:41:04.241] [exthost] [warning] [Decorations] CAPPING events from decorations provider vscode.git 5486
[2022-09-13 21:41:10.246] [exthost] [warning] [Decorations] CAPPING events from decorations provider vscode.git 5486
[2022-09-13 21:41:15.473] [exthost] [warning] [Decorations] CAPPING events from decorations provider vscode.git 5486
[2022-09-13 21:41:20.701] [exthost] [warning] [Decorations] CAPPING events from decorations provider vscode.git 5486
[2022-09-13 21:41:25.943] [exthost] [warning] [Decorations] CAPPING events from decorations provider vscode.git 5486
[2022-09-13 21:41:31.195] [exthost] [warning] [Decorations] CAPPING events from decorations provider vscode.git 5486
[2022-09-13 21:41:36.448] [exthost] [warning] [Decorations] CAPPING events from decorations provider vscode.git 5486
[2022-09-13 21:41:41.707] [exthost] [warning] [Decorations] CAPPING events from decorations provider vscode.git 5486
[2022-09-13 21:41:46.976] [exthost] [warning] [Decorations] CAPPING events from decorations provider vscode.git 5486
[2022-09-13 21:41:52.259] [exthost] [warning] [Decorations] CAPPING events from decorations provider vscode.git 5486
[2022-09-13 21:41:57.518] [exthost] [warning] [Decorations] CAPPING events from decorations provider vscode.git 5486
[2022-09-13 21:42:02.747] [exthost] [warning] [Decorations] CAPPING events from decorations provider vscode.git 5486
[2022-09-13 21:42:07.975] [exthost] [warning] [Decorations] CAPPING events from decorations provider vscode.git 5486
[2022-09-13 21:42:13.217] [exthost] [warning] [Decorations] CAPPING events from decorations provider vscode.git 5486
[2022-09-13 21:42:18.472] [exthost] [warning] [Decorations] CAPPING events from decorations provider vscode.git 5486
[2022-09-13 21:42:23.725] [exthost] [warning] [Decorations] CAPPING events from decorations provider vscode.git 5486
[2022-09-13 21:42:28.985] [exthost] [warning] [Decorations] CAPPING events from decorations provider vscode.git 5486
[2022-09-13 21:42:34.256] [exthost] [warning] [Decorations] CAPPING events from decorations provider vscode.git 5486
[2022-09-13 21:42:39.538] [exthost] [warning] [Decorations] CAPPING events from decorations provider vscode.git 5486
[2022-09-13 21:42:44.849] [exthost] [warning] [Decorations] CAPPING events from decorations provider vscode.git 5486
[2022-09-13 21:42:50.899] [exthost] [warning] [Decorations] CAPPING events from decorations provider vscode.git 5486
[2022-09-13 21:42:56.132] [exthost] [warning] [Decorations] CAPPING events from decorations provider vscode.git 5486
[2022-09-13 21:43:01.375] [exthost] [warning] [Decorations] CAPPING events from decorations provider vscode.git 5486
[2022-09-13 21:43:06.623] [exthost] [warning] [Decorations] CAPPING events from decorations provider vscode.git 5486
[2022-09-13 21:43:11.885] [exthost] [warning] [Decorations] CAPPING events from decorations provider vscode.git 5486
[2022-09-13 21:43:17.152] [exthost] [warning] [Decorations] CAPPING events from decorations provider vscode.git 5486
[2022-09-13 21:43:22.431] [exthost] [warning] [Decorations] CAPPING events from decorations provider vscode.git 5486
[2022-09-13 21:43:27.718] [exthost] [warning] [Decorations] CAPPING events from decorations provider vscode.git 5486
[2022-09-13 21:43:32.968] [exthost] [warning] [Decorations] CAPPING events from decorations provider vscode.git 5486
[2022-09-13 21:43:38.212] [exthost] [warning] [Decorations] CAPPING events from decorations provider vscode.git 5486
[2022-09-13 21:43:43.444] [exthost] [warning] [Decorations] CAPPING events from decorations provider vscode.git 5486
[2022-09-13 21:43:48.682] [exthost] [warning] [Decorations] CAPPING events from decorations provider vscode.git 5486
[2022-09-13 21:43:53.937] [exthost] [warning] [Decorations] CAPPING events from decorations provider vscode.git 5486
[2022-09-13 21:43:59.191] [exthost] [warning] [Decorations] CAPPING events from decorations provider vscode.git 5486
[2022-09-13 21:44:04.454] [exthost] [warning] [Decorations] CAPPING events from decorations provider vscode.git 5486
[2022-09-13 21:44:09.725] [exthost] [warning] [Decorations] CAPPING events from decorations provider vscode.git 5486
[2022-09-13 21:44:15.003] [exthost] [warning] [Decorations] CAPPING events from decorations provider vscode.git 5486
[2022-09-13 21:44:20.251] [exthost] [warning] [Decorations] CAPPING events from decorations provider vscode.git 5486
[2022-09-13 21:44:26.431] [exthost] [warning] [Decorations] CAPPING events from decorations provider vscode.git 5486
[2022-09-13 21:44:31.663] [exthost] [warning] [Decorations] CAPPING events from decorations provider vscode.git 5486
[2022-09-13 21:44:36.906] [exthost] [warning] [Decorations] CAPPING events from decorations provider vscode.git 5486
[2022-09-13 21:44:42.153] [exthost] [warning] [Decorations] CAPPING events from decorations provider vscode.git 5486
[2022-09-13 21:44:47.407] [exthost] [warning] [Decorations] CAPPING events from decorations provider vscode.git 5486
[2022-09-13 21:44:52.677] [exthost] [warning] [Decorations] CAPPING events from decorations provider vscode.git 5486
[2022-09-13 21:44:57.949] [exthost] [warning] [Decorations] CAPPING events from decorations provider vscode.git 5486
[2022-09-13 21:45:03.232] [exthost] [warning] [Decorations] CAPPING events from decorations provider vscode.git 5486
[2022-09-13 21:45:08.478] [exthost] [warning] [Decorations] CAPPING events from decorations provider vscode.git 5486
[2022-09-13 21:45:13.724] [exthost] [warning] [Decorations] CAPPING events from decorations provider vscode.git 5486
[2022-09-13 21:45:18.962] [exthost] [warning] [Decorations] CAPPING events from decorations provider vscode.git 5486
[2022-09-13 21:45:24.206] [exthost] [warning] [Decorations] CAPPING events from decorations provider vscode.git 5486
[2022-09-13 21:45:29.465] [exthost] [warning] [Decorations] CAPPING events from decorations provider vscode.git 5486
[2022-09-13 21:45:34.724] [exthost] [warning] [Decorations] CAPPING events from decorations provider vscode.git 5486
[2022-09-13 21:45:39.993] [exthost] [warning] [Decorations] CAPPING events from decorations provider vscode.git 5486
[2022-09-13 21:45:45.267] [exthost] [warning] [Decorations] CAPPING events from decorations provider vscode.git 5486
[2022-09-13 21:45:50.541] [exthost] [warning] [Decorations] CAPPING events from decorations provider vscode.git 5486
[2022-09-13 21:45:55.801] [exthost] [warning] [Decorations] CAPPING events from decorations provider vscode.git 5486
[2022-09-13 21:46:01.036] [exthost] [warning] [Decorations] CAPPING events from decorations provider vscode.git 5486
[2022-09-13 21:46:06.281] [exthost] [warning] [Decorations] CAPPING events from decorations provider vscode.git 5486
[2022-09-13 21:46:11.522] [exthost] [warning] [Decorations] CAPPING events from decorations provider vscode.git 5486
[2022-09-13 21:46:16.770] [exthost] [warning] [Decorations] CAPPING events from decorations provider vscode.git 5486
[2022-09-13 21:46:22.027] [exthost] [warning] [Decorations] CAPPING events from decorations provider vscode.git 5486
[2022-09-13 21:46:27.285] [exthost] [warning] [Decorations] CAPPING events from decorations provider vscode.git 5486
[2022-09-13 21:46:32.563] [exthost] [warning] [Decorations] CAPPING events from decorations provider vscode.git 5486
[2022-09-13 21:46:37.845] [exthost] [warning] [Decorations] CAPPING events from decorations provider vscode.git 5486
[2022-09-13 21:47:26.911] [exthost] [warning] [Decorations] CAPPING events from decorations provider vscode.git 5486
[2022-09-13 21:47:32.143] [exthost] [warning] [Decorations] CAPPING events from decorations provider vscode.git 5486
[2022-09-13 21:47:37.366] [exthost] [warning] [Decorations] CAPPING events from decorations provider vscode.git 5486
[2022-09-13 21:47:42.601] [exthost] [warning] [Decorations] CAPPING events from decorations provider vscode.git 5486
[2022-09-13 21:47:47.849] [exthost] [warning] [Decorations] CAPPING events from decorations provider vscode.git 5486
[2022-09-13 21:47:53.120] [exthost] [warning] [Decorations] CAPPING events from decorations provider vscode.git 5486
[2022-09-13 21:47:58.385] [exthost] [warning] [Decorations] CAPPING events from decorations provider vscode.git 5486
[2022-09-13 21:48:03.645] [exthost] [warning] [Decorations] CAPPING events from decorations provider vscode.git 5486
[2022-09-13 21:48:08.918] [exthost] [warning] [Decorations] CAPPING events from decorations provider vscode.git 5486
[2022-09-13 21:48:14.199] [exthost] [warning] [Decorations] CAPPING events from decorations provider vscode.git 5486
[2022-09-13 21:48:19.442] [exthost] [warning] [Decorations] CAPPING events from decorations provider vscode.git 5486
[2022-09-13 21:48:24.665] [exthost] [warning] [Decorations] CAPPING events from decorations provider vscode.git 5486
[2022-09-13 21:48:29.888] [exthost] [warning] [Decorations] CAPPING events from decorations provider vscode.git 5486
[2022-09-13 21:48:35.126] [exthost] [warning] [Decorations] CAPPING events from decorations provider vscode.git 5486
[2022-09-13 21:48:40.381] [exthost] [warning] [Decorations] CAPPING events from decorations provider vscode.git 5486
[2022-09-13 21:48:45.633] [exthost] [warning] [Decorations] CAPPING events from decorations provider vscode.git 5486
[2022-09-13 21:48:50.891] [exthost] [warning] [Decorations] CAPPING events from decorations provider vscode.git 5486
[2022-09-13 21:48:56.170] [exthost] [warning] [Decorations] CAPPING events from decorations provider vscode.git 5486
[2022-09-13 21:49:01.447] [exthost] [warning] [Decorations] CAPPING events from decorations provider vscode.git 5486
[2022-09-13 21:49:06.694] [exthost] [warning] [Decorations] CAPPING events from decorations provider vscode.git 5486
[2022-09-13 21:49:11.944] [exthost] [warning] [Decorations] CAPPING events from decorations provider vscode.git 5486
[2022-09-13 21:49:17.177] [exthost] [warning] [Decorations] CAPPING events from decorations provider vscode.git 5486
[2022-09-13 21:49:22.413] [exthost] [warning] [Decorations] CAPPING events from decorations provider vscode.git 5486
[2022-09-13 21:49:27.665] [exthost] [warning] [Decorations] CAPPING events from decorations provider vscode.git 5486
[2022-09-13 21:49:32.921] [exthost] [warning] [Decorations] CAPPING events from decorations provider vscode.git 5486
[2022-09-13 21:49:38.186] [exthost] [warning] [Decorations] CAPPING events from decorations provider vscode.git 5486
[2022-09-13 21:49:43.451] [exthost] [warning] [Decorations] CAPPING events from decorations provider vscode.git 5486
[2022-09-13 21:49:48.733] [exthost] [warning] [Decorations] CAPPING events from decorations provider vscode.git 5486
[2022-09-13 21:49:53.988] [exthost] [warning] [Decorations] CAPPING events from decorations provider vscode.git 5486
[2022-09-13 21:50:02.893] [exthost] [warning] [Decorations] CAPPING events from decorations provider vscode.git 5486
[2022-09-13 21:50:08.131] [exthost] [warning] [Decorations] CAPPING events from decorations provider vscode.git 5486
[2022-09-13 21:50:13.366] [exthost] [warning] [Decorations] CAPPING events from decorations provider vscode.git 5486
[2022-09-13 21:50:18.609] [exthost] [warning] [Decorations] CAPPING events from decorations provider vscode.git 5486
[2022-09-13 21:50:23.876] [exthost] [warning] [Decorations] CAPPING events from decorations provider vscode.git 5486
[2022-09-13 21:50:29.148] [exthost] [warning] [Decorations] CAPPING events from decorations provider vscode.git 5486
[2022-09-13 21:50:34.419] [exthost] [warning] [Decorations] CAPPING events from decorations provider vscode.git 5486
[2022-09-13 21:50:39.696] [exthost] [warning] [Decorations] CAPPING events from decorations provider vscode.git 5486
[2022-09-13 21:50:44.951] [exthost] [warning] [Decorations] CAPPING events from decorations provider vscode.git 5486
[2022-09-13 21:50:50.182] [exthost] [warning] [Decorations] CAPPING events from decorations provider vscode.git 5486
[2022-09-13 21:50:55.417] [exthost] [warning] [Decorations] CAPPING events from decorations provider vscode.git 5486
[2022-09-13 21:51:00.660] [exthost] [warning] [Decorations] CAPPING events from decorations provider vscode.git 5486
[2022-09-13 21:51:05.910] [exthost] [warning] [Decorations] CAPPING events from decorations provider vscode.git 5486
[2022-09-13 21:51:11.162] [exthost] [warning] [Decorations] CAPPING events from decorations provider vscode.git 5486
[2022-09-13 21:51:16.427] [exthost] [warning] [Decorations] CAPPING events from decorations provider vscode.git 5486
[2022-09-13 21:51:21.704] [exthost] [warning] [Decorations] CAPPING events from decorations provider vscode.git 5486
[2022-09-13 21:51:26.985] [exthost] [warning] [Decorations] CAPPING events from decorations provider vscode.git 5486
[2022-09-13 21:51:32.238] [exthost] [warning] [Decorations] CAPPING events from decorations provider vscode.git 5486
[2022-09-13 21:51:37.504] [exthost] [warning] [Decorations] CAPPING events from decorations provider vscode.git 5486
[2022-09-13 21:51:42.746] [exthost] [warning] [Decorations] CAPPING events from decorations provider vscode.git 5486
[2022-09-13 21:51:47.984] [exthost] [warning] [Decorations] CAPPING events from decorations provider vscode.git 5486
[2022-09-13 21:51:53.237] [exthost] [warning] [Decorations] CAPPING events from decorations provider vscode.git 5486
[2022-09-13 21:51:58.490] [exthost] [warning] [Decorations] CAPPING events from decorations provider vscode.git 5486
[2022-09-13 21:52:03.754] [exthost] [warning] [Decorations] CAPPING events from decorations provider vscode.git 5486
[2022-09-13 21:52:09.019] [exthost] [warning] [Decorations] CAPPING events from decorations provider vscode.git 5486
[2022-09-13 21:52:14.300] [exthost] [warning] [Decorations] CAPPING events from decorations provider vscode.git 5486
[2022-09-13 21:52:19.567] [exthost] [warning] [Decorations] CAPPING events from decorations provider vscode.git 5486
[2022-09-13 21:52:24.811] [exthost] [warning] [Decorations] CAPPING events from decorations provider vscode.git 5486
[2022-09-13 21:52:30.049] [exthost] [warning] [Decorations] CAPPING events from decorations provider vscode.git 5486
[2022-09-13 21:52:35.327] [exthost] [warning] [Decorations] CAPPING events from decorations provider vscode.git 5486
[2022-09-13 21:52:40.575] [exthost] [warning] [Decorations] CAPPING events from decorations provider vscode.git 5486
[2022-09-13 21:52:45.829] [exthost] [warning] [Decorations] CAPPING events from decorations provider vscode.git 5486
[2022-09-13 21:52:51.097] [exthost] [warning] [Decorations] CAPPING events from decorations provider vscode.git 5486
[2022-09-13 21:52:56.364] [exthost] [warning] [Decorations] CAPPING events from decorations provider vscode.git 5486
[2022-09-13 21:53:01.670] [exthost] [warning] [Decorations] CAPPING events from decorations provider vscode.git 5486
[2022-09-13 21:53:06.933] [exthost] [warning] [Decorations] CAPPING events from decorations provider vscode.git 5486
[2022-09-13 21:53:12.188] [exthost] [warning] [Decorations] CAPPING events from decorations provider vscode.git 5486
[2022-09-13 21:53:17.467] [exthost] [warning] [Decorations] CAPPING events from decorations provider vscode.git 5486
[2022-09-13 21:53:23.514] [exthost] [warning] [Decorations] CAPPING events from decorations provider vscode.git 5486
[2022-09-13 21:53:28.771] [exthost] [warning] [Decorations] CAPPING events from decorations provider vscode.git 5486
[2022-09-13 21:53:34.027] [exthost] [warning] [Decorations] CAPPING events from decorations provider vscode.git 5486
[2022-09-13 21:53:39.305] [exthost] [warning] [Decorations] CAPPING events from decorations provider vscode.git 5486
[2022-09-13 21:53:44.580] [exthost] [warning] [Decorations] CAPPING events from decorations provider vscode.git 5486
[2022-09-13 21:53:49.867] [exthost] [warning] [Decorations] CAPPING events from decorations provider vscode.git 5486
[2022-09-13 21:53:55.140] [exthost] [warning] [Decorations] CAPPING events from decorations provider vscode.git 5486
[2022-09-13 21:54:00.387] [exthost] [warning] [Decorations] CAPPING events from decorations provider vscode.git 5486
[2022-09-13 21:54:05.646] [exthost] [warning] [Decorations] CAPPING events from decorations provider vscode.git 5486
[2022-09-13 21:54:10.895] [exthost] [warning] [Decorations] CAPPING events from decorations provider vscode.git 5486
[2022-09-13 21:54:16.148] [exthost] [warning] [Decorations] CAPPING events from decorations provider vscode.git 5486
[2022-09-13 21:54:21.404] [exthost] [warning] [Decorations] CAPPING events from decorations provider vscode.git 5486
[2022-09-13 21:54:26.676] [exthost] [warning] [Decorations] CAPPING events from decorations provider vscode.git 5486
[2022-09-13 21:54:31.950] [exthost] [warning] [Decorations] CAPPING events from decorations provider vscode.git 5486
[2022-09-13 21:54:37.227] [exthost] [warning] [Decorations] CAPPING events from decorations provider vscode.git 5486
[2022-09-13 21:54:42.501] [exthost] [warning] [Decorations] CAPPING events from decorations provider vscode.git 5486
[2022-09-13 21:54:47.753] [exthost] [warning] [Decorations] CAPPING events from decorations provider vscode.git 5486
[2022-09-13 21:54:53.014] [exthost] [warning] [Decorations] CAPPING events from decorations provider vscode.git 5486
[2022-09-13 21:54:58.271] [exthost] [warning] [Decorations] CAPPING events from decorations provider vscode.git 5486
[2022-09-13 21:55:03.522] [exthost] [warning] [Decorations] CAPPING events from decorations provider vscode.git 5486
[2022-09-13 21:55:08.786] [exthost] [warning] [Decorations] CAPPING events from decorations provider vscode.git 5486
[2022-09-13 21:55:14.055] [exthost] [warning] [Decorations] CAPPING events from decorations provider vscode.git 5486
[2022-09-13 21:55:19.331] [exthost] [warning] [Decorations] CAPPING events from decorations provider vscode.git 5486
[2022-09-13 21:55:24.621] [exthost] [warning] [Decorations] CAPPING events from decorations provider vscode.git 5486
[2022-09-13 21:55:29.904] [exthost] [warning] [Decorations] CAPPING events from decorations provider vscode.git 5486
[2022-09-13 21:55:35.158] [exthost] [warning] [Decorations] CAPPING events from decorations provider vscode.git 5486
[2022-09-13 21:55:40.411] [exthost] [warning] [Decorations] CAPPING events from decorations provider vscode.git 5486
[2022-09-13 21:55:45.669] [exthost] [warning] [Decorations] CAPPING events from decorations provider vscode.git 5486
[2022-09-13 21:55:50.933] [exthost] [warning] [Decorations] CAPPING events from decorations provider vscode.git 5486
[2022-09-13 21:55:56.195] [exthost] [warning] [Decorations] CAPPING events from decorations provider vscode.git 5486
[2022-09-13 21:56:01.468] [exthost] [warning] [Decorations] CAPPING events from decorations provider vscode.git 5486
[2022-09-13 21:56:06.746] [exthost] [warning] [Decorations] CAPPING events from decorations provider vscode.git 5486
[2022-09-13 21:56:12.027] [exthost] [warning] [Decorations] CAPPING events from decorations provider vscode.git 5486
[2022-09-13 21:56:17.303] [exthost] [warning] [Decorations] CAPPING events from decorations provider vscode.git 5486
[2022-09-13 21:56:22.559] [exthost] [warning] [Decorations] CAPPING events from decorations provider vscode.git 5486
[2022-09-13 21:56:27.819] [exthost] [warning] [Decorations] CAPPING events from decorations provider vscode.git 5486
[2022-09-13 21:56:33.089] [exthost] [warning] [Decorations] CAPPING events from decorations provider vscode.git 5486
[2022-09-13 21:56:38.350] [exthost] [warning] [Decorations] CAPPING events from decorations provider vscode.git 5486
[2022-09-13 21:56:43.611] [exthost] [warning] [Decorations] CAPPING events from decorations provider vscode.git 5486
[2022-09-13 21:56:48.880] [exthost] [warning] [Decorations] CAPPING events from decorations provider vscode.git 5486
[2022-09-13 21:56:54.150] [exthost] [warning] [Decorations] CAPPING events from decorations provider vscode.git 5486
[2022-09-13 21:56:59.437] [exthost] [warning] [Decorations] CAPPING events from decorations provider vscode.git 5486
[2022-09-13 21:57:04.701] [exthost] [warning] [Decorations] CAPPING events from decorations provider vscode.git 5486
[2022-09-13 21:57:09.953] [exthost] [warning] [Decorations] CAPPING events from decorations provider vscode.git 5486
[2022-09-13 21:57:15.209] [exthost] [warning] [Decorations] CAPPING events from decorations provider vscode.git 5486
[2022-09-13 21:57:20.467] [exthost] [warning] [Decorations] CAPPING events from decorations provider vscode.git 5486
[2022-09-13 21:57:25.737] [exthost] [warning] [Decorations] CAPPING events from decorations provider vscode.git 5486
[2022-09-13 21:57:30.996] [exthost] [warning] [Decorations] CAPPING events from decorations provider vscode.git 5486
[2022-09-13 21:57:36.271] [exthost] [warning] [Decorations] CAPPING events from decorations provider vscode.git 5486
[2022-09-13 21:57:41.545] [exthost] [warning] [Decorations] CAPPING events from decorations provider vscode.git 5486
[2022-09-13 21:57:46.827] [exthost] [warning] [Decorations] CAPPING events from decorations provider vscode.git 5486
[2022-09-13 21:57:52.103] [exthost] [warning] [Decorations] CAPPING events from decorations provider vscode.git 5486
[2022-09-13 21:57:57.360] [exthost] [warning] [Decorations] CAPPING events from decorations provider vscode.git 5486
[2022-09-13 21:58:02.626] [exthost] [warning] [Decorations] CAPPING events from decorations provider vscode.git 5486
[2022-09-13 21:58:07.895] [exthost] [warning] [Decorations] CAPPING events from decorations provider vscode.git 5486
[2022-09-13 21:58:13.152] [exthost] [warning] [Decorations] CAPPING events from decorations provider vscode.git 5486
[2022-09-13 21:58:18.412] [exthost] [warning] [Decorations] CAPPING events from decorations provider vscode.git 5486
[2022-09-13 21:58:23.678] [exthost] [warning] [Decorations] CAPPING events from decorations provider vscode.git 5486
[2022-09-13 21:58:28.955] [exthost] [warning] [Decorations] CAPPING events from decorations provider vscode.git 5486
[2022-09-13 21:58:34.236] [exthost] [warning] [Decorations] CAPPING events from decorations provider vscode.git 5486
[2022-09-13 21:58:39.505] [exthost] [warning] [Decorations] CAPPING events from decorations provider vscode.git 5486
[2022-09-13 21:58:44.758] [exthost] [warning] [Decorations] CAPPING events from decorations provider vscode.git 5486
[2022-09-13 21:58:50.021] [exthost] [warning] [Decorations] CAPPING events from decorations provider vscode.git 5486
[2022-09-13 21:58:55.275] [exthost] [warning] [Decorations] CAPPING events from decorations provider vscode.git 5486
[2022-09-13 21:59:00.546] [exthost] [warning] [Decorations] CAPPING events from decorations provider vscode.git 5486
[2022-09-13 21:59:05.811] [exthost] [warning] [Decorations] CAPPING events from decorations provider vscode.git 5486
[2022-09-13 21:59:11.082] [exthost] [warning] [Decorations] CAPPING events from decorations provider vscode.git 5486
[2022-09-13 21:59:16.354] [exthost] [warning] [Decorations] CAPPING events from decorations provider vscode.git 5486
[2022-09-13 21:59:21.652] [exthost] [warning] [Decorations] CAPPING events from decorations provider vscode.git 5486
[2022-09-13 21:59:26.929] [exthost] [warning] [Decorations] CAPPING events from decorations provider vscode.git 5486
[2022-09-13 21:59:32.190] [exthost] [warning] [Decorations] CAPPING events from decorations provider vscode.git 5486
[2022-09-13 21:59:37.455] [exthost] [warning] [Decorations] CAPPING events from decorations provider vscode.git 5486
[2022-09-13 21:59:42.719] [exthost] [warning] [Decorations] CAPPING events from decorations provider vscode.git 5486
[2022-09-13 21:59:47.979] [exthost] [warning] [Decorations] CAPPING events from decorations provider vscode.git 5486
[2022-09-13 22:01:50.839] [exthost] [warning] [Decorations] CAPPING events from decorations provider vscode.git 5486
[2022-09-13 22:01:56.068] [exthost] [warning] [Decorations] CAPPING events from decorations provider vscode.git 5486
[2022-09-13 22:02:01.289] [exthost] [warning] [Decorations] CAPPING events from decorations provider vscode.git 5486
[2022-09-13 22:02:06.516] [exthost] [warning] [Decorations] CAPPING events from decorations provider vscode.git 5486
[2022-09-13 22:02:11.763] [exthost] [warning] [Decorations] CAPPING events from decorations provider vscode.git 5486
[2022-09-13 22:02:17.009] [exthost] [warning] [Decorations] CAPPING events from decorations provider vscode.git 5486
[2022-09-13 22:02:22.272] [exthost] [warning] [Decorations] CAPPING events from decorations provider vscode.git 5486
[2022-09-13 22:02:27.546] [exthost] [warning] [Decorations] CAPPING events from decorations provider vscode.git 5486
[2022-09-13 22:02:32.821] [exthost] [warning] [Decorations] CAPPING events from decorations provider vscode.git 5486
[2022-09-13 22:02:38.118] [exthost] [warning] [Decorations] CAPPING events from decorations provider vscode.git 5486
[2022-09-13 22:02:43.371] [exthost] [warning] [Decorations] CAPPING events from decorations provider vscode.git 5486
[2022-09-13 22:02:48.616] [exthost] [warning] [Decorations] CAPPING events from decorations provider vscode.git 5486
[2022-09-13 22:02:53.862] [exthost] [warning] [Decorations] CAPPING events from decorations provider vscode.git 5486
[2022-09-13 22:02:59.105] [exthost] [warning] [Decorations] CAPPING events from decorations provider vscode.git 5486
[2022-09-13 22:03:04.358] [exthost] [warning] [Decorations] CAPPING events from decorations provider vscode.git 5486
[2022-09-13 22:03:09.617] [exthost] [warning] [Decorations] CAPPING events from decorations provider vscode.git 5486
[2022-09-13 22:03:14.891] [exthost] [warning] [Decorations] CAPPING events from decorations provider vscode.git 5486
[2022-09-13 22:03:20.176] [exthost] [warning] [Decorations] CAPPING events from decorations provider vscode.git 5486
[2022-09-13 22:03:25.475] [exthost] [warning] [Decorations] CAPPING events from decorations provider vscode.git 5486
[2022-09-13 22:03:30.733] [exthost] [warning] [Decorations] CAPPING events from decorations provider vscode.git 5486
[2022-09-13 22:03:35.975] [exthost] [warning] [Decorations] CAPPING events from decorations provider vscode.git 5486
[2022-09-13 22:03:41.230] [exthost] [warning] [Decorations] CAPPING events from decorations provider vscode.git 5486
[2022-09-13 22:03:46.480] [exthost] [warning] [Decorations] CAPPING events from decorations provider vscode.git 5486
[2022-09-13 22:03:51.737] [exthost] [warning] [Decorations] CAPPING events from decorations provider vscode.git 5486
[2022-09-13 22:03:56.998] [exthost] [warning] [Decorations] CAPPING events from decorations provider vscode.git 5486
[2022-09-13 22:04:02.259] [exthost] [warning] [Decorations] CAPPING events from decorations provider vscode.git 5486
[2022-09-13 22:04:07.544] [exthost] [warning] [Decorations] CAPPING events from decorations provider vscode.git 5486
[2022-09-13 22:04:12.828] [exthost] [warning] [Decorations] CAPPING events from decorations provider vscode.git 5486
[2022-09-13 22:04:18.091] [exthost] [warning] [Decorations] CAPPING events from decorations provider vscode.git 5486
[2022-09-13 22:04:23.331] [exthost] [warning] [Decorations] CAPPING events from decorations provider vscode.git 5486
[2022-09-13 22:04:28.586] [exthost] [warning] [Decorations] CAPPING events from decorations provider vscode.git 5487
[2022-09-13 22:04:33.851] [exthost] [warning] [Decorations] CAPPING events from decorations provider vscode.git 5487
[2022-09-13 22:04:39.105] [exthost] [warning] [Decorations] CAPPING events from decorations provider vscode.git 5487
[2022-09-13 22:04:44.368] [exthost] [warning] [Decorations] CAPPING events from decorations provider vscode.git 5487
[2022-09-13 22:04:49.634] [exthost] [warning] [Decorations] CAPPING events from decorations provider vscode.git 5487
[2022-09-13 22:04:54.909] [exthost] [warning] [Decorations] CAPPING events from decorations provider vscode.git 5487
[2022-09-13 22:05:00.198] [exthost] [warning] [Decorations] CAPPING events from decorations provider vscode.git 5487
[2022-09-13 22:05:05.483] [exthost] [warning] [Decorations] CAPPING events from decorations provider vscode.git 5487
[2022-09-13 22:05:10.731] [exthost] [warning] [Decorations] CAPPING events from decorations provider vscode.git 5487
[2022-09-13 22:05:15.978] [exthost] [warning] [Decorations] CAPPING events from decorations provider vscode.git 5487
[2022-09-13 22:05:21.231] [exthost] [warning] [Decorations] CAPPING events from decorations provider vscode.git 5487
[2022-09-13 22:05:26.492] [exthost] [warning] [Decorations] CAPPING events from decorations provider vscode.git 5487
[2022-09-13 22:05:31.752] [exthost] [warning] [Decorations] CAPPING events from decorations provider vscode.git 5487
[2022-09-13 22:05:37.022] [exthost] [warning] [Decorations] CAPPING events from decorations provider vscode.git 5487
[2022-09-13 22:05:42.309] [exthost] [warning] [Decorations] CAPPING events from decorations provider vscode.git 5487
[2022-09-13 22:05:48.395] [exthost] [warning] [Decorations] CAPPING events from decorations provider vscode.git 5487
[2022-09-13 22:05:53.659] [exthost] [warning] [Decorations] CAPPING events from decorations provider vscode.git 5487
[2022-09-13 22:05:58.905] [exthost] [warning] [Decorations] CAPPING events from decorations provider vscode.git 5487
[2022-09-13 22:06:04.151] [exthost] [warning] [Decorations] CAPPING events from decorations provider vscode.git 5487
[2022-09-13 22:06:09.402] [exthost] [warning] [Decorations] CAPPING events from decorations provider vscode.git 5487
[2022-09-13 22:06:14.665] [exthost] [warning] [Decorations] CAPPING events from decorations provider vscode.git 5487
[2022-09-13 22:06:19.926] [exthost] [warning] [Decorations] CAPPING events from decorations provider vscode.git 5487
[2022-09-13 22:06:56.453] [exthost] [warning] [Decorations] CAPPING events from decorations provider vscode.git 5487
[2022-09-13 22:07:02.613] [exthost] [warning] [Decorations] CAPPING events from decorations provider vscode.git 5487
[2022-09-13 22:07:07.841] [exthost] [warning] [Decorations] CAPPING events from decorations provider vscode.git 5487
[2022-09-13 22:07:13.074] [exthost] [warning] [Decorations] CAPPING events from decorations provider vscode.git 5487
[2022-09-13 22:07:18.321] [exthost] [warning] [Decorations] CAPPING events from decorations provider vscode.git 5487
[2022-09-13 22:07:23.577] [exthost] [warning] [Decorations] CAPPING events from decorations provider vscode.git 5487
[2022-09-13 22:07:28.837] [exthost] [warning] [Decorations] CAPPING events from decorations provider vscode.git 5487
[2022-09-13 22:07:34.107] [exthost] [warning] [Decorations] CAPPING events from decorations provider vscode.git 5487
[2022-09-13 22:07:39.386] [exthost] [warning] [Decorations] CAPPING events from decorations provider vscode.git 5487
[2022-09-13 22:07:44.636] [exthost] [warning] [Decorations] CAPPING events from decorations provider vscode.git 5487
[2022-09-13 22:07:49.869] [exthost] [warning] [Decorations] CAPPING events from decorations provider vscode.git 5487
[2022-09-13 22:07:55.112] [exthost] [warning] [Decorations] CAPPING events from decorations provider vscode.git 5487
[2022-09-13 22:08:00.362] [exthost] [warning] [Decorations] CAPPING events from decorations provider vscode.git 5487
[2022-09-13 22:08:05.641] [exthost] [warning] [Decorations] CAPPING events from decorations provider vscode.git 5487
[2022-09-13 22:08:10.921] [exthost] [warning] [Decorations] CAPPING events from decorations provider vscode.git 5487
[2022-09-13 22:08:16.959] [exthost] [warning] [Decorations] CAPPING events from decorations provider vscode.git 5487
[2022-09-13 22:08:22.252] [exthost] [warning] [Decorations] CAPPING events from decorations provider vscode.git 5487
[2022-09-13 22:08:27.537] [exthost] [warning] [Decorations] CAPPING events from decorations provider vscode.git 5487
[2022-09-13 22:08:32.787] [exthost] [warning] [Decorations] CAPPING events from decorations provider vscode.git 5487
[2022-09-13 22:08:38.023] [exthost] [warning] [Decorations] CAPPING events from decorations provider vscode.git 5487
[2022-09-13 22:08:43.257] [exthost] [warning] [Decorations] CAPPING events from decorations provider vscode.git 5487
[2022-09-13 22:08:48.510] [exthost] [warning] [Decorations] CAPPING events from decorations provider vscode.git 5487
[2022-09-13 22:08:53.767] [exthost] [warning] [Decorations] CAPPING events from decorations provider vscode.git 5487
[2022-09-13 22:08:59.023] [exthost] [warning] [Decorations] CAPPING events from decorations provider vscode.git 5487
[2022-09-13 22:09:04.283] [exthost] [warning] [Decorations] CAPPING events from decorations provider vscode.git 5487
[2022-09-13 22:09:09.570] [exthost] [warning] [Decorations] CAPPING events from decorations provider vscode.git 5487
[2022-09-13 22:09:14.853] [exthost] [warning] [Decorations] CAPPING events from decorations provider vscode.git 5487
[2022-09-13 22:09:20.099] [exthost] [warning] [Decorations] CAPPING events from decorations provider vscode.git 5487
[2022-09-13 22:09:25.346] [exthost] [warning] [Decorations] CAPPING events from decorations provider vscode.git 5487
[2022-09-13 22:09:30.600] [exthost] [warning] [Decorations] CAPPING events from decorations provider vscode.git 5487
[2022-09-13 22:09:35.844] [exthost] [warning] [Decorations] CAPPING events from decorations provider vscode.git 5487
[2022-09-13 22:09:41.095] [exthost] [warning] [Decorations] CAPPING events from decorations provider vscode.git 5487
[2022-09-13 22:09:46.355] [exthost] [warning] [Decorations] CAPPING events from decorations provider vscode.git 5488
[2022-09-13 22:09:51.630] [exthost] [warning] [Decorations] CAPPING events from decorations provider vscode.git 5488
[2022-09-13 22:09:56.908] [exthost] [warning] [Decorations] CAPPING events from decorations provider vscode.git 5488
[2022-09-13 22:10:02.194] [exthost] [warning] [Decorations] CAPPING events from decorations provider vscode.git 5488
[2022-09-13 22:10:07.455] [exthost] [warning] [Decorations] CAPPING events from decorations provider vscode.git 5488
[2022-09-13 22:10:12.698] [exthost] [warning] [Decorations] CAPPING events from decorations provider vscode.git 5488
[2022-09-13 22:10:25.428] [exthost] [warning] [Decorations] CAPPING events from decorations provider vscode.git 5488
[2022-09-13 22:10:30.663] [exthost] [warning] [Decorations] CAPPING events from decorations provider vscode.git 5488
[2022-09-13 22:10:35.903] [exthost] [warning] [Decorations] CAPPING events from decorations provider vscode.git 5488
[2022-09-13 22:10:41.148] [exthost] [warning] [Decorations] CAPPING events from decorations provider vscode.git 5488
[2022-09-13 22:10:46.400] [exthost] [warning] [Decorations] CAPPING events from decorations provider vscode.git 5488
[2022-09-13 22:10:51.655] [exthost] [warning] [Decorations] CAPPING events from decorations provider vscode.git 5488
[2022-09-13 22:10:56.931] [exthost] [warning] [Decorations] CAPPING events from decorations provider vscode.git 5488
[2022-09-13 22:11:02.203] [exthost] [warning] [Decorations] CAPPING events from decorations provider vscode.git 5488
[2022-09-13 22:11:07.484] [exthost] [warning] [Decorations] CAPPING events from decorations provider vscode.git 5488
[2022-09-13 22:11:12.753] [exthost] [warning] [Decorations] CAPPING events from decorations provider vscode.git 5488
[2022-09-13 22:11:18.008] [exthost] [warning] [Decorations] CAPPING events from decorations provider vscode.git 5488
[2022-09-13 22:11:23.261] [exthost] [warning] [Decorations] CAPPING events from decorations provider vscode.git 5488
[2022-09-13 22:11:29.293] [exthost] [warning] [Decorations] CAPPING events from decorations provider vscode.git 5488
[2022-09-13 22:11:34.553] [exthost] [warning] [Decorations] CAPPING events from decorations provider vscode.git 5488
[2022-09-13 22:11:39.812] [exthost] [warning] [Decorations] CAPPING events from decorations provider vscode.git 5488
[2022-09-13 22:11:45.083] [exthost] [warning] [Decorations] CAPPING events from decorations provider vscode.git 5488
[2022-09-13 22:11:50.362] [exthost] [warning] [Decorations] CAPPING events from decorations provider vscode.git 5488
[2022-09-13 22:11:55.647] [exthost] [warning] [Decorations] CAPPING events from decorations provider vscode.git 5488
[2022-09-13 22:12:02.741] [exthost] [warning] [Decorations] CAPPING events from decorations provider vscode.git 5488
[2022-09-13 22:12:07.985] [exthost] [warning] [Decorations] CAPPING events from decorations provider vscode.git 5488
[2022-09-13 22:12:13.250] [exthost] [warning] [Decorations] CAPPING events from decorations provider vscode.git 5488
[2022-09-13 22:12:18.496] [exthost] [warning] [Decorations] CAPPING events from decorations provider vscode.git 5488
[2022-09-13 22:12:23.746] [exthost] [warning] [Decorations] CAPPING events from decorations provider vscode.git 5488
[2022-09-13 22:12:29.002] [exthost] [warning] [Decorations] CAPPING events from decorations provider vscode.git 5488
[2022-09-13 22:12:34.269] [exthost] [warning] [Decorations] CAPPING events from decorations provider vscode.git 5488
[2022-09-13 22:12:39.552] [exthost] [warning] [Decorations] CAPPING events from decorations provider vscode.git 5488
[2022-09-13 22:12:44.833] [exthost] [warning] [Decorations] CAPPING events from decorations provider vscode.git 5488
[2022-09-13 22:12:51.945] [exthost] [warning] [Decorations] CAPPING events from decorations provider vscode.git 5488
[2022-09-13 22:12:57.998] [exthost] [warning] [Decorations] CAPPING events from decorations provider vscode.git 5488
[2022-09-13 22:13:03.256] [exthost] [warning] [Decorations] CAPPING events from decorations provider vscode.git 5488
[2022-09-13 22:13:08.499] [exthost] [warning] [Decorations] CAPPING events from decorations provider vscode.git 5488
[2022-09-13 22:13:13.755] [exthost] [warning] [Decorations] CAPPING events from decorations provider vscode.git 5488
[2022-09-13 22:13:19.020] [exthost] [warning] [Decorations] CAPPING events from decorations provider vscode.git 5488
[2022-09-13 22:13:24.283] [exthost] [warning] [Decorations] CAPPING events from decorations provider vscode.git 5488
[2022-09-13 22:13:29.563] [exthost] [warning] [Decorations] CAPPING events from decorations provider vscode.git 5488
[2022-09-13 22:13:34.856] [exthost] [warning] [Decorations] CAPPING events from decorations provider vscode.git 5488
[2022-09-13 22:13:40.118] [exthost] [warning] [Decorations] CAPPING events from decorations provider vscode.git 5488
[2022-09-13 22:13:45.370] [exthost] [warning] [Decorations] CAPPING events from decorations provider vscode.git 5488
[2022-09-13 22:13:50.640] [exthost] [warning] [Decorations] CAPPING events from decorations provider vscode.git 5488
[2022-09-13 22:13:56.664] [exthost] [warning] [Decorations] CAPPING events from decorations provider vscode.git 5488
[2022-09-13 22:14:01.919] [exthost] [warning] [Decorations] CAPPING events from decorations provider vscode.git 5488
[2022-09-13 22:14:07.178] [exthost] [warning] [Decorations] CAPPING events from decorations provider vscode.git 5488
[2022-09-13 22:14:12.444] [exthost] [warning] [Decorations] CAPPING events from decorations provider vscode.git 5488
[2022-09-13 22:14:17.716] [exthost] [warning] [Decorations] CAPPING events from decorations provider vscode.git 5488
[2022-09-13 22:14:22.997] [exthost] [warning] [Decorations] CAPPING events from decorations provider vscode.git 5488
[2022-09-13 22:14:28.269] [exthost] [warning] [Decorations] CAPPING events from decorations provider vscode.git 5488
[2022-09-13 22:14:33.537] [exthost] [warning] [Decorations] CAPPING events from decorations provider vscode.git 5488
[2022-09-13 22:14:38.794] [exthost] [warning] [Decorations] CAPPING events from decorations provider vscode.git 5488
[2022-09-13 22:14:44.043] [exthost] [warning] [Decorations] CAPPING events from decorations provider vscode.git 5488
[2022-09-13 22:14:49.312] [exthost] [warning] [Decorations] CAPPING events from decorations provider vscode.git 5488
[2022-09-13 22:14:54.570] [exthost] [warning] [Decorations] CAPPING events from decorations provider vscode.git 5488
[2022-09-13 22:14:59.845] [exthost] [warning] [Decorations] CAPPING events from decorations provider vscode.git 5488
[2022-09-13 22:15:05.120] [exthost] [warning] [Decorations] CAPPING events from decorations provider vscode.git 5488
[2022-09-13 22:15:10.412] [exthost] [warning] [Decorations] CAPPING events from decorations provider vscode.git 5489
[2022-09-13 22:15:15.679] [exthost] [warning] [Decorations] CAPPING events from decorations provider vscode.git 5489
[2022-09-13 22:15:20.927] [exthost] [warning] [Decorations] CAPPING events from decorations provider vscode.git 5489
[2022-09-13 22:15:26.174] [exthost] [warning] [Decorations] CAPPING events from decorations provider vscode.git 5489
[2022-09-13 22:15:31.449] [exthost] [warning] [Decorations] CAPPING events from decorations provider vscode.git 5489
[2022-09-13 22:15:36.712] [exthost] [warning] [Decorations] CAPPING events from decorations provider vscode.git 5489
[2022-09-13 22:15:41.974] [exthost] [warning] [Decorations] CAPPING events from decorations provider vscode.git 5489
[2022-09-13 22:15:47.242] [exthost] [warning] [Decorations] CAPPING events from decorations provider vscode.git 5489
[2022-09-13 22:15:52.517] [exthost] [warning] [Decorations] CAPPING events from decorations provider vscode.git 5489
[2022-09-13 22:15:57.804] [exthost] [warning] [Decorations] CAPPING events from decorations provider vscode.git 5489
[2022-09-13 22:16:03.072] [exthost] [warning] [Decorations] CAPPING events from decorations provider vscode.git 5489
[2022-09-13 22:16:08.327] [exthost] [warning] [Decorations] CAPPING events from decorations provider vscode.git 5489
[2022-09-13 22:16:13.582] [exthost] [warning] [Decorations] CAPPING events from decorations provider vscode.git 5489
[2022-09-13 22:16:18.836] [exthost] [warning] [Decorations] CAPPING events from decorations provider vscode.git 5489
[2022-09-13 22:16:24.092] [exthost] [warning] [Decorations] CAPPING events from decorations provider vscode.git 5489
[2022-09-13 22:16:29.357] [exthost] [warning] [Decorations] CAPPING events from decorations provider vscode.git 5489
[2022-09-13 22:16:34.625] [exthost] [warning] [Decorations] CAPPING events from decorations provider vscode.git 5489
[2022-09-13 22:16:39.904] [exthost] [warning] [Decorations] CAPPING events from decorations provider vscode.git 5489
[2022-09-13 22:16:45.195] [exthost] [warning] [Decorations] CAPPING events from decorations provider vscode.git 5489
[2022-09-13 22:16:50.465] [exthost] [warning] [Decorations] CAPPING events from decorations provider vscode.git 5489
[2022-09-13 22:16:55.715] [exthost] [warning] [Decorations] CAPPING events from decorations provider vscode.git 5489
[2022-09-13 22:17:00.963] [exthost] [warning] [Decorations] CAPPING events from decorations provider vscode.git 5489
[2022-09-13 22:17:06.219] [exthost] [warning] [Decorations] CAPPING events from decorations provider vscode.git 5489
[2022-09-13 22:17:11.467] [exthost] [warning] [Decorations] CAPPING events from decorations provider vscode.git 5490
[2022-09-13 22:17:16.732] [exthost] [warning] [Decorations] CAPPING events from decorations provider vscode.git 5490
[2022-09-13 22:17:22.002] [exthost] [warning] [Decorations] CAPPING events from decorations provider vscode.git 5490
[2022-09-13 22:17:27.278] [exthost] [warning] [Decorations] CAPPING events from decorations provider vscode.git 5490
[2022-09-13 22:17:32.573] [exthost] [warning] [Decorations] CAPPING events from decorations provider vscode.git 5491
[2022-09-13 22:17:37.843] [exthost] [warning] [Decorations] CAPPING events from decorations provider vscode.git 5491
[2022-09-13 22:17:43.106] [exthost] [warning] [Decorations] CAPPING events from decorations provider vscode.git 5491
[2022-09-13 22:17:50.462] [exthost] [warning] [Decorations] CAPPING events from decorations provider vscode.git 5491
[2022-09-13 22:17:55.726] [exthost] [warning] [Decorations] CAPPING events from decorations provider vscode.git 5491
[2022-09-13 22:18:00.988] [exthost] [warning] [Decorations] CAPPING events from decorations provider vscode.git 5491
[2022-09-13 22:18:06.250] [exthost] [warning] [Decorations] CAPPING events from decorations provider vscode.git 5491
[2022-09-13 22:18:11.518] [exthost] [warning] [Decorations] CAPPING events from decorations provider vscode.git 5491
[2022-09-13 22:18:16.796] [exthost] [warning] [Decorations] CAPPING events from decorations provider vscode.git 5491
[2022-09-13 22:18:22.088] [exthost] [warning] [Decorations] CAPPING events from decorations provider vscode.git 5491
[2022-09-13 22:18:27.357] [exthost] [warning] [Decorations] CAPPING events from decorations provider vscode.git 5491
[2022-09-13 22:18:32.607] [exthost] [warning] [Decorations] CAPPING events from decorations provider vscode.git 5491
[2022-09-13 22:18:37.864] [exthost] [warning] [Decorations] CAPPING events from decorations provider vscode.git 5491
[2022-09-13 22:18:43.193] [exthost] [warning] [Decorations] CAPPING events from decorations provider vscode.git 5491
[2022-09-13 22:18:48.450] [exthost] [warning] [Decorations] CAPPING events from decorations provider vscode.git 5491
[2022-09-13 22:18:53.709] [exthost] [warning] [Decorations] CAPPING events from decorations provider vscode.git 5491
[2022-09-13 22:18:58.972] [exthost] [warning] [Decorations] CAPPING events from decorations provider vscode.git 5491
[2022-09-13 22:19:04.253] [exthost] [warning] [Decorations] CAPPING events from decorations provider vscode.git 5491
[2022-09-13 22:19:09.531] [exthost] [warning] [Decorations] CAPPING events from decorations provider vscode.git 5491
[2022-09-13 22:19:14.810] [exthost] [warning] [Decorations] CAPPING events from decorations provider vscode.git 5491
[2022-09-13 22:19:20.059] [exthost] [warning] [Decorations] CAPPING events from decorations provider vscode.git 5491
[2022-09-13 22:19:25.308] [exthost] [warning] [Decorations] CAPPING events from decorations provider vscode.git 5491
[2022-09-13 22:19:30.567] [exthost] [warning] [Decorations] CAPPING events from decorations provider vscode.git 5491
[2022-09-13 22:19:35.831] [exthost] [warning] [Decorations] CAPPING events from decorations provider vscode.git 5491
[2022-09-13 22:19:41.090] [exthost] [warning] [Decorations] CAPPING events from decorations provider vscode.git 5491
[2022-09-13 22:19:46.361] [exthost] [warning] [Decorations] CAPPING events from decorations provider vscode.git 5491
[2022-09-13 22:19:51.636] [exthost] [warning] [Decorations] CAPPING events from decorations provider vscode.git 5491
[2022-09-13 22:19:56.922] [exthost] [warning] [Decorations] CAPPING events from decorations provider vscode.git 5491
[2022-09-13 22:20:02.193] [exthost] [warning] [Decorations] CAPPING events from decorations provider vscode.git 5491
[2022-09-13 22:20:07.440] [exthost] [warning] [Decorations] CAPPING events from decorations provider vscode.git 5491
[2022-09-13 22:20:12.695] [exthost] [warning] [Decorations] CAPPING events from decorations provider vscode.git 5491
[2022-09-13 22:20:17.956] [exthost] [warning] [Decorations] CAPPING events from decorations provider vscode.git 5491
[2022-09-13 22:20:23.222] [exthost] [warning] [Decorations] CAPPING events from decorations provider vscode.git 5491
[2022-09-13 22:20:28.485] [exthost] [warning] [Decorations] CAPPING events from decorations provider vscode.git 5491
[2022-09-13 22:20:33.755] [exthost] [warning] [Decorations] CAPPING events from decorations provider vscode.git 5491
[2022-09-13 22:20:39.042] [exthost] [warning] [Decorations] CAPPING events from decorations provider vscode.git 5491
[2022-09-13 22:20:44.324] [exthost] [warning] [Decorations] CAPPING events from decorations provider vscode.git 5491
[2022-09-13 22:20:49.605] [exthost] [warning] [Decorations] CAPPING events from decorations provider vscode.git 5491
[2022-09-13 22:20:54.859] [exthost] [warning] [Decorations] CAPPING events from decorations provider vscode.git 5491
[2022-09-13 22:21:00.112] [exthost] [warning] [Decorations] CAPPING events from decorations provider vscode.git 5491
[2022-09-13 22:21:05.370] [exthost] [warning] [Decorations] CAPPING events from decorations provider vscode.git 5491
[2022-09-13 22:21:10.641] [exthost] [warning] [Decorations] CAPPING events from decorations provider vscode.git 5491
[2022-09-13 22:21:15.904] [exthost] [warning] [Decorations] CAPPING events from decorations provider vscode.git 5491
[2022-09-13 22:21:21.176] [exthost] [warning] [Decorations] CAPPING events from decorations provider vscode.git 5491
[2022-09-13 22:21:26.456] [exthost] [warning] [Decorations] CAPPING events from decorations provider vscode.git 5491
[2022-09-13 22:21:31.783] [exthost] [warning] [Decorations] CAPPING events from decorations provider vscode.git 5491
[2022-09-13 22:21:37.055] [exthost] [warning] [Decorations] CAPPING events from decorations provider vscode.git 5491
[2022-09-13 22:21:42.312] [exthost] [warning] [Decorations] CAPPING events from decorations provider vscode.git 5491
[2022-09-13 22:21:47.566] [exthost] [warning] [Decorations] CAPPING events from decorations provider vscode.git 5491
[2022-09-13 22:21:52.834] [exthost] [warning] [Decorations] CAPPING events from decorations provider vscode.git 5491
[2022-09-13 22:21:58.091] [exthost] [warning] [Decorations] CAPPING events from decorations provider vscode.git 5491
[2022-09-13 22:22:03.355] [exthost] [warning] [Decorations] CAPPING events from decorations provider vscode.git 5491
[2022-09-13 22:22:08.622] [exthost] [warning] [Decorations] CAPPING events from decorations provider vscode.git 5491
[2022-09-13 22:22:13.899] [exthost] [warning] [Decorations] CAPPING events from decorations provider vscode.git 5491
[2022-09-13 22:22:19.188] [exthost] [warning] [Decorations] CAPPING events from decorations provider vscode.git 5491
[2022-09-13 22:22:24.463] [exthost] [warning] [Decorations] CAPPING events from decorations provider vscode.git 5491
[2022-09-13 22:22:29.718] [exthost] [warning] [Decorations] CAPPING events from decorations provider vscode.git 5491
[2022-09-13 22:22:34.971] [exthost] [warning] [Decorations] CAPPING events from decorations provider vscode.git 5491
[2022-09-13 22:22:40.235] [exthost] [warning] [Decorations] CAPPING events from decorations provider vscode.git 5491
[2022-09-13 22:22:45.516] [exthost] [warning] [Decorations] CAPPING events from decorations provider vscode.git 5491
[2022-09-13 22:22:51.559] [exthost] [warning] [Decorations] CAPPING events from decorations provider vscode.git 5491
[2022-09-13 22:22:56.829] [exthost] [warning] [Decorations] CAPPING events from decorations provider vscode.git 5491
[2022-09-13 22:23:02.113] [exthost] [warning] [Decorations] CAPPING events from decorations provider vscode.git 5491
[2022-09-13 22:23:07.399] [exthost] [warning] [Decorations] CAPPING events from decorations provider vscode.git 5491
[2022-09-13 22:23:12.671] [exthost] [warning] [Decorations] CAPPING events from decorations provider vscode.git 5491
[2022-09-13 22:23:17.950] [exthost] [warning] [Decorations] CAPPING events from decorations provider vscode.git 5491
[2022-09-13 22:23:23.208] [exthost] [warning] [Decorations] CAPPING events from decorations provider vscode.git 5491
[2022-09-13 22:23:28.472] [exthost] [warning] [Decorations] CAPPING events from decorations provider vscode.git 5491
[2022-09-13 22:23:33.729] [exthost] [warning] [Decorations] CAPPING events from decorations provider vscode.git 5491
[2022-09-13 22:23:39.000] [exthost] [warning] [Decorations] CAPPING events from decorations provider vscode.git 5491
[2022-09-13 22:23:44.275] [exthost] [warning] [Decorations] CAPPING events from decorations provider vscode.git 5491
[2022-09-13 22:23:49.551] [exthost] [warning] [Decorations] CAPPING events from decorations provider vscode.git 5491
[2022-09-13 22:23:54.835] [exthost] [warning] [Decorations] CAPPING events from decorations provider vscode.git 5491
[2022-09-13 22:24:00.100] [exthost] [warning] [Decorations] CAPPING events from decorations provider vscode.git 5491
[2022-09-13 22:24:05.368] [exthost] [warning] [Decorations] CAPPING events from decorations provider vscode.git 5491
[2022-09-13 22:24:10.623] [exthost] [warning] [Decorations] CAPPING events from decorations provider vscode.git 5491
[2022-09-13 22:24:15.874] [exthost] [warning] [Decorations] CAPPING events from decorations provider vscode.git 5491
[2022-09-13 22:24:21.110] [exthost] [warning] [Decorations] CAPPING events from decorations provider vscode.git 5491
[2022-09-13 22:24:26.355] [exthost] [warning] [Decorations] CAPPING events from decorations provider vscode.git 5491
[2022-09-13 22:24:31.607] [exthost] [warning] [Decorations] CAPPING events from decorations provider vscode.git 5491
[2022-09-13 22:24:36.857] [exthost] [warning] [Decorations] CAPPING events from decorations provider vscode.git 5491
[2022-09-13 22:24:42.125] [exthost] [warning] [Decorations] CAPPING events from decorations provider vscode.git 5491
[2022-09-13 22:24:47.409] [exthost] [warning] [Decorations] CAPPING events from decorations provider vscode.git 5491
[2022-09-13 22:24:52.685] [exthost] [warning] [Decorations] CAPPING events from decorations provider vscode.git 5491
[2022-09-13 22:24:57.970] [exthost] [warning] [Decorations] CAPPING events from decorations provider vscode.git 5491
[2022-09-13 22:25:03.241] [exthost] [warning] [Decorations] CAPPING events from decorations provider vscode.git 5491
[2022-09-13 22:25:08.496] [exthost] [warning] [Decorations] CAPPING events from decorations provider vscode.git 5491
[2022-09-13 22:25:13.751] [exthost] [warning] [Decorations] CAPPING events from decorations provider vscode.git 5491
[2022-09-13 22:25:19.018] [exthost] [warning] [Decorations] CAPPING events from decorations provider vscode.git 5491
[2022-09-13 22:25:24.289] [exthost] [warning] [Decorations] CAPPING events from decorations provider vscode.git 5491
[2022-09-13 22:25:29.562] [exthost] [warning] [Decorations] CAPPING events from decorations provider vscode.git 5491
[2022-09-13 22:25:34.846] [exthost] [warning] [Decorations] CAPPING events from decorations provider vscode.git 5491
[2022-09-13 22:25:40.992] [exthost] [warning] [Decorations] CAPPING events from decorations provider vscode.git 5491
[2022-09-13 22:25:46.301] [exthost] [warning] [Decorations] CAPPING events from decorations provider vscode.git 5491
[2022-09-13 22:25:51.587] [exthost] [warning] [Decorations] CAPPING events from decorations provider vscode.git 5491
[2022-09-13 22:25:56.860] [exthost] [warning] [Decorations] CAPPING events from decorations provider vscode.git 5491
[2022-09-13 22:26:02.141] [exthost] [warning] [Decorations] CAPPING events from decorations provider vscode.git 5491
[2022-09-13 22:26:07.418] [exthost] [warning] [Decorations] CAPPING events from decorations provider vscode.git 5491
[2022-09-13 22:26:12.704] [exthost] [warning] [Decorations] CAPPING events from decorations provider vscode.git 5491
[2022-09-13 22:26:17.977] [exthost] [warning] [Decorations] CAPPING events from decorations provider vscode.git 5491
[2022-09-13 22:26:23.289] [exthost] [warning] [Decorations] CAPPING events from decorations provider vscode.git 5491
[2022-09-13 22:26:29.364] [exthost] [warning] [Decorations] CAPPING events from decorations provider vscode.git 5491
[2022-09-13 22:26:34.664] [exthost] [warning] [Decorations] CAPPING events from decorations provider vscode.git 5491
[2022-09-13 22:26:39.941] [exthost] [warning] [Decorations] CAPPING events from decorations provider vscode.git 5491
[2022-09-13 22:26:45.209] [exthost] [warning] [Decorations] CAPPING events from decorations provider vscode.git 5491
[2022-09-13 22:26:50.493] [exthost] [warning] [Decorations] CAPPING events from decorations provider vscode.git 5491
[2022-09-13 22:26:55.762] [exthost] [warning] [Decorations] CAPPING events from decorations provider vscode.git 5491
[2022-09-13 22:27:01.023] [exthost] [warning] [Decorations] CAPPING events from decorations provider vscode.git 5491
[2022-09-13 22:27:06.303] [exthost] [warning] [Decorations] CAPPING events from decorations provider vscode.git 5491
[2022-09-13 22:27:12.342] [exthost] [warning] [Decorations] CAPPING events from decorations provider vscode.git 5491
[2022-09-13 22:27:17.642] [exthost] [warning] [Decorations] CAPPING events from decorations provider vscode.git 5491
[2022-09-13 22:27:22.960] [exthost] [warning] [Decorations] CAPPING events from decorations provider vscode.git 5491
[2022-09-13 22:27:28.307] [exthost] [warning] [Decorations] CAPPING events from decorations provider vscode.git 5491
[2022-09-13 22:27:33.587] [exthost] [warning] [Decorations] CAPPING events from decorations provider vscode.git 5491
[2022-09-13 22:27:38.881] [exthost] [warning] [Decorations] CAPPING events from decorations provider vscode.git 5491
[2022-09-13 22:27:44.966] [exthost] [warning] [Decorations] CAPPING events from decorations provider vscode.git 5491
[2022-09-13 22:27:50.251] [exthost] [warning] [Decorations] CAPPING events from decorations provider vscode.git 5491
[2022-09-13 22:27:55.534] [exthost] [warning] [Decorations] CAPPING events from decorations provider vscode.git 5491
[2022-09-13 22:28:00.835] [exthost] [warning] [Decorations] CAPPING events from decorations provider vscode.git 5491
[2022-09-13 22:28:06.136] [exthost] [warning] [Decorations] CAPPING events from decorations provider vscode.git 5491
[2022-09-13 22:28:11.441] [exthost] [warning] [Decorations] CAPPING events from decorations provider vscode.git 5491
[2022-09-13 22:28:17.513] [exthost] [warning] [Decorations] CAPPING events from decorations provider vscode.git 5491
[2022-09-13 22:28:22.794] [exthost] [warning] [Decorations] CAPPING events from decorations provider vscode.git 5491
[2022-09-13 22:28:28.084] [exthost] [warning] [Decorations] CAPPING events from decorations provider vscode.git 5491
[2022-09-13 22:28:33.385] [exthost] [warning] [Decorations] CAPPING events from decorations provider vscode.git 5492
[2022-09-13 22:28:38.664] [exthost] [warning] [Decorations] CAPPING events from decorations provider vscode.git 5492
[2022-09-13 22:28:43.943] [exthost] [warning] [Decorations] CAPPING events from decorations provider vscode.git 5492
[2022-09-13 22:28:49.247] [exthost] [warning] [Decorations] CAPPING events from decorations provider vscode.git 5492
[2022-09-13 22:28:54.544] [exthost] [warning] [Decorations] CAPPING events from decorations provider vscode.git 5493
[2022-09-13 22:28:59.865] [exthost] [warning] [Decorations] CAPPING events from decorations provider vscode.git 5493
[2022-09-13 22:29:05.158] [exthost] [warning] [Decorations] CAPPING events from decorations provider vscode.git 5493
[2022-09-13 22:29:10.438] [exthost] [warning] [Decorations] CAPPING events from decorations provider vscode.git 5493
[2022-09-13 22:29:18.390] [exthost] [warning] [Decorations] CAPPING events from decorations provider vscode.git 5493
[2022-09-13 22:29:23.673] [exthost] [warning] [Decorations] CAPPING events from decorations provider vscode.git 5493
[2022-09-13 22:29:30.002] [exthost] [warning] [Decorations] CAPPING events from decorations provider vscode.git 5493
[2022-09-13 22:29:35.289] [exthost] [warning] [Decorations] CAPPING events from decorations provider vscode.git 5493
[2022-09-13 22:29:40.584] [exthost] [warning] [Decorations] CAPPING events from decorations provider vscode.git 5493
[2022-09-13 22:29:45.884] [exthost] [warning] [Decorations] CAPPING events from decorations provider vscode.git 5493
[2022-09-13 22:29:51.196] [exthost] [warning] [Decorations] CAPPING events from decorations provider vscode.git 5493
[2022-09-13 22:29:56.487] [exthost] [warning] [Decorations] CAPPING events from decorations provider vscode.git 5493
[2022-09-13 22:30:01.763] [exthost] [warning] [Decorations] CAPPING events from decorations provider vscode.git 5493
[2022-09-13 22:30:07.038] [exthost] [warning] [Decorations] CAPPING events from decorations provider vscode.git 5493
[2022-09-13 22:30:12.319] [exthost] [warning] [Decorations] CAPPING events from decorations provider vscode.git 5493
[2022-09-13 22:30:17.606] [exthost] [warning] [Decorations] CAPPING events from decorations provider vscode.git 5493
[2022-09-13 22:30:22.888] [exthost] [warning] [Decorations] CAPPING events from decorations provider vscode.git 5493
[2022-09-13 22:30:28.176] [exthost] [warning] [Decorations] CAPPING events from decorations provider vscode.git 5493
[2022-09-13 22:30:33.473] [exthost] [warning] [Decorations] CAPPING events from decorations provider vscode.git 5493
[2022-09-13 22:30:38.787] [exthost] [warning] [Decorations] CAPPING events from decorations provider vscode.git 5493
[2022-09-13 22:30:55.114] [exthost] [warning] [Decorations] CAPPING events from decorations provider vscode.git 5493
[2022-09-13 22:31:02.453] [exthost] [warning] [Decorations] CAPPING events from decorations provider vscode.git 5493
[2022-09-13 22:31:07.734] [exthost] [warning] [Decorations] CAPPING events from decorations provider vscode.git 5493
[2022-09-13 22:31:13.014] [exthost] [warning] [Decorations] CAPPING events from decorations provider vscode.git 5493
[2022-09-13 22:31:18.295] [exthost] [warning] [Decorations] CAPPING events from decorations provider vscode.git 5493
[2022-09-13 22:31:23.582] [exthost] [warning] [Decorations] CAPPING events from decorations provider vscode.git 5493
[2022-09-13 22:31:28.874] [exthost] [warning] [Decorations] CAPPING events from decorations provider vscode.git 5493
[2022-09-13 22:31:34.216] [exthost] [warning] [Decorations] CAPPING events from decorations provider vscode.git 5493
[2022-09-13 22:31:39.518] [exthost] [warning] [Decorations] CAPPING events from decorations provider vscode.git 5493
[2022-09-13 22:31:44.819] [exthost] [warning] [Decorations] CAPPING events from decorations provider vscode.git 5493
[2022-09-13 22:31:50.105] [exthost] [warning] [Decorations] CAPPING events from decorations provider vscode.git 5493
[2022-09-13 22:31:56.397] [exthost] [warning] [Decorations] CAPPING events from decorations provider vscode.git 5493
[2022-09-13 22:32:01.669] [exthost] [warning] [Decorations] CAPPING events from decorations provider vscode.git 5493
[2022-09-13 22:32:09.431] [exthost] [warning] [Decorations] CAPPING events from decorations provider vscode.git 5493
[2022-09-13 22:32:14.708] [exthost] [warning] [Decorations] CAPPING events from decorations provider vscode.git 5493
[2022-09-13 22:32:20.008] [exthost] [warning] [Decorations] CAPPING events from decorations provider vscode.git 5493
[2022-09-13 22:32:25.517] [exthost] [warning] [Decorations] CAPPING events from decorations provider vscode.git 5494
[2022-09-13 22:32:31.607] [exthost] [warning] [Decorations] CAPPING events from decorations provider vscode.git 5494
[2022-09-13 22:32:52.308] [exthost] [warning] [Decorations] CAPPING events from decorations provider vscode.git 5494
[2022-09-13 22:32:57.587] [exthost] [warning] [Decorations] CAPPING events from decorations provider vscode.git 5494
[2022-09-13 22:33:04.453] [exthost] [warning] [Decorations] CAPPING events from decorations provider vscode.git 5494
[2022-09-13 22:33:11.371] [exthost] [warning] [Decorations] CAPPING events from decorations provider vscode.git 5494
[2022-09-13 22:33:16.658] [exthost] [warning] [Decorations] CAPPING events from decorations provider vscode.git 5494
[2022-09-13 22:33:21.940] [exthost] [warning] [Decorations] CAPPING events from decorations provider vscode.git 5494
[2022-09-13 22:33:28.656] [exthost] [warning] [Decorations] CAPPING events from decorations provider vscode.git 5494
[2022-09-13 22:33:33.960] [exthost] [warning] [Decorations] CAPPING events from decorations provider vscode.git 5494
[2022-09-13 22:33:39.284] [exthost] [warning] [Decorations] CAPPING events from decorations provider vscode.git 5494
[2022-09-13 22:33:46.405] [exthost] [warning] [Decorations] CAPPING events from decorations provider vscode.git 5494
[2022-09-13 22:33:51.686] [exthost] [warning] [Decorations] CAPPING events from decorations provider vscode.git 5494
[2022-09-13 22:33:56.971] [exthost] [warning] [Decorations] CAPPING events from decorations provider vscode.git 5494
[2022-09-13 22:34:03.113] [exthost] [warning] [Decorations] CAPPING events from decorations provider vscode.git 5494
[2022-09-13 22:34:08.403] [exthost] [warning] [Decorations] CAPPING events from decorations provider vscode.git 5494
[2022-09-13 22:34:13.694] [exthost] [warning] [Decorations] CAPPING events from decorations provider vscode.git 5494
[2022-09-13 22:34:18.987] [exthost] [warning] [Decorations] CAPPING events from decorations provider vscode.git 5494
[2022-09-13 22:34:24.293] [exthost] [warning] [Decorations] CAPPING events from decorations provider vscode.git 5494
[2022-09-13 22:34:29.611] [exthost] [warning] [Decorations] CAPPING events from decorations provider vscode.git 5494
[2022-09-13 22:34:35.682] [exthost] [warning] [Decorations] CAPPING events from decorations provider vscode.git 5494
[2022-09-13 22:34:40.959] [exthost] [warning] [Decorations] CAPPING events from decorations provider vscode.git 5494
[2022-09-13 22:34:46.244] [exthost] [warning] [Decorations] CAPPING events from decorations provider vscode.git 5494
[2022-09-13 22:34:51.538] [exthost] [warning] [Decorations] CAPPING events from decorations provider vscode.git 5494
[2022-09-13 22:34:56.824] [exthost] [warning] [Decorations] CAPPING events from decorations provider vscode.git 5494
[2022-09-13 22:35:02.109] [exthost] [warning] [Decorations] CAPPING events from decorations provider vscode.git 5494
[2022-09-13 22:35:07.403] [exthost] [warning] [Decorations] CAPPING events from decorations provider vscode.git 5494
[2022-09-13 22:35:12.698] [exthost] [warning] [Decorations] CAPPING events from decorations provider vscode.git 5494
[2022-09-13 22:35:18.023] [exthost] [warning] [Decorations] CAPPING events from decorations provider vscode.git 5494
[2022-09-13 22:35:24.108] [exthost] [warning] [Decorations] CAPPING events from decorations provider vscode.git 5494
[2022-09-13 22:35:29.391] [exthost] [warning] [Decorations] CAPPING events from decorations provider vscode.git 5494
[2022-09-13 22:35:34.682] [exthost] [warning] [Decorations] CAPPING events from decorations provider vscode.git 5494
[2022-09-13 22:35:43.983] [exthost] [warning] [Decorations] CAPPING events from decorations provider vscode.git 5494
[2022-09-13 22:35:49.275] [exthost] [warning] [Decorations] CAPPING events from decorations provider vscode.git 5494
[2022-09-13 22:35:54.558] [exthost] [warning] [Decorations] CAPPING events from decorations provider vscode.git 5494
[2022-09-13 22:35:59.858] [exthost] [warning] [Decorations] CAPPING events from decorations provider vscode.git 5494
[2022-09-13 22:36:05.167] [exthost] [warning] [Decorations] CAPPING events from decorations provider vscode.git 5494
[2022-09-13 22:36:10.474] [exthost] [warning] [Decorations] CAPPING events from decorations provider vscode.git 5494
[2022-09-13 22:36:15.783] [exthost] [warning] [Decorations] CAPPING events from decorations provider vscode.git 5494
[2022-09-13 22:36:21.070] [exthost] [warning] [Decorations] CAPPING events from decorations provider vscode.git 5495
[2022-09-13 22:36:26.361] [exthost] [warning] [Decorations] CAPPING events from decorations provider vscode.git 5495
[2022-09-13 22:36:31.648] [exthost] [warning] [Decorations] CAPPING events from decorations provider vscode.git 5495
[2022-09-13 22:36:36.937] [exthost] [warning] [Decorations] CAPPING events from decorations provider vscode.git 5495
[2022-09-13 22:36:42.225] [exthost] [warning] [Decorations] CAPPING events from decorations provider vscode.git 5495
[2022-09-13 22:36:47.524] [exthost] [warning] [Decorations] CAPPING events from decorations provider vscode.git 5495
[2022-09-13 22:36:52.820] [exthost] [warning] [Decorations] CAPPING events from decorations provider vscode.git 5495
[2022-09-13 22:36:58.173] [exthost] [warning] [Decorations] CAPPING events from decorations provider vscode.git 5495
[2022-09-13 22:37:04.282] [exthost] [warning] [Decorations] CAPPING events from decorations provider vscode.git 5495
[2022-09-13 22:37:10.388] [exthost] [warning] [Decorations] CAPPING events from decorations provider vscode.git 5495
[2022-09-13 22:37:15.688] [exthost] [warning] [Decorations] CAPPING events from decorations provider vscode.git 5495
[2022-09-13 22:37:20.979] [exthost] [warning] [Decorations] CAPPING events from decorations provider vscode.git 5496
[2022-09-13 22:37:26.275] [exthost] [warning] [Decorations] CAPPING events from decorations provider vscode.git 5496
[2022-09-13 22:37:32.285] [exthost] [warning] [Decorations] CAPPING events from decorations provider vscode.git 5496
[2022-09-13 22:37:37.603] [exthost] [warning] [Decorations] CAPPING events from decorations provider vscode.git 5496
[2022-09-13 22:37:42.911] [exthost] [warning] [Decorations] CAPPING events from decorations provider vscode.git 5497
[2022-09-13 22:37:48.227] [exthost] [warning] [Decorations] CAPPING events from decorations provider vscode.git 5497
[2022-09-13 22:37:53.539] [exthost] [warning] [Decorations] CAPPING events from decorations provider vscode.git 5497
[2022-09-13 22:37:58.826] [exthost] [warning] [Decorations] CAPPING events from decorations provider vscode.git 5497
[2022-09-13 22:38:05.227] [exthost] [warning] [Decorations] CAPPING events from decorations provider vscode.git 5497
[2022-09-13 22:38:10.524] [exthost] [warning] [Decorations] CAPPING events from decorations provider vscode.git 5497
[2022-09-13 22:38:15.814] [exthost] [warning] [Decorations] CAPPING events from decorations provider vscode.git 5497
[2022-09-13 22:38:21.105] [exthost] [warning] [Decorations] CAPPING events from decorations provider vscode.git 5497
[2022-09-13 22:38:26.411] [exthost] [warning] [Decorations] CAPPING events from decorations provider vscode.git 5497
[2022-09-13 22:38:31.718] [exthost] [warning] [Decorations] CAPPING events from decorations provider vscode.git 5497
[2022-09-13 22:38:37.037] [exthost] [warning] [Decorations] CAPPING events from decorations provider vscode.git 5497
[2022-09-13 22:38:43.120] [exthost] [warning] [Decorations] CAPPING events from decorations provider vscode.git 5497
[2022-09-13 22:38:48.403] [exthost] [warning] [Decorations] CAPPING events from decorations provider vscode.git 5497
[2022-09-13 22:38:53.679] [exthost] [warning] [Decorations] CAPPING events from decorations provider vscode.git 5497
[2022-09-13 22:38:58.970] [exthost] [warning] [Decorations] CAPPING events from decorations provider vscode.git 5497
[2022-09-13 22:39:04.262] [exthost] [warning] [Decorations] CAPPING events from decorations provider vscode.git 5497
[2022-09-13 22:39:09.555] [exthost] [warning] [Decorations] CAPPING events from decorations provider vscode.git 5497
[2022-09-13 22:39:14.847] [exthost] [warning] [Decorations] CAPPING events from decorations provider vscode.git 5497
[2022-09-13 22:39:20.150] [exthost] [warning] [Decorations] CAPPING events from decorations provider vscode.git 5497
[2022-09-13 22:39:25.462] [exthost] [warning] [Decorations] CAPPING events from decorations provider vscode.git 5497
[2022-09-13 22:39:30.765] [exthost] [warning] [Decorations] CAPPING events from decorations provider vscode.git 5497
[2022-09-13 22:39:36.045] [exthost] [warning] [Decorations] CAPPING events from decorations provider vscode.git 5497
[2022-09-13 22:39:41.327] [exthost] [warning] [Decorations] CAPPING events from decorations provider vscode.git 5497
[2022-09-13 22:39:46.644] [exthost] [warning] [Decorations] CAPPING events from decorations provider vscode.git 5497
[2022-09-13 22:39:51.940] [exthost] [warning] [Decorations] CAPPING events from decorations provider vscode.git 5497
[2022-09-13 22:39:57.225] [exthost] [warning] [Decorations] CAPPING events from decorations provider vscode.git 5497
[2022-09-13 22:40:02.514] [exthost] [warning] [Decorations] CAPPING events from decorations provider vscode.git 5497
[2022-09-13 22:40:07.808] [exthost] [warning] [Decorations] CAPPING events from decorations provider vscode.git 5497
[2022-09-13 22:40:13.128] [exthost] [warning] [Decorations] CAPPING events from decorations provider vscode.git 5497
[2022-09-13 22:40:18.426] [exthost] [warning] [Decorations] CAPPING events from decorations provider vscode.git 5499
[2022-09-13 22:40:23.702] [exthost] [warning] [Decorations] CAPPING events from decorations provider vscode.git 5499
[2022-09-13 22:40:28.994] [exthost] [warning] [Decorations] CAPPING events from decorations provider vscode.git 5499
[2022-09-13 22:40:34.288] [exthost] [warning] [Decorations] CAPPING events from decorations provider vscode.git 5499
[2022-09-13 22:40:39.577] [exthost] [warning] [Decorations] CAPPING events from decorations provider vscode.git 5499
[2022-09-13 22:40:44.857] [exthost] [warning] [Decorations] CAPPING events from decorations provider vscode.git 5499
[2022-09-13 22:40:50.149] [exthost] [warning] [Decorations] CAPPING events from decorations provider vscode.git 5499
[2022-09-13 22:40:55.461] [exthost] [warning] [Decorations] CAPPING events from decorations provider vscode.git 5499
[2022-09-13 22:41:00.774] [exthost] [warning] [Decorations] CAPPING events from decorations provider vscode.git 5499
[2022-09-13 22:41:06.068] [exthost] [warning] [Decorations] CAPPING events from decorations provider vscode.git 5499
[2022-09-13 22:41:11.353] [exthost] [warning] [Decorations] CAPPING events from decorations provider vscode.git 5499
[2022-09-13 22:41:16.635] [exthost] [warning] [Decorations] CAPPING events from decorations provider vscode.git 5499
[2022-09-13 22:41:21.919] [exthost] [warning] [Decorations] CAPPING events from decorations provider vscode.git 5499
[2022-09-13 22:41:27.215] [exthost] [warning] [Decorations] CAPPING events from decorations provider vscode.git 5499
[2022-09-13 22:41:32.505] [exthost] [warning] [Decorations] CAPPING events from decorations provider vscode.git 5499
[2022-09-14 01:41:57.534] [exthost] [info] Extension host terminating: renderer disconnected for too long (1)
[2022-09-14 01:41:57.535] [exthost] [info] Lock '/home/linl20/.vscode-server/data/User/workspaceStorage/846d061fbe3b7c3efc4e33135743ac56/vscode.lock': Marking the lockfile as scheduled to be released in 6000 ms.
[2022-09-14 01:41:57.583] [exthost] [info] Extension host with pid 22683 exiting with code 0
