[2022-09-13 09:30:57.204] [exthost] [info] Extension host with pid 49775 started
[2022-09-13 09:30:57.209] [exthost] [error] Error: EEXIST: file already exists, open '/home/linl20/.vscode-server/data/User/workspaceStorage/846d061fbe3b7c3efc4e33135743ac56/vscode.lock'
[2022-09-13 09:30:57.216] [exthost] [info] Lock '/home/linl20/.vscode-server/data/User/workspaceStorage/846d061fbe3b7c3efc4e33135743ac56/vscode.lock': Could not acquire lock, checking if the file is stale.
[2022-09-13 09:30:57.221] [exthost] [info] Lock '/home/linl20/.vscode-server/data/User/workspaceStorage/846d061fbe3b7c3efc4e33135743ac56/vscode.lock': The lock does not look stale, elapsed: 284 ms, giving up.
[2022-09-13 09:30:57.259] [exthost] [info] Lock '/home/linl20/.vscode-server/data/User/workspaceStorage/846d061fbe3b7c3efc4e33135743ac56-1/vscode.lock': Lock acquired.
[2022-09-13 09:30:57.286] [exthost] [info] ExtensionService#_doActivateExtension cschlosser.doxdocgen, startup: false, activationEvent: 'onLanguage:c'
[2022-09-13 09:30:57.353] [exthost] [info] ExtensionService#_doActivateExtension ms-vscode.cpptools, startup: false, activationEvent: 'onLanguage:c'
[2022-09-13 09:30:57.556] [exthost] [info] ExtensionService#_doActivateExtension vscode.debug-auto-launch, startup: true, activationEvent: '*'
[2022-09-13 09:30:57.560] [exthost] [info] ExtensionService#_doActivateExtension vscode.git-base, startup: true, activationEvent: '*', root cause: vscode.git
[2022-09-13 09:30:57.565] [exthost] [info] ExtensionService#_doActivateExtension vscode.ipynb, startup: true, activationEvent: '*'
[2022-09-13 09:30:57.727] [exthost] [info] ExtensionService#_doActivateExtension vscode.git, startup: true, activationEvent: '*'
[2022-09-13 09:30:57.856] [exthost] [info] ExtensionService#_doActivateExtension vscode.github, startup: true, activationEvent: '*'
[2022-09-13 09:30:58.756] [exthost] [warning] [Decorations] CAPPING events from decorations provider vscode.git 5448
[2022-09-13 09:30:59.845] [exthost] [warning] [Decorations] CAPPING events from decorations provider vscode.git 5448
[2022-09-13 09:31:00.797] [exthost] [info] ExtensionService#_doActivateExtension vscode.emmet, startup: false, activationEvent: 'onStartupFinished'
[2022-09-13 09:31:00.819] [exthost] [info] ExtensionService#_doActivateExtension vscode.merge-conflict, startup: false, activationEvent: 'onStartupFinished'
[2022-09-13 09:31:00.824] [exthost] [info] Eager extensions activated
[2022-09-13 09:31:14.230] [exthost] [warning] [Decorations] CAPPING events from decorations provider vscode.git 5452
[2022-09-13 09:31:20.376] [exthost] [warning] [Decorations] CAPPING events from decorations provider vscode.git 5452
[2022-09-13 09:31:32.501] [exthost] [warning] [Decorations] CAPPING events from decorations provider vscode.git 5452
[2022-09-13 09:35:58.709] [exthost] [warning] [Decorations] CAPPING events from decorations provider vscode.git 5452
[2022-09-13 09:36:03.925] [exthost] [warning] [Decorations] CAPPING events from decorations provider vscode.git 5449
[2022-09-13 09:36:09.227] [exthost] [warning] [Decorations] CAPPING events from decorations provider vscode.git 5449
[2022-09-13 09:36:14.456] [exthost] [warning] [Decorations] CAPPING events from decorations provider vscode.git 5449
[2022-09-13 09:36:19.678] [exthost] [warning] [Decorations] CAPPING events from decorations provider vscode.git 5449
[2022-09-13 09:36:24.904] [exthost] [warning] [Decorations] CAPPING events from decorations provider vscode.git 5449
[2022-09-13 09:36:30.138] [exthost] [warning] [Decorations] CAPPING events from decorations provider vscode.git 5449
[2022-09-13 09:36:35.376] [exthost] [warning] [Decorations] CAPPING events from decorations provider vscode.git 5449
[2022-09-13 09:36:40.623] [exthost] [warning] [Decorations] CAPPING events from decorations provider vscode.git 5449
[2022-09-13 09:36:45.878] [exthost] [warning] [Decorations] CAPPING events from decorations provider vscode.git 5449
[2022-09-13 09:36:51.136] [exthost] [warning] [Decorations] CAPPING events from decorations provider vscode.git 5449
[2022-09-13 09:36:56.405] [exthost] [warning] [Decorations] CAPPING events from decorations provider vscode.git 5449
[2022-09-13 09:37:01.651] [exthost] [warning] [Decorations] CAPPING events from decorations provider vscode.git 5449
[2022-09-13 09:37:07.659] [exthost] [warning] [Decorations] CAPPING events from decorations provider vscode.git 5449
[2022-09-13 09:37:12.884] [exthost] [warning] [Decorations] CAPPING events from decorations provider vscode.git 5449
[2022-09-13 09:37:18.124] [exthost] [warning] [Decorations] CAPPING events from decorations provider vscode.git 5449
[2022-09-13 09:37:23.361] [exthost] [warning] [Decorations] CAPPING events from decorations provider vscode.git 5449
[2022-09-13 09:37:28.606] [exthost] [warning] [Decorations] CAPPING events from decorations provider vscode.git 5449
[2022-09-13 09:37:33.859] [exthost] [warning] [Decorations] CAPPING events from decorations provider vscode.git 5449
[2022-09-13 09:37:39.120] [exthost] [warning] [Decorations] CAPPING events from decorations provider vscode.git 5449
[2022-09-13 09:37:44.385] [exthost] [warning] [Decorations] CAPPING events from decorations provider vscode.git 5449
[2022-09-13 09:37:49.627] [exthost] [warning] [Decorations] CAPPING events from decorations provider vscode.git 5449
[2022-09-13 09:37:54.854] [exthost] [warning] [Decorations] CAPPING events from decorations provider vscode.git 5449
[2022-09-13 09:38:00.084] [exthost] [warning] [Decorations] CAPPING events from decorations provider vscode.git 5449
[2022-09-13 09:38:05.317] [exthost] [warning] [Decorations] CAPPING events from decorations provider vscode.git 5449
[2022-09-13 09:38:10.555] [exthost] [warning] [Decorations] CAPPING events from decorations provider vscode.git 5449
[2022-09-13 09:38:15.800] [exthost] [warning] [Decorations] CAPPING events from decorations provider vscode.git 5449
[2022-09-13 09:38:21.055] [exthost] [warning] [Decorations] CAPPING events from decorations provider vscode.git 5449
[2022-09-13 09:38:26.314] [exthost] [warning] [Decorations] CAPPING events from decorations provider vscode.git 5449
[2022-09-13 09:38:31.585] [exthost] [warning] [Decorations] CAPPING events from decorations provider vscode.git 5449
[2022-09-13 09:38:36.821] [exthost] [warning] [Decorations] CAPPING events from decorations provider vscode.git 5449
[2022-09-13 09:38:42.054] [exthost] [warning] [Decorations] CAPPING events from decorations provider vscode.git 5449
[2022-09-13 09:38:47.279] [exthost] [warning] [Decorations] CAPPING events from decorations provider vscode.git 5449
[2022-09-13 09:38:52.522] [exthost] [warning] [Decorations] CAPPING events from decorations provider vscode.git 5449
[2022-09-13 09:38:57.769] [exthost] [warning] [Decorations] CAPPING events from decorations provider vscode.git 5449
[2022-09-13 09:39:03.014] [exthost] [warning] [Decorations] CAPPING events from decorations provider vscode.git 5449
[2022-09-13 09:39:08.267] [exthost] [warning] [Decorations] CAPPING events from decorations provider vscode.git 5449
[2022-09-13 09:39:13.527] [exthost] [warning] [Decorations] CAPPING events from decorations provider vscode.git 5449
[2022-09-13 09:43:47.213] [exthost] [warning] [Decorations] CAPPING events from decorations provider vscode.git 5449
[2022-09-13 09:43:52.436] [exthost] [warning] [Decorations] CAPPING events from decorations provider vscode.git 5449
[2022-09-13 09:43:57.651] [exthost] [warning] [Decorations] CAPPING events from decorations provider vscode.git 5449
[2022-09-13 09:44:02.868] [exthost] [warning] [Decorations] CAPPING events from decorations provider vscode.git 5449
[2022-09-13 09:44:08.112] [exthost] [warning] [Decorations] CAPPING events from decorations provider vscode.git 5449
[2022-09-13 09:44:13.352] [exthost] [warning] [Decorations] CAPPING events from decorations provider vscode.git 5449
[2022-09-13 09:44:18.602] [exthost] [warning] [Decorations] CAPPING events from decorations provider vscode.git 5449
[2022-09-13 09:44:23.861] [exthost] [warning] [Decorations] CAPPING events from decorations provider vscode.git 5449
[2022-09-13 09:44:29.127] [exthost] [warning] [Decorations] CAPPING events from decorations provider vscode.git 5449
[2022-09-13 09:44:34.398] [exthost] [warning] [Decorations] CAPPING events from decorations provider vscode.git 5449
[2022-09-13 09:44:39.624] [exthost] [warning] [Decorations] CAPPING events from decorations provider vscode.git 5449
[2022-09-13 09:44:44.848] [exthost] [warning] [Decorations] CAPPING events from decorations provider vscode.git 5449
[2022-09-13 09:44:50.068] [exthost] [warning] [Decorations] CAPPING events from decorations provider vscode.git 5449
[2022-09-13 09:44:55.309] [exthost] [warning] [Decorations] CAPPING events from decorations provider vscode.git 5449
[2022-09-13 09:45:00.561] [exthost] [warning] [Decorations] CAPPING events from decorations provider vscode.git 5449
[2022-09-13 09:45:05.806] [exthost] [warning] [Decorations] CAPPING events from decorations provider vscode.git 5449
[2022-09-13 09:45:11.060] [exthost] [warning] [Decorations] CAPPING events from decorations provider vscode.git 5449
[2022-09-13 09:45:16.323] [exthost] [warning] [Decorations] CAPPING events from decorations provider vscode.git 5449
[2022-09-13 09:45:21.589] [exthost] [warning] [Decorations] CAPPING events from decorations provider vscode.git 5449
[2022-09-13 09:45:26.816] [exthost] [warning] [Decorations] CAPPING events from decorations provider vscode.git 5449
[2022-09-13 09:45:32.040] [exthost] [warning] [Decorations] CAPPING events from decorations provider vscode.git 5449
[2022-09-13 09:45:37.258] [exthost] [warning] [Decorations] CAPPING events from decorations provider vscode.git 5449
[2022-09-13 09:45:42.492] [exthost] [warning] [Decorations] CAPPING events from decorations provider vscode.git 5449
[2022-09-13 09:45:47.741] [exthost] [warning] [Decorations] CAPPING events from decorations provider vscode.git 5449
[2022-09-13 09:45:52.985] [exthost] [warning] [Decorations] CAPPING events from decorations provider vscode.git 5449
[2022-09-13 09:45:58.240] [exthost] [warning] [Decorations] CAPPING events from decorations provider vscode.git 5449
[2022-09-13 09:46:03.500] [exthost] [warning] [Decorations] CAPPING events from decorations provider vscode.git 5449
[2022-09-13 09:46:08.765] [exthost] [warning] [Decorations] CAPPING events from decorations provider vscode.git 5449
[2022-09-13 09:46:13.995] [exthost] [warning] [Decorations] CAPPING events from decorations provider vscode.git 5449
[2022-09-13 09:46:19.220] [exthost] [warning] [Decorations] CAPPING events from decorations provider vscode.git 5449
[2022-09-13 09:46:24.437] [exthost] [warning] [Decorations] CAPPING events from decorations provider vscode.git 5449
[2022-09-13 09:46:29.674] [exthost] [warning] [Decorations] CAPPING events from decorations provider vscode.git 5449
[2022-09-13 09:46:34.913] [exthost] [warning] [Decorations] CAPPING events from decorations provider vscode.git 5449
[2022-09-13 09:46:40.157] [exthost] [warning] [Decorations] CAPPING events from decorations provider vscode.git 5449
[2022-09-13 09:46:45.410] [exthost] [warning] [Decorations] CAPPING events from decorations provider vscode.git 5449
[2022-09-13 09:46:50.667] [exthost] [warning] [Decorations] CAPPING events from decorations provider vscode.git 5449
[2022-09-13 09:46:55.933] [exthost] [warning] [Decorations] CAPPING events from decorations provider vscode.git 5449
[2022-09-13 09:47:01.165] [exthost] [warning] [Decorations] CAPPING events from decorations provider vscode.git 5449
[2022-09-13 09:47:06.381] [exthost] [warning] [Decorations] CAPPING events from decorations provider vscode.git 5449
[2022-09-13 09:47:11.597] [exthost] [warning] [Decorations] CAPPING events from decorations provider vscode.git 5449
[2022-09-13 09:47:16.823] [exthost] [warning] [Decorations] CAPPING events from decorations provider vscode.git 5449
[2022-09-13 09:47:22.066] [exthost] [warning] [Decorations] CAPPING events from decorations provider vscode.git 5449
[2022-09-13 09:47:27.302] [exthost] [warning] [Decorations] CAPPING events from decorations provider vscode.git 5449
[2022-09-13 09:47:32.556] [exthost] [warning] [Decorations] CAPPING events from decorations provider vscode.git 5449
[2022-09-13 09:47:37.812] [exthost] [warning] [Decorations] CAPPING events from decorations provider vscode.git 5449
[2022-09-13 09:47:43.079] [exthost] [warning] [Decorations] CAPPING events from decorations provider vscode.git 5449
[2022-09-13 09:47:48.314] [exthost] [warning] [Decorations] CAPPING events from decorations provider vscode.git 5449
[2022-09-13 09:47:53.541] [exthost] [warning] [Decorations] CAPPING events from decorations provider vscode.git 5449
[2022-09-13 09:47:58.759] [exthost] [warning] [Decorations] CAPPING events from decorations provider vscode.git 5449
[2022-09-13 09:48:03.998] [exthost] [warning] [Decorations] CAPPING events from decorations provider vscode.git 5449
[2022-09-13 09:48:09.242] [exthost] [warning] [Decorations] CAPPING events from decorations provider vscode.git 5449
[2022-09-13 09:48:14.490] [exthost] [warning] [Decorations] CAPPING events from decorations provider vscode.git 5449
[2022-09-13 09:48:19.742] [exthost] [warning] [Decorations] CAPPING events from decorations provider vscode.git 5449
[2022-09-13 09:48:25.017] [exthost] [warning] [Decorations] CAPPING events from decorations provider vscode.git 5449
[2022-09-13 09:48:30.286] [exthost] [warning] [Decorations] CAPPING events from decorations provider vscode.git 5449
[2022-09-13 09:48:35.513] [exthost] [warning] [Decorations] CAPPING events from decorations provider vscode.git 5449
[2022-09-13 09:48:40.740] [exthost] [warning] [Decorations] CAPPING events from decorations provider vscode.git 5449
[2022-09-13 09:48:45.956] [exthost] [warning] [Decorations] CAPPING events from decorations provider vscode.git 5449
[2022-09-13 09:48:51.186] [exthost] [warning] [Decorations] CAPPING events from decorations provider vscode.git 5449
[2022-09-13 09:48:56.434] [exthost] [warning] [Decorations] CAPPING events from decorations provider vscode.git 5449
[2022-09-13 09:49:01.677] [exthost] [warning] [Decorations] CAPPING events from decorations provider vscode.git 5449
[2022-09-13 09:49:06.931] [exthost] [warning] [Decorations] CAPPING events from decorations provider vscode.git 5449
[2022-09-13 09:49:12.188] [exthost] [warning] [Decorations] CAPPING events from decorations provider vscode.git 5449
[2022-09-13 09:49:17.456] [exthost] [warning] [Decorations] CAPPING events from decorations provider vscode.git 5449
[2022-09-13 09:49:22.686] [exthost] [warning] [Decorations] CAPPING events from decorations provider vscode.git 5449
[2022-09-13 09:49:27.920] [exthost] [warning] [Decorations] CAPPING events from decorations provider vscode.git 5449
[2022-09-13 09:49:33.152] [exthost] [warning] [Decorations] CAPPING events from decorations provider vscode.git 5449
[2022-09-13 09:49:38.388] [exthost] [warning] [Decorations] CAPPING events from decorations provider vscode.git 5449
[2022-09-13 09:49:52.857] [exthost] [warning] [Decorations] CAPPING events from decorations provider vscode.git 5449
[2022-09-13 09:49:58.118] [exthost] [warning] [Decorations] CAPPING events from decorations provider vscode.git 5449
[2022-09-13 09:50:03.370] [exthost] [warning] [Decorations] CAPPING events from decorations provider vscode.git 5449
[2022-09-13 09:50:08.633] [exthost] [warning] [Decorations] CAPPING events from decorations provider vscode.git 5449
[2022-09-13 09:50:13.909] [exthost] [warning] [Decorations] CAPPING events from decorations provider vscode.git 5449
[2022-09-13 09:50:19.151] [exthost] [warning] [Decorations] CAPPING events from decorations provider vscode.git 5449
[2022-09-13 09:50:24.383] [exthost] [warning] [Decorations] CAPPING events from decorations provider vscode.git 5449
[2022-09-13 09:50:29.601] [exthost] [warning] [Decorations] CAPPING events from decorations provider vscode.git 5449
[2022-09-13 09:50:34.833] [exthost] [warning] [Decorations] CAPPING events from decorations provider vscode.git 5449
[2022-09-13 09:50:40.086] [exthost] [warning] [Decorations] CAPPING events from decorations provider vscode.git 5449
[2022-09-13 09:50:45.330] [exthost] [warning] [Decorations] CAPPING events from decorations provider vscode.git 5449
[2022-09-13 09:50:50.581] [exthost] [warning] [Decorations] CAPPING events from decorations provider vscode.git 5449
[2022-09-13 09:50:55.837] [exthost] [warning] [Decorations] CAPPING events from decorations provider vscode.git 5449
[2022-09-13 09:51:01.106] [exthost] [warning] [Decorations] CAPPING events from decorations provider vscode.git 5449
[2022-09-13 09:51:06.342] [exthost] [warning] [Decorations] CAPPING events from decorations provider vscode.git 5449
[2022-09-13 09:51:11.577] [exthost] [warning] [Decorations] CAPPING events from decorations provider vscode.git 5449
[2022-09-13 09:51:16.798] [exthost] [warning] [Decorations] CAPPING events from decorations provider vscode.git 5449
[2022-09-13 09:51:22.034] [exthost] [warning] [Decorations] CAPPING events from decorations provider vscode.git 5449
[2022-09-13 09:51:27.282] [exthost] [warning] [Decorations] CAPPING events from decorations provider vscode.git 5449
[2022-09-13 09:51:32.531] [exthost] [warning] [Decorations] CAPPING events from decorations provider vscode.git 5449
[2022-09-13 09:51:37.784] [exthost] [warning] [Decorations] CAPPING events from decorations provider vscode.git 5449
[2022-09-13 09:51:43.126] [exthost] [warning] [Decorations] CAPPING events from decorations provider vscode.git 5449
[2022-09-13 09:51:48.395] [exthost] [warning] [Decorations] CAPPING events from decorations provider vscode.git 5449
[2022-09-13 09:51:53.631] [exthost] [warning] [Decorations] CAPPING events from decorations provider vscode.git 5449
[2022-09-13 09:51:58.857] [exthost] [warning] [Decorations] CAPPING events from decorations provider vscode.git 5449
[2022-09-13 09:52:04.080] [exthost] [warning] [Decorations] CAPPING events from decorations provider vscode.git 5449
[2022-09-13 09:52:09.305] [exthost] [warning] [Decorations] CAPPING events from decorations provider vscode.git 5449
[2022-09-13 09:52:14.562] [exthost] [warning] [Decorations] CAPPING events from decorations provider vscode.git 5449
[2022-09-13 09:52:19.803] [exthost] [warning] [Decorations] CAPPING events from decorations provider vscode.git 5449
[2022-09-13 09:52:25.056] [exthost] [warning] [Decorations] CAPPING events from decorations provider vscode.git 5449
[2022-09-13 09:52:30.316] [exthost] [warning] [Decorations] CAPPING events from decorations provider vscode.git 5449
[2022-09-13 09:52:35.583] [exthost] [warning] [Decorations] CAPPING events from decorations provider vscode.git 5449
[2022-09-13 09:52:40.821] [exthost] [warning] [Decorations] CAPPING events from decorations provider vscode.git 5449
[2022-09-13 09:52:46.058] [exthost] [warning] [Decorations] CAPPING events from decorations provider vscode.git 5449
[2022-09-13 09:52:51.291] [exthost] [warning] [Decorations] CAPPING events from decorations provider vscode.git 5449
[2022-09-13 09:52:56.527] [exthost] [warning] [Decorations] CAPPING events from decorations provider vscode.git 5449
[2022-09-13 09:53:01.775] [exthost] [warning] [Decorations] CAPPING events from decorations provider vscode.git 5449
[2022-09-13 09:53:07.020] [exthost] [warning] [Decorations] CAPPING events from decorations provider vscode.git 5449
[2022-09-13 09:53:12.275] [exthost] [warning] [Decorations] CAPPING events from decorations provider vscode.git 5449
[2022-09-13 09:53:17.537] [exthost] [warning] [Decorations] CAPPING events from decorations provider vscode.git 5449
[2022-09-13 09:53:22.810] [exthost] [warning] [Decorations] CAPPING events from decorations provider vscode.git 5449
[2022-09-13 09:53:28.048] [exthost] [warning] [Decorations] CAPPING events from decorations provider vscode.git 5449
[2022-09-13 09:53:33.286] [exthost] [warning] [Decorations] CAPPING events from decorations provider vscode.git 5449
[2022-09-13 09:53:38.514] [exthost] [warning] [Decorations] CAPPING events from decorations provider vscode.git 5449
[2022-09-13 09:53:43.752] [exthost] [warning] [Decorations] CAPPING events from decorations provider vscode.git 5449
[2022-09-13 09:53:49.005] [exthost] [warning] [Decorations] CAPPING events from decorations provider vscode.git 5449
[2022-09-13 09:53:54.253] [exthost] [warning] [Decorations] CAPPING events from decorations provider vscode.git 5449
[2022-09-13 09:53:59.534] [exthost] [warning] [Decorations] CAPPING events from decorations provider vscode.git 5449
[2022-09-13 09:54:04.821] [exthost] [warning] [Decorations] CAPPING events from decorations provider vscode.git 5449
[2022-09-13 09:54:10.113] [exthost] [warning] [Decorations] CAPPING events from decorations provider vscode.git 5449
[2022-09-13 09:54:15.366] [exthost] [warning] [Decorations] CAPPING events from decorations provider vscode.git 5449
[2022-09-13 09:54:20.616] [exthost] [warning] [Decorations] CAPPING events from decorations provider vscode.git 5449
[2022-09-13 09:54:25.856] [exthost] [warning] [Decorations] CAPPING events from decorations provider vscode.git 5449
[2022-09-13 09:54:31.108] [exthost] [warning] [Decorations] CAPPING events from decorations provider vscode.git 5449
[2022-09-13 09:54:36.372] [exthost] [warning] [Decorations] CAPPING events from decorations provider vscode.git 5449
[2022-09-13 09:54:41.623] [exthost] [warning] [Decorations] CAPPING events from decorations provider vscode.git 5449
[2022-09-13 09:54:46.878] [exthost] [warning] [Decorations] CAPPING events from decorations provider vscode.git 5449
[2022-09-13 09:54:52.141] [exthost] [warning] [Decorations] CAPPING events from decorations provider vscode.git 5449
[2022-09-13 09:54:57.413] [exthost] [warning] [Decorations] CAPPING events from decorations provider vscode.git 5449
[2022-09-13 09:55:02.650] [exthost] [warning] [Decorations] CAPPING events from decorations provider vscode.git 5449
[2022-09-13 09:55:07.885] [exthost] [warning] [Decorations] CAPPING events from decorations provider vscode.git 5449
[2022-09-13 09:55:13.112] [exthost] [warning] [Decorations] CAPPING events from decorations provider vscode.git 5449
[2022-09-13 09:55:18.345] [exthost] [warning] [Decorations] CAPPING events from decorations provider vscode.git 5449
[2022-09-13 09:55:23.591] [exthost] [warning] [Decorations] CAPPING events from decorations provider vscode.git 5449
[2022-09-13 09:55:28.861] [exthost] [warning] [Decorations] CAPPING events from decorations provider vscode.git 5449
[2022-09-13 09:55:34.871] [exthost] [warning] [Decorations] CAPPING events from decorations provider vscode.git 5449
[2022-09-13 09:55:40.134] [exthost] [warning] [Decorations] CAPPING events from decorations provider vscode.git 5449
[2022-09-13 09:55:45.422] [exthost] [warning] [Decorations] CAPPING events from decorations provider vscode.git 5449
[2022-09-13 09:55:50.668] [exthost] [warning] [Decorations] CAPPING events from decorations provider vscode.git 5449
[2022-09-13 09:55:55.911] [exthost] [warning] [Decorations] CAPPING events from decorations provider vscode.git 5449
[2022-09-13 09:56:01.142] [exthost] [warning] [Decorations] CAPPING events from decorations provider vscode.git 5449
[2022-09-13 09:56:06.378] [exthost] [warning] [Decorations] CAPPING events from decorations provider vscode.git 5449
[2022-09-13 09:56:11.626] [exthost] [warning] [Decorations] CAPPING events from decorations provider vscode.git 5449
[2022-09-13 09:56:16.877] [exthost] [warning] [Decorations] CAPPING events from decorations provider vscode.git 5449
[2022-09-13 09:56:22.137] [exthost] [warning] [Decorations] CAPPING events from decorations provider vscode.git 5449
[2022-09-13 09:56:27.402] [exthost] [warning] [Decorations] CAPPING events from decorations provider vscode.git 5449
[2022-09-13 09:56:32.679] [exthost] [warning] [Decorations] CAPPING events from decorations provider vscode.git 5449
[2022-09-13 09:56:37.923] [exthost] [warning] [Decorations] CAPPING events from decorations provider vscode.git 5449
[2022-09-13 09:56:43.166] [exthost] [warning] [Decorations] CAPPING events from decorations provider vscode.git 5449
[2022-09-13 09:56:48.398] [exthost] [warning] [Decorations] CAPPING events from decorations provider vscode.git 5449
[2022-09-13 09:56:53.632] [exthost] [warning] [Decorations] CAPPING events from decorations provider vscode.git 5449
[2022-09-13 09:56:58.885] [exthost] [warning] [Decorations] CAPPING events from decorations provider vscode.git 5449
[2022-09-13 09:57:04.136] [exthost] [warning] [Decorations] CAPPING events from decorations provider vscode.git 5449
[2022-09-13 09:57:09.396] [exthost] [warning] [Decorations] CAPPING events from decorations provider vscode.git 5449
[2022-09-13 09:57:14.664] [exthost] [warning] [Decorations] CAPPING events from decorations provider vscode.git 5449
[2022-09-13 09:57:19.939] [exthost] [warning] [Decorations] CAPPING events from decorations provider vscode.git 5449
[2022-09-13 09:57:25.179] [exthost] [warning] [Decorations] CAPPING events from decorations provider vscode.git 5449
[2022-09-13 09:57:30.422] [exthost] [warning] [Decorations] CAPPING events from decorations provider vscode.git 5449
[2022-09-13 09:57:35.649] [exthost] [warning] [Decorations] CAPPING events from decorations provider vscode.git 5449
[2022-09-13 09:57:40.885] [exthost] [warning] [Decorations] CAPPING events from decorations provider vscode.git 5449
[2022-09-13 09:57:46.137] [exthost] [warning] [Decorations] CAPPING events from decorations provider vscode.git 5449
[2022-09-13 09:57:51.435] [exthost] [warning] [Decorations] CAPPING events from decorations provider vscode.git 5449
[2022-09-13 09:57:56.695] [exthost] [warning] [Decorations] CAPPING events from decorations provider vscode.git 5449
[2022-09-13 09:58:01.960] [exthost] [warning] [Decorations] CAPPING events from decorations provider vscode.git 5449
[2022-09-13 09:58:07.236] [exthost] [warning] [Decorations] CAPPING events from decorations provider vscode.git 5449
[2022-09-13 09:58:12.485] [exthost] [warning] [Decorations] CAPPING events from decorations provider vscode.git 5449
[2022-09-13 09:58:17.728] [exthost] [warning] [Decorations] CAPPING events from decorations provider vscode.git 5449
[2022-09-13 09:58:22.958] [exthost] [warning] [Decorations] CAPPING events from decorations provider vscode.git 5449
[2022-09-13 09:58:28.205] [exthost] [warning] [Decorations] CAPPING events from decorations provider vscode.git 5449
[2022-09-13 09:58:33.457] [exthost] [warning] [Decorations] CAPPING events from decorations provider vscode.git 5449
[2022-09-13 09:58:38.703] [exthost] [warning] [Decorations] CAPPING events from decorations provider vscode.git 5449
[2022-09-13 09:58:43.982] [exthost] [warning] [Decorations] CAPPING events from decorations provider vscode.git 5449
[2022-09-13 09:58:49.254] [exthost] [warning] [Decorations] CAPPING events from decorations provider vscode.git 5449
[2022-09-13 09:58:54.526] [exthost] [warning] [Decorations] CAPPING events from decorations provider vscode.git 5449
[2022-09-13 09:58:59.763] [exthost] [warning] [Decorations] CAPPING events from decorations provider vscode.git 5449
[2022-09-13 09:59:04.999] [exthost] [warning] [Decorations] CAPPING events from decorations provider vscode.git 5449
[2022-09-13 09:59:10.223] [exthost] [warning] [Decorations] CAPPING events from decorations provider vscode.git 5449
[2022-09-13 09:59:15.460] [exthost] [warning] [Decorations] CAPPING events from decorations provider vscode.git 5449
[2022-09-13 09:59:20.711] [exthost] [warning] [Decorations] CAPPING events from decorations provider vscode.git 5449
[2022-09-13 09:59:25.957] [exthost] [warning] [Decorations] CAPPING events from decorations provider vscode.git 5449
[2022-09-13 09:59:31.220] [exthost] [warning] [Decorations] CAPPING events from decorations provider vscode.git 5449
[2022-09-13 09:59:36.486] [exthost] [warning] [Decorations] CAPPING events from decorations provider vscode.git 5449
[2022-09-13 10:05:49.340] [exthost] [info] Extension host terminating: renderer disconnected for too long (2)
[2022-09-13 10:05:49.341] [exthost] [info] Lock '/home/linl20/.vscode-server/data/User/workspaceStorage/846d061fbe3b7c3efc4e33135743ac56-1/vscode.lock': Marking the lockfile as scheduled to be released in 6000 ms.
[2022-09-13 10:05:49.384] [exthost] [info] Extension host with pid 49775 exiting with code 0
