[2022-09-08T16:58:54.575Z] Log level: Info
[2022-09-08T16:58:54.583Z] [info] Validating found git in: git
[2022-09-08T16:58:54.624Z] [info] Using git 2.20.1 from git
[2022-09-08T16:58:54.651Z] > git rev-parse --show-toplevel [7ms]
[2022-09-08T16:58:54.664Z] > git rev-parse --git-dir --git-common-dir [2ms]
[2022-09-08T16:58:54.673Z] [info] Open repository: /home/linl20
[2022-09-08T16:58:54.738Z] > git status -z -uall [54ms]
[2022-09-08T16:58:54.749Z] > git symbolic-ref --short HEAD [1ms]
[2022-09-08T16:58:54.761Z] > git for-each-ref --format=%(refname)%00%(upstream:short)%00%(objectname)%00%(upstream:track)%00%(upstream:remotename)%00%(upstream:remoteref) refs/heads/master refs/remotes/master [3ms]
[2022-09-08T16:58:54.791Z] > git remote --verbose [12ms]
[2022-09-08T16:58:54.791Z] > git for-each-ref --sort -committerdate --format %(refname) %(objectname) %(*objectname) [21ms]
[2022-09-08T16:58:55.795Z] > git config --get commit.template [11ms]
[2022-09-08T16:58:55.860Z] > git status -z -uall [53ms]
[2022-09-08T16:58:55.873Z] > git symbolic-ref --short HEAD [1ms]
[2022-09-08T16:58:55.886Z] > git for-each-ref --format=%(refname)%00%(upstream:short)%00%(objectname)%00%(upstream:track)%00%(upstream:remotename)%00%(upstream:remoteref) refs/heads/master refs/remotes/master [2ms]
[2022-09-08T16:58:55.917Z] > git remote --verbose [2ms]
[2022-09-08T16:58:55.917Z] > git for-each-ref --sort -committerdate --format %(refname) %(objectname) %(*objectname) [15ms]
[2022-09-08T16:58:56.038Z] > git config --get commit.template [9ms]
[2022-09-08T16:58:56.974Z] > git check-ignore -v -z --stdin [3ms]
[2022-09-08T16:58:57.252Z] > git show --textconv :bash_ex.sh [14ms]
[2022-09-08T16:58:57.253Z] > git ls-files --stage -- /home/linl20/bash_ex.sh [2ms]
[2022-09-08T16:58:59.947Z] > git check-ignore -v -z --stdin [1ms]
[2022-09-08T16:59:01.408Z] > git status -z -uall [139ms]
[2022-09-08T16:59:01.456Z] > git show --textconv :csc250_lab2-Lin-Eric-142313/lab2.c [17ms]
[2022-09-08T16:59:01.456Z] > git ls-files --stage -- /home/linl20/csc250_lab2-Lin-Eric-142313/lab2.c [4ms]
[2022-09-08T16:59:01.457Z] > git symbolic-ref --short HEAD [36ms]
[2022-09-08T16:59:01.484Z] > git for-each-ref --format=%(refname)%00%(upstream:short)%00%(objectname)%00%(upstream:track)%00%(upstream:remotename)%00%(upstream:remoteref) refs/heads/master refs/remotes/master [14ms]
[2022-09-08T16:59:01.519Z] > git for-each-ref --sort -committerdate --format %(refname) %(objectname) %(*objectname) [20ms]
[2022-09-08T16:59:01.520Z] > git remote --verbose [7ms]
[2022-09-08T16:59:02.556Z] > git config --get commit.template [894ms]
[2022-09-08T16:59:37.021Z] > git status -z -uall [52ms]
[2022-09-08T16:59:37.034Z] > git symbolic-ref --short HEAD [1ms]
[2022-09-08T16:59:37.047Z] > git for-each-ref --format=%(refname)%00%(upstream:short)%00%(objectname)%00%(upstream:track)%00%(upstream:remotename)%00%(upstream:remoteref) refs/heads/master refs/remotes/master [1ms]
[2022-09-08T16:59:37.069Z] > git remote --verbose [2ms]
[2022-09-08T16:59:37.070Z] > git for-each-ref --sort -committerdate --format %(refname) %(objectname) %(*objectname) [13ms]
[2022-09-08T16:59:37.201Z] > git config --get commit.template [2ms]
[2022-09-08T16:59:42.259Z] > git status -z -uall [42ms]
[2022-09-08T16:59:42.273Z] > git symbolic-ref --short HEAD [1ms]
[2022-09-08T16:59:42.288Z] > git for-each-ref --format=%(refname)%00%(upstream:short)%00%(objectname)%00%(upstream:track)%00%(upstream:remotename)%00%(upstream:remoteref) refs/heads/master refs/remotes/master [2ms]
[2022-09-08T16:59:42.316Z] > git remote --verbose [2ms]
[2022-09-08T16:59:42.316Z] > git for-each-ref --sort -committerdate --format %(refname) %(objectname) %(*objectname) [14ms]
[2022-09-08T16:59:42.420Z] > git config --get commit.template [1ms]
[2022-09-08T17:00:34.087Z] > git check-ignore -v -z --stdin [3ms]
[2022-09-08T17:03:06.197Z] > git show --textconv :csc250_lab2-Lin-Eric-142313/lab2.c [12ms]
[2022-09-08T17:03:06.198Z] > git ls-files --stage -- /home/linl20/csc250_lab2-Lin-Eric-142313/lab2.c [2ms]
[2022-09-08T17:03:42.263Z] > git status -z -uall [50ms]
[2022-09-08T17:03:42.275Z] > git symbolic-ref --short HEAD [1ms]
[2022-09-08T17:03:42.290Z] > git for-each-ref --format=%(refname)%00%(upstream:short)%00%(objectname)%00%(upstream:track)%00%(upstream:remotename)%00%(upstream:remoteref) refs/heads/master refs/remotes/master [2ms]
[2022-09-08T17:03:42.313Z] > git remote --verbose [2ms]
[2022-09-08T17:03:42.313Z] > git for-each-ref --sort -committerdate --format %(refname) %(objectname) %(*objectname) [12ms]
[2022-09-08T17:03:42.433Z] > git config --get commit.template [3ms]
[2022-09-08T17:03:58.831Z] > git status -z -uall [40ms]
[2022-09-08T17:03:58.846Z] > git symbolic-ref --short HEAD [1ms]
[2022-09-08T17:03:58.861Z] > git for-each-ref --format=%(refname)%00%(upstream:short)%00%(objectname)%00%(upstream:track)%00%(upstream:remotename)%00%(upstream:remoteref) refs/heads/master refs/remotes/master [1ms]
[2022-09-08T17:03:58.891Z] > git for-each-ref --sort -committerdate --format %(refname) %(objectname) %(*objectname) [16ms]
[2022-09-08T17:03:58.891Z] > git remote --verbose [1ms]
[2022-09-08T17:03:58.997Z] > git config --get commit.template [1ms]
[2022-09-08T17:04:04.054Z] > git status -z -uall [40ms]
[2022-09-08T17:04:04.069Z] > git symbolic-ref --short HEAD [1ms]
[2022-09-08T17:04:04.084Z] > git for-each-ref --format=%(refname)%00%(upstream:short)%00%(objectname)%00%(upstream:track)%00%(upstream:remotename)%00%(upstream:remoteref) refs/heads/master refs/remotes/master [1ms]
[2022-09-08T17:04:04.112Z] > git remote --verbose [1ms]
[2022-09-08T17:04:04.113Z] > git for-each-ref --sort -committerdate --format %(refname) %(objectname) %(*objectname) [15ms]
[2022-09-08T17:04:04.216Z] > git config --get commit.template [0ms]
[2022-09-08T17:04:09.274Z] > git status -z -uall [41ms]
[2022-09-08T17:04:09.290Z] > git symbolic-ref --short HEAD [1ms]
[2022-09-08T17:04:09.305Z] > git for-each-ref --format=%(refname)%00%(upstream:short)%00%(objectname)%00%(upstream:track)%00%(upstream:remotename)%00%(upstream:remoteref) refs/heads/master refs/remotes/master [1ms]
[2022-09-08T17:04:09.335Z] > git remote --verbose [2ms]
[2022-09-08T17:04:09.335Z] > git for-each-ref --sort -committerdate --format %(refname) %(objectname) %(*objectname) [16ms]
[2022-09-08T17:04:10.226Z] > git config --get commit.template [764ms]
[2022-09-08T17:04:15.282Z] > git status -z -uall [38ms]
[2022-09-08T17:04:15.300Z] > git symbolic-ref --short HEAD [2ms]
[2022-09-08T17:04:15.317Z] > git for-each-ref --format=%(refname)%00%(upstream:short)%00%(objectname)%00%(upstream:track)%00%(upstream:remotename)%00%(upstream:remoteref) refs/heads/master refs/remotes/master [1ms]
[2022-09-08T17:04:15.349Z] > git for-each-ref --sort -committerdate --format %(refname) %(objectname) %(*objectname) [16ms]
[2022-09-08T17:04:15.350Z] > git remote --verbose [2ms]
[2022-09-08T17:04:15.458Z] > git config --get commit.template [7ms]
[2022-09-08T17:04:20.521Z] > git status -z -uall [44ms]
[2022-09-08T17:04:20.541Z] > git symbolic-ref --short HEAD [2ms]
[2022-09-08T17:04:20.560Z] > git for-each-ref --format=%(refname)%00%(upstream:short)%00%(objectname)%00%(upstream:track)%00%(upstream:remotename)%00%(upstream:remoteref) refs/heads/master refs/remotes/master [1ms]
[2022-09-08T17:04:20.596Z] > git remote --verbose [1ms]
[2022-09-08T17:04:20.597Z] > git for-each-ref --sort -committerdate --format %(refname) %(objectname) %(*objectname) [19ms]
[2022-09-08T17:04:20.706Z] > git config --get commit.template [1ms]
[2022-09-08T17:04:25.769Z] > git status -z -uall [42ms]
[2022-09-08T17:04:25.791Z] > git symbolic-ref --short HEAD [1ms]
[2022-09-08T17:04:25.812Z] > git for-each-ref --format=%(refname)%00%(upstream:short)%00%(objectname)%00%(upstream:track)%00%(upstream:remotename)%00%(upstream:remoteref) refs/heads/master refs/remotes/master [1ms]
[2022-09-08T17:04:25.852Z] > git remote --verbose [1ms]
[2022-09-08T17:04:25.852Z] > git for-each-ref --sort -committerdate --format %(refname) %(objectname) %(*objectname) [21ms]
[2022-09-08T17:04:25.959Z] > git config --get commit.template [1ms]
[2022-09-08T17:04:31.024Z] > git status -z -uall [41ms]
[2022-09-08T17:04:31.047Z] > git symbolic-ref --short HEAD [1ms]
[2022-09-08T17:04:31.070Z] > git for-each-ref --format=%(refname)%00%(upstream:short)%00%(objectname)%00%(upstream:track)%00%(upstream:remotename)%00%(upstream:remoteref) refs/heads/master refs/remotes/master [1ms]
[2022-09-08T17:04:31.114Z] > git remote --verbose [1ms]
[2022-09-08T17:04:31.114Z] > git for-each-ref --sort -committerdate --format %(refname) %(objectname) %(*objectname) [23ms]
[2022-09-08T17:04:31.232Z] > git config --get commit.template [0ms]
[2022-09-08T17:04:36.295Z] > git status -z -uall [38ms]
[2022-09-08T17:04:36.319Z] > git symbolic-ref --short HEAD [1ms]
[2022-09-08T17:04:36.342Z] > git for-each-ref --format=%(refname)%00%(upstream:short)%00%(objectname)%00%(upstream:track)%00%(upstream:remotename)%00%(upstream:remoteref) refs/heads/master refs/remotes/master [1ms]
[2022-09-08T17:04:36.388Z] > git for-each-ref --sort -committerdate --format %(refname) %(objectname) %(*objectname) [23ms]
[2022-09-08T17:04:36.389Z] > git remote --verbose [2ms]
[2022-09-08T17:04:36.496Z] > git config --get commit.template [1ms]
[2022-09-08T17:04:41.561Z] > git status -z -uall [38ms]
[2022-09-08T17:04:41.586Z] > git symbolic-ref --short HEAD [1ms]
[2022-09-08T17:04:41.611Z] > git for-each-ref --format=%(refname)%00%(upstream:short)%00%(objectname)%00%(upstream:track)%00%(upstream:remotename)%00%(upstream:remoteref) refs/heads/master refs/remotes/master [1ms]
[2022-09-08T17:04:41.661Z] > git remote --verbose [2ms]
[2022-09-08T17:04:41.661Z] > git for-each-ref --sort -committerdate --format %(refname) %(objectname) %(*objectname) [26ms]
[2022-09-08T17:04:41.769Z] > git config --get commit.template [1ms]
