[2022-09-14T22:45:35.663Z] Log level: Info
[2022-09-14T22:45:35.671Z] [info] Validating found git in: git
[2022-09-14T22:45:35.714Z] [info] Using git 2.20.1 from git
[2022-09-14T22:45:35.755Z] > git rev-parse --show-toplevel [22ms]
[2022-09-14T22:45:35.775Z] > git rev-parse --git-dir --git-common-dir [7ms]
[2022-09-14T22:45:35.784Z] [info] Open repository: /home/linl20
[2022-09-14T22:45:35.855Z] > git status -z -uall [58ms]
[2022-09-14T22:45:35.868Z] > git symbolic-ref --short HEAD [4ms]
[2022-09-14T22:45:35.882Z] > git for-each-ref --format=%(refname)%00%(upstream:short)%00%(objectname)%00%(upstream:track)%00%(upstream:remotename)%00%(upstream:remoteref) refs/heads/master refs/remotes/master [5ms]
[2022-09-14T22:45:35.905Z] > git remote --verbose [4ms]
[2022-09-14T22:45:35.906Z] > git for-each-ref --sort -committerdate --format %(refname) %(objectname) %(*objectname) [14ms]
[2022-09-14T22:45:35.933Z] > git config --get commit.template [6ms]
[2022-09-14T22:45:35.984Z] > git status -z -uall [38ms]
[2022-09-14T22:45:36.006Z] > git symbolic-ref --short HEAD [12ms]
[2022-09-14T22:45:36.022Z] > git for-each-ref --format=%(refname)%00%(upstream:short)%00%(objectname)%00%(upstream:track)%00%(upstream:remotename)%00%(upstream:remoteref) refs/heads/master refs/remotes/master [7ms]
[2022-09-14T22:45:36.047Z] > git remote --verbose [7ms]
[2022-09-14T22:45:36.047Z] > git for-each-ref --sort -committerdate --format %(refname) %(objectname) %(*objectname) [16ms]
[2022-09-14T22:45:36.064Z] > git config --get commit.template [3ms]
[2022-09-14T22:45:36.490Z] > git show --textconv :csc250_lab2-Lin-Eric-142313/lab2.c [13ms]
[2022-09-14T22:45:36.492Z] > git ls-files --stage -- /home/linl20/csc250_lab2-Lin-Eric-142313/lab2.c [4ms]
[2022-09-14T22:45:36.518Z] > git check-ignore -v -z --stdin [3ms]
[2022-09-14T22:45:37.732Z] > git check-ignore -v -z --stdin [8ms]
[2022-09-14T22:45:43.832Z] > git show --textconv :csc250_lab2-Lin-Eric-142313/makefile [10ms]
[2022-09-14T22:45:43.835Z] > git ls-files --stage -- /home/linl20/csc250_lab2-Lin-Eric-142313/makefile [4ms]
[2022-09-14T22:46:01.473Z] > git status -z -uall [46ms]
[2022-09-14T22:46:01.484Z] > git symbolic-ref --short HEAD [1ms]
[2022-09-14T22:46:01.495Z] > git for-each-ref --format=%(refname)%00%(upstream:short)%00%(objectname)%00%(upstream:track)%00%(upstream:remotename)%00%(upstream:remoteref) refs/heads/master refs/remotes/master [2ms]
[2022-09-14T22:46:01.515Z] > git remote --verbose [2ms]
[2022-09-14T22:46:01.515Z] > git for-each-ref --sort -committerdate --format %(refname) %(objectname) %(*objectname) [11ms]
[2022-09-14T22:46:01.528Z] > git config --get commit.template [1ms]
[2022-09-14T22:46:06.584Z] > git status -z -uall [44ms]
[2022-09-14T22:46:06.595Z] > git symbolic-ref --short HEAD [2ms]
[2022-09-14T22:46:06.605Z] > git for-each-ref --format=%(refname)%00%(upstream:short)%00%(objectname)%00%(upstream:track)%00%(upstream:remotename)%00%(upstream:remoteref) refs/heads/master refs/remotes/master [1ms]
[2022-09-14T22:46:06.624Z] > git for-each-ref --sort -committerdate --format %(refname) %(objectname) %(*objectname) [10ms]
[2022-09-14T22:46:06.624Z] > git remote --verbose [1ms]
[2022-09-14T22:46:06.637Z] > git config --get commit.template [0ms]
[2022-09-14T22:46:18.441Z] > git status -z -uall [46ms]
[2022-09-14T22:46:18.451Z] > git symbolic-ref --short HEAD [1ms]
[2022-09-14T22:46:18.461Z] > git for-each-ref --format=%(refname)%00%(upstream:short)%00%(objectname)%00%(upstream:track)%00%(upstream:remotename)%00%(upstream:remoteref) refs/heads/master refs/remotes/master [0ms]
[2022-09-14T22:46:18.479Z] > git for-each-ref --sort -committerdate --format %(refname) %(objectname) %(*objectname) [9ms]
[2022-09-14T22:46:18.480Z] > git remote --verbose [2ms]
[2022-09-14T22:46:18.492Z] > git config --get commit.template [1ms]
[2022-09-14T22:46:33.312Z] > git status -z -uall [48ms]
[2022-09-14T22:46:33.322Z] > git symbolic-ref --short HEAD [1ms]
[2022-09-14T22:46:33.333Z] > git for-each-ref --format=%(refname)%00%(upstream:short)%00%(objectname)%00%(upstream:track)%00%(upstream:remotename)%00%(upstream:remoteref) refs/heads/master refs/remotes/master [2ms]
[2022-09-14T22:46:33.351Z] > git for-each-ref --sort -committerdate --format %(refname) %(objectname) %(*objectname) [9ms]
[2022-09-14T22:46:33.352Z] > git remote --verbose [2ms]
[2022-09-14T22:46:33.366Z] > git config --get commit.template [3ms]
[2022-09-14T22:46:36.020Z] > git show --textconv :CTest [11ms]
[2022-09-14T22:46:36.023Z] > git ls-files --stage -- /home/linl20/CTest [4ms]
[2022-09-14T22:46:36.033Z] > git cat-file -s ef79d364ed5ba6717c8ef975de31dd55e830937e [1ms]
[2022-09-14T22:46:38.432Z] > git status -z -uall [56ms]
[2022-09-14T22:46:38.442Z] > git symbolic-ref --short HEAD [1ms]
[2022-09-14T22:46:38.452Z] > git for-each-ref --format=%(refname)%00%(upstream:short)%00%(objectname)%00%(upstream:track)%00%(upstream:remotename)%00%(upstream:remoteref) refs/heads/master refs/remotes/master [1ms]
[2022-09-14T22:46:38.471Z] > git for-each-ref --sort -committerdate --format %(refname) %(objectname) %(*objectname) [10ms]
[2022-09-14T22:46:38.472Z] > git remote --verbose [2ms]
[2022-09-14T22:46:38.486Z] > git config --get commit.template [2ms]
[2022-09-14T22:46:42.548Z] > git show --textconv :pythonEX.py [9ms]
[2022-09-14T22:46:42.551Z] > git ls-files --stage -- /home/linl20/pythonEX.py [4ms]
[2022-09-14T22:46:42.561Z] > git cat-file -s b52951ca2ea7c50686cc5664983388bf34549f04 [1ms]
[2022-09-14T22:46:43.550Z] > git status -z -uall [54ms]
[2022-09-14T22:46:43.561Z] > git symbolic-ref --short HEAD [1ms]
[2022-09-14T22:46:43.571Z] > git for-each-ref --format=%(refname)%00%(upstream:short)%00%(objectname)%00%(upstream:track)%00%(upstream:remotename)%00%(upstream:remoteref) refs/heads/master refs/remotes/master [2ms]
[2022-09-14T22:46:43.589Z] > git for-each-ref --sort -committerdate --format %(refname) %(objectname) %(*objectname) [9ms]
[2022-09-14T22:46:43.590Z] > git remote --verbose [2ms]
[2022-09-14T22:46:43.603Z] > git config --get commit.template [2ms]
[2022-09-14T22:49:56.251Z] > git status -z -uall [56ms]
[2022-09-14T22:49:56.261Z] > git symbolic-ref --short HEAD [1ms]
[2022-09-14T22:49:56.272Z] > git for-each-ref --format=%(refname)%00%(upstream:short)%00%(objectname)%00%(upstream:track)%00%(upstream:remotename)%00%(upstream:remoteref) refs/heads/master refs/remotes/master [2ms]
[2022-09-14T22:49:56.290Z] > git for-each-ref --sort -committerdate --format %(refname) %(objectname) %(*objectname) [10ms]
[2022-09-14T22:49:56.291Z] > git remote --verbose [2ms]
[2022-09-14T22:49:56.303Z] > git config --get commit.template [1ms]
[2022-09-14T22:50:01.369Z] > git status -z -uall [55ms]
[2022-09-14T22:50:01.380Z] > git symbolic-ref --short HEAD [1ms]
[2022-09-14T22:50:01.392Z] > git for-each-ref --format=%(refname)%00%(upstream:short)%00%(objectname)%00%(upstream:track)%00%(upstream:remotename)%00%(upstream:remoteref) refs/heads/master refs/remotes/master [1ms]
[2022-09-14T22:50:01.412Z] > git remote --verbose [2ms]
[2022-09-14T22:50:01.412Z] > git for-each-ref --sort -committerdate --format %(refname) %(objectname) %(*objectname) [11ms]
[2022-09-14T22:50:01.425Z] > git config --get commit.template [1ms]
[2022-09-14T22:50:07.579Z] > git show --textconv :csc250_lab2-Lin-Eric-142313/lab2.c [9ms]
[2022-09-14T22:50:07.582Z] > git ls-files --stage -- /home/linl20/csc250_lab2-Lin-Eric-142313/lab2.c [4ms]
[2022-09-14T22:50:10.544Z] > git status -z -uall [55ms]
[2022-09-14T22:50:10.555Z] > git symbolic-ref --short HEAD [2ms]
[2022-09-14T22:50:10.564Z] > git for-each-ref --format=%(refname)%00%(upstream:short)%00%(objectname)%00%(upstream:track)%00%(upstream:remotename)%00%(upstream:remoteref) refs/heads/master refs/remotes/master [1ms]
[2022-09-14T22:50:10.583Z] > git for-each-ref --sort -committerdate --format %(refname) %(objectname) %(*objectname) [10ms]
[2022-09-14T22:50:10.583Z] > git remote --verbose [1ms]
[2022-09-14T22:50:10.595Z] > git config --get commit.template [1ms]
[2022-09-14T22:50:26.568Z] > git status -z -uall [54ms]
[2022-09-14T22:50:26.579Z] > git symbolic-ref --short HEAD [1ms]
[2022-09-14T22:50:26.589Z] > git for-each-ref --format=%(refname)%00%(upstream:short)%00%(objectname)%00%(upstream:track)%00%(upstream:remotename)%00%(upstream:remoteref) refs/heads/master refs/remotes/master [1ms]
[2022-09-14T22:50:26.607Z] > git for-each-ref --sort -committerdate --format %(refname) %(objectname) %(*objectname) [9ms]
[2022-09-14T22:50:26.607Z] > git remote --verbose [1ms]
[2022-09-14T22:50:26.620Z] > git config --get commit.template [1ms]
[2022-09-14T22:50:31.685Z] > git status -z -uall [55ms]
[2022-09-14T22:50:31.695Z] > git symbolic-ref --short HEAD [1ms]
[2022-09-14T22:50:31.705Z] > git for-each-ref --format=%(refname)%00%(upstream:short)%00%(objectname)%00%(upstream:track)%00%(upstream:remotename)%00%(upstream:remoteref) refs/heads/master refs/remotes/master [1ms]
[2022-09-14T22:50:31.725Z] > git for-each-ref --sort -committerdate --format %(refname) %(objectname) %(*objectname) [11ms]
[2022-09-14T22:50:31.725Z] > git remote --verbose [3ms]
[2022-09-14T22:50:31.738Z] > git config --get commit.template [1ms]
[2022-09-14T22:50:39.129Z] > git status -z -uall [80ms]
[2022-09-14T22:50:39.140Z] > git symbolic-ref --short HEAD [1ms]
[2022-09-14T22:50:39.150Z] > git for-each-ref --format=%(refname)%00%(upstream:short)%00%(objectname)%00%(upstream:track)%00%(upstream:remotename)%00%(upstream:remoteref) refs/heads/master refs/remotes/master [1ms]
[2022-09-14T22:50:39.170Z] > git for-each-ref --sort -committerdate --format %(refname) %(objectname) %(*objectname) [10ms]
[2022-09-14T22:50:39.170Z] > git remote --verbose [1ms]
[2022-09-14T22:50:39.184Z] > git config --get commit.template [1ms]
[2022-09-14T22:50:44.273Z] > git status -z -uall [78ms]
[2022-09-14T22:50:44.283Z] > git symbolic-ref --short HEAD [1ms]
[2022-09-14T22:50:44.293Z] > git for-each-ref --format=%(refname)%00%(upstream:short)%00%(objectname)%00%(upstream:track)%00%(upstream:remotename)%00%(upstream:remoteref) refs/heads/master refs/remotes/master [1ms]
[2022-09-14T22:50:44.312Z] > git for-each-ref --sort -committerdate --format %(refname) %(objectname) %(*objectname) [10ms]
[2022-09-14T22:50:44.312Z] > git remote --verbose [1ms]
[2022-09-14T22:50:44.327Z] > git config --get commit.template [1ms]
[2022-09-14T22:50:46.849Z] > git add -A -- . [313ms]
[2022-09-14T22:50:47.522Z] > git show --textconv :.git/COMMIT_EDITMSG [14ms]
[2022-09-14T22:50:47.524Z] > git ls-files --stage -- /home/linl20/.git/COMMIT_EDITMSG [3ms]
[2022-09-14T22:50:47.799Z] > git check-ignore -v -z --stdin [4ms]
[2022-09-14T22:50:48.259Z] > git ls-files --stage -- /home/linl20/.git/COMMIT_EDITMSG [4ms]
[2022-09-14T22:50:48.283Z] > git show --textconv :.git/COMMIT_EDITMSG [4ms]
[2022-09-14T22:51:07.128Z] > git -c user.useConfigOnly=true commit --quiet [20266ms]
[2022-09-14T22:51:07.128Z] Aborting commit due to empty commit message.
[2022-09-14T22:51:07.403Z] > git show --textconv :csc250_lab2-Lin-Eric-142313/lab2.c [10ms]
[2022-09-14T22:51:07.406Z] > git ls-files --stage -- /home/linl20/csc250_lab2-Lin-Eric-142313/lab2.c [3ms]
[2022-09-14T22:51:07.495Z] > git status -z -uall [337ms]
[2022-09-14T22:51:07.506Z] > git symbolic-ref --short HEAD [1ms]
[2022-09-14T22:51:07.519Z] > git for-each-ref --format=%(refname)%00%(upstream:short)%00%(objectname)%00%(upstream:track)%00%(upstream:remotename)%00%(upstream:remoteref) refs/heads/master refs/remotes/master [2ms]
[2022-09-14T22:51:07.540Z] > git for-each-ref --sort -committerdate --format %(refname) %(objectname) %(*objectname) [11ms]
[2022-09-14T22:51:07.540Z] > git remote --verbose [1ms]
[2022-09-14T22:51:07.555Z] > git config --get commit.template [2ms]
[2022-09-14T22:51:12.615Z] > git status -z -uall [47ms]
[2022-09-14T22:51:12.627Z] > git symbolic-ref --short HEAD [1ms]
[2022-09-14T22:51:12.639Z] > git for-each-ref --format=%(refname)%00%(upstream:short)%00%(objectname)%00%(upstream:track)%00%(upstream:remotename)%00%(upstream:remoteref) refs/heads/master refs/remotes/master [1ms]
[2022-09-14T22:51:12.661Z] > git for-each-ref --sort -committerdate --format %(refname) %(objectname) %(*objectname) [11ms]
[2022-09-14T22:51:12.661Z] > git remote --verbose [1ms]
[2022-09-14T22:51:12.675Z] > git config --get commit.template [1ms]
[2022-09-14T22:51:16.922Z] > git -c user.useConfigOnly=true commit --quiet --allow-empty-message --file - [30ms]
[2022-09-14T22:51:16.968Z] > git status -z -uall [35ms]
[2022-09-14T22:51:16.979Z] > git symbolic-ref --short HEAD [1ms]
[2022-09-14T22:51:16.991Z] > git for-each-ref --format=%(refname)%00%(upstream:short)%00%(objectname)%00%(upstream:track)%00%(upstream:remotename)%00%(upstream:remoteref) refs/heads/master refs/remotes/master [2ms]
[2022-09-14T22:51:17.010Z] > git for-each-ref --sort -committerdate --format %(refname) %(objectname) %(*objectname) [10ms]
[2022-09-14T22:51:17.011Z] > git remote --verbose [2ms]
[2022-09-14T22:51:17.027Z] > git config --get commit.template [1ms]
[2022-09-14T22:51:17.042Z] > git config --get commit.template [1ms]
[2022-09-14T22:51:17.721Z] > git status -z -uall [35ms]
[2022-09-14T22:51:17.732Z] > git symbolic-ref --short HEAD [1ms]
[2022-09-14T22:51:17.744Z] > git for-each-ref --format=%(refname)%00%(upstream:short)%00%(objectname)%00%(upstream:track)%00%(upstream:remotename)%00%(upstream:remoteref) refs/heads/master refs/remotes/master [2ms]
[2022-09-14T22:51:17.765Z] > git for-each-ref --sort -committerdate --format %(refname) %(objectname) %(*objectname) [10ms]
[2022-09-14T22:51:17.765Z] > git remote --verbose [2ms]
[2022-09-14T22:51:17.778Z] > git config --get commit.template [2ms]
[2022-09-14T22:51:18.340Z] > git ls-files --stage -- /home/linl20/csc250_lab2-Lin-Eric-142313/lab2.c [3ms]
[2022-09-14T22:51:18.366Z] > git show --textconv :csc250_lab2-Lin-Eric-142313/lab2.c [3ms]
[2022-09-14T22:51:22.824Z] > git status -z -uall [35ms]
[2022-09-14T22:51:22.836Z] > git symbolic-ref --short HEAD [2ms]
[2022-09-14T22:51:22.847Z] > git for-each-ref --format=%(refname)%00%(upstream:short)%00%(objectname)%00%(upstream:track)%00%(upstream:remotename)%00%(upstream:remoteref) refs/heads/master refs/remotes/master [2ms]
[2022-09-14T22:51:22.867Z] > git for-each-ref --sort -committerdate --format %(refname) %(objectname) %(*objectname) [11ms]
[2022-09-14T22:51:22.867Z] > git remote --verbose [1ms]
[2022-09-14T22:51:22.879Z] > git config --get commit.template [1ms]
[2022-09-14T22:51:23.286Z] > git add -A -- . [50ms]
[2022-09-14T22:51:23.811Z] > git show --textconv :.git/COMMIT_EDITMSG [10ms]
[2022-09-14T22:51:23.814Z] > git ls-files --stage -- /home/linl20/.git/COMMIT_EDITMSG [3ms]
[2022-09-14T22:51:24.681Z] > git ls-files --stage -- /home/linl20/.git/COMMIT_EDITMSG [3ms]
[2022-09-14T22:51:24.704Z] > git show --textconv :.git/COMMIT_EDITMSG [3ms]
[2022-09-14T22:53:22.256Z] > git show --textconv :csc250_lab2-Lin-Eric-142313/lab2.c [10ms]
[2022-09-14T22:53:22.259Z] > git ls-files --stage -- /home/linl20/csc250_lab2-Lin-Eric-142313/lab2.c [3ms]
[2022-09-14T22:58:28.643Z] > git add -A -- /home/linl20/.vscode-server/data/User/History/-694528fe/entries.json /home/linl20/.vscode-server/data/User/workspaceStorage/846d061fbe3b7c3efc4e33135743ac56-1/ms-vscode.cpptools/.browse.VC.db-wal /home/linl20/.vscode-server/data/logs/20220914T172430/exthost3/output_logging_20220914T184534/2-Git.log /home/linl20/csc250_lab2-Lin-Eric-142313 /home/linl20/.vscode-server/data/User/History/-694528fe/zX7K.json /home/linl20/.vscode-server/data/logs/20220914T172430/exthost3/output_logging_20220914T184534/3-JSON Language Server.log [21ms]
[2022-09-14T22:58:28.689Z] > git status -z -uall [35ms]
[2022-09-14T22:58:28.700Z] > git symbolic-ref --short HEAD [1ms]
[2022-09-14T22:58:28.713Z] > git for-each-ref --format=%(refname)%00%(upstream:short)%00%(objectname)%00%(upstream:track)%00%(upstream:remotename)%00%(upstream:remoteref) refs/heads/master refs/remotes/master [3ms]
[2022-09-14T22:58:28.733Z] > git for-each-ref --sort -committerdate --format %(refname) %(objectname) %(*objectname) [11ms]
[2022-09-14T22:58:28.734Z] > git remote --verbose [2ms]
[2022-09-14T22:58:28.748Z] > git config --get commit.template [1ms]
[2022-09-14T22:58:29.939Z] > git ls-files --stage -- /home/linl20/csc250_lab2-Lin-Eric-142313/lab2.c [3ms]
[2022-09-14T22:58:29.963Z] > git show --textconv :csc250_lab2-Lin-Eric-142313/lab2.c [3ms]
[2022-09-14T22:59:25.897Z] > git -c user.useConfigOnly=true commit --quiet [482601ms]
[2022-09-14T22:59:25.897Z] Aborting commit due to empty commit message.
[2022-09-14T22:59:25.945Z] > git status -z -uall [36ms]
[2022-09-14T22:59:25.957Z] > git symbolic-ref --short HEAD [2ms]
[2022-09-14T22:59:25.968Z] > git for-each-ref --format=%(refname)%00%(upstream:short)%00%(objectname)%00%(upstream:track)%00%(upstream:remotename)%00%(upstream:remoteref) refs/heads/master refs/remotes/master [2ms]
[2022-09-14T22:59:25.988Z] > git for-each-ref --sort -committerdate --format %(refname) %(objectname) %(*objectname) [10ms]
[2022-09-14T22:59:25.989Z] > git remote --verbose [2ms]
[2022-09-14T22:59:26.002Z] > git config --get commit.template [1ms]
[2022-09-14T22:59:31.047Z] > git status -z -uall [34ms]
[2022-09-14T22:59:31.059Z] > git symbolic-ref --short HEAD [1ms]
[2022-09-14T22:59:31.070Z] > git for-each-ref --format=%(refname)%00%(upstream:short)%00%(objectname)%00%(upstream:track)%00%(upstream:remotename)%00%(upstream:remoteref) refs/heads/master refs/remotes/master [1ms]
[2022-09-14T22:59:31.090Z] > git for-each-ref --sort -committerdate --format %(refname) %(objectname) %(*objectname) [10ms]
[2022-09-14T22:59:31.090Z] > git remote --verbose [1ms]
[2022-09-14T22:59:31.104Z] > git config --get commit.template [1ms]
[2022-09-14T22:59:36.150Z] > git status -z -uall [35ms]
[2022-09-14T22:59:36.161Z] > git symbolic-ref --short HEAD [1ms]
[2022-09-14T22:59:36.173Z] > git for-each-ref --format=%(refname)%00%(upstream:short)%00%(objectname)%00%(upstream:track)%00%(upstream:remotename)%00%(upstream:remoteref) refs/heads/master refs/remotes/master [2ms]
[2022-09-14T22:59:36.193Z] > git for-each-ref --sort -committerdate --format %(refname) %(objectname) %(*objectname) [10ms]
[2022-09-14T22:59:36.193Z] > git remote --verbose [1ms]
[2022-09-14T22:59:36.206Z] > git config --get commit.template [1ms]
[2022-09-14T23:00:02.138Z] > git status -z -uall [35ms]
[2022-09-14T23:00:02.150Z] > git symbolic-ref --short HEAD [1ms]
[2022-09-14T23:00:02.161Z] > git for-each-ref --format=%(refname)%00%(upstream:short)%00%(objectname)%00%(upstream:track)%00%(upstream:remotename)%00%(upstream:remoteref) refs/heads/master refs/remotes/master [2ms]
[2022-09-14T23:00:02.181Z] > git for-each-ref --sort -committerdate --format %(refname) %(objectname) %(*objectname) [10ms]
[2022-09-14T23:00:02.182Z] > git remote --verbose [2ms]
[2022-09-14T23:00:02.194Z] > git config --get commit.template [1ms]
[2022-09-14T23:00:07.242Z] > git status -z -uall [37ms]
[2022-09-14T23:00:07.254Z] > git symbolic-ref --short HEAD [2ms]
[2022-09-14T23:00:07.265Z] > git for-each-ref --format=%(refname)%00%(upstream:short)%00%(objectname)%00%(upstream:track)%00%(upstream:remotename)%00%(upstream:remoteref) refs/heads/master refs/remotes/master [2ms]
[2022-09-14T23:00:07.284Z] > git for-each-ref --sort -committerdate --format %(refname) %(objectname) %(*objectname) [10ms]
[2022-09-14T23:00:07.285Z] > git remote --verbose [2ms]
[2022-09-14T23:00:07.297Z] > git config --get commit.template [1ms]
[2022-09-14T23:00:10.132Z] > git add -A -- /home/linl20/.vscode-server/data/logs/20220914T172430/exthost3/output_logging_20220914T184534/2-Git.log /home/linl20/csc250_lab2-Lin-Eric-142313 [20ms]
[2022-09-14T23:00:10.178Z] > git status -z -uall [35ms]
[2022-09-14T23:00:10.189Z] > git symbolic-ref --short HEAD [1ms]
[2022-09-14T23:00:10.200Z] > git for-each-ref --format=%(refname)%00%(upstream:short)%00%(objectname)%00%(upstream:track)%00%(upstream:remotename)%00%(upstream:remoteref) refs/heads/master refs/remotes/master [2ms]
[2022-09-14T23:00:10.220Z] > git for-each-ref --sort -committerdate --format %(refname) %(objectname) %(*objectname) [11ms]
[2022-09-14T23:00:10.220Z] > git remote --verbose [1ms]
[2022-09-14T23:00:10.234Z] > git config --get commit.template [1ms]
[2022-09-14T23:00:11.618Z] > git ls-files --stage -- /home/linl20/csc250_lab2-Lin-Eric-142313/lab2.c [3ms]
[2022-09-14T23:00:11.640Z] > git show --textconv :csc250_lab2-Lin-Eric-142313/lab2.c [2ms]
[2022-09-14T23:00:11.821Z] > git add -A -- /home/linl20/.vscode-server/data/logs/20220914T172430/exthost3/output_logging_20220914T184534/2-Git.log /home/linl20/csc250_lab2-Lin-Eric-142313 [21ms]
[2022-09-14T23:00:11.867Z] > git status -z -uall [35ms]
[2022-09-14T23:00:11.878Z] > git symbolic-ref --short HEAD [1ms]
[2022-09-14T23:00:11.890Z] > git for-each-ref --format=%(refname)%00%(upstream:short)%00%(objectname)%00%(upstream:track)%00%(upstream:remotename)%00%(upstream:remoteref) refs/heads/master refs/remotes/master [2ms]
[2022-09-14T23:00:11.910Z] > git for-each-ref --sort -committerdate --format %(refname) %(objectname) %(*objectname) [10ms]
[2022-09-14T23:00:11.910Z] > git remote --verbose [2ms]
[2022-09-14T23:00:11.922Z] > git config --get commit.template [1ms]
[2022-09-14T23:00:12.344Z] > git status -z -uall [36ms]
[2022-09-14T23:00:12.355Z] > git symbolic-ref --short HEAD [1ms]
[2022-09-14T23:00:12.366Z] > git for-each-ref --format=%(refname)%00%(upstream:short)%00%(objectname)%00%(upstream:track)%00%(upstream:remotename)%00%(upstream:remoteref) refs/heads/master refs/remotes/master [2ms]
[2022-09-14T23:00:12.386Z] > git for-each-ref --sort -committerdate --format %(refname) %(objectname) %(*objectname) [10ms]
[2022-09-14T23:00:12.387Z] > git remote --verbose [2ms]
[2022-09-14T23:00:12.399Z] > git config --get commit.template [1ms]
[2022-09-14T23:00:13.191Z] > git ls-files --stage -- /home/linl20/csc250_lab2-Lin-Eric-142313/lab2.c [3ms]
[2022-09-14T23:00:13.238Z] > git show --textconv :csc250_lab2-Lin-Eric-142313/lab2.c [3ms]
[2022-09-14T23:00:17.445Z] > git status -z -uall [34ms]
[2022-09-14T23:00:17.457Z] > git symbolic-ref --short HEAD [2ms]
[2022-09-14T23:00:17.470Z] > git for-each-ref --format=%(refname)%00%(upstream:short)%00%(objectname)%00%(upstream:track)%00%(upstream:remotename)%00%(upstream:remoteref) refs/heads/master refs/remotes/master [2ms]
[2022-09-14T23:00:17.490Z] > git for-each-ref --sort -committerdate --format %(refname) %(objectname) %(*objectname) [10ms]
[2022-09-14T23:00:17.490Z] > git remote --verbose [1ms]
[2022-09-14T23:00:17.503Z] > git config --get commit.template [1ms]
[2022-09-14T23:00:18.355Z] > git -c user.useConfigOnly=true commit --quiet --allow-empty-message --file - [22ms]
[2022-09-14T23:00:18.401Z] > git status -z -uall [35ms]
[2022-09-14T23:00:18.412Z] > git symbolic-ref --short HEAD [1ms]
[2022-09-14T23:00:18.423Z] > git for-each-ref --format=%(refname)%00%(upstream:short)%00%(objectname)%00%(upstream:track)%00%(upstream:remotename)%00%(upstream:remoteref) refs/heads/master refs/remotes/master [2ms]
[2022-09-14T23:00:18.443Z] > git for-each-ref --sort -committerdate --format %(refname) %(objectname) %(*objectname) [10ms]
[2022-09-14T23:00:18.444Z] > git remote --verbose [2ms]
[2022-09-14T23:00:18.461Z] > git config --get commit.template [3ms]
[2022-09-14T23:00:18.476Z] > git config --get commit.template [1ms]
[2022-09-14T23:00:19.917Z] > git ls-files --stage -- /home/linl20/csc250_lab2-Lin-Eric-142313/lab2.c [3ms]
[2022-09-14T23:00:19.939Z] > git show --textconv :csc250_lab2-Lin-Eric-142313/lab2.c [3ms]
[2022-09-14T23:00:22.551Z] > git status -z -uall [36ms]
[2022-09-14T23:00:22.562Z] > git symbolic-ref --short HEAD [1ms]
[2022-09-14T23:00:22.574Z] > git for-each-ref --format=%(refname)%00%(upstream:short)%00%(objectname)%00%(upstream:track)%00%(upstream:remotename)%00%(upstream:remoteref) refs/heads/master refs/remotes/master [2ms]
[2022-09-14T23:00:22.594Z] > git for-each-ref --sort -committerdate --format %(refname) %(objectname) %(*objectname) [10ms]
[2022-09-14T23:00:22.595Z] > git remote --verbose [2ms]
[2022-09-14T23:00:22.609Z] > git config --get commit.template [2ms]
[2022-09-14T23:00:27.654Z] > git status -z -uall [34ms]
[2022-09-14T23:00:27.666Z] > git symbolic-ref --short HEAD [1ms]
[2022-09-14T23:00:27.678Z] > git for-each-ref --format=%(refname)%00%(upstream:short)%00%(objectname)%00%(upstream:track)%00%(upstream:remotename)%00%(upstream:remoteref) refs/heads/master refs/remotes/master [3ms]
[2022-09-14T23:00:27.698Z] > git for-each-ref --sort -committerdate --format %(refname) %(objectname) %(*objectname) [11ms]
[2022-09-14T23:00:27.698Z] > git remote --verbose [1ms]
[2022-09-14T23:00:27.710Z] > git config --get commit.template [1ms]
[2022-09-14T23:00:38.590Z] > git status -z -uall [35ms]
[2022-09-14T23:00:38.601Z] > git symbolic-ref --short HEAD [1ms]
[2022-09-14T23:00:38.612Z] > git for-each-ref --format=%(refname)%00%(upstream:short)%00%(objectname)%00%(upstream:track)%00%(upstream:remotename)%00%(upstream:remoteref) refs/heads/master refs/remotes/master [1ms]
[2022-09-14T23:00:38.632Z] > git for-each-ref --sort -committerdate --format %(refname) %(objectname) %(*objectname) [10ms]
[2022-09-14T23:00:38.633Z] > git remote --verbose [2ms]
[2022-09-14T23:00:38.645Z] > git config --get commit.template [1ms]
[2022-09-14T23:00:43.659Z] > git log --oneline --cherry master...master@{upstream} -- [2ms]
[2022-09-14T23:00:43.869Z] > git pull --tags origin master [200ms]
[2022-09-14T23:00:43.869Z] From https://github.com/Lin-Eric-142313/linl20
 * branch            master     -> FETCH_HEAD
[2022-09-14T23:00:45.154Z] > git ls-files --stage -- /home/linl20/csc250_lab2-Lin-Eric-142313/lab2.c [3ms]
[2022-09-14T23:00:45.176Z] > git show --textconv :csc250_lab2-Lin-Eric-142313/lab2.c [3ms]
[2022-09-14T23:00:45.586Z] > git push origin master:master [1706ms]
[2022-09-14T23:00:45.586Z] To https://github.com/Lin-Eric-142313/linl20.git
   595dacc..b6f6eee  master -> master
[2022-09-14T23:00:45.632Z] > git status -z -uall [36ms]
[2022-09-14T23:00:45.644Z] > git symbolic-ref --short HEAD [2ms]
[2022-09-14T23:00:45.655Z] > git for-each-ref --format=%(refname)%00%(upstream:short)%00%(objectname)%00%(upstream:track)%00%(upstream:remotename)%00%(upstream:remoteref) refs/heads/master refs/remotes/master [2ms]
[2022-09-14T23:00:45.675Z] > git for-each-ref --sort -committerdate --format %(refname) %(objectname) %(*objectname) [10ms]
[2022-09-14T23:00:45.676Z] > git remote --verbose [2ms]
[2022-09-14T23:00:45.690Z] > git config --get commit.template [1ms]
[2022-09-14T23:00:45.740Z] > git status -z -uall [35ms]
[2022-09-14T23:00:45.752Z] > git symbolic-ref --short HEAD [2ms]
[2022-09-14T23:00:45.763Z] > git for-each-ref --format=%(refname)%00%(upstream:short)%00%(objectname)%00%(upstream:track)%00%(upstream:remotename)%00%(upstream:remoteref) refs/heads/master refs/remotes/master [1ms]
[2022-09-14T23:00:45.784Z] > git remote --verbose [2ms]
[2022-09-14T23:00:45.785Z] > git for-each-ref --sort -committerdate --format %(refname) %(objectname) %(*objectname) [12ms]
[2022-09-14T23:00:45.797Z] > git config --get commit.template [1ms]
[2022-09-14T23:00:47.245Z] > git ls-files --stage -- /home/linl20/csc250_lab2-Lin-Eric-142313/lab2.c [3ms]
[2022-09-14T23:00:47.267Z] > git show --textconv :csc250_lab2-Lin-Eric-142313/lab2.c [3ms]
[2022-09-14T23:00:50.844Z] > git status -z -uall [35ms]
[2022-09-14T23:00:50.855Z] > git symbolic-ref --short HEAD [1ms]
[2022-09-14T23:00:50.867Z] > git for-each-ref --format=%(refname)%00%(upstream:short)%00%(objectname)%00%(upstream:track)%00%(upstream:remotename)%00%(upstream:remoteref) refs/heads/master refs/remotes/master [2ms]
[2022-09-14T23:00:50.888Z] > git for-each-ref --sort -committerdate --format %(refname) %(objectname) %(*objectname) [10ms]
[2022-09-14T23:00:50.888Z] > git remote --verbose [2ms]
[2022-09-14T23:00:50.902Z] > git config --get commit.template [1ms]
[2022-09-14T23:04:10.725Z] > git status -z -uall [35ms]
[2022-09-14T23:04:10.737Z] > git symbolic-ref --short HEAD [1ms]
[2022-09-14T23:04:10.748Z] > git for-each-ref --format=%(refname)%00%(upstream:short)%00%(objectname)%00%(upstream:track)%00%(upstream:remotename)%00%(upstream:remoteref) refs/heads/master refs/remotes/master [1ms]
[2022-09-14T23:04:10.768Z] > git for-each-ref --sort -committerdate --format %(refname) %(objectname) %(*objectname) [10ms]
[2022-09-14T23:04:10.769Z] > git remote --verbose [2ms]
[2022-09-14T23:04:10.782Z] > git config --get commit.template [1ms]
[2022-09-14T23:04:15.828Z] > git status -z -uall [35ms]
[2022-09-14T23:04:15.840Z] > git symbolic-ref --short HEAD [1ms]
[2022-09-14T23:04:15.852Z] > git for-each-ref --format=%(refname)%00%(upstream:short)%00%(objectname)%00%(upstream:track)%00%(upstream:remotename)%00%(upstream:remoteref) refs/heads/master refs/remotes/master [2ms]
[2022-09-14T23:04:15.873Z] > git for-each-ref --sort -committerdate --format %(refname) %(objectname) %(*objectname) [11ms]
[2022-09-14T23:04:15.873Z] > git remote --verbose [2ms]
[2022-09-14T23:04:15.886Z] > git config --get commit.template [1ms]
[2022-09-14T23:04:20.935Z] > git status -z -uall [35ms]
[2022-09-14T23:04:20.947Z] > git symbolic-ref --short HEAD [1ms]
[2022-09-14T23:04:20.959Z] > git for-each-ref --format=%(refname)%00%(upstream:short)%00%(objectname)%00%(upstream:track)%00%(upstream:remotename)%00%(upstream:remoteref) refs/heads/master refs/remotes/master [2ms]
[2022-09-14T23:04:20.982Z] > git remote --verbose [2ms]
[2022-09-14T23:04:20.983Z] > git for-each-ref --sort -committerdate --format %(refname) %(objectname) %(*objectname) [14ms]
[2022-09-14T23:04:20.998Z] > git config --get commit.template [1ms]
[2022-09-14T23:04:42.090Z] > git status -z -uall [36ms]
[2022-09-14T23:04:42.102Z] > git symbolic-ref --short HEAD [2ms]
[2022-09-14T23:04:42.113Z] > git for-each-ref --format=%(refname)%00%(upstream:short)%00%(objectname)%00%(upstream:track)%00%(upstream:remotename)%00%(upstream:remoteref) refs/heads/master refs/remotes/master [1ms]
[2022-09-14T23:04:42.134Z] > git for-each-ref --sort -committerdate --format %(refname) %(objectname) %(*objectname) [11ms]
[2022-09-14T23:04:42.135Z] > git remote --verbose [2ms]
[2022-09-14T23:04:42.149Z] > git config --get commit.template [1ms]
[2022-09-14T23:04:47.194Z] > git status -z -uall [34ms]
[2022-09-14T23:04:47.206Z] > git symbolic-ref --short HEAD [1ms]
[2022-09-14T23:04:47.217Z] > git for-each-ref --format=%(refname)%00%(upstream:short)%00%(objectname)%00%(upstream:track)%00%(upstream:remotename)%00%(upstream:remoteref) refs/heads/master refs/remotes/master [1ms]
[2022-09-14T23:04:47.238Z] > git for-each-ref --sort -committerdate --format %(refname) %(objectname) %(*objectname) [12ms]
[2022-09-14T23:04:47.238Z] > git remote --verbose [2ms]
[2022-09-14T23:04:47.251Z] > git config --get commit.template [1ms]
[2022-09-14T23:04:55.661Z] > git status -z -uall [36ms]
[2022-09-14T23:04:55.672Z] > git symbolic-ref --short HEAD [1ms]
[2022-09-14T23:04:55.684Z] > git for-each-ref --format=%(refname)%00%(upstream:short)%00%(objectname)%00%(upstream:track)%00%(upstream:remotename)%00%(upstream:remoteref) refs/heads/master refs/remotes/master [2ms]
[2022-09-14T23:04:55.703Z] > git for-each-ref --sort -committerdate --format %(refname) %(objectname) %(*objectname) [10ms]
[2022-09-14T23:04:55.704Z] > git remote --verbose [2ms]
[2022-09-14T23:04:55.716Z] > git config --get commit.template [1ms]
[2022-09-14T23:05:00.762Z] > git status -z -uall [35ms]
[2022-09-14T23:05:00.774Z] > git symbolic-ref --short HEAD [1ms]
[2022-09-14T23:05:00.785Z] > git for-each-ref --format=%(refname)%00%(upstream:short)%00%(objectname)%00%(upstream:track)%00%(upstream:remotename)%00%(upstream:remoteref) refs/heads/master refs/remotes/master [1ms]
[2022-09-14T23:05:00.805Z] > git for-each-ref --sort -committerdate --format %(refname) %(objectname) %(*objectname) [10ms]
[2022-09-14T23:05:00.805Z] > git remote --verbose [1ms]
[2022-09-14T23:05:00.817Z] > git config --get commit.template [1ms]
[2022-09-14T23:05:05.864Z] > git status -z -uall [35ms]
[2022-09-14T23:05:05.875Z] > git symbolic-ref --short HEAD [1ms]
[2022-09-14T23:05:05.886Z] > git for-each-ref --format=%(refname)%00%(upstream:short)%00%(objectname)%00%(upstream:track)%00%(upstream:remotename)%00%(upstream:remoteref) refs/heads/master refs/remotes/master [1ms]
[2022-09-14T23:05:05.906Z] > git for-each-ref --sort -committerdate --format %(refname) %(objectname) %(*objectname) [10ms]
[2022-09-14T23:05:05.907Z] > git remote --verbose [2ms]
[2022-09-14T23:05:05.919Z] > git config --get commit.template [1ms]
[2022-09-14T23:05:10.967Z] > git status -z -uall [36ms]
[2022-09-14T23:05:10.981Z] > git symbolic-ref --short HEAD [1ms]
[2022-09-14T23:05:10.992Z] > git for-each-ref --format=%(refname)%00%(upstream:short)%00%(objectname)%00%(upstream:track)%00%(upstream:remotename)%00%(upstream:remoteref) refs/heads/master refs/remotes/master [1ms]
[2022-09-14T23:05:11.012Z] > git for-each-ref --sort -committerdate --format %(refname) %(objectname) %(*objectname) [11ms]
[2022-09-14T23:05:11.013Z] > git remote --verbose [2ms]
[2022-09-14T23:05:11.026Z] > git config --get commit.template [1ms]
[2022-09-14T23:06:47.000Z] > git status -z -uall [37ms]
[2022-09-14T23:06:47.011Z] > git symbolic-ref --short HEAD [1ms]
[2022-09-14T23:06:47.023Z] > git for-each-ref --format=%(refname)%00%(upstream:short)%00%(objectname)%00%(upstream:track)%00%(upstream:remotename)%00%(upstream:remoteref) refs/heads/master refs/remotes/master [1ms]
[2022-09-14T23:06:47.044Z] > git for-each-ref --sort -committerdate --format %(refname) %(objectname) %(*objectname) [10ms]
[2022-09-14T23:06:47.044Z] > git remote --verbose [2ms]
[2022-09-14T23:06:47.057Z] > git config --get commit.template [2ms]
[2022-09-14T23:08:10.788Z] > git status -z -uall [36ms]
[2022-09-14T23:08:10.800Z] > git symbolic-ref --short HEAD [1ms]
[2022-09-14T23:08:10.811Z] > git for-each-ref --format=%(refname)%00%(upstream:short)%00%(objectname)%00%(upstream:track)%00%(upstream:remotename)%00%(upstream:remoteref) refs/heads/master refs/remotes/master [2ms]
[2022-09-14T23:08:10.831Z] > git for-each-ref --sort -committerdate --format %(refname) %(objectname) %(*objectname) [10ms]
[2022-09-14T23:08:10.831Z] > git remote --verbose [1ms]
[2022-09-14T23:08:10.843Z] > git config --get commit.template [1ms]
[2022-09-14T23:08:15.888Z] > git status -z -uall [34ms]
[2022-09-14T23:08:15.900Z] > git symbolic-ref --short HEAD [2ms]
[2022-09-14T23:08:15.911Z] > git for-each-ref --format=%(refname)%00%(upstream:short)%00%(objectname)%00%(upstream:track)%00%(upstream:remotename)%00%(upstream:remoteref) refs/heads/master refs/remotes/master [2ms]
[2022-09-14T23:08:15.931Z] > git for-each-ref --sort -committerdate --format %(refname) %(objectname) %(*objectname) [10ms]
[2022-09-14T23:08:15.932Z] > git remote --verbose [2ms]
[2022-09-14T23:08:15.944Z] > git config --get commit.template [1ms]
[2022-09-14T23:08:20.991Z] > git status -z -uall [35ms]
[2022-09-14T23:08:21.002Z] > git symbolic-ref --short HEAD [1ms]
[2022-09-14T23:08:21.013Z] > git for-each-ref --format=%(refname)%00%(upstream:short)%00%(objectname)%00%(upstream:track)%00%(upstream:remotename)%00%(upstream:remoteref) refs/heads/master refs/remotes/master [1ms]
[2022-09-14T23:08:21.034Z] > git for-each-ref --sort -committerdate --format %(refname) %(objectname) %(*objectname) [11ms]
[2022-09-14T23:08:21.034Z] > git remote --verbose [1ms]
[2022-09-14T23:08:21.046Z] > git config --get commit.template [1ms]
[2022-09-14T23:08:26.091Z] > git status -z -uall [34ms]
[2022-09-14T23:08:26.103Z] > git symbolic-ref --short HEAD [1ms]
[2022-09-14T23:08:26.114Z] > git for-each-ref --format=%(refname)%00%(upstream:short)%00%(objectname)%00%(upstream:track)%00%(upstream:remotename)%00%(upstream:remoteref) refs/heads/master refs/remotes/master [2ms]
[2022-09-14T23:08:26.133Z] > git for-each-ref --sort -committerdate --format %(refname) %(objectname) %(*objectname) [10ms]
[2022-09-14T23:08:26.134Z] > git remote --verbose [2ms]
[2022-09-14T23:08:26.146Z] > git config --get commit.template [1ms]
[2022-09-14T23:08:31.193Z] > git status -z -uall [35ms]
[2022-09-14T23:08:31.204Z] > git symbolic-ref --short HEAD [1ms]
[2022-09-14T23:08:31.215Z] > git for-each-ref --format=%(refname)%00%(upstream:short)%00%(objectname)%00%(upstream:track)%00%(upstream:remotename)%00%(upstream:remoteref) refs/heads/master refs/remotes/master [2ms]
[2022-09-14T23:08:31.235Z] > git for-each-ref --sort -committerdate --format %(refname) %(objectname) %(*objectname) [10ms]
[2022-09-14T23:08:31.237Z] > git remote --verbose [2ms]
[2022-09-14T23:08:31.249Z] > git config --get commit.template [1ms]
[2022-09-14T23:08:36.294Z] > git status -z -uall [34ms]
[2022-09-14T23:08:36.306Z] > git symbolic-ref --short HEAD [1ms]
[2022-09-14T23:08:36.317Z] > git for-each-ref --format=%(refname)%00%(upstream:short)%00%(objectname)%00%(upstream:track)%00%(upstream:remotename)%00%(upstream:remoteref) refs/heads/master refs/remotes/master [2ms]
[2022-09-14T23:08:36.338Z] > git for-each-ref --sort -committerdate --format %(refname) %(objectname) %(*objectname) [12ms]
[2022-09-14T23:08:36.338Z] > git remote --verbose [3ms]
[2022-09-14T23:08:36.351Z] > git config --get commit.template [2ms]
[2022-09-14T23:08:41.396Z] > git status -z -uall [35ms]
[2022-09-14T23:08:41.408Z] > git symbolic-ref --short HEAD [2ms]
[2022-09-14T23:08:41.419Z] > git for-each-ref --format=%(refname)%00%(upstream:short)%00%(objectname)%00%(upstream:track)%00%(upstream:remotename)%00%(upstream:remoteref) refs/heads/master refs/remotes/master [2ms]
[2022-09-14T23:08:41.439Z] > git for-each-ref --sort -committerdate --format %(refname) %(objectname) %(*objectname) [10ms]
[2022-09-14T23:08:41.440Z] > git remote --verbose [2ms]
[2022-09-14T23:08:41.452Z] > git config --get commit.template [1ms]
[2022-09-14T23:08:46.498Z] > git status -z -uall [35ms]
[2022-09-14T23:08:46.511Z] > git symbolic-ref --short HEAD [1ms]
[2022-09-14T23:08:46.522Z] > git for-each-ref --format=%(refname)%00%(upstream:short)%00%(objectname)%00%(upstream:track)%00%(upstream:remotename)%00%(upstream:remoteref) refs/heads/master refs/remotes/master [1ms]
[2022-09-14T23:08:46.542Z] > git for-each-ref --sort -committerdate --format %(refname) %(objectname) %(*objectname) [10ms]
[2022-09-14T23:08:46.543Z] > git remote --verbose [2ms]
[2022-09-14T23:08:46.555Z] > git config --get commit.template [1ms]
[2022-09-14T23:08:51.602Z] > git status -z -uall [35ms]
[2022-09-14T23:08:51.613Z] > git symbolic-ref --short HEAD [1ms]
[2022-09-14T23:08:51.624Z] > git for-each-ref --format=%(refname)%00%(upstream:short)%00%(objectname)%00%(upstream:track)%00%(upstream:remotename)%00%(upstream:remoteref) refs/heads/master refs/remotes/master [1ms]
[2022-09-14T23:08:51.644Z] > git for-each-ref --sort -committerdate --format %(refname) %(objectname) %(*objectname) [11ms]
[2022-09-14T23:08:51.644Z] > git remote --verbose [1ms]
[2022-09-14T23:08:51.656Z] > git config --get commit.template [1ms]
[2022-09-14T23:08:56.703Z] > git status -z -uall [36ms]
[2022-09-14T23:08:56.714Z] > git symbolic-ref --short HEAD [1ms]
[2022-09-14T23:08:56.725Z] > git for-each-ref --format=%(refname)%00%(upstream:short)%00%(objectname)%00%(upstream:track)%00%(upstream:remotename)%00%(upstream:remoteref) refs/heads/master refs/remotes/master [1ms]
[2022-09-14T23:08:56.745Z] > git for-each-ref --sort -committerdate --format %(refname) %(objectname) %(*objectname) [10ms]
[2022-09-14T23:08:56.745Z] > git remote --verbose [1ms]
[2022-09-14T23:08:56.758Z] > git config --get commit.template [1ms]
[2022-09-14T23:09:01.805Z] > git status -z -uall [36ms]
[2022-09-14T23:09:01.817Z] > git symbolic-ref --short HEAD [1ms]
[2022-09-14T23:09:01.828Z] > git for-each-ref --format=%(refname)%00%(upstream:short)%00%(objectname)%00%(upstream:track)%00%(upstream:remotename)%00%(upstream:remoteref) refs/heads/master refs/remotes/master [2ms]
[2022-09-14T23:09:01.847Z] > git for-each-ref --sort -committerdate --format %(refname) %(objectname) %(*objectname) [10ms]
[2022-09-14T23:09:01.848Z] > git remote --verbose [2ms]
[2022-09-14T23:09:01.860Z] > git config --get commit.template [1ms]
[2022-09-14T23:09:06.906Z] > git status -z -uall [35ms]
[2022-09-14T23:09:06.917Z] > git symbolic-ref --short HEAD [1ms]
[2022-09-14T23:09:06.929Z] > git for-each-ref --format=%(refname)%00%(upstream:short)%00%(objectname)%00%(upstream:track)%00%(upstream:remotename)%00%(upstream:remoteref) refs/heads/master refs/remotes/master [2ms]
[2022-09-14T23:09:06.949Z] > git for-each-ref --sort -committerdate --format %(refname) %(objectname) %(*objectname) [10ms]
[2022-09-14T23:09:06.950Z] > git remote --verbose [2ms]
[2022-09-14T23:09:06.962Z] > git config --get commit.template [1ms]
[2022-09-14T23:09:12.009Z] > git status -z -uall [34ms]
[2022-09-14T23:09:12.021Z] > git symbolic-ref --short HEAD [1ms]
[2022-09-14T23:09:12.032Z] > git for-each-ref --format=%(refname)%00%(upstream:short)%00%(objectname)%00%(upstream:track)%00%(upstream:remotename)%00%(upstream:remoteref) refs/heads/master refs/remotes/master [1ms]
[2022-09-14T23:09:12.052Z] > git for-each-ref --sort -committerdate --format %(refname) %(objectname) %(*objectname) [10ms]
[2022-09-14T23:09:12.052Z] > git remote --verbose [1ms]
[2022-09-14T23:09:12.064Z] > git config --get commit.template [1ms]
[2022-09-14T23:09:17.110Z] > git status -z -uall [35ms]
[2022-09-14T23:09:17.122Z] > git symbolic-ref --short HEAD [1ms]
[2022-09-14T23:09:17.133Z] > git for-each-ref --format=%(refname)%00%(upstream:short)%00%(objectname)%00%(upstream:track)%00%(upstream:remotename)%00%(upstream:remoteref) refs/heads/master refs/remotes/master [1ms]
[2022-09-14T23:09:17.154Z] > git for-each-ref --sort -committerdate --format %(refname) %(objectname) %(*objectname) [10ms]
[2022-09-14T23:09:17.155Z] > git remote --verbose [2ms]
[2022-09-14T23:09:17.167Z] > git config --get commit.template [1ms]
[2022-09-14T23:09:22.215Z] > git status -z -uall [35ms]
[2022-09-14T23:09:22.226Z] > git symbolic-ref --short HEAD [1ms]
[2022-09-14T23:09:22.239Z] > git for-each-ref --format=%(refname)%00%(upstream:short)%00%(objectname)%00%(upstream:track)%00%(upstream:remotename)%00%(upstream:remoteref) refs/heads/master refs/remotes/master [2ms]
[2022-09-14T23:09:22.259Z] > git for-each-ref --sort -committerdate --format %(refname) %(objectname) %(*objectname) [11ms]
[2022-09-14T23:09:22.259Z] > git remote --verbose [1ms]
[2022-09-14T23:09:22.271Z] > git config --get commit.template [1ms]
[2022-09-14T23:09:27.317Z] > git status -z -uall [34ms]
[2022-09-14T23:09:27.330Z] > git symbolic-ref --short HEAD [2ms]
[2022-09-14T23:09:27.341Z] > git for-each-ref --format=%(refname)%00%(upstream:short)%00%(objectname)%00%(upstream:track)%00%(upstream:remotename)%00%(upstream:remoteref) refs/heads/master refs/remotes/master [1ms]
[2022-09-14T23:09:27.361Z] > git for-each-ref --sort -committerdate --format %(refname) %(objectname) %(*objectname) [10ms]
[2022-09-14T23:09:27.362Z] > git remote --verbose [1ms]
[2022-09-14T23:09:27.374Z] > git config --get commit.template [1ms]
[2022-09-14T23:09:32.421Z] > git status -z -uall [34ms]
[2022-09-14T23:09:32.435Z] > git symbolic-ref --short HEAD [1ms]
[2022-09-14T23:09:32.449Z] > git for-each-ref --format=%(refname)%00%(upstream:short)%00%(objectname)%00%(upstream:track)%00%(upstream:remotename)%00%(upstream:remoteref) refs/heads/master refs/remotes/master [1ms]
[2022-09-14T23:09:32.483Z] > git remote --verbose [3ms]
[2022-09-14T23:09:32.483Z] > git for-each-ref --sort -committerdate --format %(refname) %(objectname) %(*objectname) [15ms]
[2022-09-14T23:09:32.503Z] > git config --get commit.template [2ms]
