[2022-09-11T02:11:38.374Z] Log level: Info
[2022-09-11T02:11:38.383Z] [info] Validating found git in: git
[2022-09-11T02:11:38.517Z] [info] Using git 2.20.1 from git
[2022-09-11T02:11:38.546Z] > git rev-parse --show-toplevel [12ms]
[2022-09-11T02:11:38.562Z] > git rev-parse --git-dir --git-common-dir [4ms]
[2022-09-11T02:11:38.570Z] [info] Open repository: /home/linl20
[2022-09-11T02:11:38.633Z] > git status -z -uall [51ms]
[2022-09-11T02:11:38.644Z] > git symbolic-ref --short HEAD [2ms]
[2022-09-11T02:11:38.657Z] > git for-each-ref --format=%(refname)%00%(upstream:short)%00%(objectname)%00%(upstream:track)%00%(upstream:remotename)%00%(upstream:remoteref) refs/heads/master refs/remotes/master [4ms]
[2022-09-11T02:11:38.711Z] > git remote --verbose [37ms]
[2022-09-11T02:11:38.711Z] > git for-each-ref --sort -committerdate --format %(refname) %(objectname) %(*objectname) [45ms]
[2022-09-11T02:11:39.662Z] > git config --get commit.template [26ms]
[2022-09-11T02:11:39.728Z] > git status -z -uall [54ms]
[2022-09-11T02:11:39.744Z] > git symbolic-ref --short HEAD [5ms]
[2022-09-11T02:11:39.757Z] > git for-each-ref --format=%(refname)%00%(upstream:short)%00%(objectname)%00%(upstream:track)%00%(upstream:remotename)%00%(upstream:remoteref) refs/heads/master refs/remotes/master [3ms]
[2022-09-11T02:11:39.831Z] > git remote --verbose [54ms]
[2022-09-11T02:11:39.831Z] > git for-each-ref --sort -committerdate --format %(refname) %(objectname) %(*objectname) [64ms]
[2022-09-11T02:11:39.939Z] > git config --get commit.template [6ms]
[2022-09-11T02:11:40.955Z] > git check-ignore -v -z --stdin [11ms]
[2022-09-11T02:11:41.333Z] > git show --textconv :csc250_lab2-Lin-Eric-142313/lab2.c [21ms]
[2022-09-11T02:11:41.333Z] > git ls-files --stage -- /home/linl20/csc250_lab2-Lin-Eric-142313/lab2.c [3ms]
[2022-09-11T02:11:43.069Z] > git status -z -uall [38ms]
[2022-09-11T02:11:43.085Z] > git symbolic-ref --short HEAD [2ms]
[2022-09-11T02:11:43.100Z] > git for-each-ref --format=%(refname)%00%(upstream:short)%00%(objectname)%00%(upstream:track)%00%(upstream:remotename)%00%(upstream:remoteref) refs/heads/master refs/remotes/master [2ms]
[2022-09-11T02:11:43.129Z] > git for-each-ref --sort -committerdate --format %(refname) %(objectname) %(*objectname) [16ms]
[2022-09-11T02:11:43.129Z] > git remote --verbose [2ms]
[2022-09-11T02:11:43.265Z] > git config --get commit.template [13ms]
[2022-09-11T02:11:48.323Z] > git status -z -uall [42ms]
[2022-09-11T02:11:48.337Z] > git symbolic-ref --short HEAD [0ms]
[2022-09-11T02:11:48.352Z] > git for-each-ref --format=%(refname)%00%(upstream:short)%00%(objectname)%00%(upstream:track)%00%(upstream:remotename)%00%(upstream:remoteref) refs/heads/master refs/remotes/master [1ms]
[2022-09-11T02:11:48.379Z] > git for-each-ref --sort -committerdate --format %(refname) %(objectname) %(*objectname) [13ms]
[2022-09-11T02:11:48.380Z] > git remote --verbose [2ms]
[2022-09-11T02:11:48.488Z] > git config --get commit.template [2ms]
[2022-09-11T02:11:53.542Z] > git status -z -uall [38ms]
[2022-09-11T02:11:53.558Z] > git symbolic-ref --short HEAD [1ms]
[2022-09-11T02:11:53.573Z] > git for-each-ref --format=%(refname)%00%(upstream:short)%00%(objectname)%00%(upstream:track)%00%(upstream:remotename)%00%(upstream:remoteref) refs/heads/master refs/remotes/master [1ms]
[2022-09-11T02:11:53.605Z] > git remote --verbose [4ms]
[2022-09-11T02:11:53.605Z] > git for-each-ref --sort -committerdate --format %(refname) %(objectname) %(*objectname) [18ms]
[2022-09-11T02:11:53.716Z] > git config --get commit.template [1ms]
[2022-09-11T02:11:56.283Z] > git show --textconv :csc250_lab2-Lin-Eric-142313/lab2.c [16ms]
[2022-09-11T02:11:56.284Z] > git ls-files --stage -- /home/linl20/csc250_lab2-Lin-Eric-142313/lab2.c [2ms]
[2022-09-11T02:11:58.771Z] > git status -z -uall [39ms]
[2022-09-11T02:11:58.787Z] > git symbolic-ref --short HEAD [1ms]
[2022-09-11T02:11:58.803Z] > git for-each-ref --format=%(refname)%00%(upstream:short)%00%(objectname)%00%(upstream:track)%00%(upstream:remotename)%00%(upstream:remoteref) refs/heads/master refs/remotes/master [1ms]
[2022-09-11T02:11:58.833Z] > git for-each-ref --sort -committerdate --format %(refname) %(objectname) %(*objectname) [16ms]
[2022-09-11T02:11:58.833Z] > git remote --verbose [1ms]
[2022-09-11T02:11:58.941Z] > git config --get commit.template [2ms]
[2022-09-11T02:12:03.995Z] > git status -z -uall [38ms]
[2022-09-11T02:12:04.011Z] > git symbolic-ref --short HEAD [1ms]
[2022-09-11T02:12:04.028Z] > git for-each-ref --format=%(refname)%00%(upstream:short)%00%(objectname)%00%(upstream:track)%00%(upstream:remotename)%00%(upstream:remoteref) refs/heads/master refs/remotes/master [1ms]
[2022-09-11T02:12:04.058Z] > git for-each-ref --sort -committerdate --format %(refname) %(objectname) %(*objectname) [15ms]
[2022-09-11T02:12:04.059Z] > git remote --verbose [2ms]
[2022-09-11T02:12:04.160Z] > git config --get commit.template [2ms]
[2022-09-11T02:12:09.214Z] > git status -z -uall [37ms]
[2022-09-11T02:12:09.231Z] > git symbolic-ref --short HEAD [1ms]
[2022-09-11T02:12:09.248Z] > git for-each-ref --format=%(refname)%00%(upstream:short)%00%(objectname)%00%(upstream:track)%00%(upstream:remotename)%00%(upstream:remoteref) refs/heads/master refs/remotes/master [1ms]
[2022-09-11T02:12:09.280Z] > git for-each-ref --sort -committerdate --format %(refname) %(objectname) %(*objectname) [17ms]
[2022-09-11T02:12:09.280Z] > git remote --verbose [2ms]
[2022-09-11T02:12:09.381Z] > git config --get commit.template [2ms]
[2022-09-11T02:12:14.437Z] > git status -z -uall [37ms]
[2022-09-11T02:12:14.455Z] > git symbolic-ref --short HEAD [1ms]
[2022-09-11T02:12:14.473Z] > git for-each-ref --format=%(refname)%00%(upstream:short)%00%(objectname)%00%(upstream:track)%00%(upstream:remotename)%00%(upstream:remoteref) refs/heads/master refs/remotes/master [1ms]
[2022-09-11T02:12:14.508Z] > git remote --verbose [1ms]
[2022-09-11T02:12:14.508Z] > git for-each-ref --sort -committerdate --format %(refname) %(objectname) %(*objectname) [18ms]
[2022-09-11T02:12:14.613Z] > git config --get commit.template [0ms]
[2022-09-11T02:12:19.671Z] > git status -z -uall [39ms]
[2022-09-11T02:12:19.688Z] > git symbolic-ref --short HEAD [1ms]
[2022-09-11T02:12:19.705Z] > git for-each-ref --format=%(refname)%00%(upstream:short)%00%(objectname)%00%(upstream:track)%00%(upstream:remotename)%00%(upstream:remoteref) refs/heads/master refs/remotes/master [1ms]
[2022-09-11T02:12:19.738Z] > git for-each-ref --sort -committerdate --format %(refname) %(objectname) %(*objectname) [17ms]
[2022-09-11T02:12:19.738Z] > git remote --verbose [1ms]
[2022-09-11T02:12:19.846Z] > git config --get commit.template [1ms]
[2022-09-11T02:12:24.901Z] > git status -z -uall [37ms]
[2022-09-11T02:12:24.918Z] > git symbolic-ref --short HEAD [1ms]
[2022-09-11T02:12:24.935Z] > git for-each-ref --format=%(refname)%00%(upstream:short)%00%(objectname)%00%(upstream:track)%00%(upstream:remotename)%00%(upstream:remoteref) refs/heads/master refs/remotes/master [1ms]
[2022-09-11T02:12:24.968Z] > git for-each-ref --sort -committerdate --format %(refname) %(objectname) %(*objectname) [17ms]
[2022-09-11T02:12:24.968Z] > git remote --verbose [1ms]
[2022-09-11T02:12:25.073Z] > git config --get commit.template [1ms]
[2022-09-11T02:12:30.129Z] > git status -z -uall [38ms]
[2022-09-11T02:12:30.146Z] > git symbolic-ref --short HEAD [1ms]
[2022-09-11T02:12:30.163Z] > git for-each-ref --format=%(refname)%00%(upstream:short)%00%(objectname)%00%(upstream:track)%00%(upstream:remotename)%00%(upstream:remoteref) refs/heads/master refs/remotes/master [1ms]
[2022-09-11T02:12:30.197Z] > git for-each-ref --sort -committerdate --format %(refname) %(objectname) %(*objectname) [17ms]
[2022-09-11T02:12:30.197Z] > git remote --verbose [2ms]
[2022-09-11T02:12:30.302Z] > git config --get commit.template [2ms]
[2022-09-11T02:12:35.358Z] > git status -z -uall [37ms]
[2022-09-11T02:12:35.377Z] > git symbolic-ref --short HEAD [1ms]
[2022-09-11T02:12:35.395Z] > git for-each-ref --format=%(refname)%00%(upstream:short)%00%(objectname)%00%(upstream:track)%00%(upstream:remotename)%00%(upstream:remoteref) refs/heads/master refs/remotes/master [2ms]
[2022-09-11T02:12:35.429Z] > git for-each-ref --sort -committerdate --format %(refname) %(objectname) %(*objectname) [18ms]
[2022-09-11T02:12:35.429Z] > git remote --verbose [1ms]
[2022-09-11T02:12:35.529Z] > git config --get commit.template [1ms]
[2022-09-11T02:12:40.590Z] > git status -z -uall [40ms]
[2022-09-11T02:12:40.611Z] > git symbolic-ref --short HEAD [2ms]
[2022-09-11T02:12:40.631Z] > git for-each-ref --format=%(refname)%00%(upstream:short)%00%(objectname)%00%(upstream:track)%00%(upstream:remotename)%00%(upstream:remoteref) refs/heads/master refs/remotes/master [1ms]
[2022-09-11T02:12:40.670Z] > git for-each-ref --sort -committerdate --format %(refname) %(objectname) %(*objectname) [20ms]
[2022-09-11T02:12:40.670Z] > git remote --verbose [2ms]
[2022-09-11T02:12:40.774Z] > git config --get commit.template [2ms]
[2022-09-11T02:12:45.837Z] > git status -z -uall [42ms]
[2022-09-11T02:12:45.859Z] > git symbolic-ref --short HEAD [1ms]
[2022-09-11T02:12:45.881Z] > git for-each-ref --format=%(refname)%00%(upstream:short)%00%(objectname)%00%(upstream:track)%00%(upstream:remotename)%00%(upstream:remoteref) refs/heads/master refs/remotes/master [1ms]
[2022-09-11T02:12:45.923Z] > git for-each-ref --sort -committerdate --format %(refname) %(objectname) %(*objectname) [22ms]
[2022-09-11T02:12:45.923Z] > git remote --verbose [1ms]
[2022-09-11T02:12:46.028Z] > git config --get commit.template [1ms]
[2022-09-11T02:12:51.093Z] > git status -z -uall [41ms]
[2022-09-11T02:12:51.116Z] > git symbolic-ref --short HEAD [1ms]
[2022-09-11T02:12:51.139Z] > git for-each-ref --format=%(refname)%00%(upstream:short)%00%(objectname)%00%(upstream:track)%00%(upstream:remotename)%00%(upstream:remoteref) refs/heads/master refs/remotes/master [2ms]
[2022-09-11T02:12:51.182Z] > git for-each-ref --sort -committerdate --format %(refname) %(objectname) %(*objectname) [22ms]
[2022-09-11T02:12:51.183Z] > git remote --verbose [2ms]
[2022-09-11T02:12:51.286Z] > git config --get commit.template [1ms]
[2022-09-11T02:12:56.351Z] > git status -z -uall [41ms]
[2022-09-11T02:12:56.376Z] > git symbolic-ref --short HEAD [1ms]
[2022-09-11T02:12:56.400Z] > git for-each-ref --format=%(refname)%00%(upstream:short)%00%(objectname)%00%(upstream:track)%00%(upstream:remotename)%00%(upstream:remoteref) refs/heads/master refs/remotes/master [1ms]
[2022-09-11T02:12:56.447Z] > git for-each-ref --sort -committerdate --format %(refname) %(objectname) %(*objectname) [24ms]
[2022-09-11T02:12:56.447Z] > git remote --verbose [1ms]
[2022-09-11T02:12:56.551Z] > git config --get commit.template [1ms]
[2022-09-11T02:13:01.628Z] > git status -z -uall [46ms]
[2022-09-11T02:13:01.654Z] > git symbolic-ref --short HEAD [1ms]
[2022-09-11T02:13:01.682Z] > git for-each-ref --format=%(refname)%00%(upstream:short)%00%(objectname)%00%(upstream:track)%00%(upstream:remotename)%00%(upstream:remoteref) refs/heads/master refs/remotes/master [1ms]
[2022-09-11T02:13:01.730Z] > git for-each-ref --sort -committerdate --format %(refname) %(objectname) %(*objectname) [24ms]
[2022-09-11T02:13:01.731Z] > git remote --verbose [1ms]
[2022-09-11T02:13:01.843Z] > git config --get commit.template [2ms]
[2022-09-11T02:13:06.902Z] > git status -z -uall [41ms]
[2022-09-11T02:13:06.920Z] > git symbolic-ref --short HEAD [1ms]
[2022-09-11T02:13:06.939Z] > git for-each-ref --format=%(refname)%00%(upstream:short)%00%(objectname)%00%(upstream:track)%00%(upstream:remotename)%00%(upstream:remoteref) refs/heads/master refs/remotes/master [2ms]
[2022-09-11T02:13:06.973Z] > git for-each-ref --sort -committerdate --format %(refname) %(objectname) %(*objectname) [18ms]
[2022-09-11T02:13:06.973Z] > git remote --verbose [1ms]
[2022-09-11T02:13:07.079Z] > git config --get commit.template [1ms]
[2022-09-11T02:13:12.137Z] > git status -z -uall [39ms]
[2022-09-11T02:13:12.155Z] > git symbolic-ref --short HEAD [1ms]
[2022-09-11T02:13:12.174Z] > git for-each-ref --format=%(refname)%00%(upstream:short)%00%(objectname)%00%(upstream:track)%00%(upstream:remotename)%00%(upstream:remoteref) refs/heads/master refs/remotes/master [2ms]
[2022-09-11T02:13:12.209Z] > git for-each-ref --sort -committerdate --format %(refname) %(objectname) %(*objectname) [18ms]
[2022-09-11T02:13:12.209Z] > git remote --verbose [1ms]
[2022-09-11T02:13:12.311Z] > git config --get commit.template [2ms]
[2022-09-11T02:13:17.373Z] > git status -z -uall [43ms]
[2022-09-11T02:13:17.392Z] > git symbolic-ref --short HEAD [1ms]
[2022-09-11T02:13:17.411Z] > git for-each-ref --format=%(refname)%00%(upstream:short)%00%(objectname)%00%(upstream:track)%00%(upstream:remotename)%00%(upstream:remoteref) refs/heads/master refs/remotes/master [1ms]
[2022-09-11T02:13:17.446Z] > git for-each-ref --sort -committerdate --format %(refname) %(objectname) %(*objectname) [18ms]
[2022-09-11T02:13:17.446Z] > git remote --verbose [1ms]
[2022-09-11T02:13:17.548Z] > git config --get commit.template [1ms]
[2022-09-11T02:13:22.607Z] > git status -z -uall [40ms]
[2022-09-11T02:13:22.627Z] > git symbolic-ref --short HEAD [2ms]
[2022-09-11T02:13:22.645Z] > git for-each-ref --format=%(refname)%00%(upstream:short)%00%(objectname)%00%(upstream:track)%00%(upstream:remotename)%00%(upstream:remoteref) refs/heads/master refs/remotes/master [1ms]
[2022-09-11T02:13:22.681Z] > git for-each-ref --sort -committerdate --format %(refname) %(objectname) %(*objectname) [18ms]
[2022-09-11T02:13:22.682Z] > git remote --verbose [2ms]
[2022-09-11T02:13:22.783Z] > git config --get commit.template [1ms]
[2022-09-11T02:13:27.846Z] > git status -z -uall [42ms]
[2022-09-11T02:13:27.867Z] > git symbolic-ref --short HEAD [1ms]
[2022-09-11T02:13:27.888Z] > git for-each-ref --format=%(refname)%00%(upstream:short)%00%(objectname)%00%(upstream:track)%00%(upstream:remotename)%00%(upstream:remoteref) refs/heads/master refs/remotes/master [2ms]
[2022-09-11T02:13:27.927Z] > git for-each-ref --sort -committerdate --format %(refname) %(objectname) %(*objectname) [20ms]
[2022-09-11T02:13:27.927Z] > git remote --verbose [1ms]
[2022-09-11T02:13:28.031Z] > git config --get commit.template [2ms]
[2022-09-11T02:13:33.095Z] > git status -z -uall [42ms]
[2022-09-11T02:13:33.117Z] > git symbolic-ref --short HEAD [1ms]
[2022-09-11T02:13:33.141Z] > git for-each-ref --format=%(refname)%00%(upstream:short)%00%(objectname)%00%(upstream:track)%00%(upstream:remotename)%00%(upstream:remoteref) refs/heads/master refs/remotes/master [3ms]
[2022-09-11T02:13:33.183Z] > git for-each-ref --sort -committerdate --format %(refname) %(objectname) %(*objectname) [21ms]
[2022-09-11T02:13:33.184Z] > git remote --verbose [1ms]
[2022-09-11T02:13:33.287Z] > git config --get commit.template [1ms]
[2022-09-11T02:13:38.352Z] > git status -z -uall [42ms]
[2022-09-11T02:13:38.376Z] > git symbolic-ref --short HEAD [1ms]
[2022-09-11T02:13:38.399Z] > git for-each-ref --format=%(refname)%00%(upstream:short)%00%(objectname)%00%(upstream:track)%00%(upstream:remotename)%00%(upstream:remoteref) refs/heads/master refs/remotes/master [1ms]
[2022-09-11T02:13:38.444Z] > git for-each-ref --sort -committerdate --format %(refname) %(objectname) %(*objectname) [23ms]
[2022-09-11T02:13:38.444Z] > git remote --verbose [1ms]
[2022-09-11T02:13:38.550Z] > git config --get commit.template [2ms]
[2022-09-11T02:13:43.615Z] > git status -z -uall [41ms]
[2022-09-11T02:13:43.639Z] > git symbolic-ref --short HEAD [1ms]
[2022-09-11T02:13:43.664Z] > git for-each-ref --format=%(refname)%00%(upstream:short)%00%(objectname)%00%(upstream:track)%00%(upstream:remotename)%00%(upstream:remoteref) refs/heads/master refs/remotes/master [2ms]
[2022-09-11T02:13:43.711Z] > git for-each-ref --sort -committerdate --format %(refname) %(objectname) %(*objectname) [24ms]
[2022-09-11T02:13:43.712Z] > git remote --verbose [2ms]
[2022-09-11T02:13:43.817Z] > git config --get commit.template [2ms]
[2022-09-11T02:13:48.888Z] > git status -z -uall [45ms]
[2022-09-11T02:13:48.914Z] > git symbolic-ref --short HEAD [1ms]
[2022-09-11T02:13:48.939Z] > git for-each-ref --format=%(refname)%00%(upstream:short)%00%(objectname)%00%(upstream:track)%00%(upstream:remotename)%00%(upstream:remoteref) refs/heads/master refs/remotes/master [2ms]
[2022-09-11T02:13:48.988Z] > git for-each-ref --sort -committerdate --format %(refname) %(objectname) %(*objectname) [25ms]
[2022-09-11T02:13:48.988Z] > git remote --verbose [1ms]
[2022-09-11T02:13:49.096Z] > git config --get commit.template [1ms]
[2022-09-11T02:13:54.155Z] > git status -z -uall [39ms]
[2022-09-11T02:13:54.174Z] > git symbolic-ref --short HEAD [2ms]
[2022-09-11T02:13:54.192Z] > git for-each-ref --format=%(refname)%00%(upstream:short)%00%(objectname)%00%(upstream:track)%00%(upstream:remotename)%00%(upstream:remoteref) refs/heads/master refs/remotes/master [1ms]
[2022-09-11T02:13:54.229Z] > git for-each-ref --sort -committerdate --format %(refname) %(objectname) %(*objectname) [19ms]
[2022-09-11T02:13:54.229Z] > git remote --verbose [1ms]
[2022-09-11T02:13:54.338Z] > git config --get commit.template [1ms]
[2022-09-11T02:13:59.395Z] > git status -z -uall [38ms]
[2022-09-11T02:13:59.415Z] > git symbolic-ref --short HEAD [1ms]
[2022-09-11T02:13:59.434Z] > git for-each-ref --format=%(refname)%00%(upstream:short)%00%(objectname)%00%(upstream:track)%00%(upstream:remotename)%00%(upstream:remoteref) refs/heads/master refs/remotes/master [2ms]
[2022-09-11T02:13:59.470Z] > git for-each-ref --sort -committerdate --format %(refname) %(objectname) %(*objectname) [19ms]
[2022-09-11T02:13:59.470Z] > git remote --verbose [2ms]
[2022-09-11T02:13:59.570Z] > git config --get commit.template [1ms]
[2022-09-11T02:14:04.627Z] > git status -z -uall [37ms]
[2022-09-11T02:14:04.646Z] > git symbolic-ref --short HEAD [1ms]
[2022-09-11T02:14:04.665Z] > git for-each-ref --format=%(refname)%00%(upstream:short)%00%(objectname)%00%(upstream:track)%00%(upstream:remotename)%00%(upstream:remoteref) refs/heads/master refs/remotes/master [1ms]
[2022-09-11T02:14:04.702Z] > git for-each-ref --sort -committerdate --format %(refname) %(objectname) %(*objectname) [18ms]
[2022-09-11T02:14:04.702Z] > git remote --verbose [2ms]
[2022-09-11T02:14:04.808Z] > git config --get commit.template [1ms]
[2022-09-11T02:14:09.867Z] > git status -z -uall [39ms]
[2022-09-11T02:14:09.886Z] > git symbolic-ref --short HEAD [1ms]
[2022-09-11T02:14:09.905Z] > git for-each-ref --format=%(refname)%00%(upstream:short)%00%(objectname)%00%(upstream:track)%00%(upstream:remotename)%00%(upstream:remoteref) refs/heads/master refs/remotes/master [1ms]
[2022-09-11T02:14:09.942Z] > git for-each-ref --sort -committerdate --format %(refname) %(objectname) %(*objectname) [18ms]
[2022-09-11T02:14:09.942Z] > git remote --verbose [2ms]
[2022-09-11T02:14:10.046Z] > git config --get commit.template [2ms]
[2022-09-11T02:14:15.107Z] > git status -z -uall [40ms]
[2022-09-11T02:14:15.128Z] > git symbolic-ref --short HEAD [1ms]
[2022-09-11T02:14:15.148Z] > git for-each-ref --format=%(refname)%00%(upstream:short)%00%(objectname)%00%(upstream:track)%00%(upstream:remotename)%00%(upstream:remoteref) refs/heads/master refs/remotes/master [1ms]
[2022-09-11T02:14:15.187Z] > git for-each-ref --sort -committerdate --format %(refname) %(objectname) %(*objectname) [20ms]
[2022-09-11T02:14:15.188Z] > git remote --verbose [2ms]
[2022-09-11T02:14:15.292Z] > git config --get commit.template [2ms]
[2022-09-11T02:14:20.352Z] > git status -z -uall [38ms]
[2022-09-11T02:14:20.373Z] > git symbolic-ref --short HEAD [1ms]
[2022-09-11T02:14:20.395Z] > git for-each-ref --format=%(refname)%00%(upstream:short)%00%(objectname)%00%(upstream:track)%00%(upstream:remotename)%00%(upstream:remoteref) refs/heads/master refs/remotes/master [1ms]
[2022-09-11T02:14:20.437Z] > git for-each-ref --sort -committerdate --format %(refname) %(objectname) %(*objectname) [22ms]
[2022-09-11T02:14:20.437Z] > git remote --verbose [1ms]
[2022-09-11T02:14:20.543Z] > git config --get commit.template [1ms]
[2022-09-11T02:14:25.607Z] > git status -z -uall [40ms]
[2022-09-11T02:14:25.631Z] > git symbolic-ref --short HEAD [1ms]
[2022-09-11T02:14:25.654Z] > git for-each-ref --format=%(refname)%00%(upstream:short)%00%(objectname)%00%(upstream:track)%00%(upstream:remotename)%00%(upstream:remoteref) refs/heads/master refs/remotes/master [1ms]
[2022-09-11T02:14:25.700Z] > git for-each-ref --sort -committerdate --format %(refname) %(objectname) %(*objectname) [23ms]
[2022-09-11T02:14:25.700Z] > git remote --verbose [1ms]
[2022-09-11T02:14:25.807Z] > git config --get commit.template [2ms]
[2022-09-11T02:14:30.882Z] > git status -z -uall [43ms]
[2022-09-11T02:14:30.907Z] > git symbolic-ref --short HEAD [1ms]
[2022-09-11T02:14:30.931Z] > git for-each-ref --format=%(refname)%00%(upstream:short)%00%(objectname)%00%(upstream:track)%00%(upstream:remotename)%00%(upstream:remoteref) refs/heads/master refs/remotes/master [1ms]
[2022-09-11T02:14:30.977Z] > git for-each-ref --sort -committerdate --format %(refname) %(objectname) %(*objectname) [23ms]
[2022-09-11T02:14:30.978Z] > git remote --verbose [2ms]
[2022-09-11T02:14:31.081Z] > git config --get commit.template [2ms]
[2022-09-11T02:14:36.146Z] > git status -z -uall [38ms]
[2022-09-11T02:14:36.172Z] > git symbolic-ref --short HEAD [1ms]
[2022-09-11T02:14:36.198Z] > git for-each-ref --format=%(refname)%00%(upstream:short)%00%(objectname)%00%(upstream:track)%00%(upstream:remotename)%00%(upstream:remoteref) refs/heads/master refs/remotes/master [1ms]
[2022-09-11T02:14:36.249Z] > git for-each-ref --sort -committerdate --format %(refname) %(objectname) %(*objectname) [26ms]
[2022-09-11T02:14:36.250Z] > git remote --verbose [2ms]
[2022-09-11T02:14:36.357Z] > git config --get commit.template [1ms]
[2022-09-11T02:14:41.416Z] > git status -z -uall [39ms]
[2022-09-11T02:14:41.435Z] > git symbolic-ref --short HEAD [1ms]
[2022-09-11T02:14:41.453Z] > git for-each-ref --format=%(refname)%00%(upstream:short)%00%(objectname)%00%(upstream:track)%00%(upstream:remotename)%00%(upstream:remoteref) refs/heads/master refs/remotes/master [1ms]
[2022-09-11T02:14:41.489Z] > git for-each-ref --sort -committerdate --format %(refname) %(objectname) %(*objectname) [18ms]
[2022-09-11T02:14:41.489Z] > git remote --verbose [1ms]
[2022-09-11T02:14:41.595Z] > git config --get commit.template [2ms]
[2022-09-11T02:14:46.653Z] > git status -z -uall [38ms]
[2022-09-11T02:14:46.672Z] > git symbolic-ref --short HEAD [1ms]
[2022-09-11T02:14:46.691Z] > git for-each-ref --format=%(refname)%00%(upstream:short)%00%(objectname)%00%(upstream:track)%00%(upstream:remotename)%00%(upstream:remoteref) refs/heads/master refs/remotes/master [1ms]
[2022-09-11T02:14:46.727Z] > git for-each-ref --sort -committerdate --format %(refname) %(objectname) %(*objectname) [18ms]
[2022-09-11T02:14:46.727Z] > git remote --verbose [1ms]
[2022-09-11T02:14:46.826Z] > git config --get commit.template [1ms]
[2022-09-11T02:14:51.883Z] > git status -z -uall [37ms]
[2022-09-11T02:14:51.902Z] > git symbolic-ref --short HEAD [1ms]
[2022-09-11T02:14:51.921Z] > git for-each-ref --format=%(refname)%00%(upstream:short)%00%(objectname)%00%(upstream:track)%00%(upstream:remotename)%00%(upstream:remoteref) refs/heads/master refs/remotes/master [1ms]
[2022-09-11T02:14:51.957Z] > git for-each-ref --sort -committerdate --format %(refname) %(objectname) %(*objectname) [18ms]
[2022-09-11T02:14:51.957Z] > git remote --verbose [1ms]
[2022-09-11T02:14:52.059Z] > git config --get commit.template [1ms]
[2022-09-11T02:14:57.121Z] > git status -z -uall [42ms]
[2022-09-11T02:14:57.140Z] > git symbolic-ref --short HEAD [1ms]
[2022-09-11T02:14:57.159Z] > git for-each-ref --format=%(refname)%00%(upstream:short)%00%(objectname)%00%(upstream:track)%00%(upstream:remotename)%00%(upstream:remoteref) refs/heads/master refs/remotes/master [1ms]
[2022-09-11T02:14:57.196Z] > git for-each-ref --sort -committerdate --format %(refname) %(objectname) %(*objectname) [19ms]
[2022-09-11T02:14:57.196Z] > git remote --verbose [1ms]
[2022-09-11T02:14:57.298Z] > git config --get commit.template [1ms]
[2022-09-11T02:15:02.359Z] > git status -z -uall [41ms]
[2022-09-11T02:15:02.380Z] > git symbolic-ref --short HEAD [1ms]
[2022-09-11T02:15:02.400Z] > git for-each-ref --format=%(refname)%00%(upstream:short)%00%(objectname)%00%(upstream:track)%00%(upstream:remotename)%00%(upstream:remoteref) refs/heads/master refs/remotes/master [1ms]
[2022-09-11T02:15:02.439Z] > git for-each-ref --sort -committerdate --format %(refname) %(objectname) %(*objectname) [20ms]
[2022-09-11T02:15:02.440Z] > git remote --verbose [2ms]
[2022-09-11T02:15:02.543Z] > git config --get commit.template [1ms]
[2022-09-11T02:15:07.607Z] > git status -z -uall [41ms]
[2022-09-11T02:15:07.629Z] > git symbolic-ref --short HEAD [1ms]
[2022-09-11T02:15:07.651Z] > git for-each-ref --format=%(refname)%00%(upstream:short)%00%(objectname)%00%(upstream:track)%00%(upstream:remotename)%00%(upstream:remoteref) refs/heads/master refs/remotes/master [1ms]
[2022-09-11T02:15:07.694Z] > git remote --verbose [2ms]
[2022-09-11T02:15:07.694Z] > git for-each-ref --sort -committerdate --format %(refname) %(objectname) %(*objectname) [22ms]
[2022-09-11T02:15:07.799Z] > git config --get commit.template [1ms]
[2022-09-11T02:15:12.863Z] > git status -z -uall [40ms]
[2022-09-11T02:15:12.886Z] > git symbolic-ref --short HEAD [1ms]
[2022-09-11T02:15:12.910Z] > git for-each-ref --format=%(refname)%00%(upstream:short)%00%(objectname)%00%(upstream:track)%00%(upstream:remotename)%00%(upstream:remoteref) refs/heads/master refs/remotes/master [2ms]
[2022-09-11T02:15:12.954Z] > git for-each-ref --sort -committerdate --format %(refname) %(objectname) %(*objectname) [22ms]
[2022-09-11T02:15:12.955Z] > git remote --verbose [2ms]
[2022-09-11T02:15:13.060Z] > git config --get commit.template [1ms]
[2022-09-11T02:15:18.125Z] > git status -z -uall [40ms]
[2022-09-11T02:15:18.149Z] > git symbolic-ref --short HEAD [1ms]
[2022-09-11T02:15:18.174Z] > git for-each-ref --format=%(refname)%00%(upstream:short)%00%(objectname)%00%(upstream:track)%00%(upstream:remotename)%00%(upstream:remoteref) refs/heads/master refs/remotes/master [1ms]
[2022-09-11T02:15:18.221Z] > git for-each-ref --sort -committerdate --format %(refname) %(objectname) %(*objectname) [24ms]
[2022-09-11T02:15:18.222Z] > git remote --verbose [2ms]
[2022-09-11T02:15:18.330Z] > git config --get commit.template [2ms]
[2022-09-11T02:15:23.395Z] > git status -z -uall [40ms]
[2022-09-11T02:15:23.421Z] > git symbolic-ref --short HEAD [1ms]
[2022-09-11T02:15:23.448Z] > git for-each-ref --format=%(refname)%00%(upstream:short)%00%(objectname)%00%(upstream:track)%00%(upstream:remotename)%00%(upstream:remoteref) refs/heads/master refs/remotes/master [2ms]
[2022-09-11T02:15:23.498Z] > git for-each-ref --sort -committerdate --format %(refname) %(objectname) %(*objectname) [26ms]
[2022-09-11T02:15:23.498Z] > git remote --verbose [2ms]
[2022-09-11T02:15:23.603Z] > git config --get commit.template [1ms]
[2022-09-11T02:15:28.661Z] > git status -z -uall [37ms]
[2022-09-11T02:15:28.681Z] > git symbolic-ref --short HEAD [1ms]
[2022-09-11T02:15:28.701Z] > git for-each-ref --format=%(refname)%00%(upstream:short)%00%(objectname)%00%(upstream:track)%00%(upstream:remotename)%00%(upstream:remoteref) refs/heads/master refs/remotes/master [1ms]
[2022-09-11T02:15:28.739Z] > git for-each-ref --sort -committerdate --format %(refname) %(objectname) %(*objectname) [20ms]
[2022-09-11T02:15:28.739Z] > git remote --verbose [2ms]
[2022-09-11T02:15:28.850Z] > git config --get commit.template [2ms]
[2022-09-11T02:15:33.908Z] > git status -z -uall [37ms]
[2022-09-11T02:15:33.928Z] > git symbolic-ref --short HEAD [2ms]
[2022-09-11T02:15:33.947Z] > git for-each-ref --format=%(refname)%00%(upstream:short)%00%(objectname)%00%(upstream:track)%00%(upstream:remotename)%00%(upstream:remoteref) refs/heads/master refs/remotes/master [1ms]
[2022-09-11T02:15:33.985Z] > git for-each-ref --sort -committerdate --format %(refname) %(objectname) %(*objectname) [19ms]
[2022-09-11T02:15:33.986Z] > git remote --verbose [2ms]
[2022-09-11T02:15:34.087Z] > git config --get commit.template [2ms]
[2022-09-11T02:15:39.146Z] > git status -z -uall [38ms]
[2022-09-11T02:15:39.166Z] > git symbolic-ref --short HEAD [1ms]
[2022-09-11T02:15:39.186Z] > git for-each-ref --format=%(refname)%00%(upstream:short)%00%(objectname)%00%(upstream:track)%00%(upstream:remotename)%00%(upstream:remoteref) refs/heads/master refs/remotes/master [1ms]
[2022-09-11T02:15:39.224Z] > git for-each-ref --sort -committerdate --format %(refname) %(objectname) %(*objectname) [19ms]
[2022-09-11T02:15:39.224Z] > git remote --verbose [1ms]
[2022-09-11T02:15:39.325Z] > git config --get commit.template [1ms]
[2022-09-11T02:15:44.384Z] > git status -z -uall [38ms]
[2022-09-11T02:15:44.404Z] > git symbolic-ref --short HEAD [1ms]
[2022-09-11T02:15:44.424Z] > git for-each-ref --format=%(refname)%00%(upstream:short)%00%(objectname)%00%(upstream:track)%00%(upstream:remotename)%00%(upstream:remoteref) refs/heads/master refs/remotes/master [2ms]
[2022-09-11T02:15:44.462Z] > git for-each-ref --sort -committerdate --format %(refname) %(objectname) %(*objectname) [20ms]
[2022-09-11T02:15:44.462Z] > git remote --verbose [2ms]
[2022-09-11T02:15:44.570Z] > git config --get commit.template [1ms]
[2022-09-11T02:15:49.632Z] > git status -z -uall [42ms]
[2022-09-11T02:15:49.652Z] > git symbolic-ref --short HEAD [1ms]
[2022-09-11T02:15:49.672Z] > git for-each-ref --format=%(refname)%00%(upstream:short)%00%(objectname)%00%(upstream:track)%00%(upstream:remotename)%00%(upstream:remoteref) refs/heads/master refs/remotes/master [1ms]
[2022-09-11T02:15:49.710Z] > git for-each-ref --sort -committerdate --format %(refname) %(objectname) %(*objectname) [19ms]
[2022-09-11T02:15:49.711Z] > git remote --verbose [2ms]
[2022-09-11T02:15:49.810Z] > git config --get commit.template [2ms]
[2022-09-11T02:15:54.871Z] > git status -z -uall [38ms]
[2022-09-11T02:15:54.893Z] > git symbolic-ref --short HEAD [1ms]
[2022-09-11T02:15:54.915Z] > git for-each-ref --format=%(refname)%00%(upstream:short)%00%(objectname)%00%(upstream:track)%00%(upstream:remotename)%00%(upstream:remoteref) refs/heads/master refs/remotes/master [1ms]
[2022-09-11T02:15:54.957Z] > git for-each-ref --sort -committerdate --format %(refname) %(objectname) %(*objectname) [21ms]
[2022-09-11T02:15:54.957Z] > git remote --verbose [1ms]
[2022-09-11T02:15:55.063Z] > git config --get commit.template [2ms]
[2022-09-11T02:16:00.126Z] > git status -z -uall [41ms]
[2022-09-11T02:16:00.150Z] > git symbolic-ref --short HEAD [1ms]
[2022-09-11T02:16:00.173Z] > git for-each-ref --format=%(refname)%00%(upstream:short)%00%(objectname)%00%(upstream:track)%00%(upstream:remotename)%00%(upstream:remoteref) refs/heads/master refs/remotes/master [1ms]
[2022-09-11T02:16:00.218Z] > git for-each-ref --sort -committerdate --format %(refname) %(objectname) %(*objectname) [23ms]
[2022-09-11T02:16:00.218Z] > git remote --verbose [1ms]
[2022-09-11T02:16:00.325Z] > git config --get commit.template [2ms]
[2022-09-11T02:16:05.391Z] > git status -z -uall [41ms]
[2022-09-11T02:16:05.415Z] > git symbolic-ref --short HEAD [1ms]
[2022-09-11T02:16:05.439Z] > git for-each-ref --format=%(refname)%00%(upstream:short)%00%(objectname)%00%(upstream:track)%00%(upstream:remotename)%00%(upstream:remoteref) refs/heads/master refs/remotes/master [1ms]
[2022-09-11T02:16:05.487Z] > git for-each-ref --sort -committerdate --format %(refname) %(objectname) %(*objectname) [24ms]
[2022-09-11T02:16:05.488Z] > git remote --verbose [1ms]
[2022-09-11T02:16:05.595Z] > git config --get commit.template [2ms]
[2022-09-11T02:16:10.660Z] > git status -z -uall [40ms]
[2022-09-11T02:16:10.686Z] > git symbolic-ref --short HEAD [1ms]
[2022-09-11T02:16:10.713Z] > git for-each-ref --format=%(refname)%00%(upstream:short)%00%(objectname)%00%(upstream:track)%00%(upstream:remotename)%00%(upstream:remoteref) refs/heads/master refs/remotes/master [2ms]
[2022-09-11T02:16:10.763Z] > git for-each-ref --sort -committerdate --format %(refname) %(objectname) %(*objectname) [25ms]
[2022-09-11T02:16:10.763Z] > git remote --verbose [1ms]
[2022-09-11T02:16:10.871Z] > git config --get commit.template [2ms]
[2022-09-11T02:16:15.929Z] > git status -z -uall [38ms]
[2022-09-11T02:16:15.947Z] > git symbolic-ref --short HEAD [1ms]
[2022-09-11T02:16:15.966Z] > git for-each-ref --format=%(refname)%00%(upstream:short)%00%(objectname)%00%(upstream:track)%00%(upstream:remotename)%00%(upstream:remoteref) refs/heads/master refs/remotes/master [1ms]
[2022-09-11T02:16:16.003Z] > git for-each-ref --sort -committerdate --format %(refname) %(objectname) %(*objectname) [18ms]
[2022-09-11T02:16:16.004Z] > git remote --verbose [2ms]
[2022-09-11T02:16:16.116Z] > git config --get commit.template [2ms]
[2022-09-11T02:16:21.175Z] > git status -z -uall [39ms]
[2022-09-11T02:16:21.194Z] > git symbolic-ref --short HEAD [1ms]
[2022-09-11T02:16:21.213Z] > git for-each-ref --format=%(refname)%00%(upstream:short)%00%(objectname)%00%(upstream:track)%00%(upstream:remotename)%00%(upstream:remoteref) refs/heads/master refs/remotes/master [1ms]
[2022-09-11T02:16:21.250Z] > git for-each-ref --sort -committerdate --format %(refname) %(objectname) %(*objectname) [19ms]
[2022-09-11T02:16:21.250Z] > git remote --verbose [1ms]
[2022-09-11T02:16:21.353Z] > git config --get commit.template [1ms]
[2022-09-11T02:16:26.425Z] > git status -z -uall [43ms]
[2022-09-11T02:16:26.445Z] > git symbolic-ref --short HEAD [1ms]
[2022-09-11T02:16:26.464Z] > git for-each-ref --format=%(refname)%00%(upstream:short)%00%(objectname)%00%(upstream:track)%00%(upstream:remotename)%00%(upstream:remoteref) refs/heads/master refs/remotes/master [2ms]
[2022-09-11T02:16:26.500Z] > git remote --verbose [2ms]
[2022-09-11T02:16:26.500Z] > git for-each-ref --sort -committerdate --format %(refname) %(objectname) %(*objectname) [19ms]
[2022-09-11T02:16:26.598Z] > git config --get commit.template [1ms]
[2022-09-11T02:16:31.662Z] > git status -z -uall [44ms]
[2022-09-11T02:16:31.682Z] > git symbolic-ref --short HEAD [2ms]
[2022-09-11T02:16:31.701Z] > git for-each-ref --format=%(refname)%00%(upstream:short)%00%(objectname)%00%(upstream:track)%00%(upstream:remotename)%00%(upstream:remoteref) refs/heads/master refs/remotes/master [1ms]
[2022-09-11T02:16:31.739Z] > git for-each-ref --sort -committerdate --format %(refname) %(objectname) %(*objectname) [20ms]
[2022-09-11T02:16:31.739Z] > git remote --verbose [2ms]
[2022-09-11T02:16:31.847Z] > git config --get commit.template [1ms]
[2022-09-11T02:16:36.906Z] > git status -z -uall [38ms]
[2022-09-11T02:16:36.926Z] > git symbolic-ref --short HEAD [1ms]
[2022-09-11T02:16:36.947Z] > git for-each-ref --format=%(refname)%00%(upstream:short)%00%(objectname)%00%(upstream:track)%00%(upstream:remotename)%00%(upstream:remoteref) refs/heads/master refs/remotes/master [2ms]
[2022-09-11T02:16:36.986Z] > git for-each-ref --sort -committerdate --format %(refname) %(objectname) %(*objectname) [20ms]
[2022-09-11T02:16:36.986Z] > git remote --verbose [1ms]
[2022-09-11T02:16:37.088Z] > git config --get commit.template [1ms]
[2022-09-11T02:16:42.152Z] > git status -z -uall [42ms]
[2022-09-11T02:16:42.174Z] > git symbolic-ref --short HEAD [1ms]
[2022-09-11T02:16:42.196Z] > git for-each-ref --format=%(refname)%00%(upstream:short)%00%(objectname)%00%(upstream:track)%00%(upstream:remotename)%00%(upstream:remoteref) refs/heads/master refs/remotes/master [1ms]
[2022-09-11T02:16:42.238Z] > git for-each-ref --sort -committerdate --format %(refname) %(objectname) %(*objectname) [21ms]
[2022-09-11T02:16:42.238Z] > git remote --verbose [1ms]
[2022-09-11T02:16:42.341Z] > git config --get commit.template [1ms]
[2022-09-11T02:16:47.406Z] > git status -z -uall [41ms]
[2022-09-11T02:16:47.430Z] > git symbolic-ref --short HEAD [2ms]
[2022-09-11T02:16:47.453Z] > git for-each-ref --format=%(refname)%00%(upstream:short)%00%(objectname)%00%(upstream:track)%00%(upstream:remotename)%00%(upstream:remoteref) refs/heads/master refs/remotes/master [1ms]
[2022-09-11T02:16:47.497Z] > git remote --verbose [1ms]
[2022-09-11T02:16:47.498Z] > git for-each-ref --sort -committerdate --format %(refname) %(objectname) %(*objectname) [23ms]
[2022-09-11T02:16:47.600Z] > git config --get commit.template [1ms]
[2022-09-11T02:16:52.665Z] > git status -z -uall [40ms]
[2022-09-11T02:16:52.690Z] > git symbolic-ref --short HEAD [1ms]
[2022-09-11T02:16:52.715Z] > git for-each-ref --format=%(refname)%00%(upstream:short)%00%(objectname)%00%(upstream:track)%00%(upstream:remotename)%00%(upstream:remoteref) refs/heads/master refs/remotes/master [1ms]
[2022-09-11T02:16:52.762Z] > git for-each-ref --sort -committerdate --format %(refname) %(objectname) %(*objectname) [24ms]
[2022-09-11T02:16:52.762Z] > git remote --verbose [1ms]
[2022-09-11T02:16:52.866Z] > git config --get commit.template [1ms]
[2022-09-11T02:16:57.933Z] > git status -z -uall [41ms]
[2022-09-11T02:16:57.959Z] > git symbolic-ref --short HEAD [1ms]
[2022-09-11T02:16:57.984Z] > git for-each-ref --format=%(refname)%00%(upstream:short)%00%(objectname)%00%(upstream:track)%00%(upstream:remotename)%00%(upstream:remoteref) refs/heads/master refs/remotes/master [1ms]
[2022-09-11T02:16:58.035Z] > git for-each-ref --sort -committerdate --format %(refname) %(objectname) %(*objectname) [26ms]
[2022-09-11T02:16:58.035Z] > git remote --verbose [1ms]
[2022-09-11T02:16:58.140Z] > git config --get commit.template [2ms]
[2022-09-11T02:17:03.200Z] > git status -z -uall [39ms]
[2022-09-11T02:17:03.219Z] > git symbolic-ref --short HEAD [1ms]
[2022-09-11T02:17:03.239Z] > git for-each-ref --format=%(refname)%00%(upstream:short)%00%(objectname)%00%(upstream:track)%00%(upstream:remotename)%00%(upstream:remoteref) refs/heads/master refs/remotes/master [1ms]
[2022-09-11T02:17:03.277Z] > git for-each-ref --sort -committerdate --format %(refname) %(objectname) %(*objectname) [20ms]
[2022-09-11T02:17:03.277Z] > git remote --verbose [1ms]
[2022-09-11T02:17:03.384Z] > git config --get commit.template [1ms]
[2022-09-11T02:17:08.443Z] > git status -z -uall [39ms]
[2022-09-11T02:17:08.462Z] > git symbolic-ref --short HEAD [1ms]
[2022-09-11T02:17:08.482Z] > git for-each-ref --format=%(refname)%00%(upstream:short)%00%(objectname)%00%(upstream:track)%00%(upstream:remotename)%00%(upstream:remoteref) refs/heads/master refs/remotes/master [1ms]
[2022-09-11T02:17:08.520Z] > git for-each-ref --sort -committerdate --format %(refname) %(objectname) %(*objectname) [19ms]
[2022-09-11T02:17:08.520Z] > git remote --verbose [1ms]
[2022-09-11T02:17:08.625Z] > git config --get commit.template [1ms]
[2022-09-11T02:17:13.683Z] > git status -z -uall [37ms]
[2022-09-11T02:17:13.703Z] > git symbolic-ref --short HEAD [1ms]
[2022-09-11T02:17:13.723Z] > git for-each-ref --format=%(refname)%00%(upstream:short)%00%(objectname)%00%(upstream:track)%00%(upstream:remotename)%00%(upstream:remoteref) refs/heads/master refs/remotes/master [1ms]
[2022-09-11T02:17:13.761Z] > git for-each-ref --sort -committerdate --format %(refname) %(objectname) %(*objectname) [19ms]
[2022-09-11T02:17:13.761Z] > git remote --verbose [1ms]
[2022-09-11T02:17:13.862Z] > git config --get commit.template [1ms]
[2022-09-11T02:17:18.919Z] > git status -z -uall [37ms]
[2022-09-11T02:17:18.939Z] > git symbolic-ref --short HEAD [1ms]
[2022-09-11T02:17:18.959Z] > git for-each-ref --format=%(refname)%00%(upstream:short)%00%(objectname)%00%(upstream:track)%00%(upstream:remotename)%00%(upstream:remoteref) refs/heads/master refs/remotes/master [1ms]
[2022-09-11T02:17:18.997Z] > git for-each-ref --sort -committerdate --format %(refname) %(objectname) %(*objectname) [19ms]
[2022-09-11T02:17:18.998Z] > git remote --verbose [2ms]
[2022-09-11T02:17:19.100Z] > git config --get commit.template [1ms]
[2022-09-11T02:17:24.158Z] > git status -z -uall [37ms]
[2022-09-11T02:17:24.179Z] > git symbolic-ref --short HEAD [1ms]
[2022-09-11T02:17:24.200Z] > git for-each-ref --format=%(refname)%00%(upstream:short)%00%(objectname)%00%(upstream:track)%00%(upstream:remotename)%00%(upstream:remoteref) refs/heads/master refs/remotes/master [2ms]
[2022-09-11T02:17:24.240Z] > git for-each-ref --sort -committerdate --format %(refname) %(objectname) %(*objectname) [21ms]
[2022-09-11T02:17:24.240Z] > git remote --verbose [1ms]
[2022-09-11T02:17:24.344Z] > git config --get commit.template [2ms]
[2022-09-11T02:17:26.621Z] > git show --textconv :csc250_lab2-Lin-Eric-142313/cTest.c [22ms]
[2022-09-11T02:17:26.623Z] > git ls-files --stage -- /home/linl20/csc250_lab2-Lin-Eric-142313/cTest.c [3ms]
[2022-09-11T02:17:26.851Z] > git check-ignore -v -z --stdin [2ms]
[2022-09-11T02:17:29.406Z] > git status -z -uall [39ms]
[2022-09-11T02:17:29.428Z] > git symbolic-ref --short HEAD [1ms]
[2022-09-11T02:17:29.451Z] > git for-each-ref --format=%(refname)%00%(upstream:short)%00%(objectname)%00%(upstream:track)%00%(upstream:remotename)%00%(upstream:remoteref) refs/heads/master refs/remotes/master [1ms]
[2022-09-11T02:17:29.493Z] > git for-each-ref --sort -committerdate --format %(refname) %(objectname) %(*objectname) [21ms]
[2022-09-11T02:17:29.494Z] > git remote --verbose [2ms]
[2022-09-11T02:17:29.595Z] > git config --get commit.template [2ms]
[2022-09-11T02:17:34.657Z] > git status -z -uall [38ms]
[2022-09-11T02:17:34.680Z] > git symbolic-ref --short HEAD [1ms]
[2022-09-11T02:17:34.703Z] > git for-each-ref --format=%(refname)%00%(upstream:short)%00%(objectname)%00%(upstream:track)%00%(upstream:remotename)%00%(upstream:remoteref) refs/heads/master refs/remotes/master [1ms]
[2022-09-11T02:17:34.749Z] > git for-each-ref --sort -committerdate --format %(refname) %(objectname) %(*objectname) [23ms]
[2022-09-11T02:17:34.750Z] > git remote --verbose [2ms]
[2022-09-11T02:17:34.851Z] > git config --get commit.template [1ms]
[2022-09-11T02:17:39.915Z] > git status -z -uall [38ms]
[2022-09-11T02:17:39.940Z] > git symbolic-ref --short HEAD [1ms]
[2022-09-11T02:17:39.966Z] > git for-each-ref --format=%(refname)%00%(upstream:short)%00%(objectname)%00%(upstream:track)%00%(upstream:remotename)%00%(upstream:remoteref) refs/heads/master refs/remotes/master [2ms]
[2022-09-11T02:17:40.015Z] > git for-each-ref --sort -committerdate --format %(refname) %(objectname) %(*objectname) [25ms]
[2022-09-11T02:17:40.015Z] > git remote --verbose [1ms]
[2022-09-11T02:17:40.121Z] > git config --get commit.template [1ms]
[2022-09-11T02:17:45.186Z] > git status -z -uall [38ms]
[2022-09-11T02:17:45.213Z] > git symbolic-ref --short HEAD [1ms]
[2022-09-11T02:17:45.240Z] > git for-each-ref --format=%(refname)%00%(upstream:short)%00%(objectname)%00%(upstream:track)%00%(upstream:remotename)%00%(upstream:remoteref) refs/heads/master refs/remotes/master [1ms]
[2022-09-11T02:17:45.292Z] > git for-each-ref --sort -committerdate --format %(refname) %(objectname) %(*objectname) [27ms]
[2022-09-11T02:17:45.292Z] > git remote --verbose [1ms]
[2022-09-11T02:17:45.394Z] > git config --get commit.template [1ms]
[2022-09-11T02:17:50.453Z] > git status -z -uall [38ms]
[2022-09-11T02:17:50.473Z] > git symbolic-ref --short HEAD [1ms]
[2022-09-11T02:17:50.493Z] > git for-each-ref --format=%(refname)%00%(upstream:short)%00%(objectname)%00%(upstream:track)%00%(upstream:remotename)%00%(upstream:remoteref) refs/heads/master refs/remotes/master [1ms]
[2022-09-11T02:17:50.533Z] > git for-each-ref --sort -committerdate --format %(refname) %(objectname) %(*objectname) [20ms]
[2022-09-11T02:17:50.533Z] > git remote --verbose [1ms]
[2022-09-11T02:17:50.643Z] > git config --get commit.template [1ms]
[2022-09-11T02:17:55.702Z] > git status -z -uall [38ms]
[2022-09-11T02:17:55.722Z] > git symbolic-ref --short HEAD [1ms]
[2022-09-11T02:17:55.743Z] > git for-each-ref --format=%(refname)%00%(upstream:short)%00%(objectname)%00%(upstream:track)%00%(upstream:remotename)%00%(upstream:remoteref) refs/heads/master refs/remotes/master [2ms]
[2022-09-11T02:17:55.783Z] > git for-each-ref --sort -committerdate --format %(refname) %(objectname) %(*objectname) [21ms]
[2022-09-11T02:17:55.783Z] > git remote --verbose [1ms]
[2022-09-11T02:17:55.885Z] > git config --get commit.template [1ms]
[2022-09-11T02:18:00.943Z] > git status -z -uall [38ms]
[2022-09-11T02:18:00.963Z] > git symbolic-ref --short HEAD [1ms]
[2022-09-11T02:18:00.983Z] > git for-each-ref --format=%(refname)%00%(upstream:short)%00%(objectname)%00%(upstream:track)%00%(upstream:remotename)%00%(upstream:remoteref) refs/heads/master refs/remotes/master [1ms]
[2022-09-11T02:18:01.024Z] > git for-each-ref --sort -committerdate --format %(refname) %(objectname) %(*objectname) [21ms]
[2022-09-11T02:18:01.024Z] > git remote --verbose [1ms]
[2022-09-11T02:18:01.128Z] > git config --get commit.template [2ms]
[2022-09-11T02:18:06.187Z] > git status -z -uall [38ms]
[2022-09-11T02:18:06.208Z] > git symbolic-ref --short HEAD [1ms]
[2022-09-11T02:18:06.229Z] > git for-each-ref --format=%(refname)%00%(upstream:short)%00%(objectname)%00%(upstream:track)%00%(upstream:remotename)%00%(upstream:remoteref) refs/heads/master refs/remotes/master [2ms]
[2022-09-11T02:18:06.269Z] > git for-each-ref --sort -committerdate --format %(refname) %(objectname) %(*objectname) [21ms]
[2022-09-11T02:18:06.269Z] > git remote --verbose [2ms]
[2022-09-11T02:18:06.372Z] > git config --get commit.template [2ms]
[2022-09-11T02:18:11.431Z] > git status -z -uall [39ms]
[2022-09-11T02:18:11.452Z] > git symbolic-ref --short HEAD [1ms]
[2022-09-11T02:18:11.473Z] > git for-each-ref --format=%(refname)%00%(upstream:short)%00%(objectname)%00%(upstream:track)%00%(upstream:remotename)%00%(upstream:remoteref) refs/heads/master refs/remotes/master [1ms]
[2022-09-11T02:18:11.513Z] > git for-each-ref --sort -committerdate --format %(refname) %(objectname) %(*objectname) [20ms]
[2022-09-11T02:18:11.513Z] > git remote --verbose [1ms]
[2022-09-11T02:18:11.616Z] > git config --get commit.template [1ms]
[2022-09-11T02:18:16.677Z] > git status -z -uall [38ms]
[2022-09-11T02:18:16.699Z] > git symbolic-ref --short HEAD [1ms]
[2022-09-11T02:18:16.722Z] > git for-each-ref --format=%(refname)%00%(upstream:short)%00%(objectname)%00%(upstream:track)%00%(upstream:remotename)%00%(upstream:remoteref) refs/heads/master refs/remotes/master [2ms]
[2022-09-11T02:18:16.765Z] > git for-each-ref --sort -committerdate --format %(refname) %(objectname) %(*objectname) [21ms]
[2022-09-11T02:18:16.765Z] > git remote --verbose [1ms]
[2022-09-11T02:18:16.869Z] > git config --get commit.template [1ms]
[2022-09-11T02:18:21.931Z] > git status -z -uall [37ms]
[2022-09-11T02:18:21.954Z] > git symbolic-ref --short HEAD [1ms]
[2022-09-11T02:18:21.978Z] > git for-each-ref --format=%(refname)%00%(upstream:short)%00%(objectname)%00%(upstream:track)%00%(upstream:remotename)%00%(upstream:remoteref) refs/heads/master refs/remotes/master [2ms]
[2022-09-11T02:18:22.022Z] > git for-each-ref --sort -committerdate --format %(refname) %(objectname) %(*objectname) [22ms]
[2022-09-11T02:18:22.023Z] > git remote --verbose [2ms]
[2022-09-11T02:18:22.129Z] > git config --get commit.template [2ms]
[2022-09-11T02:18:27.192Z] > git status -z -uall [38ms]
[2022-09-11T02:18:27.217Z] > git symbolic-ref --short HEAD [1ms]
[2022-09-11T02:18:27.243Z] > git for-each-ref --format=%(refname)%00%(upstream:short)%00%(objectname)%00%(upstream:track)%00%(upstream:remotename)%00%(upstream:remoteref) refs/heads/master refs/remotes/master [2ms]
[2022-09-11T02:18:27.292Z] > git for-each-ref --sort -committerdate --format %(refname) %(objectname) %(*objectname) [25ms]
[2022-09-11T02:18:27.292Z] > git remote --verbose [1ms]
[2022-09-11T02:18:27.399Z] > git config --get commit.template [1ms]
[2022-09-11T02:18:32.467Z] > git status -z -uall [41ms]
[2022-09-11T02:18:32.494Z] > git symbolic-ref --short HEAD [1ms]
[2022-09-11T02:18:32.519Z] > git for-each-ref --format=%(refname)%00%(upstream:short)%00%(objectname)%00%(upstream:track)%00%(upstream:remotename)%00%(upstream:remoteref) refs/heads/master refs/remotes/master [1ms]
[2022-09-11T02:18:32.569Z] > git for-each-ref --sort -committerdate --format %(refname) %(objectname) %(*objectname) [25ms]
[2022-09-11T02:18:32.570Z] > git remote --verbose [1ms]
[2022-09-11T02:18:32.677Z] > git config --get commit.template [2ms]
[2022-09-11T02:18:37.738Z] > git status -z -uall [38ms]
[2022-09-11T02:18:37.759Z] > git symbolic-ref --short HEAD [2ms]
[2022-09-11T02:18:37.780Z] > git for-each-ref --format=%(refname)%00%(upstream:short)%00%(objectname)%00%(upstream:track)%00%(upstream:remotename)%00%(upstream:remoteref) refs/heads/master refs/remotes/master [2ms]
[2022-09-11T02:18:37.819Z] > git for-each-ref --sort -committerdate --format %(refname) %(objectname) %(*objectname) [20ms]
[2022-09-11T02:18:37.819Z] > git remote --verbose [1ms]
[2022-09-11T02:18:37.932Z] > git config --get commit.template [1ms]
[2022-09-11T02:18:42.993Z] > git status -z -uall [40ms]
[2022-09-11T02:18:43.013Z] > git symbolic-ref --short HEAD [1ms]
[2022-09-11T02:18:43.033Z] > git for-each-ref --format=%(refname)%00%(upstream:short)%00%(objectname)%00%(upstream:track)%00%(upstream:remotename)%00%(upstream:remoteref) refs/heads/master refs/remotes/master [1ms]
[2022-09-11T02:18:43.072Z] > git for-each-ref --sort -committerdate --format %(refname) %(objectname) %(*objectname) [20ms]
[2022-09-11T02:18:43.072Z] > git remote --verbose [1ms]
[2022-09-11T02:18:43.173Z] > git config --get commit.template [2ms]
[2022-09-11T02:18:48.231Z] > git status -z -uall [37ms]
[2022-09-11T02:18:48.252Z] > git symbolic-ref --short HEAD [1ms]
[2022-09-11T02:18:48.272Z] > git for-each-ref --format=%(refname)%00%(upstream:short)%00%(objectname)%00%(upstream:track)%00%(upstream:remotename)%00%(upstream:remoteref) refs/heads/master refs/remotes/master [1ms]
[2022-09-11T02:18:48.312Z] > git for-each-ref --sort -committerdate --format %(refname) %(objectname) %(*objectname) [20ms]
[2022-09-11T02:18:48.312Z] > git remote --verbose [1ms]
[2022-09-11T02:18:48.415Z] > git config --get commit.template [1ms]
[2022-09-11T02:18:53.474Z] > git status -z -uall [38ms]
[2022-09-11T02:18:53.494Z] > git symbolic-ref --short HEAD [1ms]
[2022-09-11T02:18:53.514Z] > git for-each-ref --format=%(refname)%00%(upstream:short)%00%(objectname)%00%(upstream:track)%00%(upstream:remotename)%00%(upstream:remoteref) refs/heads/master refs/remotes/master [1ms]
[2022-09-11T02:18:53.554Z] > git for-each-ref --sort -committerdate --format %(refname) %(objectname) %(*objectname) [20ms]
[2022-09-11T02:18:53.554Z] > git remote --verbose [1ms]
[2022-09-11T02:18:53.658Z] > git config --get commit.template [2ms]
[2022-09-11T02:18:58.717Z] > git status -z -uall [37ms]
[2022-09-11T02:18:58.737Z] > git symbolic-ref --short HEAD [1ms]
[2022-09-11T02:18:58.759Z] > git for-each-ref --format=%(refname)%00%(upstream:short)%00%(objectname)%00%(upstream:track)%00%(upstream:remotename)%00%(upstream:remoteref) refs/heads/master refs/remotes/master [2ms]
[2022-09-11T02:18:58.801Z] > git remote --verbose [1ms]
[2022-09-11T02:18:58.801Z] > git for-each-ref --sort -committerdate --format %(refname) %(objectname) %(*objectname) [23ms]
[2022-09-11T02:18:58.904Z] > git config --get commit.template [1ms]
[2022-09-11T02:19:03.967Z] > git status -z -uall [41ms]
[2022-09-11T02:19:03.989Z] > git symbolic-ref --short HEAD [1ms]
[2022-09-11T02:19:04.011Z] > git for-each-ref --format=%(refname)%00%(upstream:short)%00%(objectname)%00%(upstream:track)%00%(upstream:remotename)%00%(upstream:remoteref) refs/heads/master refs/remotes/master [1ms]
[2022-09-11T02:19:04.058Z] > git for-each-ref --sort -committerdate --format %(refname) %(objectname) %(*objectname) [24ms]
[2022-09-11T02:19:04.059Z] > git remote --verbose [2ms]
[2022-09-11T02:19:04.166Z] > git config --get commit.template [1ms]
[2022-09-11T02:19:09.235Z] > git status -z -uall [42ms]
[2022-09-11T02:19:09.259Z] > git symbolic-ref --short HEAD [1ms]
[2022-09-11T02:19:09.282Z] > git for-each-ref --format=%(refname)%00%(upstream:short)%00%(objectname)%00%(upstream:track)%00%(upstream:remotename)%00%(upstream:remoteref) refs/heads/master refs/remotes/master [1ms]
[2022-09-11T02:19:09.328Z] > git for-each-ref --sort -committerdate --format %(refname) %(objectname) %(*objectname) [23ms]
[2022-09-11T02:19:09.328Z] > git remote --verbose [1ms]
[2022-09-11T02:19:09.435Z] > git config --get commit.template [2ms]
[2022-09-11T02:19:14.503Z] > git status -z -uall [43ms]
[2022-09-11T02:19:14.529Z] > git symbolic-ref --short HEAD [1ms]
[2022-09-11T02:19:14.555Z] > git for-each-ref --format=%(refname)%00%(upstream:short)%00%(objectname)%00%(upstream:track)%00%(upstream:remotename)%00%(upstream:remoteref) refs/heads/master refs/remotes/master [2ms]
[2022-09-11T02:19:14.603Z] > git for-each-ref --sort -committerdate --format %(refname) %(objectname) %(*objectname) [24ms]
[2022-09-11T02:19:14.604Z] > git remote --verbose [1ms]
[2022-09-11T02:19:14.712Z] > git config --get commit.template [2ms]
[2022-09-11T02:19:19.779Z] > git status -z -uall [41ms]
[2022-09-11T02:19:19.806Z] > git symbolic-ref --short HEAD [1ms]
[2022-09-11T02:19:19.833Z] > git for-each-ref --format=%(refname)%00%(upstream:short)%00%(objectname)%00%(upstream:track)%00%(upstream:remotename)%00%(upstream:remoteref) refs/heads/master refs/remotes/master [1ms]
[2022-09-11T02:19:19.885Z] > git for-each-ref --sort -committerdate --format %(refname) %(objectname) %(*objectname) [27ms]
[2022-09-11T02:19:19.885Z] > git remote --verbose [1ms]
[2022-09-11T02:19:19.993Z] > git config --get commit.template [2ms]
[2022-09-11T02:19:25.054Z] > git status -z -uall [38ms]
[2022-09-11T02:19:25.075Z] > git symbolic-ref --short HEAD [1ms]
[2022-09-11T02:19:25.096Z] > git for-each-ref --format=%(refname)%00%(upstream:short)%00%(objectname)%00%(upstream:track)%00%(upstream:remotename)%00%(upstream:remoteref) refs/heads/master refs/remotes/master [1ms]
[2022-09-11T02:19:25.136Z] > git for-each-ref --sort -committerdate --format %(refname) %(objectname) %(*objectname) [21ms]
[2022-09-11T02:19:25.136Z] > git remote --verbose [1ms]
[2022-09-11T02:19:25.246Z] > git config --get commit.template [2ms]
[2022-09-11T02:19:30.307Z] > git status -z -uall [39ms]
[2022-09-11T02:19:30.328Z] > git symbolic-ref --short HEAD [1ms]
[2022-09-11T02:19:30.349Z] > git for-each-ref --format=%(refname)%00%(upstream:short)%00%(objectname)%00%(upstream:track)%00%(upstream:remotename)%00%(upstream:remoteref) refs/heads/master refs/remotes/master [1ms]
[2022-09-11T02:19:30.389Z] > git for-each-ref --sort -committerdate --format %(refname) %(objectname) %(*objectname) [20ms]
[2022-09-11T02:19:30.389Z] > git remote --verbose [1ms]
[2022-09-11T02:19:30.491Z] > git config --get commit.template [2ms]
[2022-09-11T02:19:35.550Z] > git status -z -uall [39ms]
[2022-09-11T02:19:35.571Z] > git symbolic-ref --short HEAD [1ms]
[2022-09-11T02:19:35.592Z] > git for-each-ref --format=%(refname)%00%(upstream:short)%00%(objectname)%00%(upstream:track)%00%(upstream:remotename)%00%(upstream:remoteref) refs/heads/master refs/remotes/master [1ms]
[2022-09-11T02:19:35.632Z] > git for-each-ref --sort -committerdate --format %(refname) %(objectname) %(*objectname) [21ms]
[2022-09-11T02:19:35.632Z] > git remote --verbose [1ms]
[2022-09-11T02:19:35.737Z] > git config --get commit.template [1ms]
[2022-09-11T02:19:40.802Z] > git status -z -uall [39ms]
[2022-09-11T02:19:40.824Z] > git symbolic-ref --short HEAD [1ms]
[2022-09-11T02:19:40.845Z] > git for-each-ref --format=%(refname)%00%(upstream:short)%00%(objectname)%00%(upstream:track)%00%(upstream:remotename)%00%(upstream:remoteref) refs/heads/master refs/remotes/master [2ms]
[2022-09-11T02:19:40.885Z] > git for-each-ref --sort -committerdate --format %(refname) %(objectname) %(*objectname) [21ms]
[2022-09-11T02:19:40.885Z] > git remote --verbose [1ms]
[2022-09-11T02:19:40.988Z] > git config --get commit.template [1ms]
[2022-09-11T02:19:46.046Z] > git status -z -uall [37ms]
[2022-09-11T02:19:46.067Z] > git symbolic-ref --short HEAD [1ms]
[2022-09-11T02:19:46.088Z] > git for-each-ref --format=%(refname)%00%(upstream:short)%00%(objectname)%00%(upstream:track)%00%(upstream:remotename)%00%(upstream:remoteref) refs/heads/master refs/remotes/master [1ms]
[2022-09-11T02:19:46.129Z] > git remote --verbose [2ms]
[2022-09-11T02:19:46.129Z] > git for-each-ref --sort -committerdate --format %(refname) %(objectname) %(*objectname) [21ms]
[2022-09-11T02:19:46.235Z] > git config --get commit.template [2ms]
