[2022-09-12T17:00:29.627Z] Log level: Info
[2022-09-12T17:00:29.636Z] [info] Validating found git in: git
[2022-09-12T17:00:29.775Z] [info] Using git 2.20.1 from git
[2022-09-12T17:00:29.836Z] > git rev-parse --show-toplevel [42ms]
[2022-09-12T17:00:29.856Z] > git rev-parse --git-dir --git-common-dir [5ms]
[2022-09-12T17:00:29.864Z] [info] Open repository: /home/linl20
[2022-09-12T17:00:29.976Z] > git status -z -uall [99ms]
[2022-09-12T17:00:29.990Z] > git symbolic-ref --short HEAD [4ms]
[2022-09-12T17:00:30.006Z] > git for-each-ref --format=%(refname)%00%(upstream:short)%00%(objectname)%00%(upstream:track)%00%(upstream:remotename)%00%(upstream:remoteref) refs/heads/master refs/remotes/master [6ms]
[2022-09-12T17:00:30.085Z] > git remote --verbose [60ms]
[2022-09-12T17:00:30.085Z] > git for-each-ref --sort -committerdate --format %(refname) %(objectname) %(*objectname) [69ms]
[2022-09-12T17:00:31.042Z] > git config --get commit.template [803ms]
[2022-09-12T17:00:31.172Z] > git status -z -uall [117ms]
[2022-09-12T17:00:31.186Z] > git symbolic-ref --short HEAD [3ms]
[2022-09-12T17:00:31.207Z] > git for-each-ref --format=%(refname)%00%(upstream:short)%00%(objectname)%00%(upstream:track)%00%(upstream:remotename)%00%(upstream:remoteref) refs/heads/master refs/remotes/master [10ms]
[2022-09-12T17:00:31.239Z] > git remote --verbose [7ms]
[2022-09-12T17:00:31.239Z] > git for-each-ref --sort -committerdate --format %(refname) %(objectname) %(*objectname) [20ms]
[2022-09-12T17:00:31.364Z] > git config --get commit.template [12ms]
[2022-09-12T17:00:32.824Z] > git show --textconv :csc250_lab2-Lin-Eric-142313/cTest.c [17ms]
[2022-09-12T17:00:32.825Z] > git ls-files --stage -- /home/linl20/csc250_lab2-Lin-Eric-142313/cTest.c [2ms]
[2022-09-12T17:00:32.859Z] > git check-ignore -v -z --stdin [1ms]
[2022-09-12T17:48:18.130Z] > git status -z -uall [46ms]
[2022-09-12T17:48:18.148Z] > git symbolic-ref --short HEAD [1ms]
[2022-09-12T17:48:18.167Z] > git for-each-ref --format=%(refname)%00%(upstream:short)%00%(objectname)%00%(upstream:track)%00%(upstream:remotename)%00%(upstream:remoteref) refs/heads/master refs/remotes/master [1ms]
[2022-09-12T17:48:18.199Z] > git remote --verbose [1ms]
[2022-09-12T17:48:18.200Z] > git for-each-ref --sort -committerdate --format %(refname) %(objectname) %(*objectname) [17ms]
[2022-09-12T17:48:18.323Z] > git config --get commit.template [1ms]
[2022-09-12T17:48:23.382Z] > git status -z -uall [38ms]
[2022-09-12T17:48:23.402Z] > git symbolic-ref --short HEAD [2ms]
[2022-09-12T17:48:23.421Z] > git for-each-ref --format=%(refname)%00%(upstream:short)%00%(objectname)%00%(upstream:track)%00%(upstream:remotename)%00%(upstream:remoteref) refs/heads/master refs/remotes/master [1ms]
[2022-09-12T17:48:23.456Z] > git remote --verbose [1ms]
[2022-09-12T17:48:23.457Z] > git for-each-ref --sort -committerdate --format %(refname) %(objectname) %(*objectname) [19ms]
[2022-09-12T17:48:23.571Z] > git config --get commit.template [1ms]
[2022-09-12T17:48:28.633Z] > git status -z -uall [42ms]
[2022-09-12T17:48:28.652Z] > git symbolic-ref --short HEAD [1ms]
[2022-09-12T17:48:28.672Z] > git for-each-ref --format=%(refname)%00%(upstream:short)%00%(objectname)%00%(upstream:track)%00%(upstream:remotename)%00%(upstream:remoteref) refs/heads/master refs/remotes/master [2ms]
[2022-09-12T17:48:28.707Z] > git for-each-ref --sort -committerdate --format %(refname) %(objectname) %(*objectname) [18ms]
[2022-09-12T17:48:28.708Z] > git remote --verbose [2ms]
[2022-09-12T17:48:28.818Z] > git config --get commit.template [1ms]
[2022-09-12T17:48:33.877Z] > git status -z -uall [38ms]
[2022-09-12T17:48:33.896Z] > git symbolic-ref --short HEAD [1ms]
[2022-09-12T17:48:33.916Z] > git for-each-ref --format=%(refname)%00%(upstream:short)%00%(objectname)%00%(upstream:track)%00%(upstream:remotename)%00%(upstream:remoteref) refs/heads/master refs/remotes/master [1ms]
[2022-09-12T17:48:33.951Z] > git for-each-ref --sort -committerdate --format %(refname) %(objectname) %(*objectname) [17ms]
[2022-09-12T17:48:33.952Z] > git remote --verbose [2ms]
[2022-09-12T17:48:34.058Z] > git config --get commit.template [1ms]
[2022-09-12T17:48:39.119Z] > git status -z -uall [39ms]
[2022-09-12T17:48:39.142Z] > git symbolic-ref --short HEAD [1ms]
[2022-09-12T17:48:39.163Z] > git for-each-ref --format=%(refname)%00%(upstream:short)%00%(objectname)%00%(upstream:track)%00%(upstream:remotename)%00%(upstream:remoteref) refs/heads/master refs/remotes/master [1ms]
[2022-09-12T17:48:39.203Z] > git for-each-ref --sort -committerdate --format %(refname) %(objectname) %(*objectname) [20ms]
[2022-09-12T17:48:39.203Z] > git remote --verbose [2ms]
[2022-09-12T17:48:39.308Z] > git config --get commit.template [1ms]
[2022-09-12T17:48:43.585Z] > git show --textconv :csc250_lab2-Lin-Eric-142313/cEx.c [22ms]
[2022-09-12T17:48:43.586Z] > git ls-files --stage -- /home/linl20/csc250_lab2-Lin-Eric-142313/cEx.c [2ms]
[2022-09-12T17:48:43.753Z] > git check-ignore -v -z --stdin [1ms]
[2022-09-12T17:48:44.368Z] > git status -z -uall [39ms]
[2022-09-12T17:48:44.390Z] > git symbolic-ref --short HEAD [1ms]
[2022-09-12T17:48:44.412Z] > git for-each-ref --format=%(refname)%00%(upstream:short)%00%(objectname)%00%(upstream:track)%00%(upstream:remotename)%00%(upstream:remoteref) refs/heads/master refs/remotes/master [1ms]
[2022-09-12T17:48:44.453Z] > git for-each-ref --sort -committerdate --format %(refname) %(objectname) %(*objectname) [20ms]
[2022-09-12T17:48:44.454Z] > git remote --verbose [2ms]
[2022-09-12T17:48:44.559Z] > git config --get commit.template [2ms]
[2022-09-12T17:48:49.620Z] > git status -z -uall [37ms]
[2022-09-12T17:48:49.643Z] > git symbolic-ref --short HEAD [1ms]
[2022-09-12T17:48:49.666Z] > git for-each-ref --format=%(refname)%00%(upstream:short)%00%(objectname)%00%(upstream:track)%00%(upstream:remotename)%00%(upstream:remoteref) refs/heads/master refs/remotes/master [1ms]
[2022-09-12T17:48:49.712Z] > git for-each-ref --sort -committerdate --format %(refname) %(objectname) %(*objectname) [23ms]
[2022-09-12T17:48:49.712Z] > git remote --verbose [2ms]
[2022-09-12T17:48:49.821Z] > git config --get commit.template [1ms]
[2022-09-12T17:48:54.883Z] > git status -z -uall [38ms]
[2022-09-12T17:48:54.908Z] > git symbolic-ref --short HEAD [2ms]
[2022-09-12T17:48:54.933Z] > git for-each-ref --format=%(refname)%00%(upstream:short)%00%(objectname)%00%(upstream:track)%00%(upstream:remotename)%00%(upstream:remoteref) refs/heads/master refs/remotes/master [2ms]
[2022-09-12T17:48:54.980Z] > git remote --verbose [2ms]
[2022-09-12T17:48:54.980Z] > git for-each-ref --sort -committerdate --format %(refname) %(objectname) %(*objectname) [25ms]
[2022-09-12T17:48:55.086Z] > git config --get commit.template [1ms]
[2022-09-12T17:49:00.150Z] > git status -z -uall [39ms]
[2022-09-12T17:49:00.176Z] > git symbolic-ref --short HEAD [1ms]
[2022-09-12T17:49:00.203Z] > git for-each-ref --format=%(refname)%00%(upstream:short)%00%(objectname)%00%(upstream:track)%00%(upstream:remotename)%00%(upstream:remoteref) refs/heads/master refs/remotes/master [2ms]
[2022-09-12T17:49:00.264Z] > git for-each-ref --sort -committerdate --format %(refname) %(objectname) %(*objectname) [27ms]
[2022-09-12T17:49:00.264Z] > git remote --verbose [2ms]
[2022-09-12T17:49:01.139Z] > git config --get commit.template [753ms]
[2022-09-12T17:52:31.229Z] > git status -z -uall [48ms]
[2022-09-12T17:52:31.245Z] > git symbolic-ref --short HEAD [1ms]
[2022-09-12T17:52:31.263Z] > git for-each-ref --format=%(refname)%00%(upstream:short)%00%(objectname)%00%(upstream:track)%00%(upstream:remotename)%00%(upstream:remoteref) refs/heads/master refs/remotes/master [1ms]
[2022-09-12T17:52:31.294Z] > git remote --verbose [1ms]
[2022-09-12T17:52:31.295Z] > git for-each-ref --sort -committerdate --format %(refname) %(objectname) %(*objectname) [16ms]
[2022-09-12T17:52:31.418Z] > git config --get commit.template [4ms]
[2022-09-12T17:52:36.475Z] > git status -z -uall [37ms]
[2022-09-12T17:52:36.493Z] > git symbolic-ref --short HEAD [1ms]
[2022-09-12T17:52:36.511Z] > git for-each-ref --format=%(refname)%00%(upstream:short)%00%(objectname)%00%(upstream:track)%00%(upstream:remotename)%00%(upstream:remoteref) refs/heads/master refs/remotes/master [1ms]
[2022-09-12T17:52:36.546Z] > git for-each-ref --sort -committerdate --format %(refname) %(objectname) %(*objectname) [18ms]
[2022-09-12T17:52:36.546Z] > git remote --verbose [1ms]
[2022-09-12T17:52:36.662Z] > git config --get commit.template [2ms]
[2022-09-12T17:52:41.719Z] > git status -z -uall [38ms]
[2022-09-12T17:52:41.739Z] > git symbolic-ref --short HEAD [1ms]
[2022-09-12T17:52:41.758Z] > git for-each-ref --format=%(refname)%00%(upstream:short)%00%(objectname)%00%(upstream:track)%00%(upstream:remotename)%00%(upstream:remoteref) refs/heads/master refs/remotes/master [2ms]
[2022-09-12T17:52:41.795Z] > git for-each-ref --sort -committerdate --format %(refname) %(objectname) %(*objectname) [20ms]
[2022-09-12T17:52:41.795Z] > git remote --verbose [2ms]
[2022-09-12T17:52:41.895Z] > git config --get commit.template [1ms]
[2022-09-12T17:52:46.954Z] > git status -z -uall [37ms]
[2022-09-12T17:52:46.975Z] > git symbolic-ref --short HEAD [1ms]
[2022-09-12T17:52:46.996Z] > git for-each-ref --format=%(refname)%00%(upstream:short)%00%(objectname)%00%(upstream:track)%00%(upstream:remotename)%00%(upstream:remoteref) refs/heads/master refs/remotes/master [1ms]
[2022-09-12T17:52:47.034Z] > git for-each-ref --sort -committerdate --format %(refname) %(objectname) %(*objectname) [20ms]
[2022-09-12T17:52:47.035Z] > git remote --verbose [2ms]
[2022-09-12T17:52:47.140Z] > git config --get commit.template [1ms]
[2022-09-12T17:52:52.201Z] > git status -z -uall [38ms]
[2022-09-12T17:52:52.223Z] > git symbolic-ref --short HEAD [1ms]
[2022-09-12T17:52:52.246Z] > git for-each-ref --format=%(refname)%00%(upstream:short)%00%(objectname)%00%(upstream:track)%00%(upstream:remotename)%00%(upstream:remoteref) refs/heads/master refs/remotes/master [1ms]
[2022-09-12T17:52:52.288Z] > git for-each-ref --sort -committerdate --format %(refname) %(objectname) %(*objectname) [21ms]
[2022-09-12T17:52:52.289Z] > git remote --verbose [2ms]
[2022-09-12T17:52:52.394Z] > git config --get commit.template [1ms]
[2022-09-12T17:52:57.455Z] > git status -z -uall [37ms]
[2022-09-12T17:52:57.479Z] > git symbolic-ref --short HEAD [1ms]
[2022-09-12T17:52:57.503Z] > git for-each-ref --format=%(refname)%00%(upstream:short)%00%(objectname)%00%(upstream:track)%00%(upstream:remotename)%00%(upstream:remoteref) refs/heads/master refs/remotes/master [2ms]
[2022-09-12T17:52:57.548Z] > git for-each-ref --sort -committerdate --format %(refname) %(objectname) %(*objectname) [22ms]
[2022-09-12T17:52:57.548Z] > git remote --verbose [2ms]
[2022-09-12T17:52:57.652Z] > git config --get commit.template [1ms]
[2022-09-12T17:53:02.715Z] > git status -z -uall [37ms]
[2022-09-12T17:53:02.742Z] > git symbolic-ref --short HEAD [1ms]
[2022-09-12T17:53:02.767Z] > git for-each-ref --format=%(refname)%00%(upstream:short)%00%(objectname)%00%(upstream:track)%00%(upstream:remotename)%00%(upstream:remoteref) refs/heads/master refs/remotes/master [1ms]
[2022-09-12T17:53:02.815Z] > git for-each-ref --sort -committerdate --format %(refname) %(objectname) %(*objectname) [24ms]
[2022-09-12T17:53:02.816Z] > git remote --verbose [2ms]
[2022-09-12T17:53:02.925Z] > git config --get commit.template [0ms]
[2022-09-12T17:53:07.991Z] > git status -z -uall [38ms]
[2022-09-12T17:53:08.017Z] > git symbolic-ref --short HEAD [1ms]
[2022-09-12T17:53:08.044Z] > git for-each-ref --format=%(refname)%00%(upstream:short)%00%(objectname)%00%(upstream:track)%00%(upstream:remotename)%00%(upstream:remoteref) refs/heads/master refs/remotes/master [1ms]
[2022-09-12T17:53:08.095Z] > git for-each-ref --sort -committerdate --format %(refname) %(objectname) %(*objectname) [26ms]
[2022-09-12T17:53:08.096Z] > git remote --verbose [2ms]
[2022-09-12T17:53:08.203Z] > git config --get commit.template [1ms]
[2022-09-12T17:53:13.268Z] > git status -z -uall [37ms]
[2022-09-12T17:53:13.296Z] > git symbolic-ref --short HEAD [1ms]
[2022-09-12T17:53:13.323Z] > git for-each-ref --format=%(refname)%00%(upstream:short)%00%(objectname)%00%(upstream:track)%00%(upstream:remotename)%00%(upstream:remoteref) refs/heads/master refs/remotes/master [1ms]
[2022-09-12T17:53:13.378Z] > git for-each-ref --sort -committerdate --format %(refname) %(objectname) %(*objectname) [28ms]
[2022-09-12T17:53:13.378Z] > git remote --verbose [1ms]
[2022-09-12T17:53:13.487Z] > git config --get commit.template [2ms]
[2022-09-12T17:53:18.554Z] > git status -z -uall [38ms]
[2022-09-12T17:53:18.583Z] > git symbolic-ref --short HEAD [1ms]
[2022-09-12T17:53:18.612Z] > git for-each-ref --format=%(refname)%00%(upstream:short)%00%(objectname)%00%(upstream:track)%00%(upstream:remotename)%00%(upstream:remoteref) refs/heads/master refs/remotes/master [1ms]
[2022-09-12T17:53:18.669Z] > git for-each-ref --sort -committerdate --format %(refname) %(objectname) %(*objectname) [29ms]
[2022-09-12T17:53:18.669Z] > git remote --verbose [1ms]
[2022-09-12T17:53:18.781Z] > git config --get commit.template [2ms]
[2022-09-12T17:53:23.842Z] > git status -z -uall [39ms]
[2022-09-12T17:53:23.863Z] > git symbolic-ref --short HEAD [1ms]
[2022-09-12T17:53:23.885Z] > git for-each-ref --format=%(refname)%00%(upstream:short)%00%(objectname)%00%(upstream:track)%00%(upstream:remotename)%00%(upstream:remoteref) refs/heads/master refs/remotes/master [1ms]
[2022-09-12T17:53:23.925Z] > git for-each-ref --sort -committerdate --format %(refname) %(objectname) %(*objectname) [20ms]
[2022-09-12T17:53:23.925Z] > git remote --verbose [1ms]
[2022-09-12T17:53:24.036Z] > git config --get commit.template [1ms]
[2022-09-12T17:53:29.094Z] > git status -z -uall [37ms]
[2022-09-12T17:53:29.115Z] > git symbolic-ref --short HEAD [1ms]
[2022-09-12T17:53:29.136Z] > git for-each-ref --format=%(refname)%00%(upstream:short)%00%(objectname)%00%(upstream:track)%00%(upstream:remotename)%00%(upstream:remoteref) refs/heads/master refs/remotes/master [1ms]
[2022-09-12T17:53:29.176Z] > git for-each-ref --sort -committerdate --format %(refname) %(objectname) %(*objectname) [20ms]
[2022-09-12T17:53:29.177Z] > git remote --verbose [2ms]
[2022-09-12T17:53:29.278Z] > git config --get commit.template [2ms]
[2022-09-12T17:53:34.339Z] > git status -z -uall [39ms]
[2022-09-12T17:53:34.361Z] > git symbolic-ref --short HEAD [2ms]
[2022-09-12T17:53:34.383Z] > git for-each-ref --format=%(refname)%00%(upstream:short)%00%(objectname)%00%(upstream:track)%00%(upstream:remotename)%00%(upstream:remoteref) refs/heads/master refs/remotes/master [1ms]
[2022-09-12T17:53:34.425Z] > git for-each-ref --sort -committerdate --format %(refname) %(objectname) %(*objectname) [22ms]
[2022-09-12T17:53:34.425Z] > git remote --verbose [1ms]
[2022-09-12T17:53:34.530Z] > git config --get commit.template [1ms]
[2022-09-12T17:53:39.592Z] > git status -z -uall [39ms]
[2022-09-12T17:53:39.615Z] > git symbolic-ref --short HEAD [2ms]
[2022-09-12T17:53:39.638Z] > git for-each-ref --format=%(refname)%00%(upstream:short)%00%(objectname)%00%(upstream:track)%00%(upstream:remotename)%00%(upstream:remoteref) refs/heads/master refs/remotes/master [2ms]
[2022-09-12T17:53:39.681Z] > git for-each-ref --sort -committerdate --format %(refname) %(objectname) %(*objectname) [22ms]
[2022-09-12T17:53:39.682Z] > git remote --verbose [2ms]
[2022-09-12T17:53:39.789Z] > git config --get commit.template [1ms]
[2022-09-12T17:53:44.851Z] > git status -z -uall [37ms]
[2022-09-12T17:53:44.875Z] > git symbolic-ref --short HEAD [1ms]
[2022-09-12T17:53:44.900Z] > git for-each-ref --format=%(refname)%00%(upstream:short)%00%(objectname)%00%(upstream:track)%00%(upstream:remotename)%00%(upstream:remoteref) refs/heads/master refs/remotes/master [2ms]
[2022-09-12T17:53:44.946Z] > git for-each-ref --sort -committerdate --format %(refname) %(objectname) %(*objectname) [23ms]
[2022-09-12T17:53:44.947Z] > git remote --verbose [2ms]
[2022-09-12T17:53:45.051Z] > git config --get commit.template [1ms]
[2022-09-12T17:53:50.114Z] > git status -z -uall [37ms]
[2022-09-12T17:53:50.140Z] > git symbolic-ref --short HEAD [1ms]
[2022-09-12T17:53:50.166Z] > git for-each-ref --format=%(refname)%00%(upstream:short)%00%(objectname)%00%(upstream:track)%00%(upstream:remotename)%00%(upstream:remoteref) refs/heads/master refs/remotes/master [2ms]
[2022-09-12T17:53:50.215Z] > git for-each-ref --sort -committerdate --format %(refname) %(objectname) %(*objectname) [25ms]
[2022-09-12T17:53:50.216Z] > git remote --verbose [2ms]
[2022-09-12T17:53:50.321Z] > git config --get commit.template [1ms]
[2022-09-12T17:53:55.385Z] > git status -z -uall [38ms]
[2022-09-12T17:53:55.412Z] > git symbolic-ref --short HEAD [1ms]
[2022-09-12T17:53:55.439Z] > git for-each-ref --format=%(refname)%00%(upstream:short)%00%(objectname)%00%(upstream:track)%00%(upstream:remotename)%00%(upstream:remoteref) refs/heads/master refs/remotes/master [2ms]
[2022-09-12T17:53:55.489Z] > git remote --verbose [1ms]
[2022-09-12T17:53:55.490Z] > git for-each-ref --sort -committerdate --format %(refname) %(objectname) %(*objectname) [26ms]
[2022-09-12T17:53:55.597Z] > git config --get commit.template [2ms]
[2022-09-12T17:54:00.662Z] > git status -z -uall [38ms]
[2022-09-12T17:54:00.690Z] > git symbolic-ref --short HEAD [2ms]
[2022-09-12T17:54:00.718Z] > git for-each-ref --format=%(refname)%00%(upstream:short)%00%(objectname)%00%(upstream:track)%00%(upstream:remotename)%00%(upstream:remoteref) refs/heads/master refs/remotes/master [1ms]
[2022-09-12T17:54:00.771Z] > git for-each-ref --sort -committerdate --format %(refname) %(objectname) %(*objectname) [26ms]
[2022-09-12T17:54:00.772Z] > git remote --verbose [2ms]
[2022-09-12T17:54:00.881Z] > git config --get commit.template [2ms]
[2022-09-12T17:54:05.948Z] > git status -z -uall [38ms]
[2022-09-12T17:54:05.978Z] > git symbolic-ref --short HEAD [2ms]
[2022-09-12T17:54:06.008Z] > git for-each-ref --format=%(refname)%00%(upstream:short)%00%(objectname)%00%(upstream:track)%00%(upstream:remotename)%00%(upstream:remoteref) refs/heads/master refs/remotes/master [2ms]
[2022-09-12T17:54:06.064Z] > git for-each-ref --sort -committerdate --format %(refname) %(objectname) %(*objectname) [28ms]
[2022-09-12T17:54:06.064Z] > git remote --verbose [1ms]
[2022-09-12T17:54:06.174Z] > git config --get commit.template [1ms]
[2022-09-12T17:54:11.237Z] > git status -z -uall [40ms]
[2022-09-12T17:54:11.259Z] > git symbolic-ref --short HEAD [1ms]
[2022-09-12T17:54:11.282Z] > git for-each-ref --format=%(refname)%00%(upstream:short)%00%(objectname)%00%(upstream:track)%00%(upstream:remotename)%00%(upstream:remoteref) refs/heads/master refs/remotes/master [1ms]
[2022-09-12T17:54:11.327Z] > git for-each-ref --sort -committerdate --format %(refname) %(objectname) %(*objectname) [23ms]
[2022-09-12T17:54:11.327Z] > git remote --verbose [1ms]
[2022-09-12T17:54:11.444Z] > git config --get commit.template [0ms]
[2022-09-12T17:54:16.510Z] > git status -z -uall [38ms]
[2022-09-12T17:54:16.532Z] > git symbolic-ref --short HEAD [1ms]
[2022-09-12T17:54:16.553Z] > git for-each-ref --format=%(refname)%00%(upstream:short)%00%(objectname)%00%(upstream:track)%00%(upstream:remotename)%00%(upstream:remoteref) refs/heads/master refs/remotes/master [1ms]
[2022-09-12T17:54:16.595Z] > git for-each-ref --sort -committerdate --format %(refname) %(objectname) %(*objectname) [21ms]
[2022-09-12T17:54:16.596Z] > git remote --verbose [2ms]
[2022-09-12T17:54:16.704Z] > git config --get commit.template [1ms]
[2022-09-12T17:54:21.763Z] > git status -z -uall [38ms]
[2022-09-12T17:54:21.784Z] > git symbolic-ref --short HEAD [1ms]
[2022-09-12T17:54:21.805Z] > git for-each-ref --format=%(refname)%00%(upstream:short)%00%(objectname)%00%(upstream:track)%00%(upstream:remotename)%00%(upstream:remoteref) refs/heads/master refs/remotes/master [1ms]
[2022-09-12T17:54:21.846Z] > git for-each-ref --sort -committerdate --format %(refname) %(objectname) %(*objectname) [21ms]
[2022-09-12T17:54:21.846Z] > git remote --verbose [1ms]
[2022-09-12T17:54:21.946Z] > git config --get commit.template [1ms]
[2022-09-12T17:54:27.008Z] > git status -z -uall [39ms]
[2022-09-12T17:54:27.030Z] > git symbolic-ref --short HEAD [1ms]
[2022-09-12T17:54:27.052Z] > git for-each-ref --format=%(refname)%00%(upstream:short)%00%(objectname)%00%(upstream:track)%00%(upstream:remotename)%00%(upstream:remoteref) refs/heads/master refs/remotes/master [1ms]
[2022-09-12T17:54:27.096Z] > git for-each-ref --sort -committerdate --format %(refname) %(objectname) %(*objectname) [23ms]
[2022-09-12T17:54:27.096Z] > git remote --verbose [2ms]
[2022-09-12T17:54:27.199Z] > git config --get commit.template [1ms]
[2022-09-12T17:54:32.260Z] > git status -z -uall [38ms]
[2022-09-12T17:54:32.284Z] > git symbolic-ref --short HEAD [1ms]
[2022-09-12T17:54:32.307Z] > git for-each-ref --format=%(refname)%00%(upstream:short)%00%(objectname)%00%(upstream:track)%00%(upstream:remotename)%00%(upstream:remoteref) refs/heads/master refs/remotes/master [1ms]
[2022-09-12T17:54:32.353Z] > git for-each-ref --sort -committerdate --format %(refname) %(objectname) %(*objectname) [23ms]
[2022-09-12T17:54:32.353Z] > git remote --verbose [1ms]
[2022-09-12T17:54:32.457Z] > git config --get commit.template [2ms]
[2022-09-12T17:54:37.519Z] > git status -z -uall [38ms]
[2022-09-12T17:54:37.543Z] > git symbolic-ref --short HEAD [1ms]
[2022-09-12T17:54:37.568Z] > git for-each-ref --format=%(refname)%00%(upstream:short)%00%(objectname)%00%(upstream:track)%00%(upstream:remotename)%00%(upstream:remoteref) refs/heads/master refs/remotes/master [1ms]
[2022-09-12T17:54:37.616Z] > git for-each-ref --sort -committerdate --format %(refname) %(objectname) %(*objectname) [25ms]
[2022-09-12T17:54:37.616Z] > git remote --verbose [2ms]
[2022-09-12T17:54:37.721Z] > git config --get commit.template [2ms]
[2022-09-12T17:54:42.784Z] > git status -z -uall [38ms]
[2022-09-12T17:54:42.808Z] > git symbolic-ref --short HEAD [1ms]
[2022-09-12T17:54:42.835Z] > git for-each-ref --format=%(refname)%00%(upstream:short)%00%(objectname)%00%(upstream:track)%00%(upstream:remotename)%00%(upstream:remoteref) refs/heads/master refs/remotes/master [3ms]
[2022-09-12T17:54:42.883Z] > git remote --verbose [2ms]
[2022-09-12T17:54:42.883Z] > git for-each-ref --sort -committerdate --format %(refname) %(objectname) %(*objectname) [25ms]
[2022-09-12T17:54:42.988Z] > git config --get commit.template [1ms]
[2022-09-12T17:54:48.051Z] > git status -z -uall [38ms]
[2022-09-12T17:54:48.078Z] > git symbolic-ref --short HEAD [1ms]
[2022-09-12T17:54:48.103Z] > git for-each-ref --format=%(refname)%00%(upstream:short)%00%(objectname)%00%(upstream:track)%00%(upstream:remotename)%00%(upstream:remoteref) refs/heads/master refs/remotes/master [1ms]
[2022-09-12T17:54:48.153Z] > git for-each-ref --sort -committerdate --format %(refname) %(objectname) %(*objectname) [26ms]
[2022-09-12T17:54:48.153Z] > git remote --verbose [1ms]
[2022-09-12T17:54:48.259Z] > git config --get commit.template [1ms]
[2022-09-12T17:54:53.325Z] > git status -z -uall [40ms]
[2022-09-12T17:54:53.352Z] > git symbolic-ref --short HEAD [1ms]
[2022-09-12T17:54:53.378Z] > git for-each-ref --format=%(refname)%00%(upstream:short)%00%(objectname)%00%(upstream:track)%00%(upstream:remotename)%00%(upstream:remoteref) refs/heads/master refs/remotes/master [1ms]
[2022-09-12T17:54:53.430Z] > git for-each-ref --sort -committerdate --format %(refname) %(objectname) %(*objectname) [26ms]
[2022-09-12T17:54:53.430Z] > git remote --verbose [2ms]
[2022-09-12T17:54:53.536Z] > git config --get commit.template [1ms]
[2022-09-12T17:54:58.596Z] > git status -z -uall [39ms]
[2022-09-12T17:54:58.618Z] > git symbolic-ref --short HEAD [2ms]
[2022-09-12T17:54:58.639Z] > git for-each-ref --format=%(refname)%00%(upstream:short)%00%(objectname)%00%(upstream:track)%00%(upstream:remotename)%00%(upstream:remoteref) refs/heads/master refs/remotes/master [1ms]
[2022-09-12T17:54:58.680Z] > git for-each-ref --sort -committerdate --format %(refname) %(objectname) %(*objectname) [20ms]
[2022-09-12T17:54:58.681Z] > git remote --verbose [2ms]
[2022-09-12T17:54:58.791Z] > git config --get commit.template [2ms]
[2022-09-12T17:55:03.850Z] > git status -z -uall [38ms]
[2022-09-12T17:55:03.870Z] > git symbolic-ref --short HEAD [1ms]
[2022-09-12T17:55:03.892Z] > git for-each-ref --format=%(refname)%00%(upstream:short)%00%(objectname)%00%(upstream:track)%00%(upstream:remotename)%00%(upstream:remoteref) refs/heads/master refs/remotes/master [2ms]
[2022-09-12T17:55:03.934Z] > git remote --verbose [2ms]
[2022-09-12T17:55:03.934Z] > git for-each-ref --sort -committerdate --format %(refname) %(objectname) %(*objectname) [22ms]
[2022-09-12T17:55:04.035Z] > git config --get commit.template [1ms]
[2022-09-12T17:55:09.095Z] > git status -z -uall [38ms]
[2022-09-12T17:55:09.115Z] > git symbolic-ref --short HEAD [1ms]
[2022-09-12T17:55:09.135Z] > git for-each-ref --format=%(refname)%00%(upstream:short)%00%(objectname)%00%(upstream:track)%00%(upstream:remotename)%00%(upstream:remoteref) refs/heads/master refs/remotes/master [1ms]
[2022-09-12T17:55:09.176Z] > git for-each-ref --sort -committerdate --format %(refname) %(objectname) %(*objectname) [21ms]
[2022-09-12T17:55:09.176Z] > git remote --verbose [1ms]
[2022-09-12T17:55:09.277Z] > git config --get commit.template [1ms]
[2022-09-12T17:55:14.337Z] > git status -z -uall [39ms]
[2022-09-12T17:55:14.360Z] > git symbolic-ref --short HEAD [3ms]
[2022-09-12T17:55:14.384Z] > git for-each-ref --format=%(refname)%00%(upstream:short)%00%(objectname)%00%(upstream:track)%00%(upstream:remotename)%00%(upstream:remoteref) refs/heads/master refs/remotes/master [4ms]
[2022-09-12T17:55:14.425Z] > git remote --verbose [2ms]
[2022-09-12T17:55:14.425Z] > git for-each-ref --sort -committerdate --format %(refname) %(objectname) %(*objectname) [21ms]
[2022-09-12T17:55:14.529Z] > git config --get commit.template [1ms]
[2022-09-12T17:55:19.591Z] > git status -z -uall [40ms]
[2022-09-12T17:55:19.613Z] > git symbolic-ref --short HEAD [1ms]
[2022-09-12T17:55:19.636Z] > git for-each-ref --format=%(refname)%00%(upstream:short)%00%(objectname)%00%(upstream:track)%00%(upstream:remotename)%00%(upstream:remoteref) refs/heads/master refs/remotes/master [1ms]
[2022-09-12T17:55:19.680Z] > git for-each-ref --sort -committerdate --format %(refname) %(objectname) %(*objectname) [22ms]
[2022-09-12T17:55:19.680Z] > git remote --verbose [2ms]
[2022-09-12T17:55:19.786Z] > git config --get commit.template [2ms]
[2022-09-12T17:55:24.848Z] > git status -z -uall [39ms]
[2022-09-12T17:55:24.873Z] > git symbolic-ref --short HEAD [2ms]
[2022-09-12T17:55:24.897Z] > git for-each-ref --format=%(refname)%00%(upstream:short)%00%(objectname)%00%(upstream:track)%00%(upstream:remotename)%00%(upstream:remoteref) refs/heads/master refs/remotes/master [2ms]
[2022-09-12T17:55:24.942Z] > git for-each-ref --sort -committerdate --format %(refname) %(objectname) %(*objectname) [23ms]
[2022-09-12T17:55:24.942Z] > git remote --verbose [2ms]
[2022-09-12T17:55:25.046Z] > git config --get commit.template [2ms]
[2022-09-12T17:55:30.109Z] > git status -z -uall [38ms]
[2022-09-12T17:55:30.133Z] > git symbolic-ref --short HEAD [1ms]
[2022-09-12T17:55:30.157Z] > git for-each-ref --format=%(refname)%00%(upstream:short)%00%(objectname)%00%(upstream:track)%00%(upstream:remotename)%00%(upstream:remoteref) refs/heads/master refs/remotes/master [1ms]
[2022-09-12T17:55:30.206Z] > git for-each-ref --sort -committerdate --format %(refname) %(objectname) %(*objectname) [26ms]
[2022-09-12T17:55:30.207Z] > git remote --verbose [2ms]
[2022-09-12T17:55:30.314Z] > git config --get commit.template [1ms]
[2022-09-12T17:55:32.858Z] > git show --textconv :csc250_lab2-Lin-Eric-142313/cTest.c [24ms]
[2022-09-12T17:55:32.859Z] > git ls-files --stage -- /home/linl20/csc250_lab2-Lin-Eric-142313/cTest.c [2ms]
[2022-09-12T17:55:35.376Z] > git status -z -uall [38ms]
[2022-09-12T17:55:35.402Z] > git symbolic-ref --short HEAD [1ms]
[2022-09-12T17:55:35.427Z] > git for-each-ref --format=%(refname)%00%(upstream:short)%00%(objectname)%00%(upstream:track)%00%(upstream:remotename)%00%(upstream:remoteref) refs/heads/master refs/remotes/master [1ms]
[2022-09-12T17:55:35.480Z] > git for-each-ref --sort -committerdate --format %(refname) %(objectname) %(*objectname) [28ms]
[2022-09-12T17:55:35.481Z] > git remote --verbose [5ms]
[2022-09-12T17:55:35.586Z] > git config --get commit.template [2ms]
[2022-09-12T17:55:36.604Z] > git show --textconv :csc250_lab2-Lin-Eric-142313/cEx.c [26ms]
[2022-09-12T17:55:36.605Z] > git ls-files --stage -- /home/linl20/csc250_lab2-Lin-Eric-142313/cEx.c [2ms]
[2022-09-12T17:55:40.648Z] > git status -z -uall [37ms]
[2022-09-12T17:55:40.674Z] > git symbolic-ref --short HEAD [1ms]
[2022-09-12T17:55:40.700Z] > git for-each-ref --format=%(refname)%00%(upstream:short)%00%(objectname)%00%(upstream:track)%00%(upstream:remotename)%00%(upstream:remoteref) refs/heads/master refs/remotes/master [1ms]
[2022-09-12T17:55:40.749Z] > git for-each-ref --sort -committerdate --format %(refname) %(objectname) %(*objectname) [24ms]
[2022-09-12T17:55:40.750Z] > git remote --verbose [2ms]
[2022-09-12T17:55:40.852Z] > git config --get commit.template [1ms]
[2022-09-12T17:55:45.912Z] > git status -z -uall [39ms]
[2022-09-12T17:55:45.933Z] > git symbolic-ref --short HEAD [1ms]
[2022-09-12T17:55:45.954Z] > git for-each-ref --format=%(refname)%00%(upstream:short)%00%(objectname)%00%(upstream:track)%00%(upstream:remotename)%00%(upstream:remoteref) refs/heads/master refs/remotes/master [2ms]
[2022-09-12T17:55:45.993Z] > git for-each-ref --sort -committerdate --format %(refname) %(objectname) %(*objectname) [20ms]
[2022-09-12T17:55:45.993Z] > git remote --verbose [1ms]
[2022-09-12T17:55:46.102Z] > git config --get commit.template [1ms]
[2022-09-12T17:55:51.161Z] > git status -z -uall [38ms]
[2022-09-12T17:55:51.181Z] > git symbolic-ref --short HEAD [1ms]
[2022-09-12T17:55:51.201Z] > git for-each-ref --format=%(refname)%00%(upstream:short)%00%(objectname)%00%(upstream:track)%00%(upstream:remotename)%00%(upstream:remoteref) refs/heads/master refs/remotes/master [1ms]
[2022-09-12T17:55:51.239Z] > git for-each-ref --sort -committerdate --format %(refname) %(objectname) %(*objectname) [19ms]
[2022-09-12T17:55:51.240Z] > git remote --verbose [2ms]
[2022-09-12T17:55:51.339Z] > git config --get commit.template [2ms]
[2022-09-12T17:55:56.401Z] > git status -z -uall [42ms]
[2022-09-12T17:55:56.421Z] > git symbolic-ref --short HEAD [1ms]
[2022-09-12T17:55:56.442Z] > git for-each-ref --format=%(refname)%00%(upstream:short)%00%(objectname)%00%(upstream:track)%00%(upstream:remotename)%00%(upstream:remoteref) refs/heads/master refs/remotes/master [2ms]
[2022-09-12T17:55:56.481Z] > git for-each-ref --sort -committerdate --format %(refname) %(objectname) %(*objectname) [21ms]
[2022-09-12T17:55:56.481Z] > git remote --verbose [2ms]
[2022-09-12T17:55:56.582Z] > git config --get commit.template [2ms]
[2022-09-12T17:56:01.642Z] > git status -z -uall [37ms]
[2022-09-12T17:56:01.663Z] > git symbolic-ref --short HEAD [2ms]
[2022-09-12T17:56:01.683Z] > git for-each-ref --format=%(refname)%00%(upstream:short)%00%(objectname)%00%(upstream:track)%00%(upstream:remotename)%00%(upstream:remoteref) refs/heads/master refs/remotes/master [1ms]
[2022-09-12T17:56:01.722Z] > git for-each-ref --sort -committerdate --format %(refname) %(objectname) %(*objectname) [20ms]
[2022-09-12T17:56:01.722Z] > git remote --verbose [2ms]
[2022-09-12T17:56:01.827Z] > git config --get commit.template [2ms]
[2022-09-12T17:56:06.885Z] > git status -z -uall [37ms]
[2022-09-12T17:56:06.908Z] > git symbolic-ref --short HEAD [2ms]
[2022-09-12T17:56:06.929Z] > git for-each-ref --format=%(refname)%00%(upstream:short)%00%(objectname)%00%(upstream:track)%00%(upstream:remotename)%00%(upstream:remoteref) refs/heads/master refs/remotes/master [2ms]
[2022-09-12T17:56:06.970Z] > git for-each-ref --sort -committerdate --format %(refname) %(objectname) %(*objectname) [21ms]
[2022-09-12T17:56:06.971Z] > git remote --verbose [2ms]
[2022-09-12T17:56:07.072Z] > git config --get commit.template [1ms]
[2022-09-12T17:56:12.133Z] > git status -z -uall [39ms]
[2022-09-12T17:56:12.156Z] > git symbolic-ref --short HEAD [2ms]
[2022-09-12T17:56:12.178Z] > git for-each-ref --format=%(refname)%00%(upstream:short)%00%(objectname)%00%(upstream:track)%00%(upstream:remotename)%00%(upstream:remoteref) refs/heads/master refs/remotes/master [1ms]
[2022-09-12T17:56:12.221Z] > git for-each-ref --sort -committerdate --format %(refname) %(objectname) %(*objectname) [21ms]
[2022-09-12T17:56:12.221Z] > git remote --verbose [1ms]
[2022-09-12T17:56:12.326Z] > git config --get commit.template [7ms]
[2022-09-12T17:56:17.387Z] > git status -z -uall [38ms]
[2022-09-12T17:56:17.410Z] > git symbolic-ref --short HEAD [1ms]
[2022-09-12T17:56:17.434Z] > git for-each-ref --format=%(refname)%00%(upstream:short)%00%(objectname)%00%(upstream:track)%00%(upstream:remotename)%00%(upstream:remoteref) refs/heads/master refs/remotes/master [2ms]
[2022-09-12T17:56:17.477Z] > git for-each-ref --sort -committerdate --format %(refname) %(objectname) %(*objectname) [22ms]
[2022-09-12T17:56:17.478Z] > git remote --verbose [2ms]
[2022-09-12T17:56:17.579Z] > git config --get commit.template [1ms]
[2022-09-12T17:56:22.640Z] > git status -z -uall [38ms]
[2022-09-12T17:56:22.664Z] > git symbolic-ref --short HEAD [1ms]
[2022-09-12T17:56:22.688Z] > git for-each-ref --format=%(refname)%00%(upstream:short)%00%(objectname)%00%(upstream:track)%00%(upstream:remotename)%00%(upstream:remoteref) refs/heads/master refs/remotes/master [1ms]
[2022-09-12T17:56:22.735Z] > git for-each-ref --sort -committerdate --format %(refname) %(objectname) %(*objectname) [23ms]
[2022-09-12T17:56:22.735Z] > git remote --verbose [1ms]
[2022-09-12T17:56:22.839Z] > git config --get commit.template [1ms]
[2022-09-12T17:56:27.902Z] > git status -z -uall [39ms]
[2022-09-12T17:56:27.928Z] > git symbolic-ref --short HEAD [2ms]
[2022-09-12T17:56:27.953Z] > git for-each-ref --format=%(refname)%00%(upstream:short)%00%(objectname)%00%(upstream:track)%00%(upstream:remotename)%00%(upstream:remoteref) refs/heads/master refs/remotes/master [1ms]
[2022-09-12T17:56:28.000Z] > git for-each-ref --sort -committerdate --format %(refname) %(objectname) %(*objectname) [24ms]
[2022-09-12T17:56:28.000Z] > git remote --verbose [2ms]
[2022-09-12T17:56:28.107Z] > git config --get commit.template [2ms]
[2022-09-12T17:56:33.167Z] > git status -z -uall [38ms]
[2022-09-12T17:56:33.188Z] > git symbolic-ref --short HEAD [1ms]
[2022-09-12T17:56:33.209Z] > git for-each-ref --format=%(refname)%00%(upstream:short)%00%(objectname)%00%(upstream:track)%00%(upstream:remotename)%00%(upstream:remoteref) refs/heads/master refs/remotes/master [1ms]
[2022-09-12T17:56:33.247Z] > git for-each-ref --sort -committerdate --format %(refname) %(objectname) %(*objectname) [19ms]
[2022-09-12T17:56:33.248Z] > git remote --verbose [2ms]
[2022-09-12T17:56:33.359Z] > git config --get commit.template [2ms]
[2022-09-12T17:56:38.419Z] > git status -z -uall [39ms]
[2022-09-12T17:56:38.439Z] > git symbolic-ref --short HEAD [1ms]
[2022-09-12T17:56:38.460Z] > git for-each-ref --format=%(refname)%00%(upstream:short)%00%(objectname)%00%(upstream:track)%00%(upstream:remotename)%00%(upstream:remoteref) refs/heads/master refs/remotes/master [1ms]
[2022-09-12T17:56:38.499Z] > git for-each-ref --sort -committerdate --format %(refname) %(objectname) %(*objectname) [20ms]
[2022-09-12T17:56:38.500Z] > git remote --verbose [2ms]
[2022-09-12T17:56:38.601Z] > git config --get commit.template [1ms]
[2022-09-12T17:56:43.660Z] > git status -z -uall [38ms]
[2022-09-12T17:56:43.681Z] > git symbolic-ref --short HEAD [2ms]
[2022-09-12T17:56:43.701Z] > git for-each-ref --format=%(refname)%00%(upstream:short)%00%(objectname)%00%(upstream:track)%00%(upstream:remotename)%00%(upstream:remoteref) refs/heads/master refs/remotes/master [1ms]
[2022-09-12T17:56:43.741Z] > git for-each-ref --sort -committerdate --format %(refname) %(objectname) %(*objectname) [21ms]
[2022-09-12T17:56:43.741Z] > git remote --verbose [2ms]
[2022-09-12T17:56:43.839Z] > git config --get commit.template [1ms]
[2022-09-12T17:56:48.898Z] > git status -z -uall [38ms]
[2022-09-12T17:56:48.919Z] > git symbolic-ref --short HEAD [2ms]
[2022-09-12T17:56:48.939Z] > git for-each-ref --format=%(refname)%00%(upstream:short)%00%(objectname)%00%(upstream:track)%00%(upstream:remotename)%00%(upstream:remoteref) refs/heads/master refs/remotes/master [1ms]
[2022-09-12T17:56:48.979Z] > git for-each-ref --sort -committerdate --format %(refname) %(objectname) %(*objectname) [20ms]
[2022-09-12T17:56:48.979Z] > git remote --verbose [1ms]
[2022-09-12T17:56:49.083Z] > git config --get commit.template [2ms]
[2022-09-12T17:56:54.142Z] > git status -z -uall [38ms]
[2022-09-12T17:56:54.164Z] > git symbolic-ref --short HEAD [1ms]
[2022-09-12T17:56:54.186Z] > git for-each-ref --format=%(refname)%00%(upstream:short)%00%(objectname)%00%(upstream:track)%00%(upstream:remotename)%00%(upstream:remoteref) refs/heads/master refs/remotes/master [1ms]
[2022-09-12T17:56:54.226Z] > git for-each-ref --sort -committerdate --format %(refname) %(objectname) %(*objectname) [21ms]
[2022-09-12T17:56:54.227Z] > git remote --verbose [2ms]
[2022-09-12T17:56:54.327Z] > git config --get commit.template [1ms]
[2022-09-12T17:56:59.388Z] > git status -z -uall [38ms]
[2022-09-12T17:56:59.410Z] > git symbolic-ref --short HEAD [1ms]
[2022-09-12T17:56:59.432Z] > git for-each-ref --format=%(refname)%00%(upstream:short)%00%(objectname)%00%(upstream:track)%00%(upstream:remotename)%00%(upstream:remoteref) refs/heads/master refs/remotes/master [2ms]
[2022-09-12T17:56:59.474Z] > git for-each-ref --sort -committerdate --format %(refname) %(objectname) %(*objectname) [22ms]
[2022-09-12T17:56:59.474Z] > git remote --verbose [1ms]
[2022-09-12T17:56:59.579Z] > git config --get commit.template [2ms]
[2022-09-12T17:57:04.639Z] > git status -z -uall [37ms]
[2022-09-12T17:57:04.663Z] > git symbolic-ref --short HEAD [2ms]
[2022-09-12T17:57:04.685Z] > git for-each-ref --format=%(refname)%00%(upstream:short)%00%(objectname)%00%(upstream:track)%00%(upstream:remotename)%00%(upstream:remoteref) refs/heads/master refs/remotes/master [2ms]
[2022-09-12T17:57:04.729Z] > git for-each-ref --sort -committerdate --format %(refname) %(objectname) %(*objectname) [22ms]
[2022-09-12T17:57:04.730Z] > git remote --verbose [2ms]
[2022-09-12T17:57:04.835Z] > git config --get commit.template [1ms]
[2022-09-12T17:57:09.898Z] > git status -z -uall [38ms]
[2022-09-12T17:57:09.922Z] > git symbolic-ref --short HEAD [1ms]
[2022-09-12T17:57:09.947Z] > git for-each-ref --format=%(refname)%00%(upstream:short)%00%(objectname)%00%(upstream:track)%00%(upstream:remotename)%00%(upstream:remoteref) refs/heads/master refs/remotes/master [1ms]
[2022-09-12T17:57:09.994Z] > git for-each-ref --sort -committerdate --format %(refname) %(objectname) %(*objectname) [24ms]
[2022-09-12T17:57:09.994Z] > git remote --verbose [1ms]
[2022-09-12T17:57:10.097Z] > git config --get commit.template [1ms]
[2022-09-12T17:57:15.159Z] > git status -z -uall [37ms]
[2022-09-12T17:57:15.184Z] > git symbolic-ref --short HEAD [1ms]
[2022-09-12T17:57:15.209Z] > git for-each-ref --format=%(refname)%00%(upstream:short)%00%(objectname)%00%(upstream:track)%00%(upstream:remotename)%00%(upstream:remoteref) refs/heads/master refs/remotes/master [2ms]
[2022-09-12T17:57:15.257Z] > git for-each-ref --sort -committerdate --format %(refname) %(objectname) %(*objectname) [25ms]
[2022-09-12T17:57:15.257Z] > git remote --verbose [1ms]
[2022-09-12T17:57:15.361Z] > git config --get commit.template [1ms]
[2022-09-12T17:57:20.423Z] > git status -z -uall [40ms]
[2022-09-12T17:57:20.444Z] > git symbolic-ref --short HEAD [1ms]
[2022-09-12T17:57:20.467Z] > git for-each-ref --format=%(refname)%00%(upstream:short)%00%(objectname)%00%(upstream:track)%00%(upstream:remotename)%00%(upstream:remoteref) refs/heads/master refs/remotes/master [1ms]
[2022-09-12T17:57:20.508Z] > git for-each-ref --sort -committerdate --format %(refname) %(objectname) %(*objectname) [21ms]
[2022-09-12T17:57:20.508Z] > git remote --verbose [1ms]
[2022-09-12T17:57:20.621Z] > git config --get commit.template [1ms]
[2022-09-12T17:57:25.680Z] > git status -z -uall [37ms]
[2022-09-12T17:57:25.701Z] > git symbolic-ref --short HEAD [1ms]
[2022-09-12T17:57:25.722Z] > git for-each-ref --format=%(refname)%00%(upstream:short)%00%(objectname)%00%(upstream:track)%00%(upstream:remotename)%00%(upstream:remoteref) refs/heads/master refs/remotes/master [1ms]
[2022-09-12T17:57:25.761Z] > git for-each-ref --sort -committerdate --format %(refname) %(objectname) %(*objectname) [20ms]
[2022-09-12T17:57:25.762Z] > git remote --verbose [2ms]
[2022-09-12T17:57:25.863Z] > git config --get commit.template [1ms]
[2022-09-12T17:57:30.922Z] > git status -z -uall [38ms]
[2022-09-12T17:57:30.944Z] > git symbolic-ref --short HEAD [2ms]
[2022-09-12T17:57:30.966Z] > git for-each-ref --format=%(refname)%00%(upstream:short)%00%(objectname)%00%(upstream:track)%00%(upstream:remotename)%00%(upstream:remoteref) refs/heads/master refs/remotes/master [2ms]
[2022-09-12T17:57:31.007Z] > git for-each-ref --sort -committerdate --format %(refname) %(objectname) %(*objectname) [22ms]
[2022-09-12T17:57:31.008Z] > git remote --verbose [2ms]
[2022-09-12T17:57:31.111Z] > git config --get commit.template [2ms]
[2022-09-12T17:57:32.180Z] > git show --textconv :csc250_lab2-Lin-Eric-142313/cTest.c [21ms]
[2022-09-12T17:57:32.181Z] > git ls-files --stage -- /home/linl20/csc250_lab2-Lin-Eric-142313/cTest.c [2ms]
[2022-09-12T17:57:35.538Z] > git show --textconv :csc250_lab2-Lin-Eric-142313/cEx.c [20ms]
[2022-09-12T17:57:35.539Z] > git ls-files --stage -- /home/linl20/csc250_lab2-Lin-Eric-142313/cEx.c [2ms]
[2022-09-12T17:57:36.168Z] > git status -z -uall [37ms]
[2022-09-12T17:57:36.190Z] > git symbolic-ref --short HEAD [1ms]
[2022-09-12T17:57:36.210Z] > git for-each-ref --format=%(refname)%00%(upstream:short)%00%(objectname)%00%(upstream:track)%00%(upstream:remotename)%00%(upstream:remoteref) refs/heads/master refs/remotes/master [1ms]
[2022-09-12T17:57:36.251Z] > git for-each-ref --sort -committerdate --format %(refname) %(objectname) %(*objectname) [21ms]
[2022-09-12T17:57:36.251Z] > git remote --verbose [1ms]
[2022-09-12T17:57:36.352Z] > git config --get commit.template [1ms]
[2022-09-12T17:57:41.412Z] > git status -z -uall [38ms]
[2022-09-12T17:57:41.434Z] > git symbolic-ref --short HEAD [1ms]
[2022-09-12T17:57:41.456Z] > git for-each-ref --format=%(refname)%00%(upstream:short)%00%(objectname)%00%(upstream:track)%00%(upstream:remotename)%00%(upstream:remoteref) refs/heads/master refs/remotes/master [2ms]
[2022-09-12T17:57:41.497Z] > git for-each-ref --sort -committerdate --format %(refname) %(objectname) %(*objectname) [22ms]
[2022-09-12T17:57:41.498Z] > git remote --verbose [2ms]
[2022-09-12T17:57:41.600Z] > git config --get commit.template [8ms]
[2022-09-12T17:57:46.661Z] > git status -z -uall [38ms]
[2022-09-12T17:57:46.683Z] > git symbolic-ref --short HEAD [1ms]
[2022-09-12T17:57:46.706Z] > git for-each-ref --format=%(refname)%00%(upstream:short)%00%(objectname)%00%(upstream:track)%00%(upstream:remotename)%00%(upstream:remoteref) refs/heads/master refs/remotes/master [1ms]
[2022-09-12T17:57:46.749Z] > git for-each-ref --sort -committerdate --format %(refname) %(objectname) %(*objectname) [22ms]
[2022-09-12T17:57:46.749Z] > git remote --verbose [1ms]
[2022-09-12T17:57:46.854Z] > git config --get commit.template [1ms]
[2022-09-12T17:57:51.920Z] > git status -z -uall [39ms]
[2022-09-12T17:57:51.947Z] > git symbolic-ref --short HEAD [1ms]
[2022-09-12T17:57:51.975Z] > git for-each-ref --format=%(refname)%00%(upstream:short)%00%(objectname)%00%(upstream:track)%00%(upstream:remotename)%00%(upstream:remoteref) refs/heads/master refs/remotes/master [2ms]
[2022-09-12T17:57:52.029Z] > git for-each-ref --sort -committerdate --format %(refname) %(objectname) %(*objectname) [28ms]
[2022-09-12T17:57:52.029Z] > git remote --verbose [2ms]
[2022-09-12T17:57:52.136Z] > git config --get commit.template [1ms]
[2022-09-12T17:57:57.200Z] > git status -z -uall [39ms]
[2022-09-12T17:57:57.225Z] > git symbolic-ref --short HEAD [2ms]
[2022-09-12T17:57:57.250Z] > git for-each-ref --format=%(refname)%00%(upstream:short)%00%(objectname)%00%(upstream:track)%00%(upstream:remotename)%00%(upstream:remoteref) refs/heads/master refs/remotes/master [1ms]
[2022-09-12T17:57:57.300Z] > git for-each-ref --sort -committerdate --format %(refname) %(objectname) %(*objectname) [26ms]
[2022-09-12T17:57:57.300Z] > git remote --verbose [1ms]
[2022-09-12T17:57:57.408Z] > git config --get commit.template [1ms]
[2022-09-12T17:58:04.293Z] > git status -z -uall [38ms]
[2022-09-12T17:58:04.319Z] > git symbolic-ref --short HEAD [1ms]
[2022-09-12T17:58:04.344Z] > git for-each-ref --format=%(refname)%00%(upstream:short)%00%(objectname)%00%(upstream:track)%00%(upstream:remotename)%00%(upstream:remoteref) refs/heads/master refs/remotes/master [1ms]
[2022-09-12T17:58:04.393Z] > git for-each-ref --sort -committerdate --format %(refname) %(objectname) %(*objectname) [25ms]
[2022-09-12T17:58:04.393Z] > git remote --verbose [2ms]
[2022-09-12T17:58:04.503Z] > git config --get commit.template [2ms]
[2022-09-12T17:58:09.562Z] > git status -z -uall [37ms]
[2022-09-12T17:58:09.584Z] > git symbolic-ref --short HEAD [2ms]
[2022-09-12T17:58:09.606Z] > git for-each-ref --format=%(refname)%00%(upstream:short)%00%(objectname)%00%(upstream:track)%00%(upstream:remotename)%00%(upstream:remoteref) refs/heads/master refs/remotes/master [1ms]
[2022-09-12T17:58:09.648Z] > git for-each-ref --sort -committerdate --format %(refname) %(objectname) %(*objectname) [22ms]
[2022-09-12T17:58:09.648Z] > git remote --verbose [2ms]
[2022-09-12T17:58:09.759Z] > git config --get commit.template [1ms]
[2022-09-12T17:58:14.818Z] > git status -z -uall [37ms]
[2022-09-12T17:58:14.840Z] > git symbolic-ref --short HEAD [1ms]
[2022-09-12T17:58:14.864Z] > git for-each-ref --format=%(refname)%00%(upstream:short)%00%(objectname)%00%(upstream:track)%00%(upstream:remotename)%00%(upstream:remoteref) refs/heads/master refs/remotes/master [3ms]
[2022-09-12T17:58:14.908Z] > git for-each-ref --sort -committerdate --format %(refname) %(objectname) %(*objectname) [23ms]
[2022-09-12T17:58:14.908Z] > git remote --verbose [2ms]
[2022-09-12T17:58:15.012Z] > git config --get commit.template [1ms]
[2022-09-12T17:58:20.072Z] > git status -z -uall [38ms]
[2022-09-12T17:58:20.094Z] > git symbolic-ref --short HEAD [2ms]
[2022-09-12T17:58:20.115Z] > git for-each-ref --format=%(refname)%00%(upstream:short)%00%(objectname)%00%(upstream:track)%00%(upstream:remotename)%00%(upstream:remoteref) refs/heads/master refs/remotes/master [1ms]
[2022-09-12T17:58:20.157Z] > git for-each-ref --sort -committerdate --format %(refname) %(objectname) %(*objectname) [21ms]
[2022-09-12T17:58:20.157Z] > git remote --verbose [1ms]
[2022-09-12T17:58:20.263Z] > git config --get commit.template [1ms]
[2022-09-12T17:58:25.324Z] > git status -z -uall [39ms]
[2022-09-12T17:58:25.346Z] > git symbolic-ref --short HEAD [1ms]
[2022-09-12T17:58:25.369Z] > git for-each-ref --format=%(refname)%00%(upstream:short)%00%(objectname)%00%(upstream:track)%00%(upstream:remotename)%00%(upstream:remoteref) refs/heads/master refs/remotes/master [2ms]
[2022-09-12T17:58:25.412Z] > git for-each-ref --sort -committerdate --format %(refname) %(objectname) %(*objectname) [22ms]
[2022-09-12T17:58:25.412Z] > git remote --verbose [1ms]
[2022-09-12T17:58:25.520Z] > git config --get commit.template [8ms]
[2022-09-12T17:58:30.585Z] > git status -z -uall [43ms]
[2022-09-12T17:58:30.607Z] > git symbolic-ref --short HEAD [1ms]
[2022-09-12T17:58:30.629Z] > git for-each-ref --format=%(refname)%00%(upstream:short)%00%(objectname)%00%(upstream:track)%00%(upstream:remotename)%00%(upstream:remoteref) refs/heads/master refs/remotes/master [1ms]
[2022-09-12T17:58:30.671Z] > git for-each-ref --sort -committerdate --format %(refname) %(objectname) %(*objectname) [22ms]
[2022-09-12T17:58:30.672Z] > git remote --verbose [2ms]
[2022-09-12T17:58:30.777Z] > git config --get commit.template [2ms]
[2022-09-12T17:58:35.836Z] > git status -z -uall [37ms]
[2022-09-12T17:58:35.858Z] > git symbolic-ref --short HEAD [1ms]
[2022-09-12T17:58:35.881Z] > git for-each-ref --format=%(refname)%00%(upstream:short)%00%(objectname)%00%(upstream:track)%00%(upstream:remotename)%00%(upstream:remoteref) refs/heads/master refs/remotes/master [2ms]
[2022-09-12T17:58:35.924Z] > git for-each-ref --sort -committerdate --format %(refname) %(objectname) %(*objectname) [22ms]
[2022-09-12T17:58:35.925Z] > git remote --verbose [2ms]
[2022-09-12T17:58:36.032Z] > git config --get commit.template [1ms]
[2022-09-12T17:58:41.094Z] > git status -z -uall [38ms]
[2022-09-12T17:58:41.117Z] > git symbolic-ref --short HEAD [1ms]
[2022-09-12T17:58:41.140Z] > git for-each-ref --format=%(refname)%00%(upstream:short)%00%(objectname)%00%(upstream:track)%00%(upstream:remotename)%00%(upstream:remoteref) refs/heads/master refs/remotes/master [1ms]
[2022-09-12T17:58:41.186Z] > git for-each-ref --sort -committerdate --format %(refname) %(objectname) %(*objectname) [23ms]
[2022-09-12T17:58:41.187Z] > git remote --verbose [2ms]
[2022-09-12T17:58:41.292Z] > git config --get commit.template [1ms]
[2022-09-12T17:58:46.353Z] > git status -z -uall [37ms]
[2022-09-12T17:58:46.378Z] > git symbolic-ref --short HEAD [2ms]
[2022-09-12T17:58:46.402Z] > git for-each-ref --format=%(refname)%00%(upstream:short)%00%(objectname)%00%(upstream:track)%00%(upstream:remotename)%00%(upstream:remoteref) refs/heads/master refs/remotes/master [1ms]
[2022-09-12T17:58:46.450Z] > git for-each-ref --sort -committerdate --format %(refname) %(objectname) %(*objectname) [24ms]
[2022-09-12T17:58:46.451Z] > git remote --verbose [1ms]
[2022-09-12T17:58:46.557Z] > git config --get commit.template [1ms]
[2022-09-12T17:58:51.623Z] > git status -z -uall [40ms]
[2022-09-12T17:58:51.648Z] > git symbolic-ref --short HEAD [1ms]
[2022-09-12T17:58:51.674Z] > git for-each-ref --format=%(refname)%00%(upstream:short)%00%(objectname)%00%(upstream:track)%00%(upstream:remotename)%00%(upstream:remoteref) refs/heads/master refs/remotes/master [1ms]
[2022-09-12T17:58:51.724Z] > git for-each-ref --sort -committerdate --format %(refname) %(objectname) %(*objectname) [26ms]
[2022-09-12T17:58:51.725Z] > git remote --verbose [2ms]
[2022-09-12T17:58:51.834Z] > git config --get commit.template [1ms]
[2022-09-12T17:58:56.895Z] > git status -z -uall [39ms]
[2022-09-12T17:58:56.917Z] > git symbolic-ref --short HEAD [2ms]
[2022-09-12T17:58:56.939Z] > git for-each-ref --format=%(refname)%00%(upstream:short)%00%(objectname)%00%(upstream:track)%00%(upstream:remotename)%00%(upstream:remoteref) refs/heads/master refs/remotes/master [2ms]
[2022-09-12T17:58:56.980Z] > git for-each-ref --sort -committerdate --format %(refname) %(objectname) %(*objectname) [21ms]
[2022-09-12T17:58:56.981Z] > git remote --verbose [2ms]
[2022-09-12T17:58:57.091Z] > git config --get commit.template [1ms]
[2022-09-12T17:59:02.150Z] > git status -z -uall [37ms]
[2022-09-12T17:59:02.171Z] > git symbolic-ref --short HEAD [2ms]
[2022-09-12T17:59:02.192Z] > git for-each-ref --format=%(refname)%00%(upstream:short)%00%(objectname)%00%(upstream:track)%00%(upstream:remotename)%00%(upstream:remoteref) refs/heads/master refs/remotes/master [1ms]
[2022-09-12T17:59:02.234Z] > git for-each-ref --sort -committerdate --format %(refname) %(objectname) %(*objectname) [22ms]
[2022-09-12T17:59:02.235Z] > git remote --verbose [2ms]
[2022-09-12T17:59:02.336Z] > git config --get commit.template [1ms]
[2022-09-12T17:59:07.397Z] > git status -z -uall [38ms]
[2022-09-12T17:59:07.418Z] > git symbolic-ref --short HEAD [1ms]
[2022-09-12T17:59:07.440Z] > git for-each-ref --format=%(refname)%00%(upstream:short)%00%(objectname)%00%(upstream:track)%00%(upstream:remotename)%00%(upstream:remoteref) refs/heads/master refs/remotes/master [1ms]
[2022-09-12T17:59:07.482Z] > git for-each-ref --sort -committerdate --format %(refname) %(objectname) %(*objectname) [21ms]
[2022-09-12T17:59:07.483Z] > git remote --verbose [2ms]
[2022-09-12T17:59:07.588Z] > git config --get commit.template [1ms]
[2022-09-12T17:59:12.649Z] > git status -z -uall [39ms]
[2022-09-12T17:59:12.671Z] > git symbolic-ref --short HEAD [1ms]
[2022-09-12T17:59:12.694Z] > git for-each-ref --format=%(refname)%00%(upstream:short)%00%(objectname)%00%(upstream:track)%00%(upstream:remotename)%00%(upstream:remoteref) refs/heads/master refs/remotes/master [1ms]
[2022-09-12T17:59:12.737Z] > git for-each-ref --sort -committerdate --format %(refname) %(objectname) %(*objectname) [22ms]
[2022-09-12T17:59:12.737Z] > git remote --verbose [1ms]
[2022-09-12T17:59:12.840Z] > git config --get commit.template [1ms]
[2022-09-12T17:59:17.903Z] > git status -z -uall [40ms]
[2022-09-12T17:59:17.929Z] > git symbolic-ref --short HEAD [1ms]
[2022-09-12T17:59:17.962Z] > git for-each-ref --format=%(refname)%00%(upstream:short)%00%(objectname)%00%(upstream:track)%00%(upstream:remotename)%00%(upstream:remoteref) refs/heads/master refs/remotes/master [3ms]
[2022-09-12T17:59:18.018Z] > git remote --verbose [1ms]
[2022-09-12T17:59:18.018Z] > git for-each-ref --sort -committerdate --format %(refname) %(objectname) %(*objectname) [29ms]
[2022-09-12T17:59:18.130Z] > git config --get commit.template [1ms]
[2022-09-12T17:59:23.199Z] > git status -z -uall [39ms]
[2022-09-12T17:59:23.229Z] > git symbolic-ref --short HEAD [1ms]
[2022-09-12T17:59:23.258Z] > git for-each-ref --format=%(refname)%00%(upstream:short)%00%(objectname)%00%(upstream:track)%00%(upstream:remotename)%00%(upstream:remoteref) refs/heads/master refs/remotes/master [1ms]
[2022-09-12T17:59:23.304Z] > git for-each-ref --sort -committerdate --format %(refname) %(objectname) %(*objectname) [22ms]
[2022-09-12T17:59:23.305Z] > git remote --verbose [2ms]
[2022-09-12T17:59:23.415Z] > git config --get commit.template [1ms]
[2022-09-12T17:59:28.479Z] > git status -z -uall [39ms]
[2022-09-12T17:59:28.503Z] > git symbolic-ref --short HEAD [2ms]
[2022-09-12T17:59:28.527Z] > git for-each-ref --format=%(refname)%00%(upstream:short)%00%(objectname)%00%(upstream:track)%00%(upstream:remotename)%00%(upstream:remoteref) refs/heads/master refs/remotes/master [1ms]
[2022-09-12T17:59:28.575Z] > git for-each-ref --sort -committerdate --format %(refname) %(objectname) %(*objectname) [25ms]
[2022-09-12T17:59:28.575Z] > git remote --verbose [2ms]
[2022-09-12T17:59:28.680Z] > git config --get commit.template [1ms]
[2022-09-12T17:59:33.745Z] > git status -z -uall [39ms]
[2022-09-12T17:59:33.770Z] > git symbolic-ref --short HEAD [1ms]
[2022-09-12T17:59:33.795Z] > git for-each-ref --format=%(refname)%00%(upstream:short)%00%(objectname)%00%(upstream:track)%00%(upstream:remotename)%00%(upstream:remoteref) refs/heads/master refs/remotes/master [2ms]
[2022-09-12T17:59:33.844Z] > git for-each-ref --sort -committerdate --format %(refname) %(objectname) %(*objectname) [25ms]
[2022-09-12T17:59:33.845Z] > git remote --verbose [2ms]
[2022-09-12T17:59:33.952Z] > git config --get commit.template [1ms]
[2022-09-12T17:59:39.017Z] > git status -z -uall [38ms]
[2022-09-12T17:59:39.043Z] > git symbolic-ref --short HEAD [1ms]
[2022-09-12T17:59:39.069Z] > git for-each-ref --format=%(refname)%00%(upstream:short)%00%(objectname)%00%(upstream:track)%00%(upstream:remotename)%00%(upstream:remoteref) refs/heads/master refs/remotes/master [1ms]
[2022-09-12T17:59:39.120Z] > git for-each-ref --sort -committerdate --format %(refname) %(objectname) %(*objectname) [26ms]
[2022-09-12T17:59:39.121Z] > git remote --verbose [2ms]
[2022-09-12T17:59:39.226Z] > git config --get commit.template [1ms]
[2022-09-12T17:59:44.293Z] > git status -z -uall [39ms]
[2022-09-12T17:59:44.315Z] > git symbolic-ref --short HEAD [1ms]
[2022-09-12T17:59:44.338Z] > git for-each-ref --format=%(refname)%00%(upstream:short)%00%(objectname)%00%(upstream:track)%00%(upstream:remotename)%00%(upstream:remoteref) refs/heads/master refs/remotes/master [1ms]
[2022-09-12T17:59:44.383Z] > git for-each-ref --sort -committerdate --format %(refname) %(objectname) %(*objectname) [23ms]
[2022-09-12T17:59:44.384Z] > git remote --verbose [2ms]
[2022-09-12T17:59:44.498Z] > git config --get commit.template [2ms]
[2022-09-12T17:59:54.535Z] > git status -z -uall [39ms]
[2022-09-12T17:59:54.559Z] > git symbolic-ref --short HEAD [2ms]
[2022-09-12T17:59:54.582Z] > git for-each-ref --format=%(refname)%00%(upstream:short)%00%(objectname)%00%(upstream:track)%00%(upstream:remotename)%00%(upstream:remoteref) refs/heads/master refs/remotes/master [1ms]
[2022-09-12T17:59:54.627Z] > git for-each-ref --sort -committerdate --format %(refname) %(objectname) %(*objectname) [23ms]
[2022-09-12T17:59:54.628Z] > git remote --verbose [2ms]
[2022-09-12T17:59:54.739Z] > git config --get commit.template [2ms]
[2022-09-12T17:59:59.799Z] > git status -z -uall [37ms]
[2022-09-12T17:59:59.822Z] > git symbolic-ref --short HEAD [1ms]
[2022-09-12T17:59:59.846Z] > git for-each-ref --format=%(refname)%00%(upstream:short)%00%(objectname)%00%(upstream:track)%00%(upstream:remotename)%00%(upstream:remoteref) refs/heads/master refs/remotes/master [2ms]
[2022-09-12T17:59:59.890Z] > git for-each-ref --sort -committerdate --format %(refname) %(objectname) %(*objectname) [23ms]
[2022-09-12T17:59:59.890Z] > git remote --verbose [1ms]
[2022-09-12T17:59:59.996Z] > git config --get commit.template [2ms]
[2022-09-12T18:00:05.059Z] > git status -z -uall [39ms]
[2022-09-12T18:00:05.083Z] > git symbolic-ref --short HEAD [1ms]
[2022-09-12T18:00:05.106Z] > git for-each-ref --format=%(refname)%00%(upstream:short)%00%(objectname)%00%(upstream:track)%00%(upstream:remotename)%00%(upstream:remoteref) refs/heads/master refs/remotes/master [1ms]
[2022-09-12T18:00:05.152Z] > git for-each-ref --sort -committerdate --format %(refname) %(objectname) %(*objectname) [24ms]
[2022-09-12T18:00:05.152Z] > git remote --verbose [1ms]
[2022-09-12T18:00:05.256Z] > git config --get commit.template [1ms]
[2022-09-12T18:00:10.318Z] > git status -z -uall [39ms]
[2022-09-12T18:00:10.341Z] > git symbolic-ref --short HEAD [1ms]
[2022-09-12T18:00:10.365Z] > git for-each-ref --format=%(refname)%00%(upstream:short)%00%(objectname)%00%(upstream:track)%00%(upstream:remotename)%00%(upstream:remoteref) refs/heads/master refs/remotes/master [1ms]
[2022-09-12T18:00:10.411Z] > git remote --verbose [2ms]
[2022-09-12T18:00:10.411Z] > git for-each-ref --sort -committerdate --format %(refname) %(objectname) %(*objectname) [24ms]
[2022-09-12T18:00:10.509Z] > git config --get commit.template [1ms]
[2022-09-12T18:00:15.571Z] > git status -z -uall [37ms]
[2022-09-12T18:00:15.595Z] > git symbolic-ref --short HEAD [1ms]
[2022-09-12T18:00:15.619Z] > git for-each-ref --format=%(refname)%00%(upstream:short)%00%(objectname)%00%(upstream:track)%00%(upstream:remotename)%00%(upstream:remoteref) refs/heads/master refs/remotes/master [1ms]
[2022-09-12T18:00:15.665Z] > git for-each-ref --sort -committerdate --format %(refname) %(objectname) %(*objectname) [24ms]
[2022-09-12T18:00:15.665Z] > git remote --verbose [1ms]
[2022-09-12T18:00:15.778Z] > git config --get commit.template [7ms]
[2022-09-12T18:00:20.841Z] > git status -z -uall [38ms]
[2022-09-12T18:00:20.866Z] > git symbolic-ref --short HEAD [0ms]
[2022-09-12T18:00:20.890Z] > git for-each-ref --format=%(refname)%00%(upstream:short)%00%(objectname)%00%(upstream:track)%00%(upstream:remotename)%00%(upstream:remoteref) refs/heads/master refs/remotes/master [1ms]
[2022-09-12T18:00:20.938Z] > git for-each-ref --sort -committerdate --format %(refname) %(objectname) %(*objectname) [25ms]
[2022-09-12T18:00:20.938Z] > git remote --verbose [1ms]
[2022-09-12T18:00:21.042Z] > git config --get commit.template [1ms]
[2022-09-12T18:00:26.105Z] > git status -z -uall [37ms]
[2022-09-12T18:00:26.132Z] > git symbolic-ref --short HEAD [2ms]
[2022-09-12T18:00:26.160Z] > git for-each-ref --format=%(refname)%00%(upstream:short)%00%(objectname)%00%(upstream:track)%00%(upstream:remotename)%00%(upstream:remoteref) refs/heads/master refs/remotes/master [3ms]
[2022-09-12T18:00:26.210Z] > git for-each-ref --sort -committerdate --format %(refname) %(objectname) %(*objectname) [26ms]
[2022-09-12T18:00:26.210Z] > git remote --verbose [2ms]
[2022-09-12T18:00:26.316Z] > git config --get commit.template [3ms]
[2022-09-12T18:00:31.380Z] > git status -z -uall [37ms]
[2022-09-12T18:00:31.406Z] > git symbolic-ref --short HEAD [1ms]
[2022-09-12T18:00:31.433Z] > git for-each-ref --format=%(refname)%00%(upstream:short)%00%(objectname)%00%(upstream:track)%00%(upstream:remotename)%00%(upstream:remoteref) refs/heads/master refs/remotes/master [2ms]
[2022-09-12T18:00:31.483Z] > git for-each-ref --sort -committerdate --format %(refname) %(objectname) %(*objectname) [25ms]
[2022-09-12T18:00:31.483Z] > git remote --verbose [1ms]
[2022-09-12T18:00:31.593Z] > git config --get commit.template [1ms]
[2022-09-12T18:00:36.656Z] > git status -z -uall [40ms]
[2022-09-12T18:00:36.678Z] > git symbolic-ref --short HEAD [1ms]
[2022-09-12T18:00:36.701Z] > git for-each-ref --format=%(refname)%00%(upstream:short)%00%(objectname)%00%(upstream:track)%00%(upstream:remotename)%00%(upstream:remoteref) refs/heads/master refs/remotes/master [1ms]
[2022-09-12T18:00:36.743Z] > git for-each-ref --sort -committerdate --format %(refname) %(objectname) %(*objectname) [21ms]
[2022-09-12T18:00:36.744Z] > git remote --verbose [2ms]
[2022-09-12T18:00:36.860Z] > git config --get commit.template [0ms]
[2022-09-12T18:00:41.919Z] > git status -z -uall [37ms]
[2022-09-12T18:00:41.941Z] > git symbolic-ref --short HEAD [1ms]
[2022-09-12T18:00:41.963Z] > git for-each-ref --format=%(refname)%00%(upstream:short)%00%(objectname)%00%(upstream:track)%00%(upstream:remotename)%00%(upstream:remoteref) refs/heads/master refs/remotes/master [2ms]
[2022-09-12T18:00:42.005Z] > git for-each-ref --sort -committerdate --format %(refname) %(objectname) %(*objectname) [22ms]
[2022-09-12T18:00:42.005Z] > git remote --verbose [1ms]
[2022-09-12T18:00:42.112Z] > git config --get commit.template [2ms]
