*
* Visual Studio Code Server
*
* By using the software, you agree to
* the Visual Studio Code Server License Terms (https://aka.ms/vscode-server-license) and
* the Microsoft Privacy Statement (https://privacy.microsoft.com/en-US/privacystatement).
*
Server bound to 127.0.0.1:39707 (IPv4)
Extension host agent listening on 39707

[18:54:30] Extension host agent started.
[18:54:30] [127.0.0.1][1c155828][ManagementConnection] New connection established.
[18:54:30] [127.0.0.1][8d5c0bde][ExtensionHostConnection] New connection established.
[18:54:30] [127.0.0.1][8d5c0bde][ExtensionHostConnection] <60983> Launched Extension Host Process.
[18:54:30] Deleted from disk ms-vscode.cpptools-extension-pack /home/linl20/.vscode-server/extensions/ms-vscode.cpptools-extension-pack-1.2.0
[IPC Library: Pty Host]  WARN Shell integration cannot be enabled for executable "/bin/sh" and args [
  '-c',
  'wget --version > /dev/null\n' +
    'if [ $? -eq 0 ]\n' +
    'then\n' +
    "\twget --connect-timeout=7 --tries=1 --dns-timeout=7 -q --header='Metadata:true' -O - http://169.254.169.254/metadata/instance?api-version=2019-03-11\n" +
    'else\n' +
    '\tcurl --version > /dev/null\n' +
    '\tif [ $? -eq 0 ]\n' +
    '\tthen\n' +
    "\t\tcurl --connect-timeout 7 -s --header='Metadata:true' http://169.254.169.254/metadata/instance?api-version=2019-03-11\n" +
    '\tfi\n' +
    'fi\n' +
    'exit 0'
]
[IPC Library: Pty Host]  WARN Shell integration cannot be enabled for executable "/bin/sh" and args [
  '-c',
  'wget --version > /dev/null\n' +
    'if [ $? -eq 0 ]\n' +
    'then\n' +
    '\twget --connect-timeout=7 --tries=1 --dns-timeout=7 -q  -O - http://169.254.169.254/latest/meta-data/instance-id\n' +
    'else\n' +
    '\tcurl --version > /dev/null\n' +
    '\tif [ $? -eq 0 ]\n' +
    '\tthen\n' +
    '\t\tcurl --connect-timeout 7 -s  http://169.254.169.254/latest/meta-data/instance-id\n' +
    '\tfi\n' +
    'fi\n' +
    'exit 0'
]
[IPC Library: Pty Host]  WARN Shell integration cannot be enabled for executable "/bin/sh" and args [
  '-c',
  'wget --version > /dev/null\n' +
    'if [ $? -eq 0 ]\n' +
    'then\n' +
    '\twget --connect-timeout=7 --tries=1 --dns-timeout=7 -q  -O - http://169.254.169.254/metadata/v1/id\n' +
    'else\n' +
    '\tcurl --version > /dev/null\n' +
    '\tif [ $? -eq 0 ]\n' +
    '\tthen\n' +
    '\t\tcurl --connect-timeout 7 -s  http://169.254.169.254/metadata/v1/id\n' +
    '\tfi\n' +
    'fi\n' +
    'exit 0'
]
[IPC Library: Pty Host]  WARN Shell integration cannot be enabled for executable "/bin/sh" and args [
  '-c',
  'wget --version > /dev/null\n' +
    'if [ $? -eq 0 ]\n' +
    'then\n' +
    "\twget --connect-timeout=7 --tries=1 --dns-timeout=7 -q --header='Metadata-Flavor:Google' -O - http://metadata.google.internal/computeMetadata/v1/instance/id\n" +
    'else\n' +
    '\tcurl --version > /dev/null\n' +
    '\tif [ $? -eq 0 ]\n' +
    '\tthen\n' +
    "\t\tcurl --connect-timeout 7 -s --header='Metadata-Flavor:Google' http://metadata.google.internal/computeMetadata/v1/instance/id\n" +
    '\tfi\n' +
    'fi\n' +
    'exit 0'
]
[20:15:21] [127.0.0.1][8d5c0bde][ExtensionHostConnection] The client has reconnected.
[20:15:26] [127.0.0.1][1c155828][ManagementConnection] The client has disconnected, will wait for reconnection 3h before disposing...
[20:15:26] Error: Unexpected SIGPIPE
    at process.<anonymous> (/home/linl20/.vscode-server/bin/e4503b30fc78200f846c62cf8091b76ff5547662/out/vs/server/node/server.main.js:145:7922)
    at process.emit (node:events:390:28)
[21:49:19] [127.0.0.1][1c155828][ManagementConnection] Another client has connected, will shorten the wait for reconnection 5m before disposing...
[21:49:19] [127.0.0.1][473d16bb][ManagementConnection] New connection established.
[21:49:19] [127.0.0.1][293db1fb][ExtensionHostConnection] New connection established.
[21:49:19] [127.0.0.1][293db1fb][ExtensionHostConnection] <1438> Launched Extension Host Process.
[IPC Library: Pty Host]  WARN Shell integration cannot be enabled for executable "/bin/sh" and args [
  '-c',
  'wget --version > /dev/null\n' +
    'if [ $? -eq 0 ]\n' +
    'then\n' +
    "\twget --connect-timeout=7 --tries=1 --dns-timeout=7 -q --header='Metadata:true' -O - http://169.254.169.254/metadata/instance?api-version=2019-03-11\n" +
    'else\n' +
    '\tcurl --version > /dev/null\n' +
    '\tif [ $? -eq 0 ]\n' +
    '\tthen\n' +
    "\t\tcurl --connect-timeout 7 -s --header='Metadata:true' http://169.254.169.254/metadata/instance?api-version=2019-03-11\n" +
    '\tfi\n' +
    'fi\n' +
    'exit 0'
]
[IPC Library: Pty Host]  WARN Shell integration cannot be enabled for executable "/bin/sh" and args [
  '-c',
  'wget --version > /dev/null\n' +
    'if [ $? -eq 0 ]\n' +
    'then\n' +
    '\twget --connect-timeout=7 --tries=1 --dns-timeout=7 -q  -O - http://169.254.169.254/latest/meta-data/instance-id\n' +
    'else\n' +
    '\tcurl --version > /dev/null\n' +
    '\tif [ $? -eq 0 ]\n' +
    '\tthen\n' +
    '\t\tcurl --connect-timeout 7 -s  http://169.254.169.254/latest/meta-data/instance-id\n' +
    '\tfi\n' +
    'fi\n' +
    'exit 0'
]
[IPC Library: Pty Host]  WARN Shell integration cannot be enabled for executable "/bin/sh" and args [
  '-c',
  'wget --version > /dev/null\n' +
    'if [ $? -eq 0 ]\n' +
    'then\n' +
    '\twget --connect-timeout=7 --tries=1 --dns-timeout=7 -q  -O - http://169.254.169.254/metadata/v1/id\n' +
    'else\n' +
    '\tcurl --version > /dev/null\n' +
    '\tif [ $? -eq 0 ]\n' +
    '\tthen\n' +
    '\t\tcurl --connect-timeout 7 -s  http://169.254.169.254/metadata/v1/id\n' +
    '\tfi\n' +
    'fi\n' +
    'exit 0'
]
[IPC Library: Pty Host]  WARN Shell integration cannot be enabled for executable "/bin/sh" and args [
  '-c',
  'wget --version > /dev/null\n' +
    'if [ $? -eq 0 ]\n' +
    'then\n' +
    "\twget --connect-timeout=7 --tries=1 --dns-timeout=7 -q --header='Metadata-Flavor:Google' -O - http://metadata.google.internal/computeMetadata/v1/instance/id\n" +
    'else\n' +
    '\tcurl --version > /dev/null\n' +
    '\tif [ $? -eq 0 ]\n' +
    '\tthen\n' +
    "\t\tcurl --connect-timeout 7 -s --header='Metadata-Flavor:Google' http://metadata.google.internal/computeMetadata/v1/instance/id\n" +
    '\tfi\n' +
    'fi\n' +
    'exit 0'
]
[IPC Library: Pty Host]  WARN Persistent process "5": Process had no disconnect runners but was an orphan
[IPC Library: Pty Host]  WARN Persistent process "9": Process had no disconnect runners but was an orphan
[IPC Library: Pty Host]  INFO Persistent process "5": Replaying 12373 chars and 1 size events
[IPC Library: Pty Host]  INFO Persistent process "9": Replaying 4514 chars and 1 size events
[21:54:19] [127.0.0.1][1c155828][ManagementConnection] The reconnection short grace time of 5m has expired, so the connection will be disposed.
[21:54:19] [127.0.0.1][8d5c0bde][ExtensionHostConnection] <60983> Extension Host Process exited with code: 0, signal: null.
[22:04:30] [127.0.0.1][473d16bb][ManagementConnection] The client has disconnected, will wait for reconnection 3h before disposing...
[22:04:30] Error: Unexpected SIGPIPE
    at process.<anonymous> (/home/linl20/.vscode-server/bin/e4503b30fc78200f846c62cf8091b76ff5547662/out/vs/server/node/server.main.js:145:7922)
    at process.emit (node:events:390:28)
[22:34:45] [127.0.0.1][473d16bb][ManagementConnection] Another client has connected, will shorten the wait for reconnection 5m before disposing...
[22:34:45] [127.0.0.1][1b3941ac][ManagementConnection] New connection established.
[22:34:45] [127.0.0.1][e92ad886][ExtensionHostConnection] New connection established.
[22:34:45] [127.0.0.1][e92ad886][ExtensionHostConnection] <1874> Launched Extension Host Process.
[IPC Library: Pty Host]  WARN Shell integration cannot be enabled for executable "/bin/sh" and args [
  '-c',
  'wget --version > /dev/null\n' +
    'if [ $? -eq 0 ]\n' +
    'then\n' +
    "\twget --connect-timeout=7 --tries=1 --dns-timeout=7 -q --header='Metadata:true' -O - http://169.254.169.254/metadata/instance?api-version=2019-03-11\n" +
    'else\n' +
    '\tcurl --version > /dev/null\n' +
    '\tif [ $? -eq 0 ]\n' +
    '\tthen\n' +
    "\t\tcurl --connect-timeout 7 -s --header='Metadata:true' http://169.254.169.254/metadata/instance?api-version=2019-03-11\n" +
    '\tfi\n' +
    'fi\n' +
    'exit 0'
]
[IPC Library: Pty Host]  WARN Shell integration cannot be enabled for executable "/bin/sh" and args [
  '-c',
  'wget --version > /dev/null\n' +
    'if [ $? -eq 0 ]\n' +
    'then\n' +
    '\twget --connect-timeout=7 --tries=1 --dns-timeout=7 -q  -O - http://169.254.169.254/latest/meta-data/instance-id\n' +
    'else\n' +
    '\tcurl --version > /dev/null\n' +
    '\tif [ $? -eq 0 ]\n' +
    '\tthen\n' +
    '\t\tcurl --connect-timeout 7 -s  http://169.254.169.254/latest/meta-data/instance-id\n' +
    '\tfi\n' +
    'fi\n' +
    'exit 0'
]
[IPC Library: Pty Host]  WARN Shell integration cannot be enabled for executable "/bin/sh" and args [
  '-c',
  'wget --version > /dev/null\n' +
    'if [ $? -eq 0 ]\n' +
    'then\n' +
    '\twget --connect-timeout=7 --tries=1 --dns-timeout=7 -q  -O - http://169.254.169.254/metadata/v1/id\n' +
    'else\n' +
    '\tcurl --version > /dev/null\n' +
    '\tif [ $? -eq 0 ]\n' +
    '\tthen\n' +
    '\t\tcurl --connect-timeout 7 -s  http://169.254.169.254/metadata/v1/id\n' +
    '\tfi\n' +
    'fi\n' +
    'exit 0'
]
[IPC Library: Pty Host]  WARN Shell integration cannot be enabled for executable "/bin/sh" and args [
  '-c',
  'wget --version > /dev/null\n' +
    'if [ $? -eq 0 ]\n' +
    'then\n' +
    "\twget --connect-timeout=7 --tries=1 --dns-timeout=7 -q --header='Metadata-Flavor:Google' -O - http://metadata.google.internal/computeMetadata/v1/instance/id\n" +
    'else\n' +
    '\tcurl --version > /dev/null\n' +
    '\tif [ $? -eq 0 ]\n' +
    '\tthen\n' +
    "\t\tcurl --connect-timeout 7 -s --header='Metadata-Flavor:Google' http://metadata.google.internal/computeMetadata/v1/instance/id\n" +
    '\tfi\n' +
    'fi\n' +
    'exit 0'
]
[IPC Library: Pty Host]  WARN Persistent process "5": Process had no disconnect runners but was an orphan
[IPC Library: Pty Host]  WARN Persistent process "9": Process had no disconnect runners but was an orphan
[IPC Library: Pty Host]  INFO Persistent process "5": Replaying 12373 chars and 1 size events
[IPC Library: Pty Host]  INFO Persistent process "9": Replaying 4514 chars and 1 size events
[22:39:45] [127.0.0.1][473d16bb][ManagementConnection] The reconnection short grace time of 5m has expired, so the connection will be disposed.
[22:39:45] [127.0.0.1][293db1fb][ExtensionHostConnection] <1438> Extension Host Process exited with code: 0, signal: null.
[23:16:39] [127.0.0.1][e92ad886][ExtensionHostConnection] The client has reconnected.
[23:16:45] [127.0.0.1][1b3941ac][ManagementConnection] The client has disconnected, will wait for reconnection 3h before disposing...
[23:16:45] Error: Unexpected SIGPIPE
    at process.<anonymous> (/home/linl20/.vscode-server/bin/e4503b30fc78200f846c62cf8091b76ff5547662/out/vs/server/node/server.main.js:145:7922)
    at process.emit (node:events:390:28)
[02:16:54] [127.0.0.1][e92ad886][ExtensionHostConnection] <1874> Extension Host Process exited with code: 0, signal: null.
Last EH closed, waiting before shutting down
[02:16:54] Last EH closed, waiting before shutting down
[02:16:55] [127.0.0.1][1b3941ac][ManagementConnection] The reconnection grace time of 3h has expired, so the connection will be disposed.
Last EH closed, shutting down
[02:21:54] Last EH closed, shutting down
