[2022-09-13 10:31:51.157] [exthost] [info] Extension host with pid 57363 started
[2022-09-13 10:31:51.160] [exthost] [error] Error: EEXIST: file already exists, open '/home/linl20/.vscode-server/data/User/workspaceStorage/846d061fbe3b7c3efc4e33135743ac56/vscode.lock'
[2022-09-13 10:31:51.167] [exthost] [info] Lock '/home/linl20/.vscode-server/data/User/workspaceStorage/846d061fbe3b7c3efc4e33135743ac56/vscode.lock': Could not acquire lock, checking if the file is stale.
[2022-09-13 10:31:51.172] [exthost] [info] Lock '/home/linl20/.vscode-server/data/User/workspaceStorage/846d061fbe3b7c3efc4e33135743ac56/vscode.lock': The lock does not look stale, elapsed: 673 ms, giving up.
[2022-09-13 10:31:51.210] [exthost] [info] ExtensionService#_doActivateExtension cschlosser.doxdocgen, startup: false, activationEvent: 'onLanguage:c'
[2022-09-13 10:31:51.359] [exthost] [info] ExtensionService#_doActivateExtension ms-vscode.cpptools, startup: false, activationEvent: 'onLanguage:c'
[2022-09-13 10:31:51.560] [exthost] [info] ExtensionService#_doActivateExtension vscode.debug-auto-launch, startup: true, activationEvent: '*'
[2022-09-13 10:31:51.565] [exthost] [info] ExtensionService#_doActivateExtension vscode.git-base, startup: true, activationEvent: '*', root cause: vscode.git
[2022-09-13 10:31:51.569] [exthost] [info] ExtensionService#_doActivateExtension vscode.ipynb, startup: true, activationEvent: '*'
[2022-09-13 10:31:51.596] [exthost] [info] Lock '/home/linl20/.vscode-server/data/User/workspaceStorage/846d061fbe3b7c3efc4e33135743ac56-1/vscode.lock': Lock acquired.
[2022-09-13 10:31:51.823] [exthost] [info] ExtensionService#_doActivateExtension vscode.git, startup: true, activationEvent: '*'
[2022-09-13 10:31:51.950] [exthost] [info] ExtensionService#_doActivateExtension vscode.github, startup: true, activationEvent: '*'
[2022-09-13 10:31:52.489] [exthost] [info] ExtensionService#_doActivateExtension vscode.emmet, startup: false, activationEvent: 'onStartupFinished'
[2022-09-13 10:31:52.515] [exthost] [info] ExtensionService#_doActivateExtension vscode.merge-conflict, startup: false, activationEvent: 'onStartupFinished'
[2022-09-13 10:31:52.520] [exthost] [info] Eager extensions activated
[2022-09-13 10:31:52.928] [exthost] [warning] [Decorations] CAPPING events from decorations provider vscode.git 5454
[2022-09-13 10:31:54.001] [exthost] [warning] [Decorations] CAPPING events from decorations provider vscode.git 5456
[2022-09-13 10:40:28.054] [exthost] [info] Extension host terminating: renderer disconnected for too long (2)
[2022-09-13 10:40:28.055] [exthost] [info] Lock '/home/linl20/.vscode-server/data/User/workspaceStorage/846d061fbe3b7c3efc4e33135743ac56-1/vscode.lock': Marking the lockfile as scheduled to be released in 6000 ms.
[2022-09-13 10:40:28.081] [exthost] [info] Extension host with pid 57363 exiting with code 0
