[2022-09-14T22:29:22.978Z] Log level: Info
[2022-09-14T22:29:22.989Z] [info] Validating found git in: git
[2022-09-14T22:29:23.030Z] [info] Using git 2.20.1 from git
[2022-09-14T22:29:23.059Z] > git rev-parse --show-toplevel [6ms]
[2022-09-14T22:29:23.320Z] > git rev-parse --git-dir --git-common-dir [247ms]
[2022-09-14T22:29:23.328Z] [info] Open repository: /home/linl20
[2022-09-14T22:29:23.509Z] > git status -z -uall [168ms]
[2022-09-14T22:29:23.525Z] > git symbolic-ref --short HEAD [6ms]
[2022-09-14T22:29:23.544Z] > git for-each-ref --format=%(refname)%00%(upstream:short)%00%(objectname)%00%(upstream:track)%00%(upstream:remotename)%00%(upstream:remoteref) refs/heads/master refs/remotes/master [9ms]
[2022-09-14T22:29:23.569Z] > git remote --verbose [5ms]
[2022-09-14T22:29:23.570Z] > git for-each-ref --sort -committerdate --format %(refname) %(objectname) %(*objectname) [15ms]
[2022-09-14T22:29:23.593Z] > git config --get commit.template [3ms]
[2022-09-14T22:29:23.670Z] > git status -z -uall [65ms]
[2022-09-14T22:29:23.687Z] > git symbolic-ref --short HEAD [8ms]
[2022-09-14T22:29:23.699Z] > git for-each-ref --format=%(refname)%00%(upstream:short)%00%(objectname)%00%(upstream:track)%00%(upstream:remotename)%00%(upstream:remoteref) refs/heads/master refs/remotes/master [3ms]
[2022-09-14T22:29:23.720Z] > git remote --verbose [3ms]
[2022-09-14T22:29:23.721Z] > git for-each-ref --sort -committerdate --format %(refname) %(objectname) %(*objectname) [13ms]
[2022-09-14T22:29:23.739Z] > git config --get commit.template [4ms]
[2022-09-14T22:29:24.211Z] > git show --textconv :csc250_lab2-Lin-Eric-142313/lab2.c [14ms]
[2022-09-14T22:29:24.214Z] > git ls-files --stage -- /home/linl20/csc250_lab2-Lin-Eric-142313/lab2.c [5ms]
[2022-09-14T22:29:24.463Z] > git check-ignore -v -z --stdin [3ms]
[2022-09-14T22:29:25.429Z] > git check-ignore -v -z --stdin [4ms]
[2022-09-14T22:29:27.491Z] > git status -z -uall [71ms]
[2022-09-14T22:29:27.504Z] > git symbolic-ref --short HEAD [2ms]
[2022-09-14T22:29:27.518Z] > git for-each-ref --format=%(refname)%00%(upstream:short)%00%(objectname)%00%(upstream:track)%00%(upstream:remotename)%00%(upstream:remoteref) refs/heads/master refs/remotes/master [3ms]
[2022-09-14T22:29:27.542Z] > git for-each-ref --sort -committerdate --format %(refname) %(objectname) %(*objectname) [14ms]
[2022-09-14T22:29:27.543Z] > git remote --verbose [4ms]
[2022-09-14T22:29:27.557Z] > git config --get commit.template [1ms]
[2022-09-14T22:29:32.640Z] > git status -z -uall [71ms]
[2022-09-14T22:29:32.652Z] > git symbolic-ref --short HEAD [1ms]
[2022-09-14T22:29:32.665Z] > git for-each-ref --format=%(refname)%00%(upstream:short)%00%(objectname)%00%(upstream:track)%00%(upstream:remotename)%00%(upstream:remoteref) refs/heads/master refs/remotes/master [2ms]
[2022-09-14T22:29:32.686Z] > git for-each-ref --sort -committerdate --format %(refname) %(objectname) %(*objectname) [11ms]
[2022-09-14T22:29:32.687Z] > git remote --verbose [2ms]
[2022-09-14T22:29:32.702Z] > git config --get commit.template [1ms]
[2022-09-14T22:29:37.782Z] > git status -z -uall [67ms]
[2022-09-14T22:29:37.795Z] > git symbolic-ref --short HEAD [1ms]
[2022-09-14T22:29:37.810Z] > git for-each-ref --format=%(refname)%00%(upstream:short)%00%(objectname)%00%(upstream:track)%00%(upstream:remotename)%00%(upstream:remoteref) refs/heads/master refs/remotes/master [2ms]
[2022-09-14T22:29:37.835Z] > git for-each-ref --sort -committerdate --format %(refname) %(objectname) %(*objectname) [13ms]
[2022-09-14T22:29:37.836Z] > git remote --verbose [2ms]
[2022-09-14T22:29:37.856Z] > git config --get commit.template [3ms]
[2022-09-14T22:29:42.939Z] > git status -z -uall [70ms]
[2022-09-14T22:29:42.952Z] > git symbolic-ref --short HEAD [1ms]
[2022-09-14T22:29:42.965Z] > git for-each-ref --format=%(refname)%00%(upstream:short)%00%(objectname)%00%(upstream:track)%00%(upstream:remotename)%00%(upstream:remoteref) refs/heads/master refs/remotes/master [2ms]
[2022-09-14T22:29:42.987Z] > git for-each-ref --sort -committerdate --format %(refname) %(objectname) %(*objectname) [11ms]
[2022-09-14T22:29:42.988Z] > git remote --verbose [2ms]
[2022-09-14T22:29:43.003Z] > git config --get commit.template [1ms]
[2022-09-14T22:29:48.083Z] > git status -z -uall [67ms]
[2022-09-14T22:29:48.096Z] > git symbolic-ref --short HEAD [1ms]
[2022-09-14T22:29:48.109Z] > git for-each-ref --format=%(refname)%00%(upstream:short)%00%(objectname)%00%(upstream:track)%00%(upstream:remotename)%00%(upstream:remoteref) refs/heads/master refs/remotes/master [1ms]
[2022-09-14T22:29:48.132Z] > git for-each-ref --sort -committerdate --format %(refname) %(objectname) %(*objectname) [12ms]
[2022-09-14T22:29:48.133Z] > git remote --verbose [2ms]
[2022-09-14T22:29:48.147Z] > git config --get commit.template [1ms]
[2022-09-14T22:29:53.229Z] > git status -z -uall [69ms]
[2022-09-14T22:29:53.242Z] > git symbolic-ref --short HEAD [1ms]
[2022-09-14T22:29:53.255Z] > git for-each-ref --format=%(refname)%00%(upstream:short)%00%(objectname)%00%(upstream:track)%00%(upstream:remotename)%00%(upstream:remoteref) refs/heads/master refs/remotes/master [2ms]
[2022-09-14T22:29:53.277Z] > git for-each-ref --sort -committerdate --format %(refname) %(objectname) %(*objectname) [12ms]
[2022-09-14T22:29:53.278Z] > git remote --verbose [2ms]
[2022-09-14T22:29:53.292Z] > git config --get commit.template [1ms]
[2022-09-14T22:29:58.375Z] > git status -z -uall [71ms]
[2022-09-14T22:29:58.386Z] > git symbolic-ref --short HEAD [1ms]
[2022-09-14T22:29:58.397Z] > git for-each-ref --format=%(refname)%00%(upstream:short)%00%(objectname)%00%(upstream:track)%00%(upstream:remotename)%00%(upstream:remoteref) refs/heads/master refs/remotes/master [1ms]
[2022-09-14T22:29:58.417Z] > git remote --verbose [1ms]
[2022-09-14T22:29:58.418Z] > git for-each-ref --sort -committerdate --format %(refname) %(objectname) %(*objectname) [11ms]
[2022-09-14T22:29:58.431Z] > git config --get commit.template [1ms]
[2022-09-14T22:30:03.515Z] > git status -z -uall [68ms]
[2022-09-14T22:30:03.527Z] > git symbolic-ref --short HEAD [2ms]
[2022-09-14T22:30:03.539Z] > git for-each-ref --format=%(refname)%00%(upstream:short)%00%(objectname)%00%(upstream:track)%00%(upstream:remotename)%00%(upstream:remoteref) refs/heads/master refs/remotes/master [2ms]
[2022-09-14T22:30:03.559Z] > git for-each-ref --sort -committerdate --format %(refname) %(objectname) %(*objectname) [10ms]
[2022-09-14T22:30:03.560Z] > git remote --verbose [2ms]
[2022-09-14T22:30:03.575Z] > git config --get commit.template [1ms]
[2022-09-14T22:30:08.643Z] > git add -A -- /home/linl20/.bash_history /home/linl20/.vscode-server/.784b0177c56c607789f9638da7b6bf3230d47a8c.log /home/linl20/.vscode-server/data/User/workspaceStorage/846d061fbe3b7c3efc4e33135743ac56/ms-vscode.cpptools/.browse.VC.db /home/linl20/.vscode-server/data/User/workspaceStorage/846d061fbe3b7c3efc4e33135743ac56/ms-vscode.cpptools/.browse.VC.db-shm /home/linl20/.vscode-server/data/User/workspaceStorage/846d061fbe3b7c3efc4e33135743ac56/ms-vscode.cpptools/.browse.VC.db-wal /home/linl20/.vscode-server/data/User/workspaceStorage/846d061fbe3b7c3efc4e33135743ac56/vscode.lock /home/linl20/.vscode-server/data/logs/20220914T172430/exthost1/exthost.log /home/linl20/.vscode-server/data/logs/20220914T172430/exthost1/output_logging_20220914T172431/2-Git.log /home/linl20/.vscode-server/data/logs/20220914T172430/ptyhost.log /home/linl20/.vscode-server/data/logs/20220914T172430/remoteagent.log /home/linl20/csc250_lab2-Lin-Eric-142313 /home/linl20/.vscode-server/data/logs/20220914T172430/exthost2/exthost.log /home/linl20/.vscode-server/data/logs/20220914T172430/exthost2/output_logging_20220914T182922/1-remote-attach.log /home/linl20/.vscode-server/data/logs/20220914T172430/exthost2/output_logging_20220914T182922/2-Git.log [179ms]
[2022-09-14T22:30:08.698Z] > git status -z -uall [44ms]
[2022-09-14T22:30:08.710Z] > git symbolic-ref --short HEAD [2ms]
[2022-09-14T22:30:08.720Z] > git for-each-ref --format=%(refname)%00%(upstream:short)%00%(objectname)%00%(upstream:track)%00%(upstream:remotename)%00%(upstream:remoteref) refs/heads/master refs/remotes/master [1ms]
[2022-09-14T22:30:08.740Z] > git for-each-ref --sort -committerdate --format %(refname) %(objectname) %(*objectname) [11ms]
[2022-09-14T22:30:08.740Z] > git remote --verbose [2ms]
[2022-09-14T22:30:08.757Z] > git config --get commit.template [3ms]
[2022-09-14T22:30:08.812Z] > git status -z -uall [45ms]
[2022-09-14T22:30:08.824Z] > git symbolic-ref --short HEAD [2ms]
[2022-09-14T22:30:08.835Z] > git for-each-ref --format=%(refname)%00%(upstream:short)%00%(objectname)%00%(upstream:track)%00%(upstream:remotename)%00%(upstream:remoteref) refs/heads/master refs/remotes/master [2ms]
[2022-09-14T22:30:08.861Z] > git remote --verbose [7ms]
[2022-09-14T22:30:08.861Z] > git for-each-ref --sort -committerdate --format %(refname) %(objectname) %(*objectname) [16ms]
[2022-09-14T22:30:08.874Z] > git config --get commit.template [1ms]
[2022-09-14T22:30:09.882Z] > git ls-files --stage -- /home/linl20/csc250_lab2-Lin-Eric-142313/lab2.c [3ms]
[2022-09-14T22:30:09.904Z] > git show --textconv :csc250_lab2-Lin-Eric-142313/lab2.c [3ms]
[2022-09-14T22:30:11.370Z] > git add -A -- /home/linl20/.vscode-server/data/logs/20220914T172430/exthost2/output_logging_20220914T182922/2-Git.log /home/linl20/csc250_lab2-Lin-Eric-142313 [20ms]
[2022-09-14T22:30:11.425Z] > git status -z -uall [44ms]
[2022-09-14T22:30:11.437Z] > git symbolic-ref --short HEAD [1ms]
[2022-09-14T22:30:11.449Z] > git for-each-ref --format=%(refname)%00%(upstream:short)%00%(objectname)%00%(upstream:track)%00%(upstream:remotename)%00%(upstream:remoteref) refs/heads/master refs/remotes/master [3ms]
[2022-09-14T22:30:11.468Z] > git for-each-ref --sort -committerdate --format %(refname) %(objectname) %(*objectname) [10ms]
[2022-09-14T22:30:11.469Z] > git remote --verbose [2ms]
[2022-09-14T22:30:11.482Z] > git config --get commit.template [1ms]
[2022-09-14T22:30:12.573Z] > git ls-files --stage -- /home/linl20/csc250_lab2-Lin-Eric-142313/lab2.c [3ms]
[2022-09-14T22:30:12.596Z] > git show --textconv :csc250_lab2-Lin-Eric-142313/lab2.c [3ms]
[2022-09-14T22:30:13.931Z] > git status -z -uall [44ms]
[2022-09-14T22:30:13.943Z] > git symbolic-ref --short HEAD [2ms]
[2022-09-14T22:30:13.955Z] > git for-each-ref --format=%(refname)%00%(upstream:short)%00%(objectname)%00%(upstream:track)%00%(upstream:remotename)%00%(upstream:remoteref) refs/heads/master refs/remotes/master [2ms]
[2022-09-14T22:30:13.975Z] > git for-each-ref --sort -committerdate --format %(refname) %(objectname) %(*objectname) [10ms]
[2022-09-14T22:30:13.976Z] > git remote --verbose [2ms]
[2022-09-14T22:30:13.991Z] > git config --get commit.template [1ms]
[2022-09-14T22:30:15.525Z] > git show --textconv :.git/COMMIT_EDITMSG [10ms]
[2022-09-14T22:30:15.528Z] > git ls-files --stage -- /home/linl20/.git/COMMIT_EDITMSG [3ms]
[2022-09-14T22:30:15.688Z] > git check-ignore -v -z --stdin [3ms]
[2022-09-14T22:30:16.212Z] > git ls-files --stage -- /home/linl20/.git/COMMIT_EDITMSG [3ms]
[2022-09-14T22:30:16.292Z] > git show --textconv :.git/COMMIT_EDITMSG [3ms]
[2022-09-14T22:30:34.395Z] > git log --oneline --cherry master...master@{upstream} -- [1ms]
[2022-09-14T22:30:34.606Z] > git pull --tags origin master [200ms]
[2022-09-14T22:30:34.606Z] From https://github.com/Lin-Eric-142313/linl20
 * branch            master     -> FETCH_HEAD
[2022-09-14T22:30:35.756Z] > git push origin master:master [1140ms]
[2022-09-14T22:30:35.756Z] To https://github.com/Lin-Eric-142313/linl20.git
   6a39c11..438c0b9  master -> master
[2022-09-14T22:30:35.801Z] > git status -z -uall [35ms]
[2022-09-14T22:30:35.814Z] > git symbolic-ref --short HEAD [1ms]
[2022-09-14T22:30:35.826Z] > git for-each-ref --format=%(refname)%00%(upstream:short)%00%(objectname)%00%(upstream:track)%00%(upstream:remotename)%00%(upstream:remoteref) refs/heads/master refs/remotes/master [1ms]
[2022-09-14T22:30:35.847Z] > git for-each-ref --sort -committerdate --format %(refname) %(objectname) %(*objectname) [11ms]
[2022-09-14T22:30:35.847Z] > git remote --verbose [1ms]
[2022-09-14T22:30:35.873Z] > git ls-files --stage -- /home/linl20/.git/COMMIT_EDITMSG [12ms]
[2022-09-14T22:30:35.874Z] > git config --get commit.template [2ms]
[2022-09-14T22:30:35.969Z] > git show --textconv :.git/COMMIT_EDITMSG [3ms]
[2022-09-14T22:30:37.101Z] > git ls-files --stage -- /home/linl20/.git/COMMIT_EDITMSG [3ms]
[2022-09-14T22:30:37.123Z] > git show --textconv :.git/COMMIT_EDITMSG [3ms]
[2022-09-14T22:30:45.314Z] > git log --oneline --cherry master...master@{upstream} -- [3ms]
[2022-09-14T22:30:45.534Z] > git pull --tags origin master [210ms]
[2022-09-14T22:30:45.534Z] From https://github.com/Lin-Eric-142313/linl20
 * branch            master     -> FETCH_HEAD
[2022-09-14T22:30:45.581Z] > git status -z -uall [36ms]
[2022-09-14T22:30:45.592Z] > git symbolic-ref --short HEAD [1ms]
[2022-09-14T22:30:45.603Z] > git for-each-ref --format=%(refname)%00%(upstream:short)%00%(objectname)%00%(upstream:track)%00%(upstream:remotename)%00%(upstream:remoteref) refs/heads/master refs/remotes/master [2ms]
[2022-09-14T22:30:45.623Z] > git for-each-ref --sort -committerdate --format %(refname) %(objectname) %(*objectname) [11ms]
[2022-09-14T22:30:45.623Z] > git remote --verbose [2ms]
[2022-09-14T22:30:45.635Z] > git config --get commit.template [1ms]
[2022-09-14T22:30:46.985Z] > git ls-files --stage -- /home/linl20/.git/COMMIT_EDITMSG [3ms]
[2022-09-14T22:30:47.006Z] > git show --textconv :.git/COMMIT_EDITMSG [3ms]
[2022-09-14T22:31:49.995Z] > git -c user.useConfigOnly=true commit --quiet [95045ms]
[2022-09-14T22:31:49.995Z] Aborting commit due to empty commit message.
[2022-09-14T22:31:50.044Z] > git status -z -uall [38ms]
[2022-09-14T22:31:50.056Z] > git symbolic-ref --short HEAD [2ms]
[2022-09-14T22:31:50.067Z] > git for-each-ref --format=%(refname)%00%(upstream:short)%00%(objectname)%00%(upstream:track)%00%(upstream:remotename)%00%(upstream:remoteref) refs/heads/master refs/remotes/master [1ms]
[2022-09-14T22:31:50.087Z] > git for-each-ref --sort -committerdate --format %(refname) %(objectname) %(*objectname) [10ms]
[2022-09-14T22:31:50.087Z] > git remote --verbose [1ms]
[2022-09-14T22:31:50.102Z] > git config --get commit.template [1ms]
[2022-09-14T22:31:50.308Z] > git show --textconv :csc250_lab2-Lin-Eric-142313/lab2.c [11ms]
[2022-09-14T22:31:50.311Z] > git ls-files --stage -- /home/linl20/csc250_lab2-Lin-Eric-142313/lab2.c [4ms]
[2022-09-14T22:31:55.150Z] > git status -z -uall [35ms]
[2022-09-14T22:31:55.162Z] > git symbolic-ref --short HEAD [2ms]
[2022-09-14T22:31:55.175Z] > git for-each-ref --format=%(refname)%00%(upstream:short)%00%(objectname)%00%(upstream:track)%00%(upstream:remotename)%00%(upstream:remoteref) refs/heads/master refs/remotes/master [2ms]
[2022-09-14T22:31:55.195Z] > git for-each-ref --sort -committerdate --format %(refname) %(objectname) %(*objectname) [11ms]
[2022-09-14T22:31:55.195Z] > git remote --verbose [1ms]
[2022-09-14T22:31:55.208Z] > git config --get commit.template [1ms]
[2022-09-14T22:32:05.875Z] > git status -z -uall [35ms]
[2022-09-14T22:32:05.887Z] > git symbolic-ref --short HEAD [1ms]
[2022-09-14T22:32:05.898Z] > git for-each-ref --format=%(refname)%00%(upstream:short)%00%(objectname)%00%(upstream:track)%00%(upstream:remotename)%00%(upstream:remoteref) refs/heads/master refs/remotes/master [1ms]
[2022-09-14T22:32:05.919Z] > git for-each-ref --sort -committerdate --format %(refname) %(objectname) %(*objectname) [11ms]
[2022-09-14T22:32:05.920Z] > git remote --verbose [2ms]
[2022-09-14T22:32:05.932Z] > git config --get commit.template [1ms]
[2022-09-14T22:32:10.979Z] > git status -z -uall [35ms]
[2022-09-14T22:32:10.991Z] > git symbolic-ref --short HEAD [2ms]
[2022-09-14T22:32:11.002Z] > git for-each-ref --format=%(refname)%00%(upstream:short)%00%(objectname)%00%(upstream:track)%00%(upstream:remotename)%00%(upstream:remoteref) refs/heads/master refs/remotes/master [1ms]
[2022-09-14T22:32:11.025Z] > git for-each-ref --sort -committerdate --format %(refname) %(objectname) %(*objectname) [13ms]
[2022-09-14T22:32:11.026Z] > git remote --verbose [5ms]
[2022-09-14T22:32:11.041Z] > git config --get commit.template [1ms]
[2022-09-14T22:32:16.087Z] > git status -z -uall [35ms]
[2022-09-14T22:32:16.099Z] > git symbolic-ref --short HEAD [2ms]
[2022-09-14T22:32:16.110Z] > git for-each-ref --format=%(refname)%00%(upstream:short)%00%(objectname)%00%(upstream:track)%00%(upstream:remotename)%00%(upstream:remoteref) refs/heads/master refs/remotes/master [2ms]
[2022-09-14T22:32:16.131Z] > git for-each-ref --sort -committerdate --format %(refname) %(objectname) %(*objectname) [11ms]
[2022-09-14T22:32:16.131Z] > git remote --verbose [1ms]
[2022-09-14T22:32:16.144Z] > git config --get commit.template [1ms]
[2022-09-14T22:32:21.191Z] > git status -z -uall [35ms]
[2022-09-14T22:32:21.203Z] > git symbolic-ref --short HEAD [1ms]
[2022-09-14T22:32:21.215Z] > git for-each-ref --format=%(refname)%00%(upstream:short)%00%(objectname)%00%(upstream:track)%00%(upstream:remotename)%00%(upstream:remoteref) refs/heads/master refs/remotes/master [2ms]
[2022-09-14T22:32:21.235Z] > git for-each-ref --sort -committerdate --format %(refname) %(objectname) %(*objectname) [11ms]
[2022-09-14T22:32:21.235Z] > git remote --verbose [1ms]
[2022-09-14T22:32:21.248Z] > git config --get commit.template [1ms]
[2022-09-14T22:32:24.516Z] > git -c user.useConfigOnly=true commit --quiet --allow-empty-message --file - [20ms]
[2022-09-14T22:32:24.562Z] > git status -z -uall [35ms]
[2022-09-14T22:32:24.574Z] > git symbolic-ref --short HEAD [2ms]
[2022-09-14T22:32:24.585Z] > git for-each-ref --format=%(refname)%00%(upstream:short)%00%(objectname)%00%(upstream:track)%00%(upstream:remotename)%00%(upstream:remoteref) refs/heads/master refs/remotes/master [1ms]
[2022-09-14T22:32:24.606Z] > git for-each-ref --sort -committerdate --format %(refname) %(objectname) %(*objectname) [11ms]
[2022-09-14T22:32:24.606Z] > git remote --verbose [1ms]
[2022-09-14T22:32:24.623Z] > git config --get commit.template [1ms]
[2022-09-14T22:32:24.638Z] > git config --get commit.template [1ms]
[2022-09-14T22:32:25.828Z] > git ls-files --stage -- /home/linl20/csc250_lab2-Lin-Eric-142313/lab2.c [3ms]
[2022-09-14T22:32:25.939Z] > git show --textconv :csc250_lab2-Lin-Eric-142313/lab2.c [3ms]
[2022-09-14T22:32:26.294Z] > git status -z -uall [34ms]
[2022-09-14T22:32:26.306Z] > git symbolic-ref --short HEAD [1ms]
[2022-09-14T22:32:26.318Z] > git for-each-ref --format=%(refname)%00%(upstream:short)%00%(objectname)%00%(upstream:track)%00%(upstream:remotename)%00%(upstream:remoteref) refs/heads/master refs/remotes/master [2ms]
[2022-09-14T22:32:26.338Z] > git for-each-ref --sort -committerdate --format %(refname) %(objectname) %(*objectname) [10ms]
[2022-09-14T22:32:26.339Z] > git remote --verbose [2ms]
[2022-09-14T22:32:26.351Z] > git config --get commit.template [1ms]
[2022-09-14T22:32:31.397Z] > git status -z -uall [35ms]
[2022-09-14T22:32:31.409Z] > git symbolic-ref --short HEAD [1ms]
[2022-09-14T22:32:31.420Z] > git for-each-ref --format=%(refname)%00%(upstream:short)%00%(objectname)%00%(upstream:track)%00%(upstream:remotename)%00%(upstream:remoteref) refs/heads/master refs/remotes/master [1ms]
[2022-09-14T22:32:31.441Z] > git for-each-ref --sort -committerdate --format %(refname) %(objectname) %(*objectname) [11ms]
[2022-09-14T22:32:31.442Z] > git remote --verbose [2ms]
[2022-09-14T22:32:31.454Z] > git config --get commit.template [1ms]
[2022-09-14T22:32:31.839Z] > git log --oneline --cherry master...master@{upstream} -- [2ms]
[2022-09-14T22:32:32.054Z] > git pull --tags origin master [205ms]
[2022-09-14T22:32:32.054Z] From https://github.com/Lin-Eric-142313/linl20
 * branch            master     -> FETCH_HEAD
[2022-09-14T22:32:33.204Z] > git push origin master:master [1139ms]
[2022-09-14T22:32:33.204Z] To https://github.com/Lin-Eric-142313/linl20.git
   438c0b9..9a67f95  master -> master
[2022-09-14T22:32:33.248Z] > git status -z -uall [34ms]
[2022-09-14T22:32:33.260Z] > git symbolic-ref --short HEAD [2ms]
[2022-09-14T22:32:33.271Z] > git for-each-ref --format=%(refname)%00%(upstream:short)%00%(objectname)%00%(upstream:track)%00%(upstream:remotename)%00%(upstream:remoteref) refs/heads/master refs/remotes/master [2ms]
[2022-09-14T22:32:33.291Z] > git for-each-ref --sort -committerdate --format %(refname) %(objectname) %(*objectname) [10ms]
[2022-09-14T22:32:33.292Z] > git remote --verbose [1ms]
[2022-09-14T22:32:33.319Z] > git config --get commit.template [12ms]
[2022-09-14T22:32:33.322Z] > git ls-files --stage -- /home/linl20/csc250_lab2-Lin-Eric-142313/lab2.c [4ms]
[2022-09-14T22:32:33.361Z] > git show --textconv :csc250_lab2-Lin-Eric-142313/lab2.c [3ms]
[2022-09-14T22:32:34.551Z] > git ls-files --stage -- /home/linl20/csc250_lab2-Lin-Eric-142313/lab2.c [3ms]
[2022-09-14T22:32:34.573Z] > git show --textconv :csc250_lab2-Lin-Eric-142313/lab2.c [3ms]
[2022-09-14T22:32:36.500Z] > git status -z -uall [35ms]
[2022-09-14T22:32:36.512Z] > git symbolic-ref --short HEAD [1ms]
[2022-09-14T22:32:36.523Z] > git for-each-ref --format=%(refname)%00%(upstream:short)%00%(objectname)%00%(upstream:track)%00%(upstream:remotename)%00%(upstream:remoteref) refs/heads/master refs/remotes/master [1ms]
[2022-09-14T22:32:36.544Z] > git remote --verbose [1ms]
[2022-09-14T22:32:36.545Z] > git for-each-ref --sort -committerdate --format %(refname) %(objectname) %(*objectname) [11ms]
[2022-09-14T22:32:36.558Z] > git config --get commit.template [2ms]
[2022-09-14T22:32:41.605Z] > git status -z -uall [36ms]
[2022-09-14T22:32:41.617Z] > git symbolic-ref --short HEAD [1ms]
[2022-09-14T22:32:41.628Z] > git for-each-ref --format=%(refname)%00%(upstream:short)%00%(objectname)%00%(upstream:track)%00%(upstream:remotename)%00%(upstream:remoteref) refs/heads/master refs/remotes/master [1ms]
[2022-09-14T22:32:41.648Z] > git for-each-ref --sort -committerdate --format %(refname) %(objectname) %(*objectname) [10ms]
[2022-09-14T22:32:41.649Z] > git remote --verbose [2ms]
[2022-09-14T22:32:41.662Z] > git config --get commit.template [2ms]
[2022-09-14T22:32:46.709Z] > git status -z -uall [34ms]
[2022-09-14T22:32:46.721Z] > git symbolic-ref --short HEAD [1ms]
[2022-09-14T22:32:46.732Z] > git for-each-ref --format=%(refname)%00%(upstream:short)%00%(objectname)%00%(upstream:track)%00%(upstream:remotename)%00%(upstream:remoteref) refs/heads/master refs/remotes/master [1ms]
[2022-09-14T22:32:46.753Z] > git for-each-ref --sort -committerdate --format %(refname) %(objectname) %(*objectname) [11ms]
[2022-09-14T22:32:46.754Z] > git remote --verbose [1ms]
[2022-09-14T22:32:46.768Z] > git config --get commit.template [1ms]
[2022-09-14T22:33:31.799Z] > git status -z -uall [36ms]
[2022-09-14T22:33:31.811Z] > git symbolic-ref --short HEAD [1ms]
[2022-09-14T22:33:31.823Z] > git for-each-ref --format=%(refname)%00%(upstream:short)%00%(objectname)%00%(upstream:track)%00%(upstream:remotename)%00%(upstream:remoteref) refs/heads/master refs/remotes/master [1ms]
[2022-09-14T22:33:31.844Z] > git for-each-ref --sort -committerdate --format %(refname) %(objectname) %(*objectname) [10ms]
[2022-09-14T22:33:31.844Z] > git remote --verbose [2ms]
[2022-09-14T22:33:31.857Z] > git config --get commit.template [1ms]
[2022-09-14T22:33:36.903Z] > git status -z -uall [35ms]
[2022-09-14T22:33:36.915Z] > git symbolic-ref --short HEAD [1ms]
[2022-09-14T22:33:36.927Z] > git for-each-ref --format=%(refname)%00%(upstream:short)%00%(objectname)%00%(upstream:track)%00%(upstream:remotename)%00%(upstream:remoteref) refs/heads/master refs/remotes/master [2ms]
[2022-09-14T22:33:36.948Z] > git for-each-ref --sort -committerdate --format %(refname) %(objectname) %(*objectname) [11ms]
[2022-09-14T22:33:36.948Z] > git remote --verbose [1ms]
[2022-09-14T22:33:36.963Z] > git config --get commit.template [2ms]
[2022-09-14T22:33:40.038Z] > git add -A -- . [44ms]
[2022-09-14T22:33:40.071Z] > git -c user.useConfigOnly=true commit --quiet --allow-empty-message --file - [22ms]
[2022-09-14T22:33:40.116Z] > git status -z -uall [35ms]
[2022-09-14T22:33:40.128Z] > git symbolic-ref --short HEAD [1ms]
[2022-09-14T22:33:40.141Z] > git for-each-ref --format=%(refname)%00%(upstream:short)%00%(objectname)%00%(upstream:track)%00%(upstream:remotename)%00%(upstream:remoteref) refs/heads/master refs/remotes/master [2ms]
[2022-09-14T22:33:40.162Z] > git for-each-ref --sort -committerdate --format %(refname) %(objectname) %(*objectname) [11ms]
[2022-09-14T22:33:40.162Z] > git remote --verbose [1ms]
[2022-09-14T22:33:40.177Z] > git config --get commit.template [1ms]
[2022-09-14T22:33:40.192Z] > git config --get commit.template [1ms]
[2022-09-14T22:33:41.573Z] > git ls-files --stage -- /home/linl20/csc250_lab2-Lin-Eric-142313/lab2.c [4ms]
[2022-09-14T22:33:41.609Z] > git show --textconv :csc250_lab2-Lin-Eric-142313/lab2.c [3ms]
[2022-09-14T22:33:42.008Z] > git status -z -uall [35ms]
[2022-09-14T22:33:42.020Z] > git symbolic-ref --short HEAD [1ms]
[2022-09-14T22:33:42.032Z] > git for-each-ref --format=%(refname)%00%(upstream:short)%00%(objectname)%00%(upstream:track)%00%(upstream:remotename)%00%(upstream:remoteref) refs/heads/master refs/remotes/master [2ms]
[2022-09-14T22:33:42.052Z] > git for-each-ref --sort -committerdate --format %(refname) %(objectname) %(*objectname) [10ms]
[2022-09-14T22:33:42.053Z] > git remote --verbose [1ms]
[2022-09-14T22:33:42.066Z] > git config --get commit.template [1ms]
[2022-09-14T22:33:45.309Z] > git log --oneline --cherry master...master@{upstream} -- [1ms]
[2022-09-14T22:33:45.524Z] > git pull --tags origin master [204ms]
[2022-09-14T22:33:45.524Z] From https://github.com/Lin-Eric-142313/linl20
 * branch            master     -> FETCH_HEAD
[2022-09-14T22:33:46.506Z] > git push origin master:master [971ms]
[2022-09-14T22:33:46.506Z] To https://github.com/Lin-Eric-142313/linl20.git
   9a67f95..a56f0c7  master -> master
[2022-09-14T22:33:46.553Z] > git status -z -uall [36ms]
[2022-09-14T22:33:46.565Z] > git symbolic-ref --short HEAD [1ms]
[2022-09-14T22:33:46.576Z] > git for-each-ref --format=%(refname)%00%(upstream:short)%00%(objectname)%00%(upstream:track)%00%(upstream:remotename)%00%(upstream:remoteref) refs/heads/master refs/remotes/master [1ms]
[2022-09-14T22:33:46.598Z] > git remote --verbose [1ms]
[2022-09-14T22:33:46.599Z] > git for-each-ref --sort -committerdate --format %(refname) %(objectname) %(*objectname) [12ms]
[2022-09-14T22:33:46.617Z] > git config --get commit.template [3ms]
[2022-09-14T22:33:47.112Z] > git status -z -uall [35ms]
[2022-09-14T22:33:47.125Z] > git symbolic-ref --short HEAD [1ms]
[2022-09-14T22:33:47.136Z] > git for-each-ref --format=%(refname)%00%(upstream:short)%00%(objectname)%00%(upstream:track)%00%(upstream:remotename)%00%(upstream:remoteref) refs/heads/master refs/remotes/master [1ms]
[2022-09-14T22:33:47.159Z] > git remote --verbose [1ms]
[2022-09-14T22:33:47.159Z] > git for-each-ref --sort -committerdate --format %(refname) %(objectname) %(*objectname) [13ms]
[2022-09-14T22:33:47.172Z] > git config --get commit.template [1ms]
[2022-09-14T22:35:02.868Z] > git status -z -uall [36ms]
[2022-09-14T22:35:02.891Z] > git symbolic-ref --short HEAD [13ms]
[2022-09-14T22:35:02.902Z] > git ls-files --stage -- /home/linl20/csc250_lab2-Lin-Eric-142313/lab2.c [12ms]
[2022-09-14T22:35:02.903Z] > git for-each-ref --format=%(refname)%00%(upstream:short)%00%(objectname)%00%(upstream:track)%00%(upstream:remotename)%00%(upstream:remoteref) refs/heads/master refs/remotes/master [2ms]
[2022-09-14T22:35:02.924Z] > git for-each-ref --sort -committerdate --format %(refname) %(objectname) %(*objectname) [11ms]
[2022-09-14T22:35:02.925Z] > git remote --verbose [2ms]
[2022-09-14T22:35:02.940Z] > git config --get commit.template [1ms]
[2022-09-14T22:35:02.955Z] > git show --textconv :csc250_lab2-Lin-Eric-142313/lab2.c [5ms]
[2022-09-14T22:35:07.986Z] > git status -z -uall [35ms]
[2022-09-14T22:35:08.000Z] > git symbolic-ref --short HEAD [1ms]
[2022-09-14T22:35:08.012Z] > git for-each-ref --format=%(refname)%00%(upstream:short)%00%(objectname)%00%(upstream:track)%00%(upstream:remotename)%00%(upstream:remoteref) refs/heads/master refs/remotes/master [2ms]
[2022-09-14T22:35:08.033Z] > git for-each-ref --sort -committerdate --format %(refname) %(objectname) %(*objectname) [11ms]
[2022-09-14T22:35:08.033Z] > git remote --verbose [1ms]
[2022-09-14T22:35:08.047Z] > git config --get commit.template [1ms]
[2022-09-14T22:35:20.696Z] > git status -z -uall [35ms]
[2022-09-14T22:35:20.708Z] > git symbolic-ref --short HEAD [1ms]
[2022-09-14T22:35:20.720Z] > git for-each-ref --format=%(refname)%00%(upstream:short)%00%(objectname)%00%(upstream:track)%00%(upstream:remotename)%00%(upstream:remoteref) refs/heads/master refs/remotes/master [1ms]
[2022-09-14T22:35:20.741Z] > git for-each-ref --sort -committerdate --format %(refname) %(objectname) %(*objectname) [11ms]
[2022-09-14T22:35:20.741Z] > git remote --verbose [1ms]
[2022-09-14T22:35:20.754Z] > git config --get commit.template [1ms]
[2022-09-14T22:35:25.801Z] > git status -z -uall [35ms]
[2022-09-14T22:35:25.814Z] > git symbolic-ref --short HEAD [2ms]
[2022-09-14T22:35:25.826Z] > git for-each-ref --format=%(refname)%00%(upstream:short)%00%(objectname)%00%(upstream:track)%00%(upstream:remotename)%00%(upstream:remoteref) refs/heads/master refs/remotes/master [2ms]
[2022-09-14T22:35:25.847Z] > git for-each-ref --sort -committerdate --format %(refname) %(objectname) %(*objectname) [11ms]
[2022-09-14T22:35:25.847Z] > git remote --verbose [1ms]
[2022-09-14T22:35:25.861Z] > git config --get commit.template [1ms]
[2022-09-14T22:35:37.018Z] > git status -z -uall [36ms]
[2022-09-14T22:35:37.030Z] > git symbolic-ref --short HEAD [1ms]
[2022-09-14T22:35:37.042Z] > git for-each-ref --format=%(refname)%00%(upstream:short)%00%(objectname)%00%(upstream:track)%00%(upstream:remotename)%00%(upstream:remoteref) refs/heads/master refs/remotes/master [2ms]
[2022-09-14T22:35:37.063Z] > git for-each-ref --sort -committerdate --format %(refname) %(objectname) %(*objectname) [11ms]
[2022-09-14T22:35:37.063Z] > git remote --verbose [1ms]
[2022-09-14T22:35:37.076Z] > git config --get commit.template [1ms]
[2022-09-14T22:35:42.124Z] > git status -z -uall [36ms]
[2022-09-14T22:35:42.136Z] > git symbolic-ref --short HEAD [1ms]
[2022-09-14T22:35:42.148Z] > git for-each-ref --format=%(refname)%00%(upstream:short)%00%(objectname)%00%(upstream:track)%00%(upstream:remotename)%00%(upstream:remoteref) refs/heads/master refs/remotes/master [1ms]
[2022-09-14T22:35:42.169Z] > git for-each-ref --sort -committerdate --format %(refname) %(objectname) %(*objectname) [11ms]
[2022-09-14T22:35:42.170Z] > git remote --verbose [2ms]
[2022-09-14T22:35:42.183Z] > git config --get commit.template [1ms]
[2022-09-14T22:35:47.231Z] > git status -z -uall [36ms]
[2022-09-14T22:35:47.243Z] > git symbolic-ref --short HEAD [2ms]
[2022-09-14T22:35:47.254Z] > git for-each-ref --format=%(refname)%00%(upstream:short)%00%(objectname)%00%(upstream:track)%00%(upstream:remotename)%00%(upstream:remoteref) refs/heads/master refs/remotes/master [1ms]
[2022-09-14T22:35:47.276Z] > git for-each-ref --sort -committerdate --format %(refname) %(objectname) %(*objectname) [12ms]
[2022-09-14T22:35:47.276Z] > git remote --verbose [1ms]
[2022-09-14T22:35:47.289Z] > git config --get commit.template [1ms]
[2022-09-14T22:35:48.600Z] > git add -A -- . [46ms]
[2022-09-14T22:35:48.632Z] > git -c user.useConfigOnly=true commit --quiet --allow-empty-message --file - [21ms]
[2022-09-14T22:35:48.679Z] > git status -z -uall [35ms]
[2022-09-14T22:35:48.691Z] > git symbolic-ref --short HEAD [2ms]
[2022-09-14T22:35:48.703Z] > git for-each-ref --format=%(refname)%00%(upstream:short)%00%(objectname)%00%(upstream:track)%00%(upstream:remotename)%00%(upstream:remoteref) refs/heads/master refs/remotes/master [2ms]
[2022-09-14T22:35:48.724Z] > git for-each-ref --sort -committerdate --format %(refname) %(objectname) %(*objectname) [11ms]
[2022-09-14T22:35:48.725Z] > git remote --verbose [2ms]
[2022-09-14T22:35:48.741Z] > git config --get commit.template [1ms]
[2022-09-14T22:35:48.755Z] > git config --get commit.template [1ms]
[2022-09-14T22:35:50.109Z] > git ls-files --stage -- /home/linl20/csc250_lab2-Lin-Eric-142313/lab2.c [3ms]
[2022-09-14T22:35:50.133Z] > git show --textconv :csc250_lab2-Lin-Eric-142313/lab2.c [3ms]
[2022-09-14T22:35:52.335Z] > git status -z -uall [34ms]
[2022-09-14T22:35:52.347Z] > git symbolic-ref --short HEAD [1ms]
[2022-09-14T22:35:52.359Z] > git for-each-ref --format=%(refname)%00%(upstream:short)%00%(objectname)%00%(upstream:track)%00%(upstream:remotename)%00%(upstream:remoteref) refs/heads/master refs/remotes/master [2ms]
[2022-09-14T22:35:52.380Z] > git for-each-ref --sort -committerdate --format %(refname) %(objectname) %(*objectname) [11ms]
[2022-09-14T22:35:52.381Z] > git remote --verbose [2ms]
[2022-09-14T22:35:52.395Z] > git config --get commit.template [1ms]
[2022-09-14T22:35:53.737Z] > git log --oneline --cherry master...master@{upstream} -- [2ms]
[2022-09-14T22:35:53.950Z] > git pull --tags origin master [203ms]
[2022-09-14T22:35:53.950Z] From https://github.com/Lin-Eric-142313/linl20
 * branch            master     -> FETCH_HEAD
[2022-09-14T22:35:55.039Z] > git push origin master:master [1078ms]
[2022-09-14T22:35:55.039Z] To https://github.com/Lin-Eric-142313/linl20.git
   a56f0c7..595dacc  master -> master
[2022-09-14T22:35:55.085Z] > git status -z -uall [35ms]
[2022-09-14T22:35:55.097Z] > git symbolic-ref --short HEAD [2ms]
[2022-09-14T22:35:55.108Z] > git for-each-ref --format=%(refname)%00%(upstream:short)%00%(objectname)%00%(upstream:track)%00%(upstream:remotename)%00%(upstream:remoteref) refs/heads/master refs/remotes/master [1ms]
[2022-09-14T22:35:55.130Z] > git for-each-ref --sort -committerdate --format %(refname) %(objectname) %(*objectname) [11ms]
[2022-09-14T22:35:55.130Z] > git remote --verbose [1ms]
[2022-09-14T22:35:55.147Z] > git config --get commit.template [2ms]
[2022-09-14T22:35:55.366Z] > git ls-files --stage -- /home/linl20/csc250_lab2-Lin-Eric-142313/lab2.c [4ms]
[2022-09-14T22:35:55.388Z] > git show --textconv :csc250_lab2-Lin-Eric-142313/lab2.c [3ms]
[2022-09-14T22:35:56.493Z] > git ls-files --stage -- /home/linl20/csc250_lab2-Lin-Eric-142313/lab2.c [3ms]
[2022-09-14T22:35:56.514Z] > git show --textconv :csc250_lab2-Lin-Eric-142313/lab2.c [3ms]
[2022-09-14T22:35:57.441Z] > git status -z -uall [34ms]
[2022-09-14T22:35:57.454Z] > git symbolic-ref --short HEAD [2ms]
[2022-09-14T22:35:57.466Z] > git for-each-ref --format=%(refname)%00%(upstream:short)%00%(objectname)%00%(upstream:track)%00%(upstream:remotename)%00%(upstream:remoteref) refs/heads/master refs/remotes/master [1ms]
[2022-09-14T22:35:57.487Z] > git for-each-ref --sort -committerdate --format %(refname) %(objectname) %(*objectname) [11ms]
[2022-09-14T22:35:57.487Z] > git remote --verbose [1ms]
[2022-09-14T22:35:57.502Z] > git config --get commit.template [1ms]
[2022-09-14T22:36:02.549Z] > git status -z -uall [35ms]
[2022-09-14T22:36:02.561Z] > git symbolic-ref --short HEAD [1ms]
[2022-09-14T22:36:02.573Z] > git for-each-ref --format=%(refname)%00%(upstream:short)%00%(objectname)%00%(upstream:track)%00%(upstream:remotename)%00%(upstream:remoteref) refs/heads/master refs/remotes/master [1ms]
[2022-09-14T22:36:02.595Z] > git for-each-ref --sort -committerdate --format %(refname) %(objectname) %(*objectname) [12ms]
[2022-09-14T22:36:02.595Z] > git remote --verbose [2ms]
[2022-09-14T22:36:02.610Z] > git config --get commit.template [1ms]
[2022-09-14T22:36:23.618Z] > git status -z -uall [35ms]
[2022-09-14T22:36:23.631Z] > git symbolic-ref --short HEAD [2ms]
[2022-09-14T22:36:23.643Z] > git for-each-ref --format=%(refname)%00%(upstream:short)%00%(objectname)%00%(upstream:track)%00%(upstream:remotename)%00%(upstream:remoteref) refs/heads/master refs/remotes/master [1ms]
[2022-09-14T22:36:23.666Z] > git for-each-ref --sort -committerdate --format %(refname) %(objectname) %(*objectname) [11ms]
[2022-09-14T22:36:23.666Z] > git remote --verbose [1ms]
[2022-09-14T22:36:23.679Z] > git config --get commit.template [1ms]
[2022-09-14T22:36:31.081Z] > git status -z -uall [34ms]
[2022-09-14T22:36:31.094Z] > git symbolic-ref --short HEAD [2ms]
[2022-09-14T22:36:31.105Z] > git for-each-ref --format=%(refname)%00%(upstream:short)%00%(objectname)%00%(upstream:track)%00%(upstream:remotename)%00%(upstream:remoteref) refs/heads/master refs/remotes/master [1ms]
[2022-09-14T22:36:31.127Z] > git for-each-ref --sort -committerdate --format %(refname) %(objectname) %(*objectname) [12ms]
[2022-09-14T22:36:31.127Z] > git remote --verbose [2ms]
[2022-09-14T22:36:31.140Z] > git config --get commit.template [1ms]
[2022-09-14T22:36:36.186Z] > git status -z -uall [33ms]
[2022-09-14T22:36:36.198Z] > git symbolic-ref --short HEAD [1ms]
[2022-09-14T22:36:36.211Z] > git for-each-ref --format=%(refname)%00%(upstream:short)%00%(objectname)%00%(upstream:track)%00%(upstream:remotename)%00%(upstream:remoteref) refs/heads/master refs/remotes/master [2ms]
[2022-09-14T22:36:36.232Z] > git for-each-ref --sort -committerdate --format %(refname) %(objectname) %(*objectname) [11ms]
[2022-09-14T22:36:36.232Z] > git remote --verbose [1ms]
[2022-09-14T22:36:36.245Z] > git config --get commit.template [1ms]
[2022-09-14T22:36:41.291Z] > git status -z -uall [34ms]
[2022-09-14T22:36:41.303Z] > git symbolic-ref --short HEAD [1ms]
[2022-09-14T22:36:41.315Z] > git for-each-ref --format=%(refname)%00%(upstream:short)%00%(objectname)%00%(upstream:track)%00%(upstream:remotename)%00%(upstream:remoteref) refs/heads/master refs/remotes/master [1ms]
[2022-09-14T22:36:41.336Z] > git for-each-ref --sort -committerdate --format %(refname) %(objectname) %(*objectname) [11ms]
[2022-09-14T22:36:41.337Z] > git remote --verbose [2ms]
[2022-09-14T22:36:41.351Z] > git config --get commit.template [1ms]
